[Train][0] Loss: D 0.533 E_gan 2.185 E_pred 0.915
[Train][0] Acc: source 0.667 (9600.0/14400) target 0.380 (3279.0/8640)
[Train][1] Loss: D 0.128 E_gan 4.098 E_pred 1.448
[Train][1] Acc: source 0.460 (6631.0/14400) target 0.325 (2806.0/8640)
[Train][2] Loss: D 0.063 E_gan 4.827 E_pred 1.439
[Train][2] Acc: source 0.463 (6674.0/14400) target 0.327 (2821.0/8640)
[Train][3] Loss: D 0.031 E_gan 5.585 E_pred 1.480
[Train][3] Acc: source 0.447 (6431.0/14400) target 0.316 (2728.0/8640)
[Train][4] Loss: D 0.018 E_gan 5.931 E_pred 1.484
[Train][4] Acc: source 0.451 (6500.0/14400) target 0.314 (2717.0/8640)
[Train][5] Loss: D 0.013 E_gan 6.588 E_pred 1.473
[Train][5] Acc: source 0.450 (6480.0/14400) target 0.317 (2740.0/8640)
[Train][6] Loss: D 0.008 E_gan 7.041 E_pred 1.480
[Train][6] Acc: source 0.447 (6435.0/14400) target 0.313 (2706.0/8640)
[Train][7] Loss: D 0.006 E_gan 7.240 E_pred 1.476
[Train][7] Acc: source 0.456 (6567.0/14400) target 0.317 (2742.0/8640)
[Train][8] Loss: D 0.003 E_gan 7.651 E_pred 1.472
[Train][8] Acc: source 0.457 (6582.0/14400) target 0.322 (2782.0/8640)
[Train][0] Loss: D 0.531 E_gan 2.066 E_pred 0.853
[Train][0] Acc: source 0.692 (9969.0/14400) target 0.386 (3331.0/8640)
[Train][1] Loss: D 0.156 E_gan 3.832 E_pred 1.464
[Train][1] Acc: source 0.453 (6528.0/14400) target 0.321 (2771.0/8640)
[Train][2] Loss: D 0.065 E_gan 4.631 E_pred 1.480
[Train][2] Acc: source 0.446 (6420.0/14400) target 0.315 (2720.0/8640)
[Train][3] Loss: D 0.034 E_gan 5.294 E_pred 1.494
[Train][3] Acc: source 0.442 (6368.0/14400) target 0.312 (2695.0/8640)
[Train][4] Loss: D 0.023 E_gan 5.673 E_pred 1.504
[Train][4] Acc: source 0.442 (6362.0/14400) target 0.312 (2692.0/8640)
[Train][5] Loss: D 0.015 E_gan 6.257 E_pred 1.494
[Train][5] Acc: source 0.444 (6395.0/14400) target 0.313 (2706.0/8640)
[Train][6] Loss: D 0.008 E_gan 6.547 E_pred 1.477
[Train][6] Acc: source 0.449 (6464.0/14400) target 0.323 (2789.0/8640)
[Train][7] Loss: D 0.005 E_gan 7.064 E_pred 1.458
[Train][7] Acc: source 0.459 (6608.0/14400) target 0.319 (2754.0/8640)
[Train][8] Loss: D 0.003 E_gan 7.604 E_pred 1.453
[Train][8] Acc: source 0.457 (6575.0/14400) target 0.322 (2782.0/8640)
[Train][9] Loss: D 0.002 E_gan 7.841 E_pred 1.453
[Train][9] Acc: source 0.452 (6514.0/14400) target 0.320 (2761.0/8640)

Eval MNIST: [0.    0.41  0.381 0.341 0.301 0.316 0.273 0.228 0.202 0.231] src: 0.41 tgt:0.284
[Train][10] Loss: D 0.001 E_gan 8.210 E_pred 1.435
[Train][10] Acc: source 0.467 (6727.0/14400) target 0.336 (2905.0/8640)
[Train][11] Loss: D 0.001 E_gan 7.911 E_pred 1.367
[Train][11] Acc: source 0.488 (7033.0/14400) target 0.340 (2940.0/8640)
[Train][12] Loss: D 0.001 E_gan 7.102 E_pred 1.694
[Train][12] Acc: source 0.371 (5339.0/14400) target 0.261 (2253.0/8640)
[Train][13] Loss: D 0.001 E_gan 6.963 E_pred 1.972
[Train][13] Acc: source 0.243 (3496.0/14400) target 0.185 (1600.0/8640)
[Train][14] Loss: D 0.002 E_gan 6.763 E_pred 1.778
[Train][14] Acc: source 0.312 (4487.0/14400) target 0.230 (1989.0/8640)
[Train][15] Loss: D 0.001 E_gan 7.254 E_pred 1.625
[Train][15] Acc: source 0.389 (5602.0/14400) target 0.280 (2415.0/8640)
[Train][16] Loss: D 0.001 E_gan 7.300 E_pred 1.468
[Train][16] Acc: source 0.444 (6390.0/14400) target 0.315 (2723.0/8640)
[Train][17] Loss: D 0.001 E_gan 7.421 E_pred 1.396
[Train][17] Acc: source 0.468 (6741.0/14400) target 0.329 (2840.0/8640)
[Train][18] Loss: D 0.001 E_gan 7.411 E_pred 1.372
[Train][18] Acc: source 0.477 (6870.0/14400) target 0.323 (2792.0/8640)
[Train][19] Loss: D 0.001 E_gan 7.353 E_pred 1.356
[Train][19] Acc: source 0.485 (6991.0/14400) target 0.338 (2918.0/8640)

Eval MNIST: [0.    0.499 0.44  0.412 0.311 0.397 0.373 0.282 0.292 0.296] src: 0.499 tgt:0.35
[Train][20] Loss: D 0.001 E_gan 7.387 E_pred 1.333
[Train][20] Acc: source 0.489 (7048.0/14400) target 0.336 (2902.0/8640)
[Train][21] Loss: D 0.001 E_gan 7.407 E_pred 1.297
[Train][21] Acc: source 0.504 (7259.0/14400) target 0.339 (2933.0/8640)
[Train][22] Loss: D 0.001 E_gan 7.452 E_pred 1.232
[Train][22] Acc: source 0.522 (7524.0/14400) target 0.345 (2983.0/8640)
[Train][23] Loss: D 0.001 E_gan 7.438 E_pred 1.156
[Train][23] Acc: source 0.557 (8019.0/14400) target 0.345 (2984.0/8640)
[Train][24] Loss: D 0.001 E_gan 7.519 E_pred 1.099
[Train][24] Acc: source 0.573 (8250.0/14400) target 0.362 (3132.0/8640)
[Train][25] Loss: D 0.001 E_gan 7.468 E_pred 1.031
[Train][25] Acc: source 0.603 (8680.0/14400) target 0.379 (3274.0/8640)
[Train][26] Loss: D 0.001 E_gan 7.458 E_pred 0.972
[Train][26] Acc: source 0.630 (9067.0/14400) target 0.395 (3415.0/8640)
[Train][27] Loss: D 0.001 E_gan 7.456 E_pred 0.911
[Train][27] Acc: source 0.656 (9440.0/14400) target 0.400 (3455.0/8640)
[Train][28] Loss: D 0.001 E_gan 7.406 E_pred 0.858
[Train][28] Acc: source 0.675 (9726.0/14400) target 0.406 (3511.0/8640)
[Train][29] Loss: D 0.001 E_gan 7.485 E_pred 0.801
[Train][29] Acc: source 0.701 (10093.0/14400) target 0.420 (3626.0/8640)

Eval MNIST: [0.    0.68  0.523 0.466 0.358 0.427 0.331 0.302 0.345 0.308] src: 0.68 tgt:0.383
[Train][30] Loss: D 0.001 E_gan 7.452 E_pred 0.753
[Train][30] Acc: source 0.721 (10379.0/14400) target 0.433 (3739.0/8640)
[Train][31] Loss: D 0.001 E_gan 7.442 E_pred 0.753
[Train][31] Acc: source 0.724 (10429.0/14400) target 0.412 (3561.0/8640)
[Train][32] Loss: D 0.001 E_gan 7.435 E_pred 0.721
[Train][32] Acc: source 0.732 (10544.0/14400) target 0.418 (3608.0/8640)
[Train][33] Loss: D 0.001 E_gan 7.440 E_pred 0.680
[Train][33] Acc: source 0.748 (10774.0/14400) target 0.422 (3649.0/8640)
[Train][34] Loss: D 0.001 E_gan 7.419 E_pred 0.668
[Train][34] Acc: source 0.750 (10798.0/14400) target 0.427 (3693.0/8640)
[Train][35] Loss: D 0.001 E_gan 7.422 E_pred 0.652
[Train][35] Acc: source 0.758 (10917.0/14400) target 0.429 (3708.0/8640)
[Train][36] Loss: D 0.001 E_gan 7.413 E_pred 0.642
[Train][36] Acc: source 0.763 (10993.0/14400) target 0.422 (3647.0/8640)
[Train][37] Loss: D 0.001 E_gan 7.400 E_pred 0.608
[Train][37] Acc: source 0.775 (11157.0/14400) target 0.424 (3664.0/8640)
[Train][38] Loss: D 0.001 E_gan 7.401 E_pred 0.592
[Train][38] Acc: source 0.786 (11314.0/14400) target 0.430 (3718.0/8640)
[Train][39] Loss: D 0.001 E_gan 7.415 E_pred 0.556
[Train][39] Acc: source 0.797 (11474.0/14400) target 0.427 (3687.0/8640)

Eval MNIST: [0.    0.831 0.585 0.558 0.421 0.501 0.411 0.326 0.382 0.309] src: 0.831 tgt:0.437
[Train][40] Loss: D 0.001 E_gan 7.381 E_pred 0.527
[Train][40] Acc: source 0.808 (11631.0/14400) target 0.433 (3741.0/8640)
[Train][41] Loss: D 0.001 E_gan 7.402 E_pred 0.504
[Train][41] Acc: source 0.814 (11717.0/14400) target 0.443 (3827.0/8640)
[Train][42] Loss: D 0.001 E_gan 7.402 E_pred 0.497
[Train][42] Acc: source 0.817 (11769.0/14400) target 0.431 (3727.0/8640)
[Train][43] Loss: D 0.001 E_gan 7.394 E_pred 0.496
[Train][43] Acc: source 0.821 (11820.0/14400) target 0.438 (3782.0/8640)
[Train][44] Loss: D 0.001 E_gan 7.392 E_pred 0.457
[Train][44] Acc: source 0.835 (12020.0/14400) target 0.450 (3890.0/8640)
[Train][45] Loss: D 0.001 E_gan 7.402 E_pred 0.436
[Train][45] Acc: source 0.842 (12123.0/14400) target 0.448 (3872.0/8640)
[Train][46] Loss: D 0.001 E_gan 7.384 E_pred 0.434
[Train][46] Acc: source 0.845 (12174.0/14400) target 0.422 (3649.0/8640)
[Train][47] Loss: D 0.001 E_gan 7.372 E_pred 0.407
[Train][47] Acc: source 0.853 (12282.0/14400) target 0.437 (3774.0/8640)
[Train][48] Loss: D 0.001 E_gan 7.353 E_pred 0.394
[Train][48] Acc: source 0.860 (12379.0/14400) target 0.447 (3865.0/8640)
[Train][49] Loss: D 0.001 E_gan 7.355 E_pred 0.384
[Train][49] Acc: source 0.863 (12426.0/14400) target 0.448 (3871.0/8640)

Eval MNIST: [0.    0.826 0.587 0.541 0.401 0.508 0.442 0.305 0.322 0.295] src: 0.826 tgt:0.425
[Train][50] Loss: D 0.001 E_gan 7.350 E_pred 0.384
[Train][50] Acc: source 0.865 (12455.0/14400) target 0.440 (3803.0/8640)
[Train][51] Loss: D 0.001 E_gan 7.351 E_pred 0.374
[Train][51] Acc: source 0.866 (12476.0/14400) target 0.439 (3797.0/8640)
[Train][52] Loss: D 0.001 E_gan 7.314 E_pred 0.366
[Train][52] Acc: source 0.867 (12491.0/14400) target 0.441 (3810.0/8640)
[Train][53] Loss: D 0.001 E_gan 7.344 E_pred 0.340
[Train][53] Acc: source 0.880 (12677.0/14400) target 0.449 (3880.0/8640)
[Train][54] Loss: D 0.001 E_gan 7.320 E_pred 0.327
[Train][54] Acc: source 0.888 (12787.0/14400) target 0.444 (3837.0/8640)
[Train][55] Loss: D 0.001 E_gan 7.320 E_pred 0.318
[Train][55] Acc: source 0.887 (12771.0/14400) target 0.434 (3754.0/8640)
[Train][56] Loss: D 0.001 E_gan 7.326 E_pred 0.307
[Train][56] Acc: source 0.895 (12884.0/14400) target 0.441 (3814.0/8640)
[Train][57] Loss: D 0.001 E_gan 7.306 E_pred 0.291
[Train][57] Acc: source 0.899 (12943.0/14400) target 0.444 (3836.0/8640)
[Train][58] Loss: D 0.001 E_gan 7.303 E_pred 0.275
[Train][58] Acc: source 0.905 (13031.0/14400) target 0.439 (3795.0/8640)
[Train][59] Loss: D 0.001 E_gan 7.299 E_pred 0.279
[Train][59] Acc: source 0.901 (12978.0/14400) target 0.432 (3735.0/8640)

Eval MNIST: [0.    0.924 0.667 0.583 0.399 0.509 0.442 0.366 0.422 0.319] src: 0.924 tgt:0.463
[Train][60] Loss: D 0.001 E_gan 7.328 E_pred 0.251
[Train][60] Acc: source 0.910 (13106.0/14400) target 0.442 (3819.0/8640)
[Train][61] Loss: D 0.001 E_gan 7.321 E_pred 0.247
[Train][61] Acc: source 0.915 (13176.0/14400) target 0.446 (3856.0/8640)
[Train][62] Loss: D 0.001 E_gan 7.313 E_pred 0.249
[Train][62] Acc: source 0.910 (13111.0/14400) target 0.445 (3848.0/8640)
[Train][63] Loss: D 0.001 E_gan 7.328 E_pred 0.237
[Train][63] Acc: source 0.919 (13233.0/14400) target 0.440 (3804.0/8640)
[Train][64] Loss: D 0.001 E_gan 7.327 E_pred 0.216
[Train][64] Acc: source 0.925 (13322.0/14400) target 0.442 (3823.0/8640)
[Train][65] Loss: D 0.001 E_gan 7.302 E_pred 0.233
[Train][65] Acc: source 0.919 (13233.0/14400) target 0.433 (3737.0/8640)
[Train][66] Loss: D 0.001 E_gan 7.280 E_pred 0.223
[Train][66] Acc: source 0.923 (13295.0/14400) target 0.430 (3716.0/8640)
[Train][67] Loss: D 0.001 E_gan 7.281 E_pred 0.204
[Train][67] Acc: source 0.931 (13400.0/14400) target 0.435 (3760.0/8640)
[Train][68] Loss: D 0.001 E_gan 7.284 E_pred 0.219
[Train][68] Acc: source 0.925 (13324.0/14400) target 0.437 (3780.0/8640)
[Train][69] Loss: D 0.001 E_gan 7.256 E_pred 0.206
[Train][69] Acc: source 0.930 (13388.0/14400) target 0.428 (3700.0/8640)

Eval MNIST: [0.    0.957 0.656 0.594 0.421 0.54  0.465 0.386 0.434 0.327] src: 0.957 tgt:0.478
[Train][70] Loss: D 0.001 E_gan 7.282 E_pred 0.210
[Train][70] Acc: source 0.928 (13369.0/14400) target 0.437 (3778.0/8640)
[Train][71] Loss: D 0.001 E_gan 7.300 E_pred 0.211
[Train][71] Acc: source 0.930 (13385.0/14400) target 0.429 (3705.0/8640)
[Train][72] Loss: D 0.001 E_gan 7.266 E_pred 0.182
[Train][72] Acc: source 0.938 (13509.0/14400) target 0.433 (3739.0/8640)
[Train][73] Loss: D 0.001 E_gan 7.228 E_pred 0.179
[Train][73] Acc: source 0.938 (13513.0/14400) target 0.440 (3804.0/8640)
[Train][74] Loss: D 0.001 E_gan 7.246 E_pred 0.173
[Train][74] Acc: source 0.941 (13550.0/14400) target 0.442 (3820.0/8640)
[Train][75] Loss: D 0.001 E_gan 7.273 E_pred 0.171
[Train][75] Acc: source 0.941 (13550.0/14400) target 0.440 (3799.0/8640)
[Train][76] Loss: D 0.001 E_gan 7.308 E_pred 0.163
[Train][76] Acc: source 0.945 (13608.0/14400) target 0.442 (3822.0/8640)
[Train][77] Loss: D 0.001 E_gan 7.268 E_pred 0.169
[Train][77] Acc: source 0.943 (13578.0/14400) target 0.425 (3668.0/8640)
[Train][78] Loss: D 0.001 E_gan 7.241 E_pred 0.157
[Train][78] Acc: source 0.949 (13659.0/14400) target 0.440 (3804.0/8640)
[Train][79] Loss: D 0.001 E_gan 7.228 E_pred 0.154
[Train][79] Acc: source 0.950 (13674.0/14400) target 0.440 (3799.0/8640)

Eval MNIST: [0.    0.878 0.572 0.531 0.309 0.389 0.314 0.281 0.32  0.202] src: 0.878 tgt:0.365
[Train][80] Loss: D 0.001 E_gan 7.285 E_pred 0.144
[Train][80] Acc: source 0.953 (13728.0/14400) target 0.446 (3852.0/8640)
[Train][81] Loss: D 0.001 E_gan 7.296 E_pred 0.143
[Train][81] Acc: source 0.952 (13714.0/14400) target 0.441 (3814.0/8640)
[Train][82] Loss: D 0.001 E_gan 7.297 E_pred 0.137
[Train][82] Acc: source 0.957 (13775.0/14400) target 0.433 (3737.0/8640)
[Train][83] Loss: D 0.001 E_gan 7.287 E_pred 0.134
[Train][83] Acc: source 0.956 (13770.0/14400) target 0.435 (3756.0/8640)
[Train][84] Loss: D 0.001 E_gan 7.270 E_pred 0.146
[Train][84] Acc: source 0.952 (13705.0/14400) target 0.426 (3680.0/8640)
[Train][85] Loss: D 0.001 E_gan 7.232 E_pred 0.131
[Train][85] Acc: source 0.959 (13811.0/14400) target 0.426 (3682.0/8640)
[Train][86] Loss: D 0.001 E_gan 7.229 E_pred 0.125
[Train][86] Acc: source 0.960 (13831.0/14400) target 0.422 (3649.0/8640)
[Train][87] Loss: D 0.001 E_gan 7.250 E_pred 0.107
[Train][87] Acc: source 0.966 (13909.0/14400) target 0.434 (3753.0/8640)
[Train][88] Loss: D 0.001 E_gan 7.210 E_pred 0.099
[Train][88] Acc: source 0.970 (13968.0/14400) target 0.435 (3759.0/8640)
[Train][89] Loss: D 0.001 E_gan 7.188 E_pred 0.107
[Train][89] Acc: source 0.968 (13944.0/14400) target 0.427 (3690.0/8640)

Eval MNIST: [0.    0.964 0.629 0.568 0.277 0.387 0.344 0.256 0.272 0.219] src: 0.964 tgt:0.369
[Train][90] Loss: D 0.001 E_gan 7.191 E_pred 0.108
[Train][90] Acc: source 0.966 (13917.0/14400) target 0.438 (3788.0/8640)
[Train][91] Loss: D 0.001 E_gan 7.199 E_pred 0.101
[Train][91] Acc: source 0.968 (13943.0/14400) target 0.429 (3709.0/8640)
[Train][92] Loss: D 0.001 E_gan 7.185 E_pred 0.088
[Train][92] Acc: source 0.973 (14015.0/14400) target 0.441 (3806.0/8640)
[Train][93] Loss: D 0.001 E_gan 7.180 E_pred 0.101
[Train][93] Acc: source 0.969 (13956.0/14400) target 0.436 (3771.0/8640)
[Train][94] Loss: D 0.001 E_gan 7.142 E_pred 0.085
[Train][94] Acc: source 0.975 (14037.0/14400) target 0.425 (3676.0/8640)
[Train][95] Loss: D 0.001 E_gan 7.151 E_pred 0.082
[Train][95] Acc: source 0.977 (14067.0/14400) target 0.443 (3830.0/8640)
[Train][96] Loss: D 0.001 E_gan 7.150 E_pred 0.073
[Train][96] Acc: source 0.978 (14080.0/14400) target 0.448 (3873.0/8640)
[Train][97] Loss: D 0.001 E_gan 7.146 E_pred 0.073
[Train][97] Acc: source 0.977 (14074.0/14400) target 0.437 (3777.0/8640)
[Train][98] Loss: D 0.001 E_gan 7.131 E_pred 0.074
[Train][98] Acc: source 0.977 (14065.0/14400) target 0.437 (3774.0/8640)
[Train][99] Loss: D 0.001 E_gan 7.155 E_pred 0.065
[Train][99] Acc: source 0.982 (14140.0/14400) target 0.454 (3925.0/8640)

Eval MNIST: [0.    0.971 0.614 0.552 0.352 0.456 0.406 0.32  0.369 0.27 ] src: 0.971 tgt:0.417
[Train][0] Loss: D 0.481 E_gan 2.365 E_pred 1.003
[Train][0] Acc: source 0.631 (9082.0/14400) target 0.370 (3193.0/8640)
[Train][1] Loss: D 0.118 E_gan 4.010 E_pred 1.427
[Train][1] Acc: source 0.470 (6764.0/14400) target 0.324 (2798.0/8640)
[Train][2] Loss: D 0.059 E_gan 4.823 E_pred 1.483
[Train][2] Acc: source 0.454 (6535.0/14400) target 0.319 (2752.0/8640)
[Train][3] Loss: D 0.034 E_gan 5.516 E_pred 1.508
[Train][3] Acc: source 0.435 (6260.0/14400) target 0.322 (2784.0/8640)
[Train][4] Loss: D 0.017 E_gan 5.970 E_pred 1.485
[Train][4] Acc: source 0.448 (6453.0/14400) target 0.313 (2706.0/8640)
[Train][5] Loss: D 0.010 E_gan 6.423 E_pred 1.483
[Train][5] Acc: source 0.450 (6485.0/14400) target 0.314 (2709.0/8640)
[Train][6] Loss: D 0.008 E_gan 6.934 E_pred 1.488
[Train][6] Acc: source 0.451 (6491.0/14400) target 0.311 (2687.0/8640)
[Train][7] Loss: D 0.005 E_gan 7.268 E_pred 1.480
[Train][7] Acc: source 0.458 (6589.0/14400) target 0.317 (2738.0/8640)
[Train][8] Loss: D 0.003 E_gan 7.748 E_pred 1.494
[Train][8] Acc: source 0.450 (6475.0/14400) target 0.316 (2728.0/8640)
[Train][9] Loss: D 0.002 E_gan 7.984 E_pred 1.466
[Train][9] Acc: source 0.455 (6545.0/14400) target 0.322 (2783.0/8640)

Eval MNIST: [0.    0.395 0.41  0.384 0.324 0.351 0.319 0.287 0.283 0.252] src: 0.395 tgt:0.326
[Train][10] Loss: D 0.001 E_gan 8.218 E_pred 1.451
[Train][10] Acc: source 0.465 (6698.0/14400) target 0.320 (2765.0/8640)
[Train][11] Loss: D 0.003 E_gan 8.338 E_pred 1.432
[Train][11] Acc: source 0.460 (6630.0/14400) target 0.325 (2806.0/8640)
[Train][12] Loss: D 0.002 E_gan 8.479 E_pred 1.440
[Train][12] Acc: source 0.466 (6708.0/14400) target 0.322 (2781.0/8640)
[Train][13] Loss: D 0.001 E_gan 8.529 E_pred 1.433
[Train][13] Acc: source 0.459 (6614.0/14400) target 0.326 (2814.0/8640)
[Train][14] Loss: D 0.000 E_gan 8.055 E_pred 1.357
[Train][14] Acc: source 0.497 (7156.0/14400) target 0.341 (2947.0/8640)
[Train][15] Loss: D 0.000 E_gan 7.804 E_pred 1.295
[Train][15] Acc: source 0.511 (7360.0/14400) target 0.339 (2926.0/8640)
[Train][16] Loss: D 0.001 E_gan 7.725 E_pred 1.296
[Train][16] Acc: source 0.509 (7336.0/14400) target 0.334 (2889.0/8640)
[Train][17] Loss: D 0.001 E_gan 7.157 E_pred 1.322
[Train][17] Acc: source 0.507 (7305.0/14400) target 0.342 (2951.0/8640)
[Train][18] Loss: D 0.007 E_gan 7.687 E_pred 1.420
[Train][18] Acc: source 0.466 (6714.0/14400) target 0.326 (2816.0/8640)
[Train][19] Loss: D 0.024 E_gan 8.137 E_pred 1.457
[Train][19] Acc: source 0.460 (6626.0/14400) target 0.324 (2801.0/8640)

Eval MNIST: [0.    0.408 0.39  0.34  0.269 0.285 0.284 0.244 0.255 0.261] src: 0.408 tgt:0.291
[Train][20] Loss: D 0.047 E_gan 7.680 E_pred 1.480
[Train][20] Acc: source 0.450 (6474.0/14400) target 0.327 (2826.0/8640)
[Train][21] Loss: D 0.031 E_gan 7.233 E_pred 1.459
[Train][21] Acc: source 0.462 (6647.0/14400) target 0.317 (2742.0/8640)
[Train][22] Loss: D 0.019 E_gan 7.363 E_pred 1.457
[Train][22] Acc: source 0.454 (6536.0/14400) target 0.325 (2807.0/8640)
[Train][23] Loss: D 0.016 E_gan 8.025 E_pred 1.453
[Train][23] Acc: source 0.455 (6556.0/14400) target 0.330 (2855.0/8640)
[Train][24] Loss: D 0.013 E_gan 8.082 E_pred 1.435
[Train][24] Acc: source 0.467 (6726.0/14400) target 0.328 (2833.0/8640)
[Train][25] Loss: D 0.014 E_gan 8.703 E_pred 1.453
[Train][25] Acc: source 0.460 (6617.0/14400) target 0.317 (2741.0/8640)
[Train][26] Loss: D 0.011 E_gan 9.352 E_pred 1.455
[Train][26] Acc: source 0.467 (6722.0/14400) target 0.316 (2733.0/8640)
[Train][27] Loss: D 0.006 E_gan 8.280 E_pred 1.414
[Train][27] Acc: source 0.474 (6819.0/14400) target 0.337 (2916.0/8640)
[Train][28] Loss: D 0.008 E_gan 12.559 E_pred 1.384
[Train][28] Acc: source 0.488 (7024.0/14400) target 0.339 (2931.0/8640)
[Train][29] Loss: D 0.000 E_gan 23.026 E_pred 1.177
[Train][29] Acc: source 0.553 (7964.0/14400) target 0.367 (3170.0/8640)

Eval MNIST: [0.    0.575 0.478 0.487 0.356 0.404 0.319 0.348 0.343 0.331] src: 0.575 tgt:0.383
[Train][30] Loss: D 0.000 E_gan 23.026 E_pred 1.077
[Train][30] Acc: source 0.595 (8565.0/14400) target 0.388 (3356.0/8640)
[Train][31] Loss: D 0.002 E_gan 20.347 E_pred 1.059
[Train][31] Acc: source 0.603 (8685.0/14400) target 0.388 (3352.0/8640)
[Train][32] Loss: D 0.029 E_gan 10.208 E_pred 1.477
[Train][32] Acc: source 0.456 (6566.0/14400) target 0.319 (2752.0/8640)
[Train][33] Loss: D 0.012 E_gan 7.839 E_pred 1.427
[Train][33] Acc: source 0.470 (6766.0/14400) target 0.340 (2939.0/8640)
[Train][34] Loss: D 0.011 E_gan 8.177 E_pred 1.431
[Train][34] Acc: source 0.466 (6708.0/14400) target 0.329 (2846.0/8640)
[Train][35] Loss: D 0.005 E_gan 19.523 E_pred 1.306
[Train][35] Acc: source 0.511 (7354.0/14400) target 0.354 (3056.0/8640)
[Train][36] Loss: D 0.000 E_gan 23.026 E_pred 1.121
[Train][36] Acc: source 0.581 (8371.0/14400) target 0.379 (3277.0/8640)
[Train][37] Loss: D 0.000 E_gan 22.084 E_pred 1.061
[Train][37] Acc: source 0.600 (8647.0/14400) target 0.388 (3353.0/8640)
[Train][38] Loss: D 0.013 E_gan 8.744 E_pred 1.427
[Train][38] Acc: source 0.470 (6772.0/14400) target 0.331 (2857.0/8640)
[Train][39] Loss: D 0.006 E_gan 9.025 E_pred 1.408
[Train][39] Acc: source 0.474 (6832.0/14400) target 0.327 (2826.0/8640)

Eval MNIST: [0.    0.442 0.399 0.374 0.306 0.351 0.3   0.334 0.341 0.302] src: 0.442 tgt:0.338
[Train][40] Loss: D 0.005 E_gan 9.471 E_pred 1.372
[Train][40] Acc: source 0.490 (7050.0/14400) target 0.330 (2854.0/8640)
[Train][41] Loss: D 0.005 E_gan 8.855 E_pred 1.384
[Train][41] Acc: source 0.486 (6999.0/14400) target 0.330 (2852.0/8640)
[Train][42] Loss: D 0.003 E_gan 15.899 E_pred 1.312
[Train][42] Acc: source 0.509 (7331.0/14400) target 0.352 (3040.0/8640)
[Train][43] Loss: D 0.002 E_gan 15.052 E_pred 1.286
[Train][43] Acc: source 0.518 (7459.0/14400) target 0.344 (2971.0/8640)
[Train][44] Loss: D 0.003 E_gan 9.647 E_pred 1.396
[Train][44] Acc: source 0.479 (6903.0/14400) target 0.335 (2894.0/8640)
[Train][45] Loss: D 0.002 E_gan 9.858 E_pred 1.316
[Train][45] Acc: source 0.499 (7185.0/14400) target 0.348 (3008.0/8640)
[Train][46] Loss: D 0.006 E_gan 9.077 E_pred 1.357
[Train][46] Acc: source 0.496 (7138.0/14400) target 0.348 (3004.0/8640)
[Train][47] Loss: D 0.003 E_gan 8.997 E_pred 1.363
[Train][47] Acc: source 0.491 (7067.0/14400) target 0.336 (2899.0/8640)
[Train][48] Loss: D 0.002 E_gan 9.340 E_pred 1.354
[Train][48] Acc: source 0.490 (7063.0/14400) target 0.345 (2982.0/8640)
[Train][49] Loss: D 0.001 E_gan 9.229 E_pred 1.338
[Train][49] Acc: source 0.503 (7246.0/14400) target 0.341 (2947.0/8640)

Eval MNIST: [0.    0.278 0.269 0.254 0.231 0.229 0.232 0.25  0.224 0.209] src: 0.278 tgt:0.237
[Train][50] Loss: D 0.001 E_gan 9.908 E_pred 1.341
[Train][50] Acc: source 0.499 (7181.0/14400) target 0.338 (2917.0/8640)
[Train][51] Loss: D 0.001 E_gan 9.136 E_pred 1.322
[Train][51] Acc: source 0.508 (7310.0/14400) target 0.337 (2914.0/8640)
[Train][52] Loss: D 0.000 E_gan 9.165 E_pred 1.344
[Train][52] Acc: source 0.498 (7173.0/14400) target 0.333 (2873.0/8640)
[Train][53] Loss: D 0.000 E_gan 8.741 E_pred 1.259
[Train][53] Acc: source 0.524 (7547.0/14400) target 0.351 (3034.0/8640)
[Train][54] Loss: D 0.000 E_gan 8.301 E_pred 1.188
[Train][54] Acc: source 0.552 (7948.0/14400) target 0.372 (3213.0/8640)
[Train][55] Loss: D 0.000 E_gan 8.118 E_pred 1.191
[Train][55] Acc: source 0.551 (7935.0/14400) target 0.368 (3182.0/8640)
[Train][56] Loss: D 0.000 E_gan 8.116 E_pred 1.221
[Train][56] Acc: source 0.547 (7871.0/14400) target 0.368 (3181.0/8640)
[Train][57] Loss: D 0.000 E_gan 8.036 E_pred 1.258
[Train][57] Acc: source 0.528 (7607.0/14400) target 0.358 (3095.0/8640)
[Train][58] Loss: D 0.000 E_gan 7.769 E_pred 1.223
[Train][58] Acc: source 0.541 (7795.0/14400) target 0.356 (3072.0/8640)
[Train][59] Loss: D 0.001 E_gan 7.549 E_pred 1.197
[Train][59] Acc: source 0.554 (7978.0/14400) target 0.359 (3105.0/8640)

Eval MNIST: [0.    0.572 0.494 0.447 0.335 0.39  0.324 0.281 0.268 0.302] src: 0.572 tgt:0.355
[Train][60] Loss: D 0.001 E_gan 7.479 E_pred 1.154
[Train][60] Acc: source 0.568 (8175.0/14400) target 0.364 (3141.0/8640)
[Train][61] Loss: D 0.001 E_gan 7.456 E_pred 1.125
[Train][61] Acc: source 0.580 (8358.0/14400) target 0.371 (3207.0/8640)
[Train][62] Loss: D 0.001 E_gan 7.448 E_pred 1.082
[Train][62] Acc: source 0.592 (8531.0/14400) target 0.369 (3190.0/8640)
[Train][63] Loss: D 0.001 E_gan 7.457 E_pred 1.034
[Train][63] Acc: source 0.606 (8720.0/14400) target 0.383 (3306.0/8640)
[Train][64] Loss: D 0.001 E_gan 7.450 E_pred 0.999
[Train][64] Acc: source 0.623 (8973.0/14400) target 0.381 (3293.0/8640)
[Train][65] Loss: D 0.001 E_gan 7.445 E_pred 0.964
[Train][65] Acc: source 0.640 (9210.0/14400) target 0.384 (3320.0/8640)
[Train][66] Loss: D 0.001 E_gan 7.442 E_pred 0.945
[Train][66] Acc: source 0.645 (9283.0/14400) target 0.394 (3400.0/8640)
[Train][67] Loss: D 0.001 E_gan 7.434 E_pred 0.912
[Train][67] Acc: source 0.662 (9526.0/14400) target 0.401 (3462.0/8640)
[Train][68] Loss: D 0.001 E_gan 7.424 E_pred 0.887
[Train][68] Acc: source 0.664 (9556.0/14400) target 0.401 (3466.0/8640)
[Train][69] Loss: D 0.001 E_gan 7.427 E_pred 0.857
[Train][69] Acc: source 0.679 (9782.0/14400) target 0.406 (3511.0/8640)

Eval MNIST: [0.    0.573 0.433 0.426 0.316 0.353 0.292 0.309 0.28  0.306] src: 0.573 tgt:0.339
[Train][70] Loss: D 0.001 E_gan 7.441 E_pred 0.832
[Train][70] Acc: source 0.688 (9903.0/14400) target 0.406 (3508.0/8640)
[Train][71] Loss: D 0.001 E_gan 7.426 E_pred 0.815
[Train][71] Acc: source 0.698 (10055.0/14400) target 0.408 (3529.0/8640)
[Train][72] Loss: D 0.001 E_gan 7.433 E_pred 0.799
[Train][72] Acc: source 0.704 (10144.0/14400) target 0.408 (3527.0/8640)
[Train][73] Loss: D 0.001 E_gan 7.430 E_pred 0.772
[Train][73] Acc: source 0.715 (10290.0/14400) target 0.413 (3567.0/8640)
[Train][74] Loss: D 0.001 E_gan 7.439 E_pred 0.763
[Train][74] Acc: source 0.716 (10311.0/14400) target 0.406 (3512.0/8640)
[Train][75] Loss: D 0.001 E_gan 7.436 E_pred 0.753
[Train][75] Acc: source 0.723 (10417.0/14400) target 0.400 (3457.0/8640)
[Train][76] Loss: D 0.001 E_gan 7.432 E_pred 0.738
[Train][76] Acc: source 0.729 (10491.0/14400) target 0.411 (3550.0/8640)
[Train][77] Loss: D 0.001 E_gan 7.426 E_pred 0.713
[Train][77] Acc: source 0.740 (10662.0/14400) target 0.418 (3612.0/8640)
[Train][78] Loss: D 0.001 E_gan 7.417 E_pred 0.694
[Train][78] Acc: source 0.746 (10741.0/14400) target 0.419 (3620.0/8640)
[Train][79] Loss: D 0.001 E_gan 7.424 E_pred 0.666
[Train][79] Acc: source 0.757 (10901.0/14400) target 0.412 (3563.0/8640)

Eval MNIST: [0.    0.748 0.538 0.519 0.374 0.43  0.339 0.36  0.333 0.316] src: 0.748 tgt:0.401
[Train][80] Loss: D 0.001 E_gan 7.432 E_pred 0.654
[Train][80] Acc: source 0.760 (10938.0/14400) target 0.423 (3653.0/8640)
[Train][81] Loss: D 0.001 E_gan 7.419 E_pred 0.639
[Train][81] Acc: source 0.769 (11071.0/14400) target 0.421 (3635.0/8640)
[Train][82] Loss: D 0.001 E_gan 7.426 E_pred 0.626
[Train][82] Acc: source 0.769 (11079.0/14400) target 0.417 (3603.0/8640)
[Train][83] Loss: D 0.001 E_gan 7.439 E_pred 0.609
[Train][83] Acc: source 0.784 (11283.0/14400) target 0.418 (3610.0/8640)
[Train][84] Loss: D 0.001 E_gan 7.412 E_pred 0.595
[Train][84] Acc: source 0.783 (11273.0/14400) target 0.426 (3683.0/8640)
[Train][85] Loss: D 0.001 E_gan 7.422 E_pred 0.597
[Train][85] Acc: source 0.785 (11300.0/14400) target 0.416 (3591.0/8640)
[Train][86] Loss: D 0.001 E_gan 7.410 E_pred 0.574
[Train][86] Acc: source 0.794 (11432.0/14400) target 0.420 (3630.0/8640)
[Train][87] Loss: D 0.001 E_gan 7.389 E_pred 0.558
[Train][87] Acc: source 0.800 (11521.0/14400) target 0.415 (3584.0/8640)
[Train][88] Loss: D 0.001 E_gan 7.431 E_pred 0.539
[Train][88] Acc: source 0.807 (11620.0/14400) target 0.414 (3577.0/8640)
[Train][89] Loss: D 0.001 E_gan 7.404 E_pred 0.523
[Train][89] Acc: source 0.810 (11663.0/14400) target 0.424 (3661.0/8640)

Eval MNIST: [0.    0.795 0.559 0.499 0.37  0.436 0.336 0.342 0.332 0.321] src: 0.795 tgt:0.4
[Train][90] Loss: D 0.001 E_gan 7.388 E_pred 0.520
[Train][90] Acc: source 0.815 (11729.0/14400) target 0.416 (3591.0/8640)
[Train][91] Loss: D 0.001 E_gan 7.399 E_pred 0.496
[Train][91] Acc: source 0.820 (11812.0/14400) target 0.419 (3620.0/8640)
[Train][92] Loss: D 0.001 E_gan 7.389 E_pred 0.476
[Train][92] Acc: source 0.832 (11981.0/14400) target 0.422 (3644.0/8640)
[Train][93] Loss: D 0.001 E_gan 7.374 E_pred 0.487
[Train][93] Acc: source 0.828 (11920.0/14400) target 0.420 (3633.0/8640)
[Train][94] Loss: D 0.001 E_gan 7.350 E_pred 0.472
[Train][94] Acc: source 0.835 (12027.0/14400) target 0.421 (3637.0/8640)
[Train][95] Loss: D 0.001 E_gan 7.407 E_pred 0.452
[Train][95] Acc: source 0.839 (12079.0/14400) target 0.419 (3616.0/8640)
[Train][96] Loss: D 0.001 E_gan 7.386 E_pred 0.426
[Train][96] Acc: source 0.848 (12215.0/14400) target 0.420 (3633.0/8640)
[Train][97] Loss: D 0.001 E_gan 7.376 E_pred 0.423
[Train][97] Acc: source 0.853 (12290.0/14400) target 0.420 (3633.0/8640)
[Train][98] Loss: D 0.001 E_gan 7.405 E_pred 0.410
[Train][98] Acc: source 0.857 (12334.0/14400) target 0.428 (3695.0/8640)
[Train][99] Loss: D 0.001 E_gan 7.378 E_pred 0.395
[Train][99] Acc: source 0.861 (12397.0/14400) target 0.422 (3647.0/8640)

Eval MNIST: [0.    0.865 0.569 0.511 0.386 0.463 0.348 0.362 0.354 0.302] src: 0.865 tgt:0.412
[Train][0] Loss: D 0.565 E_gan 2.114 E_pred 0.831
[Train][0] Acc: source 0.698 (10050.0/14400) target 0.386 (3338.0/8640)
[Train][1] Loss: D 0.154 E_gan 3.854 E_pred 1.441
[Train][1] Acc: source 0.463 (6670.0/14400) target 0.325 (2812.0/8640)
[Train][2] Loss: D 0.074 E_gan 4.703 E_pred 1.500
[Train][2] Acc: source 0.443 (6378.0/14400) target 0.307 (2652.0/8640)
[Train][3] Loss: D 0.040 E_gan 5.256 E_pred 1.475
[Train][3] Acc: source 0.455 (6558.0/14400) target 0.320 (2769.0/8640)
[Train][4] Loss: D 0.026 E_gan 5.751 E_pred 1.467
[Train][4] Acc: source 0.451 (6488.0/14400) target 0.325 (2812.0/8640)
[Train][5] Loss: D 0.017 E_gan 6.415 E_pred 1.473
[Train][5] Acc: source 0.457 (6581.0/14400) target 0.321 (2771.0/8640)
[Train][6] Loss: D 0.010 E_gan 6.746 E_pred 1.495
[Train][6] Acc: source 0.445 (6414.0/14400) target 0.323 (2789.0/8640)
[Train][7] Loss: D 0.007 E_gan 7.221 E_pred 1.475
[Train][7] Acc: source 0.452 (6506.0/14400) target 0.326 (2816.0/8640)
[Train][8] Loss: D 0.005 E_gan 7.719 E_pred 1.472
[Train][8] Acc: source 0.452 (6512.0/14400) target 0.329 (2841.0/8640)
[Train][9] Loss: D 0.003 E_gan 8.085 E_pred 1.447
[Train][9] Acc: source 0.465 (6702.0/14400) target 0.334 (2890.0/8640)

Eval MNIST: [0.    0.276 0.29  0.284 0.254 0.274 0.263 0.217 0.221 0.19 ] src: 0.276 tgt:0.249
[Train][10] Loss: D 0.002 E_gan 8.069 E_pred 1.434
[Train][10] Acc: source 0.465 (6689.0/14400) target 0.333 (2879.0/8640)
[Train][11] Loss: D 0.001 E_gan 8.333 E_pred 1.418
[Train][11] Acc: source 0.477 (6869.0/14400) target 0.333 (2874.0/8640)
[Train][12] Loss: D 0.001 E_gan 8.697 E_pred 1.382
[Train][12] Acc: source 0.488 (7027.0/14400) target 0.343 (2964.0/8640)
[Train][13] Loss: D 0.001 E_gan 8.415 E_pred 1.370
[Train][13] Acc: source 0.490 (7063.0/14400) target 0.343 (2961.0/8640)
[Train][14] Loss: D 0.001 E_gan 8.666 E_pred 1.370
[Train][14] Acc: source 0.486 (7000.0/14400) target 0.339 (2933.0/8640)
[Train][15] Loss: D 0.001 E_gan 8.199 E_pred 1.328
[Train][15] Acc: source 0.501 (7208.0/14400) target 0.352 (3039.0/8640)
[Train][16] Loss: D 0.001 E_gan 7.881 E_pred 1.310
[Train][16] Acc: source 0.510 (7338.0/14400) target 0.346 (2990.0/8640)
[Train][17] Loss: D 0.000 E_gan 7.715 E_pred 1.369
[Train][17] Acc: source 0.487 (7009.0/14400) target 0.346 (2988.0/8640)
[Train][18] Loss: D 0.003 E_gan 6.688 E_pred 1.444
[Train][18] Acc: source 0.461 (6636.0/14400) target 0.324 (2800.0/8640)
[Train][19] Loss: D 0.001 E_gan 6.575 E_pred 1.341
[Train][19] Acc: source 0.494 (7118.0/14400) target 0.345 (2977.0/8640)

Eval MNIST: [0.    0.502 0.455 0.417 0.302 0.385 0.354 0.291 0.286 0.283] src: 0.502 tgt:0.347
[Train][20] Loss: D 0.001 E_gan 7.073 E_pred 1.303
[Train][20] Acc: source 0.504 (7257.0/14400) target 0.347 (2996.0/8640)
[Train][21] Loss: D 0.001 E_gan 7.290 E_pred 1.293
[Train][21] Acc: source 0.505 (7265.0/14400) target 0.344 (2972.0/8640)
[Train][22] Loss: D 0.001 E_gan 7.388 E_pred 1.270
[Train][22] Acc: source 0.513 (7385.0/14400) target 0.357 (3088.0/8640)
[Train][23] Loss: D 0.001 E_gan 7.390 E_pred 1.260
[Train][23] Acc: source 0.520 (7487.0/14400) target 0.352 (3041.0/8640)
[Train][24] Loss: D 0.001 E_gan 7.395 E_pred 1.240
[Train][24] Acc: source 0.527 (7591.0/14400) target 0.345 (2977.0/8640)
[Train][25] Loss: D 0.001 E_gan 7.483 E_pred 1.226
[Train][25] Acc: source 0.535 (7698.0/14400) target 0.352 (3045.0/8640)
[Train][26] Loss: D 0.006 E_gan 7.090 E_pred 1.298
[Train][26] Acc: source 0.506 (7281.0/14400) target 0.339 (2933.0/8640)
[Train][27] Loss: D 0.028 E_gan 7.501 E_pred 1.473
[Train][27] Acc: source 0.449 (6461.0/14400) target 0.323 (2795.0/8640)
[Train][28] Loss: D 0.025 E_gan 7.438 E_pred 1.497
[Train][28] Acc: source 0.444 (6397.0/14400) target 0.311 (2689.0/8640)
[Train][29] Loss: D 0.036 E_gan 7.808 E_pred 1.480
[Train][29] Acc: source 0.450 (6478.0/14400) target 0.313 (2706.0/8640)

Eval MNIST: [0.    0.427 0.386 0.342 0.267 0.301 0.264 0.203 0.216 0.204] src: 0.427 tgt:0.273
[Train][30] Loss: D 0.026 E_gan 7.874 E_pred 1.482
[Train][30] Acc: source 0.445 (6406.0/14400) target 0.313 (2705.0/8640)
[Train][31] Loss: D 0.015 E_gan 8.138 E_pred 1.422
[Train][31] Acc: source 0.472 (6794.0/14400) target 0.328 (2838.0/8640)
[Train][32] Loss: D 0.027 E_gan 7.732 E_pred 1.485
[Train][32] Acc: source 0.452 (6506.0/14400) target 0.320 (2768.0/8640)
[Train][33] Loss: D 0.012 E_gan 7.319 E_pred 1.408
[Train][33] Acc: source 0.474 (6832.0/14400) target 0.324 (2802.0/8640)
[Train][34] Loss: D 0.016 E_gan 9.131 E_pred 1.435
[Train][34] Acc: source 0.466 (6710.0/14400) target 0.330 (2848.0/8640)
[Train][35] Loss: D 0.012 E_gan 8.864 E_pred 1.357
[Train][35] Acc: source 0.494 (7114.0/14400) target 0.343 (2965.0/8640)
[Train][36] Loss: D 0.014 E_gan 7.910 E_pred 1.389
[Train][36] Acc: source 0.477 (6873.0/14400) target 0.328 (2836.0/8640)
[Train][37] Loss: D 0.016 E_gan 8.774 E_pred 1.393
[Train][37] Acc: source 0.480 (6908.0/14400) target 0.328 (2831.0/8640)
[Train][38] Loss: D 0.020 E_gan 9.428 E_pred 1.372
[Train][38] Acc: source 0.483 (6962.0/14400) target 0.338 (2917.0/8640)
[Train][39] Loss: D 0.013 E_gan 8.336 E_pred 1.384
[Train][39] Acc: source 0.481 (6929.0/14400) target 0.331 (2857.0/8640)

Eval MNIST: [0.    0.507 0.461 0.412 0.313 0.369 0.347 0.294 0.29  0.248] src: 0.507 tgt:0.342
[Train][40] Loss: D 0.031 E_gan 9.249 E_pred 1.397
[Train][40] Acc: source 0.485 (6990.0/14400) target 0.339 (2933.0/8640)
[Train][41] Loss: D 0.013 E_gan 8.983 E_pred 1.371
[Train][41] Acc: source 0.487 (7013.0/14400) target 0.337 (2912.0/8640)
[Train][42] Loss: D 0.005 E_gan 18.129 E_pred 1.271
[Train][42] Acc: source 0.518 (7461.0/14400) target 0.355 (3066.0/8640)
[Train][43] Loss: D 0.010 E_gan 12.231 E_pred 1.265
[Train][43] Acc: source 0.527 (7582.0/14400) target 0.347 (2994.0/8640)
[Train][44] Loss: D 0.042 E_gan 9.232 E_pred 1.361
[Train][44] Acc: source 0.492 (7082.0/14400) target 0.336 (2902.0/8640)
[Train][45] Loss: D 0.026 E_gan 7.473 E_pred 1.363
[Train][45] Acc: source 0.496 (7148.0/14400) target 0.337 (2911.0/8640)
[Train][46] Loss: D 0.020 E_gan 9.957 E_pred 1.311
[Train][46] Acc: source 0.514 (7397.0/14400) target 0.355 (3064.0/8640)
[Train][47] Loss: D 0.032 E_gan 9.436 E_pred 1.352
[Train][47] Acc: source 0.498 (7171.0/14400) target 0.340 (2937.0/8640)
[Train][48] Loss: D 0.030 E_gan 7.510 E_pred 1.356
[Train][48] Acc: source 0.492 (7081.0/14400) target 0.331 (2859.0/8640)
[Train][49] Loss: D 0.021 E_gan 7.586 E_pred 1.363
[Train][49] Acc: source 0.487 (7018.0/14400) target 0.336 (2905.0/8640)

Eval MNIST: [0.    0.238 0.221 0.211 0.162 0.184 0.174 0.139 0.145 0.137] src: 0.238 tgt:0.172
[Train][50] Loss: D 0.018 E_gan 8.254 E_pred 1.349
[Train][50] Acc: source 0.491 (7071.0/14400) target 0.332 (2866.0/8640)
[Train][51] Loss: D 0.007 E_gan 6.885 E_pred 1.291
[Train][51] Acc: source 0.516 (7434.0/14400) target 0.356 (3080.0/8640)
[Train][52] Loss: D 0.012 E_gan 16.826 E_pred 1.261
[Train][52] Acc: source 0.530 (7627.0/14400) target 0.358 (3094.0/8640)
[Train][53] Loss: D 0.016 E_gan 7.924 E_pred 1.349
[Train][53] Acc: source 0.502 (7226.0/14400) target 0.340 (2940.0/8640)
[Train][54] Loss: D 0.022 E_gan 8.329 E_pred 1.399
[Train][54] Acc: source 0.480 (6915.0/14400) target 0.331 (2863.0/8640)
[Train][55] Loss: D 0.014 E_gan 7.863 E_pred 1.360
[Train][55] Acc: source 0.496 (7140.0/14400) target 0.337 (2908.0/8640)
[Train][56] Loss: D 0.013 E_gan 8.322 E_pred 1.326
[Train][56] Acc: source 0.504 (7260.0/14400) target 0.351 (3034.0/8640)
[Train][57] Loss: D 0.022 E_gan 8.872 E_pred 1.361
[Train][57] Acc: source 0.495 (7135.0/14400) target 0.345 (2985.0/8640)
[Train][58] Loss: D 0.012 E_gan 8.175 E_pred 1.346
[Train][58] Acc: source 0.498 (7174.0/14400) target 0.349 (3016.0/8640)
[Train][59] Loss: D 0.011 E_gan 7.787 E_pred 1.367
[Train][59] Acc: source 0.497 (7154.0/14400) target 0.350 (3023.0/8640)

Eval MNIST: [0.    0.456 0.396 0.358 0.273 0.314 0.301 0.261 0.248 0.279] src: 0.456 tgt:0.304
[Train][60] Loss: D 0.008 E_gan 8.141 E_pred 1.309
[Train][60] Acc: source 0.511 (7361.0/14400) target 0.343 (2965.0/8640)
[Train][61] Loss: D 0.010 E_gan 9.471 E_pred 1.313
[Train][61] Acc: source 0.510 (7339.0/14400) target 0.352 (3045.0/8640)
[Train][62] Loss: D 0.008 E_gan 8.356 E_pred 1.307
[Train][62] Acc: source 0.507 (7299.0/14400) target 0.347 (3002.0/8640)
[Train][63] Loss: D 0.008 E_gan 7.858 E_pred 1.306
[Train][63] Acc: source 0.508 (7322.0/14400) target 0.341 (2942.0/8640)
[Train][64] Loss: D 0.008 E_gan 9.644 E_pred 1.311
[Train][64] Acc: source 0.516 (7425.0/14400) target 0.348 (3003.0/8640)
[Train][65] Loss: D 0.022 E_gan 9.053 E_pred 1.337
[Train][65] Acc: source 0.505 (7270.0/14400) target 0.349 (3017.0/8640)
[Train][66] Loss: D 0.019 E_gan 12.832 E_pred 1.348
[Train][66] Acc: source 0.497 (7151.0/14400) target 0.338 (2917.0/8640)
[Train][67] Loss: D 0.000 E_gan 23.026 E_pred 1.135
[Train][67] Acc: source 0.576 (8290.0/14400) target 0.375 (3238.0/8640)
[Train][68] Loss: D 0.005 E_gan 13.913 E_pred 1.229
[Train][68] Acc: source 0.541 (7792.0/14400) target 0.355 (3065.0/8640)
[Train][69] Loss: D 0.006 E_gan 9.185 E_pred 1.311
[Train][69] Acc: source 0.514 (7395.0/14400) target 0.348 (3007.0/8640)

Eval MNIST: [0.    0.488 0.454 0.407 0.313 0.36  0.322 0.224 0.243 0.219] src: 0.488 tgt:0.318
[Train][70] Loss: D 0.005 E_gan 8.201 E_pred 1.291
[Train][70] Acc: source 0.516 (7431.0/14400) target 0.348 (3003.0/8640)
[Train][71] Loss: D 0.010 E_gan 9.331 E_pred 1.333
[Train][71] Acc: source 0.499 (7181.0/14400) target 0.348 (3005.0/8640)
[Train][72] Loss: D 0.006 E_gan 8.816 E_pred 1.294
[Train][72] Acc: source 0.520 (7483.0/14400) target 0.351 (3032.0/8640)
[Train][73] Loss: D 0.006 E_gan 10.137 E_pred 1.304
[Train][73] Acc: source 0.515 (7412.0/14400) target 0.360 (3108.0/8640)
[Train][74] Loss: D 0.003 E_gan 7.330 E_pred 1.258
[Train][74] Acc: source 0.526 (7569.0/14400) target 0.352 (3041.0/8640)
[Train][75] Loss: D 0.011 E_gan 12.138 E_pred 1.298
[Train][75] Acc: source 0.520 (7492.0/14400) target 0.345 (2983.0/8640)
[Train][76] Loss: D 0.005 E_gan 14.907 E_pred 1.237
[Train][76] Acc: source 0.540 (7775.0/14400) target 0.357 (3088.0/8640)
[Train][77] Loss: D 0.005 E_gan 10.969 E_pred 1.250
[Train][77] Acc: source 0.530 (7636.0/14400) target 0.352 (3037.0/8640)
[Train][78] Loss: D 0.005 E_gan 11.394 E_pred 1.321
[Train][78] Acc: source 0.507 (7294.0/14400) target 0.346 (2987.0/8640)
[Train][79] Loss: D 0.004 E_gan 8.861 E_pred 1.265
[Train][79] Acc: source 0.522 (7519.0/14400) target 0.365 (3151.0/8640)

Eval MNIST: [0.    0.535 0.451 0.399 0.299 0.362 0.298 0.281 0.286 0.281] src: 0.535 tgt:0.332
[Train][80] Loss: D 0.005 E_gan 11.983 E_pred 1.258
[Train][80] Acc: source 0.528 (7599.0/14400) target 0.354 (3055.0/8640)
[Train][81] Loss: D 0.005 E_gan 8.755 E_pred 1.289
[Train][81] Acc: source 0.518 (7465.0/14400) target 0.349 (3014.0/8640)
[Train][82] Loss: D 0.014 E_gan 9.758 E_pred 1.289
[Train][82] Acc: source 0.517 (7445.0/14400) target 0.356 (3072.0/8640)
[Train][83] Loss: D 0.004 E_gan 8.608 E_pred 1.254
[Train][83] Acc: source 0.529 (7623.0/14400) target 0.359 (3105.0/8640)
[Train][84] Loss: D 0.010 E_gan 9.305 E_pred 1.322
[Train][84] Acc: source 0.510 (7347.0/14400) target 0.351 (3029.0/8640)
[Train][85] Loss: D 0.013 E_gan 7.834 E_pred 1.349
[Train][85] Acc: source 0.494 (7108.0/14400) target 0.346 (2993.0/8640)
