[Train][0] Loss: D 1.374 E_gan 0.971 E_pred 0.831
[Train][0] Acc: source 0.702 (7172.0/10215) target 0.185 (1109.0/3750)
[Train][1] Loss: D 1.352 E_gan 0.945 E_pred 1.079
[Train][1] Acc: source 0.597 (6096.0/10215) target 0.204 (1226.0/3750)
[Train][2] Loss: D 1.374 E_gan 0.859 E_pred 1.032
[Train][2] Acc: source 0.604 (6172.0/10215) target 0.220 (1322.0/3750)
[Train][3] Loss: D nan E_gan nan E_pred 1.026
[Train][3] Acc: source 0.608 (6213.0/10215) target 0.223 (1336.0/3750)
[Train][4] Loss: D 1.365 E_gan 0.913 E_pred 1.019
[Train][4] Acc: source 0.611 (6243.0/10215) target 0.218 (1308.0/3750)
[Train][5] Loss: D 1.370 E_gan 0.838 E_pred 0.972
[Train][5] Acc: source 0.627 (6406.0/10215) target 0.220 (1323.0/3750)
[Train][6] Loss: D 1.371 E_gan 0.866 E_pred 0.952
[Train][6] Acc: source 0.633 (6466.0/10215) target 0.226 (1356.0/3750)
[Train][7] Loss: D 1.375 E_gan 0.868 E_pred 0.915
[Train][7] Acc: source 0.652 (6658.0/10215) target 0.233 (1397.0/3750)
[Train][8] Loss: D 1.373 E_gan 0.819 E_pred 0.907
[Train][8] Acc: source 0.655 (6688.0/10215) target 0.222 (1331.0/3750)
[Train][9] Loss: D 1.374 E_gan 0.850 E_pred 0.884
[Train][9] Acc: source 0.666 (6808.0/10215) target 0.236 (1417.0/3750)

Eval MNIST: [0.    0.517 0.38  0.328 0.239 0.261 0.227 0.    0.    0.   ] src: 0.517 tgt:0.179
[Train][10] Loss: D 1.370 E_gan 0.860 E_pred 0.883
[Train][10] Acc: source 0.667 (6817.0/10215) target 0.224 (1346.0/3750)
[Train][11] Loss: D 1.372 E_gan 0.832 E_pred 0.853
[Train][11] Acc: source 0.678 (6922.0/10215) target 0.238 (1429.0/3750)
[Train][12] Loss: D 1.368 E_gan 0.893 E_pred 0.854
[Train][12] Acc: source 0.675 (6892.0/10215) target 0.234 (1405.0/3750)
[Train][13] Loss: D 1.373 E_gan 0.821 E_pred 0.828
[Train][13] Acc: source 0.693 (7076.0/10215) target 0.233 (1396.0/3750)
[Train][14] Loss: D 1.364 E_gan 0.892 E_pred 0.825
[Train][14] Acc: source 0.689 (7039.0/10215) target 0.230 (1383.0/3750)
[Train][15] Loss: D 1.368 E_gan 0.894 E_pred 0.848
[Train][15] Acc: source 0.684 (6984.0/10215) target 0.225 (1353.0/3750)
[Train][16] Loss: D 1.376 E_gan 0.833 E_pred 0.798
[Train][16] Acc: source 0.701 (7161.0/10215) target 0.234 (1404.0/3750)
[Train][17] Loss: D 1.381 E_gan 0.848 E_pred 0.766
[Train][17] Acc: source 0.711 (7266.0/10215) target 0.242 (1455.0/3750)
[Train][18] Loss: D 1.373 E_gan 0.856 E_pred 0.757
[Train][18] Acc: source 0.718 (7336.0/10215) target 0.237 (1425.0/3750)
[Train][19] Loss: D nan E_gan nan E_pred 0.746
[Train][19] Acc: source 0.722 (7378.0/10215) target 0.236 (1419.0/3750)

Eval MNIST: [0.    0.626 0.404 0.347 0.315 0.287 0.283 0.    0.    0.   ] src: 0.626 tgt:0.204
[Train][20] Loss: D 1.380 E_gan 0.817 E_pred 0.741
[Train][20] Acc: source 0.726 (7418.0/10215) target 0.236 (1415.0/3750)
[Train][21] Loss: D 1.364 E_gan 0.871 E_pred 0.739
[Train][21] Acc: source 0.724 (7395.0/10215) target 0.233 (1401.0/3750)
[Train][22] Loss: D 1.362 E_gan 0.901 E_pred 0.730
[Train][22] Acc: source 0.725 (7408.0/10215) target 0.241 (1448.0/3750)
[Train][23] Loss: D 1.362 E_gan 0.831 E_pred 0.717
[Train][23] Acc: source 0.730 (7456.0/10215) target 0.248 (1486.0/3750)
[Train][24] Loss: D 1.369 E_gan 0.859 E_pred 0.721
[Train][24] Acc: source 0.731 (7469.0/10215) target 0.236 (1414.0/3750)
[Train][25] Loss: D 1.368 E_gan 0.886 E_pred 0.741
[Train][25] Acc: source 0.724 (7398.0/10215) target 0.236 (1418.0/3750)
[Train][26] Loss: D 1.365 E_gan 0.864 E_pred 0.714
[Train][26] Acc: source 0.725 (7410.0/10215) target 0.234 (1403.0/3750)
[Train][27] Loss: D 1.375 E_gan 0.867 E_pred 0.688
[Train][27] Acc: source 0.748 (7640.0/10215) target 0.241 (1445.0/3750)
[Train][28] Loss: D 1.364 E_gan 0.849 E_pred 0.670
[Train][28] Acc: source 0.751 (7673.0/10215) target 0.235 (1412.0/3750)
[Train][29] Loss: D nan E_gan nan E_pred 0.704
[Train][29] Acc: source 0.738 (7536.0/10215) target 0.231 (1387.0/3750)

Eval MNIST: [0.    0.717 0.536 0.461 0.349 0.416 0.257 0.    0.    0.   ] src: 0.717 tgt:0.252
[Train][30] Loss: D 1.369 E_gan 0.849 E_pred 0.667
[Train][30] Acc: source 0.751 (7668.0/10215) target 0.235 (1409.0/3750)
[Train][31] Loss: D 1.372 E_gan 0.833 E_pred 0.649
[Train][31] Acc: source 0.757 (7732.0/10215) target 0.245 (1470.0/3750)
[Train][32] Loss: D 1.374 E_gan 0.842 E_pred 0.640
[Train][32] Acc: source 0.761 (7778.0/10215) target 0.238 (1429.0/3750)
[Train][33] Loss: D 1.364 E_gan 0.889 E_pred 0.649
[Train][33] Acc: source 0.760 (7768.0/10215) target 0.248 (1487.0/3750)
[Train][34] Loss: D 1.351 E_gan 0.966 E_pred 0.733
[Train][34] Acc: source 0.728 (7436.0/10215) target 0.230 (1382.0/3750)
[Train][35] Loss: D nan E_gan nan E_pred 0.681
[Train][35] Acc: source 0.747 (7630.0/10215) target 0.236 (1418.0/3750)
[Train][36] Loss: D 1.373 E_gan 0.845 E_pred 0.641
[Train][36] Acc: source 0.761 (7776.0/10215) target 0.241 (1444.0/3750)
[Train][37] Loss: D 1.367 E_gan 0.861 E_pred 0.626
[Train][37] Acc: source 0.769 (7859.0/10215) target 0.247 (1481.0/3750)
[Train][38] Loss: D 1.374 E_gan 0.855 E_pred 0.640
[Train][38] Acc: source 0.763 (7793.0/10215) target 0.239 (1432.0/3750)
[Train][39] Loss: D 1.373 E_gan 0.813 E_pred 0.624
[Train][39] Acc: source 0.768 (7850.0/10215) target 0.235 (1412.0/3750)

Eval MNIST: [0.    0.687 0.413 0.301 0.275 0.325 0.26  0.    0.    0.   ] src: 0.687 tgt:0.197
[Train][40] Loss: D 1.369 E_gan 0.815 E_pred 0.604
[Train][40] Acc: source 0.775 (7920.0/10215) target 0.247 (1480.0/3750)
[Train][41] Loss: D 1.369 E_gan 0.819 E_pred 0.603
[Train][41] Acc: source 0.777 (7940.0/10215) target 0.251 (1508.0/3750)
[Train][42] Loss: D 1.379 E_gan 0.801 E_pred 0.585
[Train][42] Acc: source 0.784 (8005.0/10215) target 0.248 (1490.0/3750)
[Train][43] Loss: D 1.378 E_gan 0.779 E_pred 0.568
[Train][43] Acc: source 0.794 (8111.0/10215) target 0.249 (1492.0/3750)
[Train][44] Loss: D 1.364 E_gan 0.853 E_pred 0.582
[Train][44] Acc: source 0.783 (7996.0/10215) target 0.245 (1471.0/3750)
[Train][45] Loss: D 1.379 E_gan 0.877 E_pred 0.616
[Train][45] Acc: source 0.773 (7900.0/10215) target 0.244 (1464.0/3750)
[Train][46] Loss: D 1.371 E_gan 0.896 E_pred 0.620
[Train][46] Acc: source 0.768 (7842.0/10215) target 0.245 (1473.0/3750)
[Train][47] Loss: D 1.369 E_gan 0.833 E_pred 0.567
[Train][47] Acc: source 0.789 (8063.0/10215) target 0.244 (1463.0/3750)
[Train][48] Loss: D 1.369 E_gan 0.804 E_pred 0.554
[Train][48] Acc: source 0.798 (8147.0/10215) target 0.250 (1503.0/3750)
[Train][49] Loss: D nan E_gan nan E_pred 0.562
[Train][49] Acc: source 0.788 (8047.0/10215) target 0.248 (1487.0/3750)

Eval MNIST: [0.    0.543 0.375 0.325 0.295 0.255 0.191 0.    0.    0.   ] src: 0.543 tgt:0.18
[Train][50] Loss: D 1.376 E_gan 0.843 E_pred 0.534
[Train][50] Acc: source 0.798 (8152.0/10215) target 0.251 (1505.0/3750)
[Train][51] Loss: D 1.380 E_gan 0.775 E_pred 0.526
[Train][51] Acc: source 0.808 (8258.0/10215) target 0.253 (1521.0/3750)
[Train][52] Loss: D 1.376 E_gan 0.775 E_pred 0.515
[Train][52] Acc: source 0.817 (8342.0/10215) target 0.263 (1579.0/3750)
[Train][53] Loss: D 1.378 E_gan 0.819 E_pred 0.540
[Train][53] Acc: source 0.803 (8201.0/10215) target 0.243 (1458.0/3750)
[Train][54] Loss: D 1.382 E_gan 0.790 E_pred 0.510
[Train][54] Acc: source 0.816 (8338.0/10215) target 0.249 (1497.0/3750)
[Train][55] Loss: D 1.376 E_gan 0.799 E_pred 0.494
[Train][55] Acc: source 0.823 (8404.0/10215) target 0.250 (1501.0/3750)
[Train][56] Loss: D 1.380 E_gan 0.787 E_pred 0.488
[Train][56] Acc: source 0.822 (8401.0/10215) target 0.248 (1486.0/3750)
[Train][57] Loss: D 1.381 E_gan 0.779 E_pred 0.465
[Train][57] Acc: source 0.831 (8493.0/10215) target 0.262 (1575.0/3750)
[Train][58] Loss: D 1.378 E_gan 0.772 E_pred 0.452
[Train][58] Acc: source 0.838 (8557.0/10215) target 0.252 (1515.0/3750)
[Train][59] Loss: D 1.382 E_gan 0.792 E_pred 0.464
[Train][59] Acc: source 0.831 (8486.0/10215) target 0.252 (1511.0/3750)

Eval MNIST: [0.    0.674 0.475 0.403 0.316 0.347 0.239 0.    0.    0.   ] src: 0.674 tgt:0.222
[Train][60] Loss: D 1.371 E_gan 0.810 E_pred 0.449
[Train][60] Acc: source 0.838 (8562.0/10215) target 0.252 (1512.0/3750)
[Train][61] Loss: D 1.373 E_gan 0.845 E_pred 0.477
[Train][61] Acc: source 0.829 (8472.0/10215) target 0.246 (1474.0/3750)
[Train][62] Loss: D 1.378 E_gan 0.828 E_pred 0.476
[Train][62] Acc: source 0.826 (8442.0/10215) target 0.254 (1523.0/3750)
[Train][63] Loss: D nan E_gan nan E_pred 0.496
[Train][63] Acc: source 0.819 (8366.0/10215) target 0.256 (1535.0/3750)
[Train][64] Loss: D 1.384 E_gan 0.835 E_pred 0.463
[Train][64] Acc: source 0.830 (8477.0/10215) target 0.248 (1487.0/3750)
[Train][65] Loss: D 1.379 E_gan 0.780 E_pred 0.447
[Train][65] Acc: source 0.842 (8603.0/10215) target 0.247 (1481.0/3750)
[Train][66] Loss: D 1.378 E_gan 0.835 E_pred 0.445
[Train][66] Acc: source 0.837 (8554.0/10215) target 0.245 (1472.0/3750)
[Train][67] Loss: D 1.378 E_gan 0.812 E_pred 0.450
[Train][67] Acc: source 0.842 (8597.0/10215) target 0.248 (1489.0/3750)
[Train][68] Loss: D 1.374 E_gan 0.852 E_pred 0.469
[Train][68] Acc: source 0.832 (8500.0/10215) target 0.254 (1524.0/3750)
[Train][69] Loss: D 1.380 E_gan 0.804 E_pred 0.431
[Train][69] Acc: source 0.842 (8602.0/10215) target 0.257 (1545.0/3750)

Eval MNIST: [0.    0.765 0.511 0.423 0.341 0.388 0.273 0.    0.    0.   ] src: 0.765 tgt:0.242
[Train][70] Loss: D 1.383 E_gan 0.787 E_pred 0.394
[Train][70] Acc: source 0.857 (8759.0/10215) target 0.258 (1550.0/3750)
[Train][71] Loss: D 1.375 E_gan 0.808 E_pred 0.395
[Train][71] Acc: source 0.860 (8784.0/10215) target 0.259 (1556.0/3750)
[Train][72] Loss: D 1.382 E_gan 0.797 E_pred 0.402
[Train][72] Acc: source 0.856 (8743.0/10215) target 0.253 (1519.0/3750)
[Train][73] Loss: D 1.383 E_gan 0.790 E_pred 0.389
[Train][73] Acc: source 0.862 (8805.0/10215) target 0.250 (1502.0/3750)
[Train][74] Loss: D 1.380 E_gan 0.794 E_pred 0.363
[Train][74] Acc: source 0.874 (8929.0/10215) target 0.253 (1517.0/3750)
[Train][75] Loss: D 1.376 E_gan 0.775 E_pred 0.352
[Train][75] Acc: source 0.876 (8948.0/10215) target 0.255 (1532.0/3750)
[Train][76] Loss: D 1.376 E_gan 0.776 E_pred 0.363
[Train][76] Acc: source 0.870 (8892.0/10215) target 0.256 (1536.0/3750)
[Train][77] Loss: D 1.372 E_gan 0.818 E_pred 0.384
[Train][77] Acc: source 0.868 (8866.0/10215) target 0.262 (1572.0/3750)
[Train][78] Loss: D 1.381 E_gan 0.787 E_pred 0.368
[Train][78] Acc: source 0.868 (8870.0/10215) target 0.256 (1537.0/3750)
[Train][79] Loss: D 1.380 E_gan 0.791 E_pred 0.345
[Train][79] Acc: source 0.881 (9003.0/10215) target 0.251 (1506.0/3750)

Eval MNIST: [0.    0.625 0.415 0.395 0.309 0.381 0.275 0.    0.    0.   ] src: 0.625 tgt:0.222
[Train][80] Loss: D 1.378 E_gan 0.774 E_pred 0.333
[Train][80] Acc: source 0.885 (9044.0/10215) target 0.261 (1568.0/3750)
[Train][81] Loss: D 1.379 E_gan 0.767 E_pred 0.324
[Train][81] Acc: source 0.887 (9062.0/10215) target 0.252 (1510.0/3750)
[Train][82] Loss: D 1.383 E_gan 0.772 E_pred 0.311
[Train][82] Acc: source 0.893 (9119.0/10215) target 0.254 (1525.0/3750)
[Train][83] Loss: D 1.383 E_gan 0.759 E_pred 0.308
[Train][83] Acc: source 0.894 (9134.0/10215) target 0.263 (1576.0/3750)
[Train][84] Loss: D 1.380 E_gan 0.764 E_pred 0.290
[Train][84] Acc: source 0.900 (9196.0/10215) target 0.261 (1566.0/3750)
[Train][85] Loss: D 1.370 E_gan 0.786 E_pred 0.292
[Train][85] Acc: source 0.901 (9202.0/10215) target 0.253 (1521.0/3750)
[Train][86] Loss: D 1.379 E_gan 0.795 E_pred 0.300
[Train][86] Acc: source 0.895 (9142.0/10215) target 0.252 (1513.0/3750)
[Train][87] Loss: D 1.383 E_gan 0.772 E_pred 0.265
[Train][87] Acc: source 0.910 (9296.0/10215) target 0.251 (1507.0/3750)
[Train][88] Loss: D nan E_gan nan E_pred 0.264
[Train][88] Acc: source 0.912 (9316.0/10215) target 0.255 (1529.0/3750)
[Train][89] Loss: D 1.379 E_gan 0.781 E_pred 0.265
[Train][89] Acc: source 0.909 (9289.0/10215) target 0.248 (1491.0/3750)

Eval MNIST: [0.    0.553 0.349 0.267 0.175 0.167 0.127 0.    0.    0.   ] src: 0.553 tgt:0.135
[Train][90] Loss: D 1.376 E_gan 0.780 E_pred 0.252
[Train][90] Acc: source 0.913 (9324.0/10215) target 0.254 (1522.0/3750)
[Train][91] Loss: D 1.380 E_gan 0.791 E_pred 0.271
[Train][91] Acc: source 0.906 (9253.0/10215) target 0.243 (1460.0/3750)
[Train][92] Loss: D 1.380 E_gan 0.791 E_pred 0.268
[Train][92] Acc: source 0.908 (9276.0/10215) target 0.245 (1473.0/3750)
[Train][93] Loss: D 1.379 E_gan 0.785 E_pred 0.259
[Train][93] Acc: source 0.913 (9323.0/10215) target 0.251 (1508.0/3750)
[Train][94] Loss: D 1.382 E_gan 0.761 E_pred 0.234
[Train][94] Acc: source 0.925 (9449.0/10215) target 0.250 (1502.0/3750)
[Train][95] Loss: D 1.379 E_gan 0.779 E_pred 0.221
[Train][95] Acc: source 0.927 (9472.0/10215) target 0.250 (1503.0/3750)
[Train][96] Loss: D 1.381 E_gan 0.768 E_pred 0.223
[Train][96] Acc: source 0.926 (9463.0/10215) target 0.246 (1474.0/3750)
[Train][97] Loss: D 1.382 E_gan 0.761 E_pred 0.210
[Train][97] Acc: source 0.932 (9519.0/10215) target 0.248 (1489.0/3750)
[Train][98] Loss: D 1.375 E_gan 0.783 E_pred 0.206
[Train][98] Acc: source 0.933 (9535.0/10215) target 0.249 (1496.0/3750)
[Train][99] Loss: D 1.379 E_gan 0.773 E_pred 0.218
[Train][99] Acc: source 0.930 (9500.0/10215) target 0.251 (1507.0/3750)

Eval MNIST: [0.    0.537 0.259 0.257 0.173 0.172 0.157 0.    0.    0.   ] src: 0.537 tgt:0.127
[Train][0] Loss: D 1.376 E_gan 0.817 E_pred 0.295
[Train][0] Acc: source 0.893 (9118.0/10215) target 0.251 (1506.0/3750)
[Train][1] Loss: D 1.378 E_gan 0.782 E_pred 0.306
[Train][1] Acc: source 0.891 (9098.0/10215) target 0.253 (1517.0/3750)
[Train][2] Loss: D 1.380 E_gan 0.799 E_pred 0.295
[Train][2] Acc: source 0.896 (9154.0/10215) target 0.245 (1472.0/3750)
[Train][3] Loss: D 1.381 E_gan 0.789 E_pred 0.296
[Train][3] Acc: source 0.893 (9122.0/10215) target 0.257 (1540.0/3750)
[Train][4] Loss: D 1.375 E_gan 0.788 E_pred 0.267
[Train][4] Acc: source 0.904 (9231.0/10215) target 0.253 (1518.0/3750)
[Train][5] Loss: D 1.374 E_gan 0.823 E_pred 0.321
[Train][5] Acc: source 0.883 (9016.0/10215) target 0.251 (1507.0/3750)
[Train][6] Loss: D 1.377 E_gan 0.850 E_pred 0.334
[Train][6] Acc: source 0.875 (8940.0/10215) target 0.249 (1496.0/3750)
[Train][7] Loss: D 1.379 E_gan 0.774 E_pred 0.287
[Train][7] Acc: source 0.897 (9163.0/10215) target 0.254 (1527.0/3750)
[Train][8] Loss: D 1.379 E_gan 0.799 E_pred 0.283
[Train][8] Acc: source 0.899 (9187.0/10215) target 0.247 (1482.0/3750)
[Train][9] Loss: D 1.374 E_gan 0.854 E_pred 0.324
[Train][9] Acc: source 0.881 (8995.0/10215) target 0.245 (1472.0/3750)

Eval MNIST: [0.    0.661 0.436 0.439 0.306 0.358 0.324 0.394 0.406 0.303] src: 0.661 tgt:0.371
[Train][10] Loss: D 1.380 E_gan 0.796 E_pred 0.276
[Train][10] Acc: source 0.902 (9214.0/10215) target 0.252 (1510.0/3750)
[Train][11] Loss: D 1.378 E_gan 0.777 E_pred 0.267
[Train][11] Acc: source 0.910 (9294.0/10215) target 0.254 (1526.0/3750)
[Train][12] Loss: D 1.377 E_gan 0.784 E_pred 0.244
[Train][12] Acc: source 0.916 (9353.0/10215) target 0.257 (1542.0/3750)
[Train][13] Loss: D 1.386 E_gan 0.792 E_pred 0.231
[Train][13] Acc: source 0.921 (9411.0/10215) target 0.257 (1545.0/3750)
[Train][14] Loss: D 1.378 E_gan 0.785 E_pred 0.224
[Train][14] Acc: source 0.927 (9465.0/10215) target 0.246 (1476.0/3750)
[Train][15] Loss: D 1.381 E_gan 0.785 E_pred 0.214
[Train][15] Acc: source 0.927 (9469.0/10215) target 0.255 (1532.0/3750)
[Train][16] Loss: D 1.382 E_gan 0.769 E_pred 0.208
[Train][16] Acc: source 0.931 (9510.0/10215) target 0.256 (1535.0/3750)
[Train][17] Loss: D 1.384 E_gan 0.753 E_pred 0.174
[Train][17] Acc: source 0.945 (9654.0/10215) target 0.255 (1530.0/3750)
[Train][18] Loss: D 1.383 E_gan 0.765 E_pred 0.206
[Train][18] Acc: source 0.932 (9522.0/10215) target 0.249 (1495.0/3750)
[Train][19] Loss: D 1.379 E_gan 0.793 E_pred 0.195
[Train][19] Acc: source 0.939 (9589.0/10215) target 0.253 (1520.0/3750)

Eval MNIST: [0.    0.397 0.294 0.285 0.179 0.209 0.152 0.218 0.215 0.206] src: 0.397 tgt:0.22
[Train][20] Loss: D nan E_gan nan E_pred 0.186
[Train][20] Acc: source 0.940 (9603.0/10215) target 0.257 (1544.0/3750)
[Train][21] Loss: D 1.384 E_gan 0.753 E_pred 0.162
[Train][21] Acc: source 0.949 (9697.0/10215) target 0.260 (1561.0/3750)
[Train][22] Loss: D 1.377 E_gan 0.766 E_pred 0.154
[Train][22] Acc: source 0.949 (9698.0/10215) target 0.253 (1520.0/3750)
[Train][23] Loss: D nan E_gan nan E_pred 0.152
[Train][23] Acc: source 0.954 (9744.0/10215) target 0.254 (1523.0/3750)
[Train][24] Loss: D nan E_gan nan E_pred 0.183
[Train][24] Acc: source 0.941 (9608.0/10215) target 0.250 (1502.0/3750)
[Train][25] Loss: D 1.385 E_gan 0.770 E_pred 0.140
[Train][25] Acc: source 0.955 (9760.0/10215) target 0.261 (1568.0/3750)
[Train][26] Loss: D 1.378 E_gan 0.777 E_pred 0.144
[Train][26] Acc: source 0.953 (9733.0/10215) target 0.251 (1509.0/3750)
[Train][27] Loss: D 1.383 E_gan 0.786 E_pred 0.136
[Train][27] Acc: source 0.958 (9786.0/10215) target 0.258 (1546.0/3750)
[Train][28] Loss: D 1.382 E_gan 0.782 E_pred 0.191
[Train][28] Acc: source 0.938 (9585.0/10215) target 0.252 (1511.0/3750)
[Train][29] Loss: D 1.382 E_gan 0.775 E_pred 0.164
[Train][29] Acc: source 0.946 (9661.0/10215) target 0.256 (1539.0/3750)

Eval MNIST: [0.    0.558 0.458 0.379 0.355 0.321 0.245 0.297 0.364 0.258] src: 0.558 tgt:0.334
[Train][30] Loss: D 1.366 E_gan 0.833 E_pred 0.206
[Train][30] Acc: source 0.933 (9531.0/10215) target 0.248 (1489.0/3750)
[Train][31] Loss: D 1.376 E_gan 0.854 E_pred 0.246
[Train][31] Acc: source 0.912 (9317.0/10215) target 0.251 (1507.0/3750)
[Train][32] Loss: D 1.372 E_gan 0.849 E_pred 0.245
[Train][32] Acc: source 0.912 (9320.0/10215) target 0.247 (1480.0/3750)
[Train][33] Loss: D 1.374 E_gan 0.826 E_pred 0.215
[Train][33] Acc: source 0.926 (9457.0/10215) target 0.254 (1523.0/3750)
[Train][34] Loss: D 1.376 E_gan 0.809 E_pred 0.176
[Train][34] Acc: source 0.942 (9626.0/10215) target 0.250 (1503.0/3750)
[Train][35] Loss: D 1.379 E_gan 0.802 E_pred 0.168
[Train][35] Acc: source 0.947 (9677.0/10215) target 0.251 (1508.0/3750)
[Train][36] Loss: D 1.385 E_gan 0.786 E_pred 0.151
[Train][36] Acc: source 0.952 (9720.0/10215) target 0.252 (1512.0/3750)
[Train][37] Loss: D 1.381 E_gan 0.782 E_pred 0.165
[Train][37] Acc: source 0.948 (9679.0/10215) target 0.263 (1576.0/3750)
[Train][38] Loss: D 1.382 E_gan 0.771 E_pred 0.134
[Train][38] Acc: source 0.962 (9829.0/10215) target 0.265 (1589.0/3750)
[Train][39] Loss: D 1.386 E_gan 0.769 E_pred 0.135
[Train][39] Acc: source 0.959 (9797.0/10215) target 0.259 (1557.0/3750)

Eval MNIST: [0.    0.542 0.43  0.318 0.282 0.252 0.194 0.248 0.333 0.224] src: 0.542 tgt:0.285
[Train][40] Loss: D 1.382 E_gan 0.748 E_pred 0.119
[Train][40] Acc: source 0.966 (9872.0/10215) target 0.254 (1524.0/3750)
[Train][41] Loss: D 1.381 E_gan 0.769 E_pred 0.127
[Train][41] Acc: source 0.962 (9829.0/10215) target 0.246 (1478.0/3750)
[Train][42] Loss: D 1.381 E_gan 0.772 E_pred 0.146
[Train][42] Acc: source 0.955 (9755.0/10215) target 0.249 (1495.0/3750)
[Train][43] Loss: D nan E_gan nan E_pred 0.118
[Train][43] Acc: source 0.965 (9855.0/10215) target 0.253 (1520.0/3750)
[Train][44] Loss: D 1.384 E_gan 0.776 E_pred 0.117
[Train][44] Acc: source 0.967 (9876.0/10215) target 0.251 (1509.0/3750)
[Train][45] Loss: D 1.382 E_gan 0.783 E_pred 0.110
[Train][45] Acc: source 0.969 (9903.0/10215) target 0.250 (1501.0/3750)
[Train][46] Loss: D 1.381 E_gan 0.778 E_pred 0.096
[Train][46] Acc: source 0.974 (9954.0/10215) target 0.255 (1529.0/3750)
[Train][47] Loss: D 1.380 E_gan 0.776 E_pred 0.100
[Train][47] Acc: source 0.974 (9946.0/10215) target 0.254 (1523.0/3750)
[Train][48] Loss: D 1.384 E_gan 0.757 E_pred 0.085
[Train][48] Acc: source 0.974 (9954.0/10215) target 0.254 (1524.0/3750)
[Train][49] Loss: D 1.381 E_gan 0.777 E_pred 0.105
[Train][49] Acc: source 0.969 (9902.0/10215) target 0.250 (1501.0/3750)

Eval MNIST: [0.    0.503 0.318 0.279 0.221 0.185 0.191 0.245 0.27  0.227] src: 0.503 tgt:0.242
[Train][0] Loss: D 0.185 E_gan 3.607 E_pred 0.689
[Train][0] Acc: source 0.760 (7768.0/10215) target 0.201 (1207.0/3750)
[Train][1] Loss: D 0.018 E_gan 4.265 E_pred 0.554
[Train][1] Acc: source 0.795 (8117.0/10215) target 0.209 (1256.0/3750)
[Train][0] Loss: D 0.913 E_gan 1.639 E_pred 0.650
[Train][0] Acc: source 0.770 (7868.0/10215) target 0.187 (1121.0/3750)
[Train][1] Loss: D 0.347 E_gan 2.805 E_pred 1.149
[Train][1] Acc: source 0.580 (5922.0/10215) target 0.171 (1027.0/3750)
[Train][2] Loss: D 0.191 E_gan 3.697 E_pred 1.334
[Train][2] Acc: source 0.510 (5205.0/10215) target 0.187 (1121.0/3750)
[Train][3] Loss: D 0.091 E_gan 4.368 E_pred 1.426
[Train][3] Acc: source 0.465 (4745.0/10215) target 0.185 (1109.0/3750)
[Train][4] Loss: D 0.065 E_gan 4.837 E_pred 1.397
[Train][4] Acc: source 0.476 (4865.0/10215) target 0.183 (1096.0/3750)
[Train][5] Loss: D 0.039 E_gan 5.276 E_pred 1.428
[Train][5] Acc: source 0.472 (4818.0/10215) target 0.189 (1134.0/3750)
[Train][0] Loss: D 0.898 E_gan 1.933 E_pred 0.278
[Train][0] Acc: source 0.911 (9309.0/10215) target 0.239 (1436.0/3750)
[Train][1] Loss: D 0.684 E_gan 2.270 E_pred 0.197
[Train][1] Acc: source 0.937 (9567.0/10215) target 0.255 (1528.0/3750)
[Train][2] Loss: D 0.589 E_gan 2.540 E_pred 0.198
[Train][2] Acc: source 0.935 (9548.0/10215) target 0.265 (1590.0/3750)
[Train][3] Loss: D 0.542 E_gan 2.711 E_pred 0.199
[Train][3] Acc: source 0.931 (9509.0/10215) target 0.248 (1489.0/3750)
[Train][4] Loss: D 0.503 E_gan 2.874 E_pred 0.190
[Train][4] Acc: source 0.939 (9589.0/10215) target 0.274 (1645.0/3750)
[Train][5] Loss: D 0.481 E_gan 2.969 E_pred 0.174
[Train][5] Acc: source 0.946 (9664.0/10215) target 0.268 (1609.0/3750)
[Train][6] Loss: D 0.446 E_gan 3.090 E_pred 0.163
[Train][6] Acc: source 0.949 (9694.0/10215) target 0.266 (1594.0/3750)
[Train][7] Loss: D 0.413 E_gan 3.184 E_pred 0.167
[Train][7] Acc: source 0.947 (9678.0/10215) target 0.269 (1615.0/3750)
[Train][8] Loss: D 0.414 E_gan 3.280 E_pred 0.153
[Train][8] Acc: source 0.954 (9744.0/10215) target 0.273 (1637.0/3750)
[Train][9] Loss: D 0.395 E_gan 3.336 E_pred 0.157
[Train][9] Acc: source 0.952 (9725.0/10215) target 0.282 (1694.0/3750)

Eval MNIST: [0.    0.582 0.448 0.406 0.345 0.336 0.321 0.388 0.33  0.306] src: 0.582 tgt:0.36
[Train][10] Loss: D 0.381 E_gan 3.410 E_pred 0.142
[Train][10] Acc: source 0.960 (9810.0/10215) target 0.274 (1647.0/3750)
[Train][11] Loss: D 0.344 E_gan 3.589 E_pred 0.157
[Train][11] Acc: source 0.951 (9712.0/10215) target 0.270 (1618.0/3750)
[Train][12] Loss: D 0.373 E_gan 3.516 E_pred 0.141
[Train][12] Acc: source 0.958 (9781.0/10215) target 0.290 (1740.0/3750)
[Train][13] Loss: D 0.340 E_gan 3.635 E_pred 0.141
[Train][13] Acc: source 0.958 (9784.0/10215) target 0.282 (1690.0/3750)
[Train][14] Loss: D 0.319 E_gan 3.714 E_pred 0.137
[Train][14] Acc: source 0.960 (9805.0/10215) target 0.284 (1703.0/3750)
[Train][15] Loss: D 0.337 E_gan 3.695 E_pred 0.127
[Train][15] Acc: source 0.962 (9822.0/10215) target 0.281 (1685.0/3750)
[Train][16] Loss: D 0.312 E_gan 3.737 E_pred 0.128
[Train][16] Acc: source 0.962 (9823.0/10215) target 0.280 (1681.0/3750)
[Train][17] Loss: D 0.304 E_gan 3.847 E_pred 0.131
[Train][17] Acc: source 0.958 (9787.0/10215) target 0.282 (1690.0/3750)
[Train][18] Loss: D 0.285 E_gan 3.956 E_pred 0.134
[Train][18] Acc: source 0.959 (9793.0/10215) target 0.279 (1675.0/3750)
[Train][19] Loss: D 0.285 E_gan 3.934 E_pred 0.124
[Train][19] Acc: source 0.964 (9844.0/10215) target 0.288 (1726.0/3750)

Eval MNIST: [0.    0.588 0.458 0.376 0.297 0.361 0.236 0.348 0.333 0.282] src: 0.588 tgt:0.336
[Train][20] Loss: D 0.276 E_gan 3.963 E_pred 0.126
[Train][20] Acc: source 0.963 (9832.0/10215) target 0.283 (1696.0/3750)
[Train][21] Loss: D 0.280 E_gan 4.070 E_pred 0.121
[Train][21] Acc: source 0.964 (9845.0/10215) target 0.284 (1707.0/3750)
[Train][22] Loss: D 0.254 E_gan 4.032 E_pred 0.127
[Train][22] Acc: source 0.964 (9843.0/10215) target 0.288 (1728.0/3750)
[Train][23] Loss: D 0.245 E_gan 4.175 E_pred 0.128
[Train][23] Acc: source 0.962 (9830.0/10215) target 0.285 (1709.0/3750)
[Train][24] Loss: D 0.259 E_gan 4.103 E_pred 0.122
[Train][24] Acc: source 0.963 (9842.0/10215) target 0.281 (1689.0/3750)
[Train][25] Loss: D 0.243 E_gan 4.178 E_pred 0.128
[Train][25] Acc: source 0.961 (9818.0/10215) target 0.283 (1700.0/3750)
[Train][26] Loss: D 0.229 E_gan 4.267 E_pred 0.125
[Train][26] Acc: source 0.963 (9833.0/10215) target 0.287 (1724.0/3750)
[Train][27] Loss: D 0.246 E_gan 4.265 E_pred 0.118
[Train][27] Acc: source 0.966 (9867.0/10215) target 0.290 (1738.0/3750)
[Train][28] Loss: D 0.235 E_gan 4.272 E_pred 0.115
[Train][28] Acc: source 0.967 (9873.0/10215) target 0.280 (1678.0/3750)
[Train][29] Loss: D 0.261 E_gan 4.203 E_pred 0.102
[Train][29] Acc: source 0.971 (9920.0/10215) target 0.299 (1795.0/3750)

Eval MNIST: [0.    0.582 0.445 0.406 0.318 0.358 0.258 0.345 0.3   0.285] src: 0.582 tgt:0.339
[Train][30] Loss: D 0.222 E_gan 4.284 E_pred 0.123
[Train][30] Acc: source 0.964 (9846.0/10215) target 0.287 (1723.0/3750)
[Train][31] Loss: D 0.236 E_gan 4.236 E_pred 0.103
[Train][31] Acc: source 0.970 (9905.0/10215) target 0.289 (1736.0/3750)
[Train][32] Loss: D 0.227 E_gan 4.305 E_pred 0.113
[Train][32] Acc: source 0.966 (9870.0/10215) target 0.295 (1769.0/3750)
[Train][33] Loss: D 0.225 E_gan 4.399 E_pred 0.108
[Train][33] Acc: source 0.969 (9894.0/10215) target 0.290 (1739.0/3750)
[Train][34] Loss: D 0.233 E_gan 4.203 E_pred 0.096
[Train][34] Acc: source 0.973 (9941.0/10215) target 0.283 (1698.0/3750)
[Train][35] Loss: D 0.215 E_gan 4.377 E_pred 0.104
[Train][35] Acc: source 0.970 (9908.0/10215) target 0.288 (1727.0/3750)
[Train][36] Loss: D 0.228 E_gan 4.458 E_pred 0.115
[Train][36] Acc: source 0.968 (9890.0/10215) target 0.286 (1715.0/3750)
[Train][37] Loss: D 0.220 E_gan 4.309 E_pred 0.093
[Train][37] Acc: source 0.975 (9961.0/10215) target 0.295 (1773.0/3750)
[Train][38] Loss: D 0.188 E_gan 4.442 E_pred 0.097
[Train][38] Acc: source 0.973 (9936.0/10215) target 0.298 (1787.0/3750)
[Train][39] Loss: D 0.218 E_gan 4.419 E_pred 0.099
[Train][39] Acc: source 0.973 (9935.0/10215) target 0.303 (1820.0/3750)

Eval MNIST: [0.    0.579 0.476 0.391 0.345 0.355 0.303 0.342 0.33  0.297] src: 0.579 tgt:0.355
[Train][40] Loss: D 0.217 E_gan 4.391 E_pred 0.098
[Train][40] Acc: source 0.971 (9923.0/10215) target 0.296 (1777.0/3750)
[Train][41] Loss: D 0.208 E_gan 4.303 E_pred 0.095
[Train][41] Acc: source 0.975 (9956.0/10215) target 0.305 (1833.0/3750)
[Train][42] Loss: D 0.179 E_gan 4.541 E_pred 0.095
[Train][42] Acc: source 0.974 (9949.0/10215) target 0.307 (1841.0/3750)
[Train][43] Loss: D 0.213 E_gan 4.347 E_pred 0.090
[Train][43] Acc: source 0.976 (9965.0/10215) target 0.305 (1831.0/3750)
[Train][44] Loss: D 0.176 E_gan 4.523 E_pred 0.102
[Train][44] Acc: source 0.973 (9942.0/10215) target 0.296 (1775.0/3750)
[Train][45] Loss: D 0.178 E_gan 4.553 E_pred 0.092
[Train][45] Acc: source 0.973 (9944.0/10215) target 0.300 (1799.0/3750)
[Train][46] Loss: D 0.190 E_gan 4.547 E_pred 0.092
[Train][46] Acc: source 0.976 (9968.0/10215) target 0.306 (1836.0/3750)
[Train][47] Loss: D 0.200 E_gan 4.379 E_pred 0.080
[Train][47] Acc: source 0.980 (10014.0/10215) target 0.314 (1886.0/3750)
[Train][48] Loss: D 0.186 E_gan 4.499 E_pred 0.082
[Train][48] Acc: source 0.977 (9975.0/10215) target 0.306 (1834.0/3750)
[Train][49] Loss: D 0.202 E_gan 4.475 E_pred 0.073
[Train][49] Acc: source 0.980 (10015.0/10215) target 0.316 (1899.0/3750)

Eval MNIST: [0.    0.594 0.448 0.445 0.382 0.376 0.364 0.352 0.358 0.273] src: 0.594 tgt:0.375
[Train][0] Loss: D 0.183 E_gan 5.958 E_pred 0.389
[Train][0] Acc: source 0.874 (8925.0/10215) target 0.281 (1685.0/3750)
[Train][1] Loss: D 0.214 E_gan 5.172 E_pred 0.151
[Train][1] Acc: source 0.953 (9733.0/10215) target 0.302 (1814.0/3750)
[Train][2] Loss: D 0.222 E_gan 5.014 E_pred 0.119
[Train][2] Acc: source 0.964 (9847.0/10215) target 0.298 (1788.0/3750)
[Train][3] Loss: D 0.204 E_gan 5.060 E_pred 0.125
[Train][3] Acc: source 0.964 (9845.0/10215) target 0.307 (1841.0/3750)
[Train][4] Loss: D 0.244 E_gan 4.838 E_pred 0.100
[Train][4] Acc: source 0.972 (9926.0/10215) target 0.313 (1881.0/3750)
[Train][5] Loss: D 0.218 E_gan 5.011 E_pred 0.130
[Train][5] Acc: source 0.961 (9821.0/10215) target 0.309 (1853.0/3750)
[Train][6] Loss: D 0.222 E_gan 4.762 E_pred 0.111
[Train][6] Acc: source 0.965 (9855.0/10215) target 0.304 (1825.0/3750)
[Train][7] Loss: D 0.148 E_gan 5.228 E_pred 0.149
[Train][7] Acc: source 0.956 (9762.0/10215) target 0.307 (1844.0/3750)
[Train][8] Loss: D 0.185 E_gan 5.168 E_pred 0.120
[Train][8] Acc: source 0.964 (9849.0/10215) target 0.310 (1860.0/3750)
[Train][9] Loss: D 0.172 E_gan 5.306 E_pred 0.128
[Train][9] Acc: source 0.961 (9821.0/10215) target 0.306 (1838.0/3750)

Eval MNIST: [0.    0.597 0.491 0.433 0.285 0.342 0.309 0.297 0.373 0.288] src: 0.597 tgt:0.352
[Train][10] Loss: D 0.173 E_gan 5.162 E_pred 0.116
[Train][10] Acc: source 0.965 (9858.0/10215) target 0.310 (1862.0/3750)
[Train][11] Loss: D 0.211 E_gan 4.961 E_pred 0.103
[Train][11] Acc: source 0.971 (9915.0/10215) target 0.316 (1895.0/3750)
[Train][12] Loss: D 0.199 E_gan 5.042 E_pred 0.094
[Train][12] Acc: source 0.974 (9948.0/10215) target 0.314 (1883.0/3750)
[Train][13] Loss: D 0.204 E_gan 4.959 E_pred 0.102
[Train][13] Acc: source 0.968 (9893.0/10215) target 0.307 (1841.0/3750)
[Train][14] Loss: D 0.189 E_gan 4.943 E_pred 0.091
[Train][14] Acc: source 0.975 (9957.0/10215) target 0.317 (1900.0/3750)
[Train][15] Loss: D 0.224 E_gan 4.803 E_pred 0.097
[Train][15] Acc: source 0.973 (9937.0/10215) target 0.316 (1898.0/3750)
[Train][16] Loss: D 0.201 E_gan 4.964 E_pred 0.090
[Train][16] Acc: source 0.974 (9951.0/10215) target 0.322 (1934.0/3750)
[Train][17] Loss: D 0.190 E_gan 4.722 E_pred 0.088
[Train][17] Acc: source 0.976 (9969.0/10215) target 0.313 (1876.0/3750)
[Train][18] Loss: D 0.199 E_gan 4.702 E_pred 0.081
[Train][18] Acc: source 0.979 (9997.0/10215) target 0.316 (1897.0/3750)
[Train][19] Loss: D 0.143 E_gan 5.143 E_pred 0.105
[Train][19] Acc: source 0.968 (9887.0/10215) target 0.305 (1828.0/3750)

Eval MNIST: [0.    0.6   0.47  0.406 0.339 0.415 0.339 0.379 0.376 0.306] src: 0.6 tgt:0.379
[Train][20] Loss: D 0.184 E_gan 4.975 E_pred 0.096
[Train][20] Acc: source 0.974 (9949.0/10215) target 0.314 (1887.0/3750)
[Train][21] Loss: D 0.190 E_gan 5.055 E_pred 0.087
[Train][21] Acc: source 0.975 (9964.0/10215) target 0.316 (1894.0/3750)
[Train][22] Loss: D 0.169 E_gan 4.996 E_pred 0.083
[Train][22] Acc: source 0.977 (9984.0/10215) target 0.304 (1825.0/3750)
[Train][23] Loss: D 0.190 E_gan 4.978 E_pred 0.082
[Train][23] Acc: source 0.978 (9986.0/10215) target 0.303 (1820.0/3750)
[Train][24] Loss: D 0.185 E_gan 4.733 E_pred 0.067
[Train][24] Acc: source 0.982 (10034.0/10215) target 0.307 (1842.0/3750)
[Train][25] Loss: D 0.202 E_gan 4.833 E_pred 0.077
[Train][25] Acc: source 0.978 (9989.0/10215) target 0.320 (1920.0/3750)
[Train][26] Loss: D 0.171 E_gan 4.858 E_pred 0.079
[Train][26] Acc: source 0.977 (9981.0/10215) target 0.313 (1880.0/3750)
[Train][27] Loss: D 0.184 E_gan 4.960 E_pred 0.098
[Train][27] Acc: source 0.971 (9919.0/10215) target 0.307 (1840.0/3750)
[Train][28] Loss: D 0.176 E_gan 4.808 E_pred 0.073
[Train][28] Acc: source 0.982 (10035.0/10215) target 0.318 (1909.0/3750)
[Train][29] Loss: D 0.202 E_gan 4.837 E_pred 0.066
[Train][29] Acc: source 0.982 (10035.0/10215) target 0.315 (1889.0/3750)

Eval MNIST: [0.    0.603 0.464 0.388 0.388 0.358 0.291 0.364 0.37  0.264] src: 0.603 tgt:0.361
[Train][30] Loss: D 0.163 E_gan 4.784 E_pred 0.064
[Train][30] Acc: source 0.984 (10051.0/10215) target 0.324 (1944.0/3750)
[Train][31] Loss: D 0.186 E_gan 4.838 E_pred 0.062
[Train][31] Acc: source 0.985 (10059.0/10215) target 0.325 (1950.0/3750)
[Train][32] Loss: D 0.159 E_gan 4.847 E_pred 0.067
[Train][32] Acc: source 0.982 (10031.0/10215) target 0.319 (1913.0/3750)
[Train][33] Loss: D 0.153 E_gan 4.872 E_pred 0.063
[Train][33] Acc: source 0.983 (10039.0/10215) target 0.316 (1898.0/3750)
[Train][34] Loss: D 0.184 E_gan 4.775 E_pred 0.058
[Train][34] Acc: source 0.985 (10063.0/10215) target 0.326 (1957.0/3750)
[Train][35] Loss: D 0.193 E_gan 4.736 E_pred 0.061
[Train][35] Acc: source 0.983 (10042.0/10215) target 0.326 (1957.0/3750)
[Train][36] Loss: D 0.161 E_gan 4.761 E_pred 0.074
[Train][36] Acc: source 0.979 (9997.0/10215) target 0.312 (1874.0/3750)
[Train][37] Loss: D 0.167 E_gan 4.994 E_pred 0.076
[Train][37] Acc: source 0.979 (10001.0/10215) target 0.324 (1947.0/3750)
[Train][38] Loss: D 0.165 E_gan 4.821 E_pred 0.055
[Train][38] Acc: source 0.987 (10083.0/10215) target 0.307 (1842.0/3750)
[Train][39] Loss: D 0.155 E_gan 4.953 E_pred 0.063
[Train][39] Acc: source 0.984 (10051.0/10215) target 0.312 (1872.0/3750)

Eval MNIST: [0.    0.503 0.348 0.276 0.282 0.258 0.297 0.285 0.309 0.258] src: 0.503 tgt:0.289
[Train][40] Loss: D 0.159 E_gan 4.897 E_pred 0.065
[Train][40] Acc: source 0.983 (10046.0/10215) target 0.320 (1918.0/3750)
[Train][41] Loss: D 0.167 E_gan 4.922 E_pred 0.054
[Train][41] Acc: source 0.988 (10090.0/10215) target 0.319 (1916.0/3750)
[Train][42] Loss: D 0.144 E_gan 4.908 E_pred 0.075
[Train][42] Acc: source 0.981 (10021.0/10215) target 0.305 (1832.0/3750)
[Train][43] Loss: D 0.161 E_gan 4.974 E_pred 0.063
[Train][43] Acc: source 0.985 (10059.0/10215) target 0.328 (1971.0/3750)
[Train][44] Loss: D 0.138 E_gan 5.015 E_pred 0.087
[Train][44] Acc: source 0.975 (9960.0/10215) target 0.307 (1842.0/3750)
[Train][45] Loss: D 0.137 E_gan 5.026 E_pred 0.075
[Train][45] Acc: source 0.980 (10012.0/10215) target 0.313 (1880.0/3750)
[Train][46] Loss: D 0.137 E_gan 4.839 E_pred 0.058
[Train][46] Acc: source 0.984 (10048.0/10215) target 0.321 (1924.0/3750)
[Train][47] Loss: D nan E_gan nan E_pred 0.065
[Train][47] Acc: source 0.983 (10038.0/10215) target 0.316 (1898.0/3750)
[Train][48] Loss: D 0.174 E_gan 4.880 E_pred 0.054
[Train][48] Acc: source 0.986 (10075.0/10215) target 0.320 (1919.0/3750)
[Train][49] Loss: D 0.142 E_gan 4.933 E_pred 0.065
[Train][49] Acc: source 0.983 (10039.0/10215) target 0.313 (1880.0/3750)

Eval MNIST: [0.    0.612 0.494 0.418 0.339 0.345 0.342 0.342 0.37  0.306] src: 0.612 tgt:0.37
