[Train][0] Loss: D -0.213 E_gan 0.461 E_pred 0.147
[Train][0] Acc: source 0.956 (13771.0/14400) target 0.514 (4439.0/8640)
[Train][1] Loss: D -0.325 E_gan 0.429 E_pred 0.098
[Train][1] Acc: source 0.970 (13965.0/14400) target 0.523 (4515.0/8640)
[Train][2] Loss: D -0.392 E_gan 0.424 E_pred 0.091
[Train][2] Acc: source 0.972 (14003.0/14400) target 0.529 (4568.0/8640)
[Train][3] Loss: D -0.457 E_gan 0.418 E_pred 0.089
[Train][3] Acc: source 0.975 (14037.0/14400) target 0.541 (4675.0/8640)
[Train][4] Loss: D -0.495 E_gan 0.396 E_pred 0.081
[Train][4] Acc: source 0.976 (14049.0/14400) target 0.536 (4630.0/8640)
[Train][5] Loss: D -0.522 E_gan 0.389 E_pred 0.075
[Train][5] Acc: source 0.978 (14090.0/14400) target 0.545 (4707.0/8640)
[Train][6] Loss: D -0.537 E_gan 0.379 E_pred 0.072
[Train][6] Acc: source 0.981 (14123.0/14400) target 0.547 (4730.0/8640)
[Train][7] Loss: D -0.551 E_gan 0.374 E_pred 0.065
[Train][7] Acc: source 0.982 (14145.0/14400) target 0.551 (4762.0/8640)
[Train][8] Loss: D -0.566 E_gan 0.378 E_pred 0.065
[Train][8] Acc: source 0.982 (14146.0/14400) target 0.563 (4861.0/8640)
[Train][9] Loss: D -0.590 E_gan 0.371 E_pred 0.064
[Train][9] Acc: source 0.983 (14154.0/14400) target 0.560 (4835.0/8640)

Eval MNIST: [0.    0.994 0.71  0.595 0.57  0.644 0.556 0.516 0.558 0.477] src: 0.994 tgt:0.578
[Train][10] Loss: D -0.607 E_gan 0.370 E_pred 0.063
[Train][10] Acc: source 0.983 (14149.0/14400) target 0.564 (4876.0/8640)
[Train][11] Loss: D -0.616 E_gan 0.372 E_pred 0.051
[Train][11] Acc: source 0.986 (14202.0/14400) target 0.563 (4868.0/8640)
[Train][12] Loss: D -0.631 E_gan 0.367 E_pred 0.054
[Train][12] Acc: source 0.985 (14187.0/14400) target 0.572 (4945.0/8640)
[Train][13] Loss: D -0.647 E_gan 0.361 E_pred 0.050
[Train][13] Acc: source 0.986 (14203.0/14400) target 0.571 (4937.0/8640)
[Train][14] Loss: D -0.666 E_gan 0.370 E_pred 0.052
[Train][14] Acc: source 0.986 (14195.0/14400) target 0.582 (5030.0/8640)
[Train][15] Loss: D -0.673 E_gan 0.364 E_pred 0.045
[Train][15] Acc: source 0.988 (14232.0/14400) target 0.571 (4935.0/8640)
[Train][16] Loss: D -0.683 E_gan 0.356 E_pred 0.042
[Train][16] Acc: source 0.989 (14242.0/14400) target 0.571 (4936.0/8640)
[Train][17] Loss: D -0.698 E_gan 0.354 E_pred 0.047
[Train][17] Acc: source 0.988 (14226.0/14400) target 0.573 (4953.0/8640)
[Train][18] Loss: D -0.714 E_gan 0.386 E_pred 0.046
[Train][18] Acc: source 0.987 (14208.0/14400) target 0.576 (4974.0/8640)
[Train][19] Loss: D -0.725 E_gan 0.371 E_pred 0.045
[Train][19] Acc: source 0.988 (14231.0/14400) target 0.569 (4917.0/8640)

Eval MNIST: [0.    0.997 0.701 0.637 0.509 0.635 0.592 0.518 0.534 0.451] src: 0.997 tgt:0.572
[Train][20] Loss: D -0.733 E_gan 0.387 E_pred 0.045
[Train][20] Acc: source 0.989 (14235.0/14400) target 0.579 (5005.0/8640)
[Train][21] Loss: D -0.749 E_gan 0.394 E_pred 0.053
[Train][21] Acc: source 0.984 (14174.0/14400) target 0.568 (4906.0/8640)
[Train][22] Loss: D -0.743 E_gan 0.396 E_pred 0.050
[Train][22] Acc: source 0.987 (14212.0/14400) target 0.563 (4866.0/8640)
[Train][23] Loss: D -0.748 E_gan 0.366 E_pred 0.046
[Train][23] Acc: source 0.988 (14226.0/14400) target 0.577 (4982.0/8640)
[Train][24] Loss: D -0.764 E_gan 0.379 E_pred 0.050
[Train][24] Acc: source 0.986 (14200.0/14400) target 0.576 (4974.0/8640)
[Train][25] Loss: D -0.768 E_gan 0.389 E_pred 0.046
[Train][25] Acc: source 0.987 (14219.0/14400) target 0.572 (4941.0/8640)
[Train][26] Loss: D -0.770 E_gan 0.368 E_pred 0.043
[Train][26] Acc: source 0.989 (14239.0/14400) target 0.575 (4966.0/8640)
[Train][27] Loss: D -0.777 E_gan 0.387 E_pred 0.045
[Train][27] Acc: source 0.988 (14227.0/14400) target 0.577 (4987.0/8640)
[Train][28] Loss: D -0.790 E_gan 0.385 E_pred 0.050
[Train][28] Acc: source 0.987 (14207.0/14400) target 0.574 (4959.0/8640)
[Train][29] Loss: D -0.793 E_gan 0.392 E_pred 0.048
[Train][29] Acc: source 0.986 (14204.0/14400) target 0.565 (4881.0/8640)

Eval MNIST: [0.    0.955 0.661 0.6   0.45  0.581 0.488 0.49  0.506 0.363] src: 0.955 tgt:0.517
[Train][30] Loss: D -0.803 E_gan 0.386 E_pred 0.051
[Train][30] Acc: source 0.985 (14187.0/14400) target 0.580 (5010.0/8640)
[Train][31] Loss: D -0.803 E_gan 0.373 E_pred 0.043
[Train][31] Acc: source 0.988 (14234.0/14400) target 0.575 (4972.0/8640)
[Train][32] Loss: D -0.808 E_gan 0.375 E_pred 0.042
[Train][32] Acc: source 0.989 (14235.0/14400) target 0.573 (4949.0/8640)
[Train][33] Loss: D -0.809 E_gan 0.368 E_pred 0.043
[Train][33] Acc: source 0.989 (14241.0/14400) target 0.577 (4989.0/8640)
[Train][34] Loss: D -0.825 E_gan 0.386 E_pred 0.044
[Train][34] Acc: source 0.989 (14247.0/14400) target 0.575 (4972.0/8640)
[Train][35] Loss: D -0.816 E_gan 0.372 E_pred 0.040
[Train][35] Acc: source 0.991 (14272.0/14400) target 0.572 (4940.0/8640)
[Train][36] Loss: D -0.822 E_gan 0.393 E_pred 0.047
[Train][36] Acc: source 0.988 (14224.0/14400) target 0.572 (4946.0/8640)
[Train][37] Loss: D -0.820 E_gan 0.371 E_pred 0.039
[Train][37] Acc: source 0.991 (14268.0/14400) target 0.579 (5001.0/8640)
[Train][38] Loss: D -0.826 E_gan 0.386 E_pred 0.044
[Train][38] Acc: source 0.988 (14229.0/14400) target 0.570 (4922.0/8640)
[Train][39] Loss: D -0.841 E_gan 0.371 E_pred 0.042
[Train][39] Acc: source 0.990 (14251.0/14400) target 0.575 (4972.0/8640)

Eval MNIST: [0.    0.993 0.705 0.616 0.58  0.658 0.612 0.537 0.545 0.446] src: 0.993 tgt:0.587
[Train][40] Loss: D -0.830 E_gan 0.370 E_pred 0.040
[Train][40] Acc: source 0.990 (14261.0/14400) target 0.574 (4959.0/8640)
[Train][41] Loss: D -0.835 E_gan 0.383 E_pred 0.041
[Train][41] Acc: source 0.989 (14244.0/14400) target 0.583 (5039.0/8640)
[Train][42] Loss: D -0.836 E_gan 0.362 E_pred 0.038
[Train][42] Acc: source 0.990 (14252.0/14400) target 0.568 (4905.0/8640)
[Train][43] Loss: D -0.849 E_gan 0.387 E_pred 0.040
[Train][43] Acc: source 0.990 (14255.0/14400) target 0.569 (4914.0/8640)
[Train][44] Loss: D -0.845 E_gan 0.385 E_pred 0.039
[Train][44] Acc: source 0.990 (14252.0/14400) target 0.569 (4919.0/8640)
[Train][45] Loss: D -0.846 E_gan 0.360 E_pred 0.041
[Train][45] Acc: source 0.989 (14235.0/14400) target 0.573 (4955.0/8640)
[Train][46] Loss: D -0.859 E_gan 0.400 E_pred 0.042
[Train][46] Acc: source 0.988 (14221.0/14400) target 0.570 (4925.0/8640)
[Train][47] Loss: D -0.855 E_gan 0.396 E_pred 0.042
[Train][47] Acc: source 0.989 (14245.0/14400) target 0.582 (5031.0/8640)
[Train][48] Loss: D -0.869 E_gan 0.424 E_pred 0.047
[Train][48] Acc: source 0.989 (14243.0/14400) target 0.582 (5027.0/8640)
[Train][49] Loss: D -0.845 E_gan 0.363 E_pred 0.035
[Train][49] Acc: source 0.991 (14270.0/14400) target 0.575 (4965.0/8640)

Eval MNIST: [0.    0.977 0.675 0.568 0.568 0.639 0.609 0.532 0.515 0.454] src: 0.977 tgt:0.57
[Train][50] Loss: D -0.861 E_gan 0.402 E_pred 0.043
[Train][50] Acc: source 0.989 (14244.0/14400) target 0.578 (4998.0/8640)
[Train][51] Loss: D -0.857 E_gan 0.362 E_pred 0.031
[Train][51] Acc: source 0.993 (14301.0/14400) target 0.569 (4918.0/8640)
[Train][52] Loss: D -0.878 E_gan 0.379 E_pred 0.041
[Train][52] Acc: source 0.989 (14247.0/14400) target 0.573 (4955.0/8640)
[Train][53] Loss: D -0.880 E_gan 0.396 E_pred 0.040
[Train][53] Acc: source 0.990 (14261.0/14400) target 0.567 (4897.0/8640)
[Train][54] Loss: D -0.885 E_gan 0.392 E_pred 0.048
[Train][54] Acc: source 0.987 (14220.0/14400) target 0.575 (4972.0/8640)
[Train][55] Loss: D -0.883 E_gan 0.461 E_pred 0.046
[Train][55] Acc: source 0.988 (14231.0/14400) target 0.574 (4957.0/8640)
[Train][56] Loss: D -0.870 E_gan 0.408 E_pred 0.037
[Train][56] Acc: source 0.991 (14265.0/14400) target 0.574 (4956.0/8640)
[Train][57] Loss: D -0.892 E_gan 0.461 E_pred 0.058
[Train][57] Acc: source 0.983 (14155.0/14400) target 0.571 (4937.0/8640)
[Train][58] Loss: D -0.899 E_gan 0.497 E_pred 0.057
[Train][58] Acc: source 0.985 (14184.0/14400) target 0.575 (4967.0/8640)
[Train][59] Loss: D -0.985 E_gan 0.910 E_pred 0.076
[Train][59] Acc: source 0.977 (14067.0/14400) target 0.554 (4784.0/8640)

Eval MNIST: [0.    0.994 0.695 0.598 0.473 0.586 0.537 0.486 0.494 0.422] src: 0.994 tgt:0.536
[Train][60] Loss: D -0.701 E_gan 0.764 E_pred 0.041
[Train][60] Acc: source 0.989 (14237.0/14400) target 0.541 (4671.0/8640)
[Train][61] Loss: D -0.021 E_gan 0.933 E_pred 0.033
[Train][61] Acc: source 0.992 (14278.0/14400) target 0.549 (4740.0/8640)
[Train][62] Loss: D -0.000 E_gan 1.000 E_pred 0.030
[Train][62] Acc: source 0.993 (14295.0/14400) target 0.545 (4705.0/8640)
[Train][63] Loss: D -0.000 E_gan 0.988 E_pred 0.028
[Train][63] Acc: source 0.993 (14303.0/14400) target 0.554 (4786.0/8640)
[Train][64] Loss: D 0.000 E_gan 1.000 E_pred 0.029
[Train][64] Acc: source 0.993 (14296.0/14400) target 0.551 (4761.0/8640)
[Train][65] Loss: D 0.000 E_gan 1.000 E_pred 0.023
[Train][65] Acc: source 0.994 (14319.0/14400) target 0.539 (4661.0/8640)
[Train][66] Loss: D 0.000 E_gan 0.366 E_pred 0.023
[Train][66] Acc: source 0.995 (14321.0/14400) target 0.545 (4706.0/8640)
[Train][67] Loss: D 0.000 E_gan 0.002 E_pred 0.022
[Train][67] Acc: source 0.995 (14333.0/14400) target 0.543 (4691.0/8640)
[Train][68] Loss: D 0.000 E_gan 0.009 E_pred 0.024
[Train][68] Acc: source 0.994 (14318.0/14400) target 0.552 (4765.0/8640)
[Train][69] Loss: D -0.008 E_gan 0.054 E_pred 0.019
[Train][69] Acc: source 0.995 (14331.0/14400) target 0.540 (4668.0/8640)

Eval MNIST: [0.    0.966 0.643 0.582 0.448 0.58  0.494 0.438 0.434 0.402] src: 0.966 tgt:0.503
[Train][70] Loss: D -0.617 E_gan 0.709 E_pred 0.048
[Train][70] Acc: source 0.987 (14206.0/14400) target 0.530 (4581.0/8640)
[Train][71] Loss: D -0.993 E_gan 0.994 E_pred 0.024
[Train][71] Acc: source 0.994 (14317.0/14400) target 0.535 (4621.0/8640)
[Train][72] Loss: D -0.233 E_gan 0.897 E_pred 0.017
[Train][72] Acc: source 0.996 (14347.0/14400) target 0.542 (4682.0/8640)
[Train][73] Loss: D -0.985 E_gan 0.986 E_pred 0.023
[Train][73] Acc: source 0.995 (14321.0/14400) target 0.539 (4661.0/8640)
[Train][74] Loss: D -0.913 E_gan 0.940 E_pred 0.017
[Train][74] Acc: source 0.996 (14347.0/14400) target 0.553 (4779.0/8640)
[Train][75] Loss: D -0.932 E_gan 0.971 E_pred 0.016
[Train][75] Acc: source 0.997 (14354.0/14400) target 0.552 (4767.0/8640)
[Train][76] Loss: D 0.000 E_gan 0.001 E_pred 0.017
[Train][76] Acc: source 0.997 (14352.0/14400) target 0.537 (4639.0/8640)
[Train][77] Loss: D -0.368 E_gan 0.488 E_pred 0.028
[Train][77] Acc: source 0.993 (14306.0/14400) target 0.524 (4528.0/8640)
[Train][78] Loss: D -0.057 E_gan 0.993 E_pred 0.016
[Train][78] Acc: source 0.997 (14356.0/14400) target 0.527 (4549.0/8640)
[Train][79] Loss: D -0.795 E_gan 0.947 E_pred 0.017
[Train][79] Acc: source 0.997 (14352.0/14400) target 0.533 (4605.0/8640)

Eval MNIST: [0.    0.983 0.718 0.602 0.443 0.596 0.533 0.487 0.474 0.371] src: 0.983 tgt:0.528
[Train][80] Loss: D -0.999 E_gan 1.000 E_pred 0.016
[Train][80] Acc: source 0.996 (14347.0/14400) target 0.543 (4693.0/8640)
[Train][81] Loss: D -0.860 E_gan 0.894 E_pred 0.021
[Train][81] Acc: source 0.995 (14330.0/14400) target 0.526 (4541.0/8640)
[Train][82] Loss: D -0.946 E_gan 0.957 E_pred 0.015
[Train][82] Acc: source 0.997 (14357.0/14400) target 0.544 (4702.0/8640)
[Train][83] Loss: D -0.961 E_gan 0.973 E_pred 0.017
[Train][83] Acc: source 0.997 (14357.0/14400) target 0.538 (4648.0/8640)
[Train][84] Loss: D -0.998 E_gan 0.999 E_pred 0.014
[Train][84] Acc: source 0.997 (14360.0/14400) target 0.539 (4659.0/8640)
[Train][85] Loss: D -0.901 E_gan 0.941 E_pred 0.014
[Train][85] Acc: source 0.997 (14356.0/14400) target 0.541 (4671.0/8640)
[Train][86] Loss: D -0.978 E_gan 0.999 E_pred 0.016
[Train][86] Acc: source 0.996 (14340.0/14400) target 0.531 (4586.0/8640)
[Train][87] Loss: D -0.920 E_gan 0.947 E_pred 0.012
[Train][87] Acc: source 0.998 (14371.0/14400) target 0.538 (4647.0/8640)
[Train][88] Loss: D -1.000 E_gan 1.000 E_pred 0.015
[Train][88] Acc: source 0.997 (14351.0/14400) target 0.527 (4555.0/8640)
[Train][89] Loss: D -0.863 E_gan 0.871 E_pred 0.013
[Train][89] Acc: source 0.998 (14369.0/14400) target 0.527 (4557.0/8640)

Eval MNIST: [0.    0.999 0.721 0.619 0.485 0.606 0.539 0.455 0.447 0.388] src: 0.999 tgt:0.533
[Train][90] Loss: D -0.976 E_gan 0.981 E_pred 0.013
[Train][90] Acc: source 0.998 (14369.0/14400) target 0.532 (4594.0/8640)
[Train][91] Loss: D -1.000 E_gan 1.000 E_pred 0.013
[Train][91] Acc: source 0.997 (14364.0/14400) target 0.538 (4650.0/8640)
[Train][92] Loss: D -0.963 E_gan 0.968 E_pred 0.017
[Train][92] Acc: source 0.996 (14345.0/14400) target 0.534 (4611.0/8640)
[Train][93] Loss: D -0.996 E_gan 0.998 E_pred 0.013
[Train][93] Acc: source 0.998 (14368.0/14400) target 0.534 (4618.0/8640)
[Train][94] Loss: D -0.999 E_gan 1.000 E_pred 0.012
[Train][94] Acc: source 0.998 (14368.0/14400) target 0.522 (4511.0/8640)
[Train][95] Loss: D -0.985 E_gan 0.992 E_pred 0.013
[Train][95] Acc: source 0.998 (14370.0/14400) target 0.535 (4624.0/8640)
[Train][96] Loss: D -0.997 E_gan 0.999 E_pred 0.013
[Train][96] Acc: source 0.997 (14364.0/14400) target 0.542 (4682.0/8640)
[Train][97] Loss: D -0.999 E_gan 1.000 E_pred 0.011
[Train][97] Acc: source 0.998 (14377.0/14400) target 0.530 (4579.0/8640)
[Train][98] Loss: D -0.998 E_gan 0.999 E_pred 0.011
[Train][98] Acc: source 0.998 (14377.0/14400) target 0.535 (4621.0/8640)
[Train][99] Loss: D -0.993 E_gan 0.999 E_pred 0.014
[Train][99] Acc: source 0.997 (14363.0/14400) target 0.527 (4549.0/8640)

Eval MNIST: [0.    1.    0.739 0.629 0.492 0.643 0.527 0.478 0.45  0.391] src: 1.0 tgt:0.543
[Train][0] Loss: D -0.697 E_gan 0.133 E_pred 0.197
[Train][0] Acc: source 0.937 (9570.0/10215) target 0.242 (1454.0/3750)
[Train][1] Loss: D -0.975 E_gan 0.011 E_pred 0.072
[Train][1] Acc: source 0.981 (10020.0/10215) target 0.254 (1523.0/3750)
[Train][0] Loss: D -0.903 E_gan 0.988 E_pred 0.162
[Train][0] Acc: source 0.953 (9733.0/10215) target 0.248 (1491.0/3750)
[Train][1] Loss: D -0.987 E_gan 0.999 E_pred 0.066
[Train][1] Acc: source 0.982 (10035.0/10215) target 0.253 (1520.0/3750)
[Train][2] Loss: D -0.998 E_gan 1.000 E_pred 0.069
[Train][2] Acc: source 0.981 (10021.0/10215) target 0.254 (1526.0/3750)
[Train][3] Loss: D -0.972 E_gan 0.989 E_pred 0.057
[Train][3] Acc: source 0.984 (10052.0/10215) target 0.257 (1545.0/3750)
[Train][4] Loss: D -0.927 E_gan 0.932 E_pred 0.045
[Train][4] Acc: source 0.991 (10122.0/10215) target 0.250 (1501.0/3750)
[Train][5] Loss: D -0.876 E_gan 0.893 E_pred 0.045
[Train][5] Acc: source 0.990 (10115.0/10215) target 0.246 (1475.0/3750)
[Train][6] Loss: D -0.965 E_gan 0.974 E_pred 0.053
[Train][6] Acc: source 0.986 (10072.0/10215) target 0.257 (1542.0/3750)
[Train][7] Loss: D -1.000 E_gan 1.000 E_pred 0.040
[Train][7] Acc: source 0.990 (10111.0/10215) target 0.251 (1505.0/3750)
[Train][8] Loss: D -0.452 E_gan 0.495 E_pred 0.036
[Train][8] Acc: source 0.992 (10136.0/10215) target 0.248 (1488.0/3750)
[Train][9] Loss: D -0.991 E_gan 1.000 E_pred 0.037
[Train][9] Acc: source 0.991 (10119.0/10215) target 0.241 (1448.0/3750)
[Train][0] Loss: D -0.198 E_gan 0.241 E_pred 0.165
[Train][0] Acc: source 0.951 (9715.0/10215) target 0.238 (1428.0/3750)
[Train][1] Loss: D -0.978 E_gan 0.998 E_pred 0.069
[Train][1] Acc: source 0.980 (10015.0/10215) target 0.258 (1547.0/3750)
[Train][2] Loss: D -0.981 E_gan 0.991 E_pred 0.067
[Train][2] Acc: source 0.982 (10033.0/10215) target 0.254 (1523.0/3750)
[Train][3] Loss: D -0.992 E_gan 1.000 E_pred 0.055
[Train][3] Acc: source 0.986 (10072.0/10215) target 0.243 (1459.0/3750)
[Train][4] Loss: D -0.997 E_gan 1.000 E_pred 0.055
[Train][4] Acc: source 0.987 (10078.0/10215) target 0.255 (1529.0/3750)
[Train][5] Loss: D -0.238 E_gan 0.249 E_pred 0.043
[Train][5] Acc: source 0.990 (10116.0/10215) target 0.252 (1510.0/3750)
[Train][6] Loss: D -0.973 E_gan 0.990 E_pred 0.046
[Train][6] Acc: source 0.987 (10081.0/10215) target 0.251 (1508.0/3750)
[Train][7] Loss: D -0.419 E_gan 0.436 E_pred 0.039
[Train][7] Acc: source 0.991 (10121.0/10215) target 0.252 (1510.0/3750)
[Train][8] Loss: D -0.934 E_gan 0.965 E_pred 0.044
[Train][8] Acc: source 0.988 (10095.0/10215) target 0.247 (1483.0/3750)
[Train][9] Loss: D -0.973 E_gan 0.994 E_pred 0.036
[Train][9] Acc: source 0.991 (10124.0/10215) target 0.246 (1479.0/3750)

Eval MNIST: [0.    0.63  0.479 0.352 0.185 0.245 0.179 0.224 0.224 0.176] src: 0.63 tgt:0.258
[Train][10] Loss: D -0.971 E_gan 0.995 E_pred 0.035
[Train][10] Acc: source 0.991 (10127.0/10215) target 0.254 (1527.0/3750)
[Train][11] Loss: D -0.995 E_gan 1.000 E_pred 0.037
[Train][11] Acc: source 0.991 (10124.0/10215) target 0.263 (1578.0/3750)
[Train][12] Loss: D -0.970 E_gan 0.996 E_pred 0.032
[Train][12] Acc: source 0.991 (10127.0/10215) target 0.260 (1559.0/3750)
[Train][13] Loss: D nan E_gan nan E_pred 0.027
[Train][13] Acc: source 0.995 (10160.0/10215) target 0.247 (1485.0/3750)
[Train][14] Loss: D 0.000 E_gan 0.000 E_pred 0.034
[Train][14] Acc: source 0.992 (10129.0/10215) target 0.251 (1504.0/3750)
[Train][15] Loss: D -0.196 E_gan 0.219 E_pred 0.030
[Train][15] Acc: source 0.992 (10136.0/10215) target 0.243 (1457.0/3750)
[Train][16] Loss: D -0.642 E_gan 0.681 E_pred 0.032
[Train][16] Acc: source 0.992 (10133.0/10215) target 0.248 (1491.0/3750)
[Train][17] Loss: D -0.999 E_gan 1.000 E_pred 0.028
[Train][17] Acc: source 0.993 (10142.0/10215) target 0.252 (1513.0/3750)
[Train][18] Loss: D -0.739 E_gan 0.749 E_pred 0.030
[Train][18] Acc: source 0.993 (10144.0/10215) target 0.251 (1508.0/3750)
[Train][19] Loss: D -1.000 E_gan 1.000 E_pred 0.028
[Train][19] Acc: source 0.994 (10154.0/10215) target 0.252 (1512.0/3750)

Eval MNIST: [0.    0.636 0.479 0.342 0.252 0.291 0.239 0.291 0.312 0.273] src: 0.636 tgt:0.31
[Train][20] Loss: D -0.246 E_gan 1.000 E_pred 0.026
[Train][20] Acc: source 0.993 (10147.0/10215) target 0.253 (1520.0/3750)
[Train][21] Loss: D -0.117 E_gan 0.309 E_pred 0.025
[Train][21] Acc: source 0.995 (10160.0/10215) target 0.251 (1506.0/3750)
[Train][22] Loss: D -0.537 E_gan 0.571 E_pred 0.024
[Train][22] Acc: source 0.995 (10163.0/10215) target 0.249 (1496.0/3750)
[Train][23] Loss: D -0.999 E_gan 1.000 E_pred 0.024
[Train][23] Acc: source 0.995 (10159.0/10215) target 0.253 (1518.0/3750)
[Train][24] Loss: D -0.536 E_gan 0.543 E_pred 0.021
[Train][24] Acc: source 0.996 (10179.0/10215) target 0.246 (1479.0/3750)
[Train][25] Loss: D 0.000 E_gan 0.002 E_pred 0.020
[Train][25] Acc: source 0.996 (10179.0/10215) target 0.247 (1483.0/3750)
[Train][26] Loss: D -0.003 E_gan 0.067 E_pred 0.020
[Train][26] Acc: source 0.996 (10173.0/10215) target 0.256 (1534.0/3750)
[Train][27] Loss: D -0.002 E_gan 0.005 E_pred 0.019
[Train][27] Acc: source 0.996 (10176.0/10215) target 0.252 (1510.0/3750)
[Train][28] Loss: D -0.001 E_gan 0.002 E_pred 0.021
[Train][28] Acc: source 0.996 (10177.0/10215) target 0.255 (1530.0/3750)
[Train][29] Loss: D 0.000 E_gan 0.000 E_pred 0.026
[Train][29] Acc: source 0.994 (10155.0/10215) target 0.262 (1571.0/3750)

Eval MNIST: [0.    0.627 0.436 0.315 0.221 0.27  0.23  0.273 0.303 0.258] src: 0.627 tgt:0.288
[Train][30] Loss: D -0.109 E_gan 0.131 E_pred 0.019
[Train][30] Acc: source 0.996 (10174.0/10215) target 0.253 (1517.0/3750)
[Train][31] Loss: D -0.717 E_gan 0.784 E_pred 0.023
[Train][31] Acc: source 0.995 (10167.0/10215) target 0.264 (1585.0/3750)
[Train][32] Loss: D -0.915 E_gan 0.934 E_pred 0.019
[Train][32] Acc: source 0.996 (10176.0/10215) target 0.249 (1495.0/3750)
[Train][33] Loss: D -0.925 E_gan 0.944 E_pred 0.021
[Train][33] Acc: source 0.995 (10166.0/10215) target 0.248 (1490.0/3750)
[Train][34] Loss: D -1.000 E_gan 1.000 E_pred 0.021
[Train][34] Acc: source 0.995 (10166.0/10215) target 0.257 (1540.0/3750)
[Train][35] Loss: D -0.700 E_gan 0.908 E_pred 0.019
[Train][35] Acc: source 0.996 (10176.0/10215) target 0.266 (1595.0/3750)
[Train][36] Loss: D -0.992 E_gan 0.998 E_pred 0.018
[Train][36] Acc: source 0.996 (10177.0/10215) target 0.263 (1577.0/3750)
[Train][37] Loss: D -0.937 E_gan 0.960 E_pred 0.017
[Train][37] Acc: source 0.997 (10183.0/10215) target 0.246 (1476.0/3750)
[Train][38] Loss: D -0.969 E_gan 0.984 E_pred 0.019
[Train][38] Acc: source 0.996 (10176.0/10215) target 0.248 (1486.0/3750)
[Train][39] Loss: D -1.000 E_gan 1.000 E_pred 0.015
[Train][39] Acc: source 0.997 (10186.0/10215) target 0.245 (1472.0/3750)

Eval MNIST: [0.    0.624 0.47  0.312 0.239 0.248 0.194 0.27  0.294 0.221] src: 0.624 tgt:0.281
[Train][40] Loss: D -0.919 E_gan 0.962 E_pred 0.020
[Train][40] Acc: source 0.996 (10173.0/10215) target 0.257 (1540.0/3750)
[Train][41] Loss: D -1.000 E_gan 1.000 E_pred 0.014
[Train][41] Acc: source 0.998 (10194.0/10215) target 0.259 (1557.0/3750)
[Train][42] Loss: D -0.861 E_gan 0.895 E_pred 0.020
[Train][42] Acc: source 0.996 (10171.0/10215) target 0.253 (1521.0/3750)
[Train][43] Loss: D -0.990 E_gan 0.996 E_pred 0.016
[Train][43] Acc: source 0.997 (10180.0/10215) target 0.258 (1547.0/3750)
[Train][44] Loss: D nan E_gan nan E_pred 0.024
[Train][44] Acc: source 0.994 (10158.0/10215) target 0.248 (1487.0/3750)
[Train][45] Loss: D -0.769 E_gan 0.778 E_pred 0.015
[Train][45] Acc: source 0.997 (10189.0/10215) target 0.258 (1546.0/3750)
[Train][46] Loss: D -0.956 E_gan 0.970 E_pred 0.020
[Train][46] Acc: source 0.996 (10173.0/10215) target 0.260 (1563.0/3750)
[Train][47] Loss: D -1.000 E_gan 1.000 E_pred 0.017
[Train][47] Acc: source 0.997 (10185.0/10215) target 0.264 (1583.0/3750)
[Train][48] Loss: D -0.773 E_gan 0.789 E_pred 0.014
[Train][48] Acc: source 0.997 (10188.0/10215) target 0.254 (1523.0/3750)
[Train][49] Loss: D -0.987 E_gan 0.993 E_pred 0.015
[Train][49] Acc: source 0.997 (10188.0/10215) target 0.260 (1561.0/3750)

Eval MNIST: [0.    0.533 0.391 0.212 0.182 0.203 0.191 0.255 0.236 0.17 ] src: 0.533 tgt:0.23
[Train][50] Loss: D -0.959 E_gan 0.971 E_pred 0.017
[Train][50] Acc: source 0.997 (10181.0/10215) target 0.262 (1573.0/3750)
[Train][51] Loss: D -0.150 E_gan 0.150 E_pred 0.016
[Train][51] Acc: source 0.997 (10185.0/10215) target 0.258 (1548.0/3750)
[Train][52] Loss: D -0.843 E_gan 0.858 E_pred 0.019
[Train][52] Acc: source 0.996 (10174.0/10215) target 0.263 (1578.0/3750)
[Train][53] Loss: D -1.000 E_gan 1.000 E_pred 0.017
[Train][53] Acc: source 0.997 (10181.0/10215) target 0.260 (1562.0/3750)
[Train][54] Loss: D -0.912 E_gan 0.927 E_pred 0.012
[Train][54] Acc: source 0.998 (10195.0/10215) target 0.249 (1492.0/3750)
[Train][55] Loss: D -1.000 E_gan 1.000 E_pred 0.011
[Train][55] Acc: source 0.999 (10203.0/10215) target 0.252 (1513.0/3750)
[Train][56] Loss: D -0.949 E_gan 0.968 E_pred 0.017
[Train][56] Acc: source 0.996 (10177.0/10215) target 0.257 (1540.0/3750)
[Train][57] Loss: D -0.989 E_gan 0.996 E_pred 0.015
[Train][57] Acc: source 0.997 (10181.0/10215) target 0.259 (1553.0/3750)
[Train][58] Loss: D -0.995 E_gan 1.000 E_pred 0.012
[Train][58] Acc: source 0.998 (10198.0/10215) target 0.255 (1529.0/3750)
[Train][59] Loss: D -0.999 E_gan 1.000 E_pred 0.012
[Train][59] Acc: source 0.998 (10196.0/10215) target 0.263 (1577.0/3750)

Eval MNIST: [0.    0.652 0.473 0.385 0.279 0.355 0.312 0.352 0.312 0.291] src: 0.652 tgt:0.345
[Train][60] Loss: D nan E_gan nan E_pred 0.011
[Train][60] Acc: source 0.998 (10199.0/10215) target 0.262 (1575.0/3750)
[Train][61] Loss: D -0.999 E_gan 1.000 E_pred 0.012
[Train][61] Acc: source 0.998 (10196.0/10215) target 0.265 (1588.0/3750)
[Train][62] Loss: D -0.942 E_gan 0.945 E_pred 0.011
[Train][62] Acc: source 0.999 (10201.0/10215) target 0.268 (1611.0/3750)
[Train][63] Loss: D -0.947 E_gan 0.956 E_pred 0.017
[Train][63] Acc: source 0.996 (10178.0/10215) target 0.260 (1558.0/3750)
[Train][64] Loss: D -1.000 E_gan 1.000 E_pred 0.011
[Train][64] Acc: source 0.998 (10194.0/10215) target 0.264 (1587.0/3750)
[Train][65] Loss: D -0.999 E_gan 1.000 E_pred 0.013
[Train][65] Acc: source 0.998 (10191.0/10215) target 0.265 (1593.0/3750)
[Train][66] Loss: D -0.981 E_gan 0.998 E_pred 0.010
[Train][66] Acc: source 0.999 (10201.0/10215) target 0.247 (1483.0/3750)
[Train][67] Loss: D -1.000 E_gan 1.000 E_pred 0.014
[Train][67] Acc: source 0.998 (10190.0/10215) target 0.263 (1576.0/3750)
[Train][68] Loss: D -0.927 E_gan 0.939 E_pred 0.013
[Train][68] Acc: source 0.997 (10188.0/10215) target 0.260 (1559.0/3750)
[Train][69] Loss: D -1.000 E_gan 1.000 E_pred 0.011
[Train][69] Acc: source 0.998 (10196.0/10215) target 0.260 (1562.0/3750)

Eval MNIST: [0.    0.676 0.491 0.345 0.245 0.291 0.261 0.333 0.315 0.245] src: 0.676 tgt:0.316
[Train][70] Loss: D -0.942 E_gan 0.954 E_pred 0.010
[Train][70] Acc: source 0.998 (10199.0/10215) target 0.262 (1570.0/3750)
[Train][71] Loss: D -0.964 E_gan 0.986 E_pred 0.016
[Train][71] Acc: source 0.997 (10189.0/10215) target 0.249 (1497.0/3750)
[Train][72] Loss: D nan E_gan nan E_pred 0.012
[Train][72] Acc: source 0.998 (10195.0/10215) target 0.250 (1500.0/3750)
[Train][73] Loss: D -0.994 E_gan 0.998 E_pred 0.013
[Train][73] Acc: source 0.998 (10191.0/10215) target 0.260 (1560.0/3750)
[Train][74] Loss: D -1.000 E_gan 1.000 E_pred 0.011
[Train][74] Acc: source 0.999 (10200.0/10215) target 0.258 (1546.0/3750)
[Train][75] Loss: D -1.000 E_gan 1.000 E_pred 0.008
[Train][75] Acc: source 0.999 (10202.0/10215) target 0.258 (1551.0/3750)
[Train][76] Loss: D -0.892 E_gan 0.900 E_pred 0.014
[Train][76] Acc: source 0.997 (10189.0/10215) target 0.255 (1533.0/3750)
[Train][77] Loss: D -1.000 E_gan 1.000 E_pred 0.015
[Train][77] Acc: source 0.997 (10189.0/10215) target 0.247 (1483.0/3750)
[Train][78] Loss: D -0.945 E_gan 0.963 E_pred 0.010
[Train][78] Acc: source 0.999 (10203.0/10215) target 0.255 (1533.0/3750)
[Train][79] Loss: D nan E_gan nan E_pred 0.007
[Train][79] Acc: source 1.000 (10212.0/10215) target 0.260 (1562.0/3750)

Eval MNIST: [0.    0.642 0.512 0.373 0.315 0.339 0.248 0.333 0.336 0.252] src: 0.642 tgt:0.339
[Train][80] Loss: D -0.999 E_gan 1.000 E_pred 0.013
[Train][80] Acc: source 0.997 (10187.0/10215) target 0.254 (1523.0/3750)
[Train][81] Loss: D -0.967 E_gan 0.975 E_pred 0.014
[Train][81] Acc: source 0.998 (10195.0/10215) target 0.251 (1508.0/3750)
[Train][82] Loss: D -0.999 E_gan 1.000 E_pred 0.010
[Train][82] Acc: source 0.999 (10202.0/10215) target 0.261 (1564.0/3750)
[Train][83] Loss: D -0.994 E_gan 0.997 E_pred 0.009
[Train][83] Acc: source 0.999 (10200.0/10215) target 0.262 (1574.0/3750)
[Train][84] Loss: D -1.000 E_gan 1.000 E_pred 0.011
[Train][84] Acc: source 0.998 (10193.0/10215) target 0.259 (1555.0/3750)
[Train][85] Loss: D -0.971 E_gan 0.976 E_pred 0.009
[Train][85] Acc: source 0.999 (10205.0/10215) target 0.256 (1537.0/3750)
[Train][86] Loss: D -1.000 E_gan 1.000 E_pred 0.008
[Train][86] Acc: source 0.999 (10207.0/10215) target 0.260 (1561.0/3750)
[Train][87] Loss: D -0.977 E_gan 0.991 E_pred 0.011
[Train][87] Acc: source 0.998 (10199.0/10215) target 0.260 (1558.0/3750)
[Train][88] Loss: D -0.989 E_gan 0.996 E_pred 0.010
[Train][88] Acc: source 0.998 (10199.0/10215) target 0.254 (1523.0/3750)
[Train][89] Loss: D -0.999 E_gan 1.000 E_pred 0.009
[Train][89] Acc: source 0.999 (10200.0/10215) target 0.265 (1591.0/3750)

Eval MNIST: [0.    0.612 0.533 0.376 0.297 0.352 0.224 0.306 0.242 0.255] src: 0.612 tgt:0.323
[Train][90] Loss: D -0.999 E_gan 1.000 E_pred 0.009
[Train][90] Acc: source 0.999 (10204.0/10215) target 0.259 (1557.0/3750)
[Train][91] Loss: D -1.000 E_gan 1.000 E_pred 0.008
[Train][91] Acc: source 0.999 (10206.0/10215) target 0.266 (1594.0/3750)
[Train][92] Loss: D -1.000 E_gan 1.000 E_pred 0.008
[Train][92] Acc: source 0.999 (10207.0/10215) target 0.261 (1568.0/3750)
[Train][93] Loss: D -1.000 E_gan 1.000 E_pred 0.007
[Train][93] Acc: source 0.999 (10208.0/10215) target 0.269 (1614.0/3750)
[Train][94] Loss: D -0.999 E_gan 1.000 E_pred 0.011
[Train][94] Acc: source 0.998 (10194.0/10215) target 0.265 (1589.0/3750)
[Train][95] Loss: D -0.999 E_gan 1.000 E_pred 0.005
[Train][95] Acc: source 1.000 (10214.0/10215) target 0.266 (1594.0/3750)
[Train][96] Loss: D -1.000 E_gan 1.000 E_pred 0.008
[Train][96] Acc: source 0.999 (10206.0/10215) target 0.261 (1568.0/3750)
[Train][97] Loss: D -1.000 E_gan 1.000 E_pred 0.010
[Train][97] Acc: source 0.998 (10196.0/10215) target 0.256 (1538.0/3750)
[Train][98] Loss: D -1.000 E_gan 1.000 E_pred 0.009
[Train][98] Acc: source 0.998 (10198.0/10215) target 0.263 (1577.0/3750)
[Train][99] Loss: D -0.998 E_gan 0.999 E_pred 0.006
[Train][99] Acc: source 1.000 (10210.0/10215) target 0.256 (1538.0/3750)

Eval MNIST: [0.    0.652 0.512 0.373 0.279 0.294 0.258 0.321 0.303 0.242] src: 0.652 tgt:0.323
[Train][0] Loss: D -0.730 E_gan 0.893 E_pred 0.143
[Train][0] Acc: source 0.956 (9766.0/10215) target 0.248 (1491.0/3750)
[Train][1] Loss: D -0.917 E_gan 0.967 E_pred 0.054
[Train][1] Acc: source 0.986 (10075.0/10215) target 0.256 (1536.0/3750)
[Train][2] Loss: D -0.986 E_gan 0.999 E_pred 0.037
[Train][2] Acc: source 0.992 (10133.0/10215) target 0.264 (1584.0/3750)
[Train][3] Loss: D -0.982 E_gan 0.996 E_pred 0.048
[Train][3] Acc: source 0.987 (10084.0/10215) target 0.249 (1495.0/3750)
[Train][4] Loss: D -0.994 E_gan 0.999 E_pred 0.030
[Train][4] Acc: source 0.993 (10143.0/10215) target 0.259 (1554.0/3750)
[Train][5] Loss: D -0.957 E_gan 0.968 E_pred 0.040
[Train][5] Acc: source 0.992 (10132.0/10215) target 0.254 (1526.0/3750)
[Train][6] Loss: D -0.993 E_gan 0.998 E_pred 0.031
[Train][6] Acc: source 0.993 (10145.0/10215) target 0.257 (1540.0/3750)
[Train][7] Loss: D -0.988 E_gan 0.997 E_pred 0.036
[Train][7] Acc: source 0.991 (10125.0/10215) target 0.261 (1567.0/3750)
[Train][8] Loss: D -0.991 E_gan 0.999 E_pred 0.028
[Train][8] Acc: source 0.995 (10161.0/10215) target 0.256 (1536.0/3750)
[Train][9] Loss: D -0.988 E_gan 0.997 E_pred 0.033
[Train][9] Acc: source 0.992 (10130.0/10215) target 0.257 (1541.0/3750)
[Train][0] Loss: D -0.870 E_gan 0.965 E_pred 0.147
[Train][0] Acc: source 0.956 (9769.0/10215) target 0.234 (1406.0/3750)
[Train][1] Loss: D -0.989 E_gan 0.999 E_pred 0.079
[Train][1] Acc: source 0.979 (9997.0/10215) target 0.243 (1461.0/3750)
[Train][2] Loss: D -0.979 E_gan 0.991 E_pred 0.046
[Train][2] Acc: source 0.989 (10101.0/10215) target 0.243 (1461.0/3750)
[Train][3] Loss: D -0.972 E_gan 0.977 E_pred 0.058
[Train][3] Acc: source 0.984 (10048.0/10215) target 0.248 (1489.0/3750)
[Train][4] Loss: D -0.990 E_gan 0.997 E_pred 0.049
[Train][4] Acc: source 0.987 (10079.0/10215) target 0.243 (1461.0/3750)
[Train][5] Loss: D -0.970 E_gan 0.981 E_pred 0.038
[Train][5] Acc: source 0.991 (10120.0/10215) target 0.255 (1529.0/3750)
[Train][6] Loss: D -1.000 E_gan 1.000 E_pred 0.038
[Train][6] Acc: source 0.992 (10134.0/10215) target 0.247 (1483.0/3750)
[Train][7] Loss: D -0.979 E_gan 0.997 E_pred 0.043
[Train][7] Acc: source 0.989 (10103.0/10215) target 0.249 (1494.0/3750)
[Train][8] Loss: D -0.974 E_gan 0.991 E_pred 0.031
[Train][8] Acc: source 0.993 (10148.0/10215) target 0.256 (1536.0/3750)
[Train][9] Loss: D -0.847 E_gan 0.852 E_pred 0.030
[Train][9] Acc: source 0.993 (10145.0/10215) target 0.257 (1543.0/3750)

Eval MNIST: [0.    0.661 0.4   0.33  0.264 0.336 0.227 0.297 0.285 0.2  ] src: 0.661 tgt:0.292
[Train][10] Loss: D -0.729 E_gan 0.742 E_pred 0.042
[Train][10] Acc: source 0.989 (10105.0/10215) target 0.251 (1508.0/3750)
[Train][11] Loss: D -0.965 E_gan 0.982 E_pred 0.034
[Train][11] Acc: source 0.992 (10131.0/10215) target 0.253 (1517.0/3750)
[Train][12] Loss: D -0.762 E_gan 0.770 E_pred 0.034
[Train][12] Acc: source 0.993 (10141.0/10215) target 0.263 (1577.0/3750)
[Train][13] Loss: D -0.989 E_gan 1.000 E_pred 0.024
[Train][13] Acc: source 0.996 (10170.0/10215) target 0.265 (1592.0/3750)
[Train][14] Loss: D -1.000 E_gan 1.000 E_pred 0.026
[Train][14] Acc: source 0.995 (10161.0/10215) target 0.255 (1529.0/3750)
[Train][15] Loss: D -0.838 E_gan 0.885 E_pred 0.029
[Train][15] Acc: source 0.992 (10138.0/10215) target 0.245 (1471.0/3750)
[Train][16] Loss: D -0.977 E_gan 0.993 E_pred 0.027
[Train][16] Acc: source 0.994 (10150.0/10215) target 0.249 (1494.0/3750)
[Train][17] Loss: D -0.987 E_gan 0.998 E_pred 0.024
[Train][17] Acc: source 0.995 (10160.0/10215) target 0.248 (1491.0/3750)
[Train][18] Loss: D -1.000 E_gan 1.000 E_pred 0.025
[Train][18] Acc: source 0.995 (10160.0/10215) target 0.252 (1512.0/3750)
[Train][19] Loss: D -0.983 E_gan 0.994 E_pred 0.030
[Train][19] Acc: source 0.993 (10146.0/10215) target 0.258 (1547.0/3750)

Eval MNIST: [0.    0.627 0.448 0.361 0.221 0.242 0.255 0.279 0.255 0.218] src: 0.627 tgt:0.285
[Train][20] Loss: D -0.994 E_gan 0.997 E_pred 0.015
[Train][20] Acc: source 0.998 (10197.0/10215) target 0.258 (1547.0/3750)
[Train][21] Loss: D -0.969 E_gan 0.989 E_pred 0.026
[Train][21] Acc: source 0.994 (10154.0/10215) target 0.249 (1496.0/3750)
[Train][22] Loss: D -0.978 E_gan 0.989 E_pred 0.024
[Train][22] Acc: source 0.995 (10159.0/10215) target 0.244 (1466.0/3750)
[Train][23] Loss: D -1.000 E_gan 1.000 E_pred 0.021
[Train][23] Acc: source 0.996 (10173.0/10215) target 0.246 (1476.0/3750)
[Train][24] Loss: D -0.949 E_gan 0.997 E_pred 0.023
[Train][24] Acc: source 0.995 (10159.0/10215) target 0.250 (1498.0/3750)
[Train][25] Loss: D -0.845 E_gan 0.856 E_pred 0.031
[Train][25] Acc: source 0.993 (10145.0/10215) target 0.242 (1455.0/3750)
[Train][26] Loss: D -1.000 E_gan 1.000 E_pred 0.023
[Train][26] Acc: source 0.994 (10154.0/10215) target 0.259 (1552.0/3750)
[Train][27] Loss: D -0.980 E_gan 0.991 E_pred 0.020
[Train][27] Acc: source 0.996 (10176.0/10215) target 0.256 (1539.0/3750)
[Train][28] Loss: D -1.000 E_gan 1.000 E_pred 0.027
[Train][28] Acc: source 0.993 (10146.0/10215) target 0.250 (1499.0/3750)
[Train][29] Loss: D -0.961 E_gan 0.986 E_pred 0.016
[Train][29] Acc: source 0.998 (10192.0/10215) target 0.246 (1478.0/3750)

Eval MNIST: [0.    0.645 0.482 0.376 0.279 0.3   0.23  0.252 0.282 0.255] src: 0.645 tgt:0.307
[Train][30] Loss: D -1.000 E_gan 1.000 E_pred 0.022
[Train][30] Acc: source 0.995 (10168.0/10215) target 0.258 (1551.0/3750)
[Train][31] Loss: D -0.970 E_gan 0.983 E_pred 0.013
[Train][31] Acc: source 0.998 (10198.0/10215) target 0.260 (1560.0/3750)
[Train][32] Loss: D -1.000 E_gan 1.000 E_pred 0.019
[Train][32] Acc: source 0.996 (10173.0/10215) target 0.253 (1520.0/3750)
[Train][33] Loss: D -0.835 E_gan 0.869 E_pred 0.026
[Train][33] Acc: source 0.994 (10149.0/10215) target 0.253 (1520.0/3750)
[Train][34] Loss: D -0.972 E_gan 0.992 E_pred 0.022
[Train][34] Acc: source 0.995 (10169.0/10215) target 0.251 (1505.0/3750)
[Train][35] Loss: D -1.000 E_gan 1.000 E_pred 0.019
[Train][35] Acc: source 0.996 (10170.0/10215) target 0.259 (1557.0/3750)
[Train][36] Loss: D -0.620 E_gan 0.788 E_pred 0.021
[Train][36] Acc: source 0.995 (10169.0/10215) target 0.254 (1525.0/3750)
[Train][37] Loss: D -0.998 E_gan 1.000 E_pred 0.021
[Train][37] Acc: source 0.995 (10163.0/10215) target 0.262 (1570.0/3750)
[Train][38] Loss: D -0.628 E_gan 1.000 E_pred 0.018
[Train][38] Acc: source 0.996 (10178.0/10215) target 0.255 (1528.0/3750)
[Train][39] Loss: D -0.788 E_gan 0.961 E_pred 0.014
[Train][39] Acc: source 0.998 (10191.0/10215) target 0.254 (1527.0/3750)

Eval MNIST: [0.    0.63  0.464 0.352 0.27  0.273 0.179 0.297 0.276 0.227] src: 0.63 tgt:0.292
[Train][40] Loss: D -1.000 E_gan 1.000 E_pred 0.024
[Train][40] Acc: source 0.995 (10164.0/10215) target 0.244 (1464.0/3750)
[Train][41] Loss: D -0.960 E_gan 0.982 E_pred 0.018
[Train][41] Acc: source 0.996 (10175.0/10215) target 0.254 (1524.0/3750)
[Train][42] Loss: D -0.994 E_gan 0.998 E_pred 0.016
[Train][42] Acc: source 0.997 (10184.0/10215) target 0.254 (1527.0/3750)
[Train][43] Loss: D -1.000 E_gan 1.000 E_pred 0.012
[Train][43] Acc: source 0.998 (10191.0/10215) target 0.265 (1588.0/3750)
[Train][44] Loss: D -0.651 E_gan 0.691 E_pred 0.025
[Train][44] Acc: source 0.994 (10152.0/10215) target 0.250 (1498.0/3750)
[Train][45] Loss: D -0.964 E_gan 0.981 E_pred 0.012
[Train][45] Acc: source 0.998 (10199.0/10215) target 0.264 (1586.0/3750)
[Train][46] Loss: D -0.755 E_gan 0.765 E_pred 0.021
[Train][46] Acc: source 0.996 (10177.0/10215) target 0.266 (1599.0/3750)
[Train][47] Loss: D -1.000 E_gan 1.000 E_pred 0.013
[Train][47] Acc: source 0.998 (10196.0/10215) target 0.272 (1633.0/3750)
[Train][48] Loss: D -0.844 E_gan 0.884 E_pred 0.015
[Train][48] Acc: source 0.997 (10186.0/10215) target 0.252 (1510.0/3750)
[Train][49] Loss: D -0.999 E_gan 1.000 E_pred 0.017
[Train][49] Acc: source 0.996 (10179.0/10215) target 0.254 (1527.0/3750)

Eval MNIST: [0.    0.667 0.445 0.336 0.227 0.342 0.215 0.294 0.3   0.23 ] src: 0.667 tgt:0.299
[Train][50] Loss: D -0.975 E_gan 0.986 E_pred 0.014
[Train][50] Acc: source 0.997 (10184.0/10215) target 0.253 (1519.0/3750)
[Train][51] Loss: D -0.996 E_gan 0.999 E_pred 0.014
[Train][51] Acc: source 0.997 (10188.0/10215) target 0.259 (1557.0/3750)
[Train][52] Loss: D -1.000 E_gan 1.000 E_pred 0.019
[Train][52] Acc: source 0.997 (10182.0/10215) target 0.253 (1517.0/3750)
[Train][53] Loss: D -0.991 E_gan 0.998 E_pred 0.014
[Train][53] Acc: source 0.997 (10189.0/10215) target 0.249 (1495.0/3750)
[Train][54] Loss: D -0.999 E_gan 1.000 E_pred 0.016
[Train][54] Acc: source 0.997 (10183.0/10215) target 0.248 (1490.0/3750)
[Train][55] Loss: D -1.000 E_gan 1.000 E_pred 0.014
[Train][55] Acc: source 0.997 (10188.0/10215) target 0.258 (1551.0/3750)
[Train][56] Loss: D -0.732 E_gan 0.773 E_pred 0.014
[Train][56] Acc: source 0.998 (10194.0/10215) target 0.256 (1536.0/3750)
[Train][57] Loss: D -1.000 E_gan 1.000 E_pred 0.013
[Train][57] Acc: source 0.998 (10192.0/10215) target 0.257 (1543.0/3750)
[Train][58] Loss: D -0.934 E_gan 0.962 E_pred 0.012
[Train][58] Acc: source 0.998 (10194.0/10215) target 0.252 (1510.0/3750)
[Train][59] Loss: D -0.996 E_gan 0.999 E_pred 0.015
[Train][59] Acc: source 0.997 (10183.0/10215) target 0.255 (1528.0/3750)

Eval MNIST: [0.    0.667 0.488 0.303 0.258 0.285 0.209 0.248 0.279 0.227] src: 0.667 tgt:0.287
[Train][60] Loss: D -1.000 E_gan 1.000 E_pred 0.013
[Train][60] Acc: source 0.998 (10190.0/10215) target 0.254 (1526.0/3750)
[Train][61] Loss: D -0.992 E_gan 0.999 E_pred 0.015
[Train][61] Acc: source 0.997 (10186.0/10215) target 0.255 (1531.0/3750)
[Train][62] Loss: D -0.968 E_gan 0.979 E_pred 0.013
[Train][62] Acc: source 0.998 (10194.0/10215) target 0.253 (1517.0/3750)
[Train][63] Loss: D -0.999 E_gan 1.000 E_pred 0.011
[Train][63] Acc: source 0.998 (10198.0/10215) target 0.253 (1516.0/3750)
[Train][64] Loss: D -0.993 E_gan 0.998 E_pred 0.012
[Train][64] Acc: source 0.997 (10188.0/10215) target 0.253 (1520.0/3750)
[Train][65] Loss: D -0.999 E_gan 1.000 E_pred 0.014
[Train][65] Acc: source 0.997 (10185.0/10215) target 0.260 (1560.0/3750)
[Train][66] Loss: D -1.000 E_gan 1.000 E_pred 0.012
[Train][66] Acc: source 0.998 (10192.0/10215) target 0.251 (1508.0/3750)
[Train][67] Loss: D -0.864 E_gan 0.892 E_pred 0.010
[Train][67] Acc: source 0.999 (10202.0/10215) target 0.259 (1554.0/3750)
[Train][68] Loss: D -0.999 E_gan 1.000 E_pred 0.012
[Train][68] Acc: source 0.998 (10194.0/10215) target 0.264 (1583.0/3750)
[Train][69] Loss: D -0.737 E_gan 0.768 E_pred 0.012
[Train][69] Acc: source 0.998 (10192.0/10215) target 0.260 (1563.0/3750)

Eval MNIST: [0.    0.676 0.473 0.37  0.239 0.33  0.248 0.297 0.3   0.261] src: 0.676 tgt:0.315
[Train][70] Loss: D -1.000 E_gan 1.000 E_pred 0.015
[Train][70] Acc: source 0.997 (10189.0/10215) target 0.267 (1604.0/3750)
[Train][71] Loss: D -1.000 E_gan 1.000 E_pred 0.011
[Train][71] Acc: source 0.998 (10197.0/10215) target 0.264 (1583.0/3750)
[Train][72] Loss: D -0.837 E_gan 0.873 E_pred 0.010
[Train][72] Acc: source 0.999 (10204.0/10215) target 0.251 (1508.0/3750)
[Train][73] Loss: D -0.994 E_gan 0.998 E_pred 0.013
[Train][73] Acc: source 0.998 (10193.0/10215) target 0.258 (1550.0/3750)
[Train][74] Loss: D -0.999 E_gan 1.000 E_pred 0.014
[Train][74] Acc: source 0.997 (10188.0/10215) target 0.260 (1563.0/3750)
[Train][75] Loss: D -0.895 E_gan 0.907 E_pred 0.012
[Train][75] Acc: source 0.998 (10195.0/10215) target 0.262 (1574.0/3750)
[Train][76] Loss: D -1.000 E_gan 1.000 E_pred 0.009
[Train][76] Acc: source 0.998 (10197.0/10215) target 0.267 (1604.0/3750)
[Train][77] Loss: D -1.000 E_gan 1.000 E_pred 0.010
[Train][77] Acc: source 0.998 (10199.0/10215) target 0.275 (1652.0/3750)
[Train][78] Loss: D -0.843 E_gan 0.850 E_pred 0.012
[Train][78] Acc: source 0.998 (10198.0/10215) target 0.258 (1549.0/3750)
[Train][79] Loss: D -1.000 E_gan 1.000 E_pred 0.012
[Train][79] Acc: source 0.997 (10188.0/10215) target 0.266 (1595.0/3750)

Eval MNIST: [0.    0.691 0.497 0.333 0.297 0.279 0.267 0.312 0.276 0.23 ] src: 0.691 tgt:0.311
[Train][80] Loss: D -1.000 E_gan 1.000 E_pred 0.008
[Train][80] Acc: source 0.999 (10202.0/10215) target 0.265 (1591.0/3750)
[Train][81] Loss: D -0.929 E_gan 0.946 E_pred 0.009
[Train][81] Acc: source 0.999 (10206.0/10215) target 0.249 (1493.0/3750)
[Train][82] Loss: D -1.000 E_gan 1.000 E_pred 0.013
[Train][82] Acc: source 0.998 (10191.0/10215) target 0.258 (1546.0/3750)
[Train][83] Loss: D -0.922 E_gan 0.944 E_pred 0.012
[Train][83] Acc: source 0.998 (10193.0/10215) target 0.260 (1560.0/3750)
[Train][84] Loss: D -0.479 E_gan 0.482 E_pred 0.011
[Train][84] Acc: source 0.998 (10199.0/10215) target 0.261 (1567.0/3750)
[Train][85] Loss: D -0.912 E_gan 0.940 E_pred 0.013
[Train][85] Acc: source 0.998 (10193.0/10215) target 0.259 (1557.0/3750)
[Train][86] Loss: D -0.998 E_gan 0.999 E_pred 0.006
[Train][86] Acc: source 1.000 (10210.0/10215) target 0.267 (1603.0/3750)
[Train][87] Loss: D -1.000 E_gan 1.000 E_pred 0.013
[Train][87] Acc: source 0.997 (10186.0/10215) target 0.254 (1525.0/3750)
[Train][88] Loss: D -0.996 E_gan 0.999 E_pred 0.009
[Train][88] Acc: source 0.999 (10200.0/10215) target 0.265 (1588.0/3750)
[Train][89] Loss: D -1.000 E_gan 1.000 E_pred 0.011
[Train][89] Acc: source 0.998 (10196.0/10215) target 0.260 (1560.0/3750)

Eval MNIST: [0.    0.673 0.533 0.385 0.255 0.309 0.23  0.291 0.312 0.255] src: 0.673 tgt:0.321
[Train][90] Loss: D -0.997 E_gan 0.999 E_pred 0.013
[Train][90] Acc: source 0.997 (10188.0/10215) target 0.265 (1588.0/3750)
[Train][91] Loss: D -1.000 E_gan 1.000 E_pred 0.006
[Train][91] Acc: source 1.000 (10214.0/10215) target 0.266 (1599.0/3750)
[Train][92] Loss: D -1.000 E_gan 1.000 E_pred 0.011
[Train][92] Acc: source 0.999 (10201.0/10215) target 0.267 (1603.0/3750)
[Train][93] Loss: D -1.000 E_gan 1.000 E_pred 0.008
[Train][93] Acc: source 1.000 (10210.0/10215) target 0.258 (1551.0/3750)
[Train][94] Loss: D -1.000 E_gan 1.000 E_pred 0.009
[Train][94] Acc: source 0.998 (10196.0/10215) target 0.265 (1593.0/3750)
[Train][95] Loss: D -1.000 E_gan 1.000 E_pred 0.009
[Train][95] Acc: source 0.999 (10205.0/10215) target 0.257 (1544.0/3750)
[Train][96] Loss: D -1.000 E_gan 1.000 E_pred 0.007
[Train][96] Acc: source 0.999 (10208.0/10215) target 0.262 (1575.0/3750)
[Train][97] Loss: D -1.000 E_gan 1.000 E_pred 0.008
[Train][97] Acc: source 0.999 (10206.0/10215) target 0.256 (1534.0/3750)
[Train][98] Loss: D -1.000 E_gan 1.000 E_pred 0.012
[Train][98] Acc: source 0.998 (10195.0/10215) target 0.265 (1589.0/3750)
[Train][99] Loss: D -1.000 E_gan 1.000 E_pred 0.008
[Train][99] Acc: source 0.999 (10205.0/10215) target 0.264 (1584.0/3750)

Eval MNIST: [0.    0.67  0.5   0.358 0.285 0.355 0.261 0.339 0.364 0.233] src: 0.67 tgt:0.337
[Train][0] Loss: D -0.443 E_gan 0.840 E_pred 0.063
[Train][0] Acc: source 0.986 (10069.0/10215) target 0.260 (1559.0/3750)
[Train][1] Loss: D -0.774 E_gan 0.953 E_pred 0.035
[Train][1] Acc: source 0.993 (10141.0/10215) target 0.267 (1603.0/3750)
[Train][2] Loss: D -0.912 E_gan 0.984 E_pred 0.025
[Train][2] Acc: source 0.995 (10169.0/10215) target 0.265 (1593.0/3750)
[Train][3] Loss: D -0.964 E_gan 0.994 E_pred 0.022
[Train][3] Acc: source 0.996 (10176.0/10215) target 0.272 (1630.0/3750)
[Train][4] Loss: D -0.981 E_gan 0.997 E_pred 0.015
[Train][4] Acc: source 0.998 (10194.0/10215) target 0.260 (1559.0/3750)
[Train][5] Loss: D -0.993 E_gan 0.999 E_pred 0.018
[Train][5] Acc: source 0.997 (10181.0/10215) target 0.254 (1527.0/3750)
[Train][6] Loss: D -0.997 E_gan 1.000 E_pred 0.015
[Train][6] Acc: source 0.996 (10179.0/10215) target 0.261 (1567.0/3750)
[Train][0] Loss: D -0.514 E_gan 0.868 E_pred 0.066
[Train][0] Acc: source 0.985 (10058.0/10215) target 0.261 (1564.0/3750)
[Train][1] Loss: D -0.866 E_gan 0.974 E_pred 0.033
[Train][1] Acc: source 0.993 (10143.0/10215) target 0.267 (1600.0/3750)
[Train][2] Loss: D -0.953 E_gan 0.992 E_pred 0.023
[Train][2] Acc: source 0.996 (10170.0/10215) target 0.270 (1622.0/3750)
[Train][3] Loss: D -0.989 E_gan 0.998 E_pred 0.023
[Train][3] Acc: source 0.997 (10180.0/10215) target 0.269 (1615.0/3750)
[Train][4] Loss: D -0.997 E_gan 0.999 E_pred 0.019
[Train][4] Acc: source 0.996 (10174.0/10215) target 0.271 (1624.0/3750)
[Train][5] Loss: D -0.998 E_gan 1.000 E_pred 0.016
[Train][5] Acc: source 0.997 (10188.0/10215) target 0.268 (1609.0/3750)
[Train][6] Loss: D -0.998 E_gan 1.000 E_pred 0.015
[Train][6] Acc: source 0.997 (10187.0/10215) target 0.265 (1593.0/3750)
[Train][0] Loss: D -0.507 E_gan 0.862 E_pred 0.064
[Train][0] Acc: source 0.984 (10053.0/10215) target 0.256 (1539.0/3750)
[Train][1] Loss: D -0.862 E_gan 0.974 E_pred 0.032
[Train][1] Acc: source 0.994 (10154.0/10215) target 0.259 (1553.0/3750)
[Train][2] Loss: D -0.942 E_gan 0.991 E_pred 0.022
[Train][2] Acc: source 0.996 (10175.0/10215) target 0.274 (1647.0/3750)
[Train][3] Loss: D -0.986 E_gan 0.998 E_pred 0.023
[Train][3] Acc: source 0.996 (10175.0/10215) target 0.256 (1538.0/3750)
[Train][4] Loss: D -0.988 E_gan 0.998 E_pred 0.016
[Train][4] Acc: source 0.997 (10185.0/10215) target 0.271 (1629.0/3750)
[Train][5] Loss: D -0.989 E_gan 0.997 E_pred 0.022
[Train][5] Acc: source 0.996 (10174.0/10215) target 0.270 (1618.0/3750)
[Train][6] Loss: D -0.995 E_gan 1.000 E_pred 0.014
[Train][6] Acc: source 0.998 (10193.0/10215) target 0.265 (1589.0/3750)
[Train][7] Loss: D -0.994 E_gan 0.999 E_pred 0.011
[Train][7] Acc: source 0.999 (10200.0/10215) target 0.262 (1574.0/3750)
[Train][8] Loss: D -0.996 E_gan 1.000 E_pred 0.017
[Train][8] Acc: source 0.997 (10186.0/10215) target 0.260 (1562.0/3750)
[Train][9] Loss: D -0.994 E_gan 0.998 E_pred 0.016
[Train][9] Acc: source 0.997 (10183.0/10215) target 0.257 (1541.0/3750)

Eval MNIST: [0.    0.627 0.464 0.355 0.242 0.276 0.185 0.264 0.248 0.261] src: 0.627 tgt:0.287
[Train][10] Loss: D -0.999 E_gan 1.000 E_pred 0.013
[Train][10] Acc: source 0.998 (10192.0/10215) target 0.259 (1557.0/3750)
[Train][11] Loss: D -0.995 E_gan 0.999 E_pred 0.014
[Train][11] Acc: source 0.998 (10196.0/10215) target 0.273 (1639.0/3750)
[Train][12] Loss: D -0.989 E_gan 0.996 E_pred 0.011
[Train][12] Acc: source 0.998 (10197.0/10215) target 0.270 (1619.0/3750)
[Train][13] Loss: D -0.999 E_gan 1.000 E_pred 0.013
[Train][13] Acc: source 0.998 (10193.0/10215) target 0.271 (1625.0/3750)
[Train][14] Loss: D -0.785 E_gan 0.795 E_pred 0.012
[Train][14] Acc: source 0.998 (10196.0/10215) target 0.260 (1562.0/3750)
[Train][15] Loss: D -1.000 E_gan 1.000 E_pred 0.012
[Train][15] Acc: source 0.998 (10194.0/10215) target 0.263 (1579.0/3750)
[Train][16] Loss: D -0.513 E_gan 0.516 E_pred 0.011
[Train][16] Acc: source 0.998 (10197.0/10215) target 0.272 (1635.0/3750)
[Train][17] Loss: D -0.324 E_gan 0.338 E_pred 0.015
[Train][17] Acc: source 0.997 (10189.0/10215) target 0.269 (1615.0/3750)
[Train][18] Loss: D -0.906 E_gan 0.914 E_pred 0.013
[Train][18] Acc: source 0.998 (10193.0/10215) target 0.277 (1663.0/3750)
[Train][19] Loss: D -1.000 E_gan 1.000 E_pred 0.013
[Train][19] Acc: source 0.998 (10192.0/10215) target 0.256 (1539.0/3750)

Eval MNIST: [0.    0.648 0.448 0.318 0.23  0.294 0.267 0.339 0.303 0.239] src: 0.648 tgt:0.305
[Train][20] Loss: D -0.859 E_gan 0.912 E_pred 0.012
[Train][20] Acc: source 0.999 (10201.0/10215) target 0.268 (1607.0/3750)
[Train][21] Loss: D -0.742 E_gan 0.756 E_pred 0.011
[Train][21] Acc: source 0.998 (10194.0/10215) target 0.267 (1604.0/3750)
[Train][22] Loss: D -0.890 E_gan 0.904 E_pred 0.012
[Train][22] Acc: source 0.998 (10193.0/10215) target 0.267 (1600.0/3750)
[Train][23] Loss: D -0.590 E_gan 0.607 E_pred 0.012
[Train][23] Acc: source 0.998 (10195.0/10215) target 0.260 (1560.0/3750)
[Train][24] Loss: D -1.000 E_gan 1.000 E_pred 0.012
[Train][24] Acc: source 0.998 (10194.0/10215) target 0.264 (1586.0/3750)
[Train][25] Loss: D -0.656 E_gan 0.656 E_pred 0.010
[Train][25] Acc: source 0.999 (10204.0/10215) target 0.266 (1598.0/3750)
[Train][26] Loss: D -0.273 E_gan 0.304 E_pred 0.011
[Train][26] Acc: source 0.999 (10200.0/10215) target 0.254 (1522.0/3750)
[Train][27] Loss: D -0.998 E_gan 0.999 E_pred 0.011
[Train][27] Acc: source 0.998 (10199.0/10215) target 0.270 (1621.0/3750)
[Train][28] Loss: D -1.000 E_gan 1.000 E_pred 0.008
[Train][28] Acc: source 0.999 (10205.0/10215) target 0.264 (1587.0/3750)
[Train][29] Loss: D -0.782 E_gan 0.836 E_pred 0.011
[Train][29] Acc: source 0.998 (10197.0/10215) target 0.258 (1547.0/3750)

Eval MNIST: [0.    0.655 0.485 0.324 0.273 0.3   0.248 0.315 0.285 0.224] src: 0.655 tgt:0.307
[Train][30] Loss: D -0.999 E_gan 1.000 E_pred 0.009
[Train][30] Acc: source 0.999 (10203.0/10215) target 0.270 (1623.0/3750)
[Train][31] Loss: D -0.520 E_gan 0.542 E_pred 0.011
[Train][31] Acc: source 0.999 (10201.0/10215) target 0.262 (1575.0/3750)
[Train][32] Loss: D -0.915 E_gan 0.969 E_pred 0.009
[Train][32] Acc: source 0.999 (10207.0/10215) target 0.262 (1571.0/3750)
[Train][33] Loss: D -0.956 E_gan 0.983 E_pred 0.008
[Train][33] Acc: source 0.999 (10209.0/10215) target 0.258 (1550.0/3750)
[Train][34] Loss: D -0.957 E_gan 0.990 E_pred 0.009
[Train][34] Acc: source 0.999 (10200.0/10215) target 0.269 (1613.0/3750)
[Train][35] Loss: D -0.968 E_gan 0.987 E_pred 0.012
[Train][35] Acc: source 0.998 (10197.0/10215) target 0.271 (1624.0/3750)
[Train][36] Loss: D -0.999 E_gan 1.000 E_pred 0.007
[Train][36] Acc: source 1.000 (10211.0/10215) target 0.276 (1657.0/3750)
[Train][37] Loss: D nan E_gan nan E_pred 0.010
[Train][37] Acc: source 0.999 (10203.0/10215) target 0.263 (1576.0/3750)
[Train][38] Loss: D -0.943 E_gan 0.985 E_pred 0.009
[Train][38] Acc: source 0.999 (10209.0/10215) target 0.271 (1624.0/3750)
[Train][39] Loss: D -0.951 E_gan 0.987 E_pred 0.009
[Train][39] Acc: source 0.999 (10207.0/10215) target 0.272 (1631.0/3750)

Eval MNIST: [0.    0.655 0.488 0.391 0.255 0.309 0.227 0.279 0.294 0.255] src: 0.655 tgt:0.312
[Train][40] Loss: D -0.951 E_gan 0.989 E_pred 0.010
[Train][40] Acc: source 0.998 (10199.0/10215) target 0.267 (1601.0/3750)
[Train][41] Loss: D -0.969 E_gan 0.994 E_pred 0.009
[Train][41] Acc: source 0.999 (10207.0/10215) target 0.255 (1533.0/3750)
[Train][42] Loss: D -0.974 E_gan 0.993 E_pred 0.012
[Train][42] Acc: source 0.998 (10192.0/10215) target 0.256 (1539.0/3750)
[Train][43] Loss: D -0.990 E_gan 0.998 E_pred 0.010
[Train][43] Acc: source 0.998 (10196.0/10215) target 0.265 (1590.0/3750)
[Train][44] Loss: D -0.950 E_gan 0.981 E_pred 0.012
[Train][44] Acc: source 0.998 (10194.0/10215) target 0.265 (1591.0/3750)
[Train][45] Loss: D -0.973 E_gan 0.986 E_pred 0.008
[Train][45] Acc: source 0.999 (10204.0/10215) target 0.271 (1624.0/3750)
[Train][46] Loss: D -0.981 E_gan 0.997 E_pred 0.007
[Train][46] Acc: source 0.999 (10208.0/10215) target 0.262 (1572.0/3750)
[Train][47] Loss: D -0.852 E_gan 0.860 E_pred 0.011
[Train][47] Acc: source 0.998 (10197.0/10215) target 0.265 (1589.0/3750)
[Train][48] Loss: D -0.975 E_gan 0.991 E_pred 0.009
[Train][48] Acc: source 0.999 (10204.0/10215) target 0.264 (1582.0/3750)
[Train][49] Loss: D -0.998 E_gan 0.999 E_pred 0.008
[Train][49] Acc: source 0.999 (10207.0/10215) target 0.268 (1611.0/3750)

Eval MNIST: [0.    0.664 0.488 0.382 0.276 0.348 0.267 0.33  0.315 0.255] src: 0.664 tgt:0.333
[Train][50] Loss: D nan E_gan nan E_pred 0.009
[Train][50] Acc: source 0.999 (10200.0/10215) target 0.271 (1624.0/3750)
[Train][51] Loss: D -0.950 E_gan 0.984 E_pred 0.011
[Train][51] Acc: source 0.999 (10201.0/10215) target 0.260 (1558.0/3750)
[Train][52] Loss: D -0.946 E_gan 0.985 E_pred 0.007
[Train][52] Acc: source 0.999 (10208.0/10215) target 0.263 (1576.0/3750)
[Train][53] Loss: D -0.956 E_gan 0.990 E_pred 0.010
[Train][53] Acc: source 0.999 (10203.0/10215) target 0.264 (1582.0/3750)
[Train][54] Loss: D nan E_gan nan E_pred 0.006
[Train][54] Acc: source 1.000 (10211.0/10215) target 0.265 (1592.0/3750)
[Train][55] Loss: D -0.987 E_gan 0.997 E_pred 0.009
[Train][55] Acc: source 0.998 (10199.0/10215) target 0.265 (1592.0/3750)
[Train][56] Loss: D -0.970 E_gan 0.981 E_pred 0.006
[Train][56] Acc: source 1.000 (10210.0/10215) target 0.268 (1606.0/3750)
[Train][57] Loss: D -0.963 E_gan 0.990 E_pred 0.009
[Train][57] Acc: source 0.999 (10204.0/10215) target 0.259 (1556.0/3750)
[Train][58] Loss: D -0.976 E_gan 0.992 E_pred 0.007
[Train][58] Acc: source 0.999 (10209.0/10215) target 0.261 (1566.0/3750)
[Train][59] Loss: D -0.962 E_gan 0.993 E_pred 0.005
[Train][59] Acc: source 1.000 (10214.0/10215) target 0.254 (1527.0/3750)

Eval MNIST: [0.    0.639 0.452 0.33  0.197 0.239 0.206 0.245 0.276 0.197] src: 0.639 tgt:0.268
[Train][60] Loss: D -0.971 E_gan 0.995 E_pred 0.008
[Train][60] Acc: source 0.999 (10205.0/10215) target 0.262 (1572.0/3750)
[Train][61] Loss: D -0.983 E_gan 0.997 E_pred 0.009
[Train][61] Acc: source 0.999 (10207.0/10215) target 0.253 (1519.0/3750)
[Train][62] Loss: D -0.978 E_gan 0.992 E_pred 0.007
[Train][62] Acc: source 0.999 (10208.0/10215) target 0.262 (1573.0/3750)
[Train][63] Loss: D -0.979 E_gan 0.996 E_pred 0.008
[Train][63] Acc: source 0.999 (10202.0/10215) target 0.257 (1542.0/3750)
[Train][64] Loss: D -0.983 E_gan 0.996 E_pred 0.008
[Train][64] Acc: source 0.999 (10205.0/10215) target 0.256 (1538.0/3750)
[Train][65] Loss: D -0.984 E_gan 0.996 E_pred 0.005
[Train][65] Acc: source 1.000 (10211.0/10215) target 0.252 (1510.0/3750)
[Train][66] Loss: D -0.991 E_gan 0.997 E_pred 0.008
[Train][66] Acc: source 0.999 (10205.0/10215) target 0.267 (1601.0/3750)
[Train][67] Loss: D nan E_gan nan E_pred 0.008
[Train][67] Acc: source 0.999 (10206.0/10215) target 0.267 (1604.0/3750)
[Train][68] Loss: D -0.975 E_gan 0.991 E_pred 0.006
[Train][68] Acc: source 1.000 (10212.0/10215) target 0.273 (1637.0/3750)
[Train][69] Loss: D -1.000 E_gan 1.000 E_pred 0.010
[Train][69] Acc: source 0.998 (10198.0/10215) target 0.267 (1600.0/3750)

Eval MNIST: [0.    0.639 0.494 0.394 0.255 0.306 0.276 0.285 0.288 0.218] src: 0.639 tgt:0.314
[Train][70] Loss: D -0.552 E_gan 0.592 E_pred 0.006
[Train][70] Acc: source 0.999 (10209.0/10215) target 0.266 (1596.0/3750)
[Train][71] Loss: D -0.948 E_gan 0.990 E_pred 0.006
[Train][71] Acc: source 1.000 (10214.0/10215) target 0.256 (1536.0/3750)
[Train][72] Loss: D -0.953 E_gan 0.993 E_pred 0.006
[Train][72] Acc: source 1.000 (10212.0/10215) target 0.262 (1573.0/3750)
[Train][73] Loss: D -0.966 E_gan 0.993 E_pred 0.005
[Train][73] Acc: source 1.000 (10211.0/10215) target 0.263 (1580.0/3750)
[Train][74] Loss: D -0.962 E_gan 0.993 E_pred 0.008
[Train][74] Acc: source 0.999 (10206.0/10215) target 0.255 (1530.0/3750)
[Train][75] Loss: D -0.979 E_gan 0.996 E_pred 0.007
[Train][75] Acc: source 0.999 (10207.0/10215) target 0.256 (1535.0/3750)
[Train][76] Loss: D -0.925 E_gan 0.939 E_pred 0.008
[Train][76] Acc: source 0.999 (10207.0/10215) target 0.254 (1524.0/3750)
[Train][77] Loss: D -1.000 E_gan 1.000 E_pred 0.008
[Train][77] Acc: source 1.000 (10210.0/10215) target 0.260 (1562.0/3750)
[Train][78] Loss: D -0.962 E_gan 0.978 E_pred 0.008
[Train][78] Acc: source 0.999 (10204.0/10215) target 0.261 (1566.0/3750)
[Train][79] Loss: D -0.882 E_gan 0.894 E_pred 0.006
[Train][79] Acc: source 1.000 (10212.0/10215) target 0.259 (1556.0/3750)

Eval MNIST: [0.    0.682 0.485 0.345 0.255 0.261 0.248 0.282 0.315 0.261] src: 0.682 tgt:0.306
[Train][80] Loss: D -0.998 E_gan 0.999 E_pred 0.008
[Train][80] Acc: source 0.999 (10200.0/10215) target 0.272 (1633.0/3750)
[Train][81] Loss: D -1.000 E_gan 1.000 E_pred 0.003
[Train][81] Acc: source 1.000 (10215.0/10215) target 0.271 (1626.0/3750)
[Train][82] Loss: D -0.268 E_gan 0.266 E_pred 0.006
[Train][82] Acc: source 0.999 (10204.0/10215) target 0.261 (1569.0/3750)
[Train][83] Loss: D nan E_gan nan E_pred 0.006
[Train][83] Acc: source 0.999 (10206.0/10215) target 0.257 (1544.0/3750)
[Train][84] Loss: D 0.000 E_gan 0.000 E_pred 0.003
[Train][84] Acc: source 1.000 (10215.0/10215) target 0.270 (1623.0/3750)
[Train][85] Loss: D 0.000 E_gan 0.001 E_pred 0.005
[Train][85] Acc: source 0.999 (10209.0/10215) target 0.263 (1576.0/3750)
[Train][86] Loss: D -0.002 E_gan 0.013 E_pred 0.008
[Train][86] Acc: source 0.999 (10205.0/10215) target 0.264 (1586.0/3750)
[Train][87] Loss: D 0.000 E_gan 0.000 E_pred 0.004
[Train][87] Acc: source 1.000 (10214.0/10215) target 0.268 (1610.0/3750)
[Train][88] Loss: D 0.000 E_gan 0.002 E_pred 0.006
[Train][88] Acc: source 0.999 (10208.0/10215) target 0.272 (1632.0/3750)
[Train][89] Loss: D 0.001 E_gan 0.002 E_pred 0.006
[Train][89] Acc: source 0.999 (10207.0/10215) target 0.272 (1632.0/3750)

Eval MNIST: [0.    0.673 0.533 0.427 0.236 0.3   0.242 0.321 0.33  0.267] src: 0.673 tgt:0.332
[Train][90] Loss: D -0.091 E_gan 0.210 E_pred 0.006
[Train][90] Acc: source 1.000 (10212.0/10215) target 0.267 (1601.0/3750)
[Train][91] Loss: D -0.796 E_gan 0.907 E_pred 0.012
[Train][91] Acc: source 0.999 (10206.0/10215) target 0.268 (1608.0/3750)
[Train][92] Loss: D -0.969 E_gan 0.990 E_pred 0.010
[Train][92] Acc: source 0.999 (10203.0/10215) target 0.262 (1572.0/3750)
[Train][93] Loss: D -0.743 E_gan 0.822 E_pred 0.007
[Train][93] Acc: source 0.999 (10208.0/10215) target 0.260 (1562.0/3750)
[Train][94] Loss: D -0.762 E_gan 0.907 E_pred 0.009
[Train][94] Acc: source 0.999 (10205.0/10215) target 0.255 (1530.0/3750)
[Train][95] Loss: D -0.996 E_gan 0.999 E_pred 0.005
[Train][95] Acc: source 1.000 (10212.0/10215) target 0.266 (1595.0/3750)
[Train][96] Loss: D -0.869 E_gan 0.924 E_pred 0.006
[Train][96] Acc: source 1.000 (10210.0/10215) target 0.270 (1621.0/3750)
[Train][97] Loss: D nan E_gan nan E_pred 0.006
[Train][97] Acc: source 0.999 (10206.0/10215) target 0.273 (1636.0/3750)
[Train][98] Loss: D -0.870 E_gan 0.987 E_pred 0.008
[Train][98] Acc: source 0.999 (10205.0/10215) target 0.270 (1618.0/3750)
[Train][99] Loss: D -0.159 E_gan 0.175 E_pred 0.006
[Train][99] Acc: source 1.000 (10212.0/10215) target 0.262 (1573.0/3750)

Eval MNIST: [0.    0.682 0.503 0.385 0.291 0.309 0.27  0.3   0.312 0.239] src: 0.682 tgt:0.326
[Train][100] Loss: D -0.916 E_gan 0.957 E_pred 0.004
[Train][100] Acc: source 1.000 (10213.0/10215) target 0.274 (1644.0/3750)
[Train][101] Loss: D -0.998 E_gan 0.999 E_pred 0.005
[Train][101] Acc: source 1.000 (10212.0/10215) target 0.276 (1659.0/3750)
[Train][102] Loss: D -1.000 E_gan 1.000 E_pred 0.006
[Train][102] Acc: source 1.000 (10210.0/10215) target 0.276 (1656.0/3750)
[Train][103] Loss: D -0.167 E_gan 0.170 E_pred 0.004
[Train][103] Acc: source 1.000 (10212.0/10215) target 0.272 (1630.0/3750)
[Train][104] Loss: D 0.000 E_gan 0.000 E_pred 0.005
[Train][104] Acc: source 1.000 (10212.0/10215) target 0.271 (1625.0/3750)
[Train][105] Loss: D -0.472 E_gan 0.527 E_pred 0.004
[Train][105] Acc: source 1.000 (10215.0/10215) target 0.267 (1605.0/3750)
[Train][106] Loss: D -0.994 E_gan 0.999 E_pred 0.005
[Train][106] Acc: source 0.999 (10208.0/10215) target 0.272 (1631.0/3750)
[Train][107] Loss: D -0.999 E_gan 1.000 E_pred 0.007
[Train][107] Acc: source 0.999 (10205.0/10215) target 0.278 (1671.0/3750)
[Train][108] Loss: D -0.787 E_gan 0.792 E_pred 0.004
[Train][108] Acc: source 1.000 (10213.0/10215) target 0.271 (1629.0/3750)
[Train][109] Loss: D 0.000 E_gan 0.000 E_pred 0.004
[Train][109] Acc: source 0.999 (10207.0/10215) target 0.277 (1663.0/3750)

Eval MNIST: [0.    0.612 0.458 0.309 0.227 0.318 0.261 0.303 0.285 0.212] src: 0.612 tgt:0.297
[Train][110] Loss: D -0.249 E_gan 0.318 E_pred 0.005
[Train][110] Acc: source 1.000 (10213.0/10215) target 0.264 (1586.0/3750)
[Train][111] Loss: D -0.987 E_gan 0.996 E_pred 0.006
[Train][111] Acc: source 0.999 (10208.0/10215) target 0.266 (1597.0/3750)
[Train][112] Loss: D -0.998 E_gan 0.999 E_pred 0.004
[Train][112] Acc: source 1.000 (10212.0/10215) target 0.272 (1630.0/3750)
[Train][113] Loss: D -1.000 E_gan 1.000 E_pred 0.004
[Train][113] Acc: source 1.000 (10212.0/10215) target 0.272 (1631.0/3750)
[Train][114] Loss: D -0.999 E_gan 1.000 E_pred 0.005
[Train][114] Acc: source 0.999 (10209.0/10215) target 0.274 (1644.0/3750)
[Train][115] Loss: D -0.999 E_gan 1.000 E_pred 0.004
[Train][115] Acc: source 1.000 (10212.0/10215) target 0.275 (1649.0/3750)
[Train][116] Loss: D -0.998 E_gan 1.000 E_pred 0.004
[Train][116] Acc: source 1.000 (10214.0/10215) target 0.278 (1668.0/3750)
[Train][117] Loss: D -1.000 E_gan 1.000 E_pred 0.006
[Train][117] Acc: source 0.999 (10208.0/10215) target 0.274 (1646.0/3750)
[Train][118] Loss: D -0.993 E_gan 0.998 E_pred 0.004
[Train][118] Acc: source 1.000 (10212.0/10215) target 0.271 (1627.0/3750)
[Train][119] Loss: D -0.999 E_gan 1.000 E_pred 0.004
[Train][119] Acc: source 1.000 (10212.0/10215) target 0.279 (1677.0/3750)

Eval MNIST: [0.    0.688 0.521 0.391 0.264 0.321 0.282 0.33  0.342 0.282] src: 0.688 tgt:0.342
[Train][120] Loss: D -0.998 E_gan 1.000 E_pred 0.007
[Train][120] Acc: source 0.999 (10201.0/10215) target 0.275 (1648.0/3750)
[Train][121] Loss: D -0.999 E_gan 1.000 E_pred 0.002
[Train][121] Acc: source 1.000 (10215.0/10215) target 0.281 (1687.0/3750)
[Train][122] Loss: D -0.998 E_gan 0.999 E_pred 0.003
[Train][122] Acc: source 1.000 (10212.0/10215) target 0.276 (1657.0/3750)
[Train][123] Loss: D -1.000 E_gan 1.000 E_pred 0.005
[Train][123] Acc: source 0.999 (10209.0/10215) target 0.273 (1639.0/3750)
[Train][124] Loss: D -0.999 E_gan 1.000 E_pred 0.005
[Train][124] Acc: source 0.999 (10206.0/10215) target 0.275 (1652.0/3750)
[Train][125] Loss: D -1.000 E_gan 1.000 E_pred 0.003
[Train][125] Acc: source 1.000 (10215.0/10215) target 0.273 (1636.0/3750)
[Train][126] Loss: D nan E_gan nan E_pred 0.004
[Train][126] Acc: source 1.000 (10211.0/10215) target 0.284 (1702.0/3750)
[Train][127] Loss: D -0.994 E_gan 0.999 E_pred 0.005
[Train][127] Acc: source 1.000 (10211.0/10215) target 0.275 (1648.0/3750)
[Train][128] Loss: D -0.998 E_gan 1.000 E_pred 0.003
[Train][128] Acc: source 1.000 (10213.0/10215) target 0.278 (1669.0/3750)
[Train][129] Loss: D -1.000 E_gan 1.000 E_pred 0.004
[Train][129] Acc: source 1.000 (10211.0/10215) target 0.280 (1680.0/3750)

Eval MNIST: [0.    0.667 0.521 0.397 0.261 0.318 0.23  0.315 0.3   0.273] src: 0.667 tgt:0.327
[Train][130] Loss: D -0.998 E_gan 1.000 E_pred 0.004
[Train][130] Acc: source 1.000 (10210.0/10215) target 0.282 (1693.0/3750)
[Train][131] Loss: D -1.000 E_gan 1.000 E_pred 0.002
[Train][131] Acc: source 1.000 (10215.0/10215) target 0.279 (1676.0/3750)
[Train][132] Loss: D -1.000 E_gan 1.000 E_pred 0.003
[Train][132] Acc: source 1.000 (10214.0/10215) target 0.276 (1656.0/3750)
[Train][133] Loss: D -0.999 E_gan 1.000 E_pred 0.005
[Train][133] Acc: source 1.000 (10210.0/10215) target 0.278 (1666.0/3750)
[Train][134] Loss: D -1.000 E_gan 1.000 E_pred 0.004
[Train][134] Acc: source 0.999 (10207.0/10215) target 0.282 (1695.0/3750)
[Train][135] Loss: D -0.999 E_gan 1.000 E_pred 0.003
[Train][135] Acc: source 1.000 (10215.0/10215) target 0.276 (1654.0/3750)
[Train][136] Loss: D -1.000 E_gan 1.000 E_pred 0.006
[Train][136] Acc: source 1.000 (10213.0/10215) target 0.273 (1636.0/3750)
[Train][137] Loss: D -0.996 E_gan 0.999 E_pred 0.002
[Train][137] Acc: source 1.000 (10215.0/10215) target 0.271 (1625.0/3750)
[Train][138] Loss: D -0.998 E_gan 1.000 E_pred 0.006
[Train][138] Acc: source 0.999 (10204.0/10215) target 0.281 (1684.0/3750)
[Train][139] Loss: D -1.000 E_gan 1.000 E_pred 0.002
[Train][139] Acc: source 1.000 (10214.0/10215) target 0.286 (1716.0/3750)

Eval MNIST: [0.    0.679 0.521 0.361 0.3   0.315 0.291 0.309 0.33  0.288] src: 0.679 tgt:0.339
[Train][140] Loss: D -1.000 E_gan 1.000 E_pred 0.004
[Train][140] Acc: source 1.000 (10211.0/10215) target 0.275 (1649.0/3750)
[Train][141] Loss: D -0.999 E_gan 1.000 E_pred 0.005
[Train][141] Acc: source 0.999 (10206.0/10215) target 0.277 (1660.0/3750)
[Train][142] Loss: D -1.000 E_gan 1.000 E_pred 0.005
[Train][142] Acc: source 0.999 (10206.0/10215) target 0.277 (1662.0/3750)
[Train][143] Loss: D -1.000 E_gan 1.000 E_pred 0.005
[Train][143] Acc: source 0.999 (10209.0/10215) target 0.281 (1686.0/3750)
[Train][144] Loss: D -1.000 E_gan 1.000 E_pred 0.002
[Train][144] Acc: source 1.000 (10215.0/10215) target 0.286 (1718.0/3750)
[Train][145] Loss: D -0.999 E_gan 1.000 E_pred 0.004
[Train][145] Acc: source 1.000 (10213.0/10215) target 0.275 (1649.0/3750)
[Train][146] Loss: D -0.996 E_gan 0.999 E_pred 0.006
[Train][146] Acc: source 0.999 (10207.0/10215) target 0.265 (1590.0/3750)
[Train][147] Loss: D -1.000 E_gan 1.000 E_pred 0.002
[Train][147] Acc: source 1.000 (10215.0/10215) target 0.276 (1656.0/3750)
[Train][148] Loss: D -1.000 E_gan 1.000 E_pred 0.004
[Train][148] Acc: source 1.000 (10210.0/10215) target 0.279 (1674.0/3750)
[Train][149] Loss: D -1.000 E_gan 1.000 E_pred 0.004
[Train][149] Acc: source 1.000 (10211.0/10215) target 0.277 (1664.0/3750)

Eval MNIST: [0.    0.67  0.524 0.403 0.309 0.324 0.294 0.297 0.358 0.273] src: 0.67 tgt:0.348
