[Train][0] Loss: E_pred 1.526
[Train][0] Acc: source 0.445 (4550.0/10215) target 0.176 (1058.0/3750)
[Train][1] Loss: E_pred 1.100
[Train][1] Acc: source 0.586 (5981.0/10215) target 0.208 (1251.0/3750)
[Train][2] Loss: E_pred 0.927
[Train][2] Acc: source 0.650 (6641.0/10215) target 0.214 (1284.0/3750)
[Train][3] Loss: E_pred 0.806
[Train][3] Acc: source 0.706 (7211.0/10215) target 0.223 (1338.0/3750)
[Train][4] Loss: E_pred 0.703
[Train][4] Acc: source 0.743 (7594.0/10215) target 0.228 (1366.0/3750)
[Train][5] Loss: E_pred 0.615
[Train][5] Acc: source 0.778 (7949.0/10215) target 0.224 (1344.0/3750)
[Train][6] Loss: E_pred 0.535
[Train][6] Acc: source 0.811 (8283.0/10215) target 0.225 (1351.0/3750)
[Train][7] Loss: E_pred 0.465
[Train][7] Acc: source 0.836 (8537.0/10215) target 0.228 (1367.0/3750)
[Train][8] Loss: E_pred 0.404
[Train][8] Acc: source 0.859 (8776.0/10215) target 0.239 (1437.0/3750)
[Train][9] Loss: E_pred 0.346
[Train][9] Acc: source 0.883 (9023.0/10215) target 0.239 (1435.0/3750)

Eval MNIST: [0.    0.679 0.5   0.385 0.239 0.279 0.27  0.309 0.306 0.242] src: 0.679 tgt:0.316
[Train][10] Loss: E_pred 0.284
[Train][10] Acc: source 0.910 (9298.0/10215) target 0.242 (1452.0/3750)
[Train][11] Loss: E_pred 0.229
[Train][11] Acc: source 0.926 (9457.0/10215) target 0.251 (1509.0/3750)
[Train][12] Loss: E_pred 0.205
[Train][12] Acc: source 0.936 (9564.0/10215) target 0.247 (1485.0/3750)
[Train][13] Loss: E_pred 0.165
[Train][13] Acc: source 0.952 (9723.0/10215) target 0.250 (1500.0/3750)
[Train][14] Loss: E_pred 0.143
[Train][14] Acc: source 0.959 (9798.0/10215) target 0.245 (1472.0/3750)
[Train][15] Loss: E_pred 0.115
[Train][15] Acc: source 0.971 (9914.0/10215) target 0.249 (1494.0/3750)
[Train][16] Loss: E_pred 0.111
[Train][16] Acc: source 0.968 (9891.0/10215) target 0.254 (1525.0/3750)
[Train][17] Loss: E_pred 0.086
[Train][17] Acc: source 0.978 (9992.0/10215) target 0.253 (1517.0/3750)
[Train][18] Loss: E_pred 0.062
[Train][18] Acc: source 0.986 (10075.0/10215) target 0.251 (1507.0/3750)
[Train][19] Loss: E_pred 0.077
[Train][19] Acc: source 0.981 (10018.0/10215) target 0.256 (1537.0/3750)

Eval MNIST: [0.    0.63  0.533 0.436 0.33  0.303 0.242 0.345 0.309 0.258] src: 0.63 tgt:0.345
[Train][20] Loss: E_pred 0.068
[Train][20] Acc: source 0.983 (10041.0/10215) target 0.254 (1523.0/3750)
[Train][21] Loss: E_pred 0.058
[Train][21] Acc: source 0.985 (10061.0/10215) target 0.249 (1496.0/3750)
[Train][22] Loss: E_pred 0.058
[Train][22] Acc: source 0.985 (10062.0/10215) target 0.263 (1578.0/3750)
[Train][23] Loss: E_pred 0.045
[Train][23] Acc: source 0.989 (10099.0/10215) target 0.260 (1563.0/3750)
[Train][24] Loss: E_pred 0.051
[Train][24] Acc: source 0.986 (10070.0/10215) target 0.256 (1534.0/3750)
[Train][25] Loss: E_pred 0.036
[Train][25] Acc: source 0.992 (10129.0/10215) target 0.260 (1561.0/3750)
[Train][26] Loss: E_pred 0.051
[Train][26] Acc: source 0.987 (10080.0/10215) target 0.255 (1533.0/3750)
[Train][27] Loss: E_pred 0.033
[Train][27] Acc: source 0.992 (10134.0/10215) target 0.261 (1568.0/3750)
[Train][28] Loss: E_pred 0.017
[Train][28] Acc: source 0.997 (10189.0/10215) target 0.267 (1605.0/3750)
[Train][29] Loss: E_pred 0.070
[Train][29] Acc: source 0.978 (9990.0/10215) target 0.261 (1567.0/3750)

Eval MNIST: [0.    0.664 0.506 0.421 0.279 0.297 0.227 0.297 0.279 0.233] src: 0.664 tgt:0.317
[Train][30] Loss: E_pred 0.040
[Train][30] Acc: source 0.990 (10113.0/10215) target 0.260 (1560.0/3750)
[Train][31] Loss: E_pred 0.017
[Train][31] Acc: source 0.997 (10188.0/10215) target 0.260 (1560.0/3750)
[Train][32] Loss: E_pred 0.027
[Train][32] Acc: source 0.992 (10135.0/10215) target 0.264 (1585.0/3750)
[Train][33] Loss: E_pred 0.037
[Train][33] Acc: source 0.991 (10119.0/10215) target 0.259 (1553.0/3750)
[Train][34] Loss: E_pred 0.016
[Train][34] Acc: source 0.997 (10186.0/10215) target 0.261 (1564.0/3750)
[Train][35] Loss: E_pred 0.013
[Train][35] Acc: source 0.998 (10194.0/10215) target 0.259 (1554.0/3750)
[Train][36] Loss: E_pred 0.023
[Train][36] Acc: source 0.993 (10143.0/10215) target 0.267 (1604.0/3750)
[Train][37] Loss: E_pred 0.063
[Train][37] Acc: source 0.982 (10029.0/10215) target 0.267 (1600.0/3750)
[Train][38] Loss: E_pred 0.008
[Train][38] Acc: source 1.000 (10213.0/10215) target 0.272 (1635.0/3750)
[Train][39] Loss: E_pred 0.003
[Train][39] Acc: source 1.000 (10215.0/10215) target 0.273 (1639.0/3750)

Eval MNIST: [0.    0.691 0.518 0.421 0.291 0.345 0.258 0.348 0.309 0.276] src: 0.691 tgt:0.346
[Train][40] Loss: E_pred 0.054
[Train][40] Acc: source 0.982 (10031.0/10215) target 0.265 (1588.0/3750)
[Train][41] Loss: E_pred 0.021
[Train][41] Acc: source 0.996 (10176.0/10215) target 0.266 (1598.0/3750)
[Train][42] Loss: E_pred 0.010
[Train][42] Acc: source 0.999 (10200.0/10215) target 0.263 (1577.0/3750)
[Train][43] Loss: E_pred 0.004
[Train][43] Acc: source 1.000 (10215.0/10215) target 0.267 (1601.0/3750)
[Train][44] Loss: E_pred 0.003
[Train][44] Acc: source 1.000 (10213.0/10215) target 0.272 (1632.0/3750)
[Train][45] Loss: E_pred 0.077
[Train][45] Acc: source 0.974 (9948.0/10215) target 0.260 (1560.0/3750)
[Train][46] Loss: E_pred 0.014
[Train][46] Acc: source 0.997 (10189.0/10215) target 0.267 (1600.0/3750)
[Train][47] Loss: E_pred 0.004
[Train][47] Acc: source 1.000 (10214.0/10215) target 0.272 (1631.0/3750)
[Train][48] Loss: E_pred 0.003
[Train][48] Acc: source 1.000 (10214.0/10215) target 0.280 (1679.0/3750)
[Train][49] Loss: E_pred 0.004
[Train][49] Acc: source 1.000 (10212.0/10215) target 0.278 (1669.0/3750)

Eval MNIST: [0.    0.703 0.536 0.412 0.279 0.291 0.245 0.345 0.342 0.218] src: 0.703 tgt:0.334
[Train][50] Loss: E_pred 0.067
[Train][50] Acc: source 0.978 (9994.0/10215) target 0.260 (1558.0/3750)
[Train][51] Loss: E_pred 0.011
[Train][51] Acc: source 0.998 (10196.0/10215) target 0.268 (1606.0/3750)
[Train][52] Loss: E_pred 0.006
[Train][52] Acc: source 0.999 (10208.0/10215) target 0.272 (1633.0/3750)
[Train][53] Loss: E_pred 0.003
[Train][53] Acc: source 1.000 (10213.0/10215) target 0.276 (1656.0/3750)
[Train][54] Loss: E_pred 0.046
[Train][54] Acc: source 0.986 (10067.0/10215) target 0.251 (1504.0/3750)
[Train][55] Loss: E_pred 0.011
[Train][55] Acc: source 0.998 (10197.0/10215) target 0.252 (1512.0/3750)
[Train][56] Loss: E_pred 0.002
[Train][56] Acc: source 1.000 (10215.0/10215) target 0.262 (1575.0/3750)
[Train][57] Loss: E_pred 0.002
[Train][57] Acc: source 1.000 (10215.0/10215) target 0.269 (1616.0/3750)
[Train][58] Loss: E_pred 0.038
[Train][58] Acc: source 0.988 (10091.0/10215) target 0.255 (1533.0/3750)
[Train][59] Loss: E_pred 0.025
[Train][59] Acc: source 0.994 (10158.0/10215) target 0.269 (1612.0/3750)

Eval MNIST: [0.    0.676 0.527 0.436 0.291 0.309 0.261 0.336 0.306 0.27 ] src: 0.676 tgt:0.342
[Train][60] Loss: E_pred 0.003
[Train][60] Acc: source 1.000 (10215.0/10215) target 0.278 (1668.0/3750)
[Train][61] Loss: E_pred 0.002
[Train][61] Acc: source 1.000 (10214.0/10215) target 0.274 (1643.0/3750)
[Train][62] Loss: E_pred 0.002
[Train][62] Acc: source 1.000 (10214.0/10215) target 0.271 (1628.0/3750)
[Train][63] Loss: E_pred 0.046
[Train][63] Acc: source 0.986 (10069.0/10215) target 0.256 (1537.0/3750)
[Train][64] Loss: E_pred 0.007
[Train][64] Acc: source 1.000 (10210.0/10215) target 0.265 (1592.0/3750)
[Train][65] Loss: E_pred 0.003
[Train][65] Acc: source 1.000 (10214.0/10215) target 0.265 (1591.0/3750)
[Train][66] Loss: E_pred 0.002
[Train][66] Acc: source 1.000 (10215.0/10215) target 0.273 (1640.0/3750)
[Train][67] Loss: E_pred 0.001
[Train][67] Acc: source 1.000 (10215.0/10215) target 0.271 (1624.0/3750)
[Train][68] Loss: E_pred 0.040
[Train][68] Acc: source 0.987 (10085.0/10215) target 0.260 (1562.0/3750)
[Train][69] Loss: E_pred 0.008
[Train][69] Acc: source 0.999 (10207.0/10215) target 0.269 (1613.0/3750)

Eval MNIST: [0.    0.676 0.491 0.409 0.294 0.324 0.273 0.324 0.333 0.252] src: 0.676 tgt:0.337
[Train][70] Loss: E_pred 0.003
[Train][70] Acc: source 1.000 (10215.0/10215) target 0.275 (1651.0/3750)
[Train][71] Loss: E_pred 0.002
[Train][71] Acc: source 1.000 (10215.0/10215) target 0.281 (1684.0/3750)
[Train][72] Loss: E_pred 0.001
[Train][72] Acc: source 1.000 (10215.0/10215) target 0.275 (1652.0/3750)
[Train][73] Loss: E_pred 0.001
[Train][73] Acc: source 1.000 (10215.0/10215) target 0.274 (1646.0/3750)
[Train][74] Loss: E_pred 0.001
[Train][74] Acc: source 1.000 (10215.0/10215) target 0.277 (1662.0/3750)
[Train][75] Loss: E_pred 0.050
[Train][75] Acc: source 0.985 (10060.0/10215) target 0.265 (1592.0/3750)
[Train][76] Loss: E_pred 0.009
[Train][76] Acc: source 0.999 (10206.0/10215) target 0.269 (1613.0/3750)
[Train][77] Loss: E_pred 0.003
[Train][77] Acc: source 1.000 (10215.0/10215) target 0.271 (1625.0/3750)
[Train][78] Loss: E_pred 0.002
[Train][78] Acc: source 1.000 (10215.0/10215) target 0.276 (1655.0/3750)
[Train][79] Loss: E_pred 0.001
[Train][79] Acc: source 1.000 (10215.0/10215) target 0.274 (1644.0/3750)

Eval MNIST: [0.    0.7   0.536 0.427 0.303 0.315 0.267 0.348 0.333 0.261] src: 0.7 tgt:0.349
[Train][80] Loss: E_pred 0.001
[Train][80] Acc: source 1.000 (10215.0/10215) target 0.277 (1663.0/3750)
[Train][81] Loss: E_pred 0.001
[Train][81] Acc: source 1.000 (10215.0/10215) target 0.279 (1673.0/3750)
[Train][82] Loss: E_pred 0.041
[Train][82] Acc: source 0.986 (10075.0/10215) target 0.261 (1567.0/3750)
[Train][83] Loss: E_pred 0.008
[Train][83] Acc: source 0.999 (10206.0/10215) target 0.267 (1602.0/3750)
[Train][84] Loss: E_pred 0.003
[Train][84] Acc: source 1.000 (10214.0/10215) target 0.273 (1637.0/3750)
[Train][85] Loss: E_pred 0.002
[Train][85] Acc: source 1.000 (10215.0/10215) target 0.274 (1645.0/3750)
[Train][86] Loss: E_pred 0.002
[Train][86] Acc: source 1.000 (10215.0/10215) target 0.273 (1638.0/3750)
[Train][87] Loss: E_pred 0.005
[Train][87] Acc: source 0.999 (10205.0/10215) target 0.271 (1624.0/3750)
[Train][88] Loss: E_pred 0.035
[Train][88] Acc: source 0.991 (10119.0/10215) target 0.265 (1589.0/3750)
[Train][89] Loss: E_pred 0.003
[Train][89] Acc: source 1.000 (10213.0/10215) target 0.271 (1629.0/3750)

Eval MNIST: [0.    0.691 0.512 0.397 0.336 0.33  0.242 0.345 0.33  0.252] src: 0.691 tgt:0.343
[Train][90] Loss: E_pred 0.002
[Train][90] Acc: source 1.000 (10215.0/10215) target 0.283 (1701.0/3750)
[Train][91] Loss: E_pred 0.001
[Train][91] Acc: source 1.000 (10215.0/10215) target 0.280 (1682.0/3750)
[Train][92] Loss: E_pred 0.001
[Train][92] Acc: source 1.000 (10215.0/10215) target 0.275 (1650.0/3750)
[Train][93] Loss: E_pred 0.017
[Train][93] Acc: source 0.995 (10162.0/10215) target 0.274 (1643.0/3750)
[Train][94] Loss: E_pred 0.014
[Train][94] Acc: source 0.998 (10195.0/10215) target 0.264 (1586.0/3750)
[Train][95] Loss: E_pred 0.003
[Train][95] Acc: source 1.000 (10215.0/10215) target 0.276 (1656.0/3750)
[Train][96] Loss: E_pred 0.002
[Train][96] Acc: source 1.000 (10214.0/10215) target 0.280 (1682.0/3750)
[Train][97] Loss: E_pred 0.001
[Train][97] Acc: source 1.000 (10215.0/10215) target 0.281 (1685.0/3750)
[Train][98] Loss: E_pred 0.001
[Train][98] Acc: source 1.000 (10215.0/10215) target 0.279 (1672.0/3750)
[Train][99] Loss: E_pred 0.001
[Train][99] Acc: source 1.000 (10215.0/10215) target 0.282 (1693.0/3750)

Eval MNIST: [0.    0.682 0.527 0.418 0.297 0.321 0.267 0.388 0.342 0.245] src: 0.682 tgt:0.351
[Train][100] Loss: E_pred 0.033
[Train][100] Acc: source 0.990 (10116.0/10215) target 0.261 (1568.0/3750)
[Train][101] Loss: E_pred 0.004
[Train][101] Acc: source 1.000 (10212.0/10215) target 0.277 (1662.0/3750)
[Train][102] Loss: E_pred 0.002
[Train][102] Acc: source 1.000 (10215.0/10215) target 0.276 (1658.0/3750)
[Train][103] Loss: E_pred 0.001
[Train][103] Acc: source 1.000 (10215.0/10215) target 0.273 (1641.0/3750)
[Train][104] Loss: E_pred 0.010
[Train][104] Acc: source 0.998 (10198.0/10215) target 0.269 (1615.0/3750)
[Train][105] Loss: E_pred 0.002
[Train][105] Acc: source 1.000 (10215.0/10215) target 0.273 (1640.0/3750)
[Train][106] Loss: E_pred 0.006
[Train][106] Acc: source 0.999 (10204.0/10215) target 0.273 (1639.0/3750)
[Train][107] Loss: E_pred 0.002
[Train][107] Acc: source 1.000 (10215.0/10215) target 0.276 (1658.0/3750)
[Train][108] Loss: E_pred 0.001
[Train][108] Acc: source 1.000 (10215.0/10215) target 0.285 (1708.0/3750)
[Train][109] Loss: E_pred 0.001
[Train][109] Acc: source 1.000 (10215.0/10215) target 0.278 (1666.0/3750)

Eval MNIST: [0.    0.697 0.503 0.412 0.309 0.348 0.291 0.333 0.324 0.239] src: 0.697 tgt:0.345
[Train][110] Loss: E_pred 0.010
[Train][110] Acc: source 0.997 (10185.0/10215) target 0.278 (1671.0/3750)
[Train][111] Loss: E_pred 0.008
[Train][111] Acc: source 0.999 (10205.0/10215) target 0.270 (1621.0/3750)
[Train][112] Loss: E_pred 0.002
[Train][112] Acc: source 1.000 (10215.0/10215) target 0.279 (1675.0/3750)
[Train][113] Loss: E_pred 0.001
[Train][113] Acc: source 1.000 (10215.0/10215) target 0.275 (1652.0/3750)
[Train][114] Loss: E_pred 0.001
[Train][114] Acc: source 1.000 (10215.0/10215) target 0.281 (1688.0/3750)
[Train][115] Loss: E_pred 0.001
[Train][115] Acc: source 1.000 (10215.0/10215) target 0.283 (1700.0/3750)
[Train][116] Loss: E_pred 0.001
[Train][116] Acc: source 1.000 (10215.0/10215) target 0.285 (1711.0/3750)
[Train][117] Loss: E_pred 0.022
[Train][117] Acc: source 0.993 (10145.0/10215) target 0.273 (1637.0/3750)
[Train][118] Loss: E_pred 0.003
[Train][118] Acc: source 1.000 (10211.0/10215) target 0.281 (1685.0/3750)
[Train][119] Loss: E_pred 0.002
[Train][119] Acc: source 1.000 (10215.0/10215) target 0.285 (1711.0/3750)

Eval MNIST: [0.    0.691 0.497 0.427 0.312 0.282 0.294 0.361 0.321 0.255] src: 0.691 tgt:0.344
[Train][120] Loss: E_pred 0.001
[Train][120] Acc: source 1.000 (10215.0/10215) target 0.287 (1720.0/3750)
[Train][121] Loss: E_pred 0.001
[Train][121] Acc: source 1.000 (10215.0/10215) target 0.285 (1709.0/3750)
[Train][122] Loss: E_pred 0.001
[Train][122] Acc: source 1.000 (10215.0/10215) target 0.289 (1732.0/3750)
[Train][123] Loss: E_pred 0.001
[Train][123] Acc: source 1.000 (10215.0/10215) target 0.283 (1699.0/3750)
[Train][124] Loss: E_pred 0.001
[Train][124] Acc: source 1.000 (10215.0/10215) target 0.282 (1694.0/3750)
[Train][125] Loss: E_pred 0.008
[Train][125] Acc: source 0.997 (10188.0/10215) target 0.273 (1641.0/3750)
[Train][126] Loss: E_pred 0.009
[Train][126] Acc: source 0.999 (10202.0/10215) target 0.276 (1657.0/3750)
[Train][127] Loss: E_pred 0.002
[Train][127] Acc: source 1.000 (10215.0/10215) target 0.276 (1657.0/3750)
[Train][128] Loss: E_pred 0.001
[Train][128] Acc: source 1.000 (10214.0/10215) target 0.278 (1671.0/3750)
[Train][129] Loss: E_pred 0.003
[Train][129] Acc: source 1.000 (10211.0/10215) target 0.275 (1653.0/3750)

Eval MNIST: [0.    0.688 0.479 0.415 0.306 0.321 0.267 0.333 0.336 0.252] src: 0.688 tgt:0.339
[Train][130] Loss: E_pred 0.001
[Train][130] Acc: source 1.000 (10215.0/10215) target 0.279 (1675.0/3750)
[Train][131] Loss: E_pred 0.001
[Train][131] Acc: source 1.000 (10215.0/10215) target 0.281 (1686.0/3750)
[Train][132] Loss: E_pred 0.001
[Train][132] Acc: source 1.000 (10215.0/10215) target 0.284 (1702.0/3750)
[Train][133] Loss: E_pred 0.001
[Train][133] Acc: source 1.000 (10215.0/10215) target 0.277 (1664.0/3750)
[Train][134] Loss: E_pred 0.015
[Train][134] Acc: source 0.996 (10177.0/10215) target 0.265 (1593.0/3750)
[Train][135] Loss: E_pred 0.003
[Train][135] Acc: source 1.000 (10214.0/10215) target 0.274 (1643.0/3750)
[Train][136] Loss: E_pred 0.001
[Train][136] Acc: source 1.000 (10215.0/10215) target 0.277 (1661.0/3750)
[Train][137] Loss: E_pred 0.001
[Train][137] Acc: source 1.000 (10215.0/10215) target 0.279 (1673.0/3750)
[Train][138] Loss: E_pred 0.007
[Train][138] Acc: source 0.999 (10200.0/10215) target 0.269 (1613.0/3750)
[Train][139] Loss: E_pred 0.003
[Train][139] Acc: source 1.000 (10214.0/10215) target 0.282 (1692.0/3750)

Eval MNIST: [0.    0.694 0.47  0.409 0.342 0.327 0.303 0.376 0.333 0.27 ] src: 0.694 tgt:0.354
[Train][140] Loss: E_pred 0.001
[Train][140] Acc: source 1.000 (10215.0/10215) target 0.281 (1684.0/3750)
[Train][141] Loss: E_pred 0.001
[Train][141] Acc: source 1.000 (10215.0/10215) target 0.282 (1692.0/3750)
[Train][142] Loss: E_pred 0.001
[Train][142] Acc: source 1.000 (10215.0/10215) target 0.283 (1698.0/3750)
[Train][143] Loss: E_pred 0.001
[Train][143] Acc: source 1.000 (10215.0/10215) target 0.280 (1679.0/3750)
[Train][144] Loss: E_pred 0.001
[Train][144] Acc: source 1.000 (10215.0/10215) target 0.284 (1702.0/3750)
[Train][145] Loss: E_pred 0.001
[Train][145] Acc: source 1.000 (10215.0/10215) target 0.281 (1685.0/3750)
[Train][146] Loss: E_pred 0.001
[Train][146] Acc: source 1.000 (10215.0/10215) target 0.279 (1673.0/3750)
[Train][147] Loss: E_pred 0.013
[Train][147] Acc: source 0.997 (10182.0/10215) target 0.263 (1580.0/3750)
[Train][148] Loss: E_pred 0.002
[Train][148] Acc: source 1.000 (10215.0/10215) target 0.279 (1676.0/3750)
[Train][149] Loss: E_pred 0.001
[Train][149] Acc: source 1.000 (10215.0/10215) target 0.280 (1683.0/3750)

Eval MNIST: [0.    0.67  0.512 0.403 0.339 0.3   0.282 0.37  0.324 0.242] src: 0.67 tgt:0.347
