[Train][0] Loss: D 12.731 E_gan -7.599 E_pred 2.249
[Train][0] Acc: source 0.170 (1732.0/10215) target 0.074 (444.0/3750)
[Train][1] Loss: D 0.796 E_gan -0.580 E_pred 2.173
[Train][1] Acc: source 0.197 (2011.0/10215) target 0.080 (481.0/3750)
[Train][2] Loss: D 1.694 E_gan -1.206 E_pred 2.147
[Train][2] Acc: source 0.212 (2165.0/10215) target 0.078 (471.0/3750)
[Train][3] Loss: D 0.065 E_gan -0.058 E_pred 2.085
[Train][3] Acc: source 0.239 (2441.0/10215) target 0.080 (478.0/3750)
[Train][4] Loss: D 0.251 E_gan -0.192 E_pred 2.006
[Train][4] Acc: source 0.273 (2789.0/10215) target 0.097 (583.0/3750)
[Train][5] Loss: D 1.218 E_gan -0.760 E_pred 1.951
[Train][5] Acc: source 0.292 (2980.0/10215) target 0.100 (599.0/3750)
[Train][6] Loss: D 0.437 E_gan -0.326 E_pred 2.054
[Train][6] Acc: source 0.250 (2553.0/10215) target 0.088 (528.0/3750)
[Train][7] Loss: D 0.094 E_gan -0.075 E_pred 1.924
[Train][7] Acc: source 0.303 (3100.0/10215) target 0.103 (620.0/3750)
[Train][8] Loss: D 0.042 E_gan -0.035 E_pred 1.791
[Train][8] Acc: source 0.362 (3697.0/10215) target 0.114 (684.0/3750)
[Train][9] Loss: D 0.806 E_gan -0.572 E_pred 1.893
[Train][9] Acc: source 0.306 (3123.0/10215) target 0.100 (601.0/3750)

Eval MNIST: [0.    0.391 0.345 0.324 0.085 0.061 0.07  0.109 0.082 0.088] src: 0.391 tgt:0.145
[Train][10] Loss: D 0.015 E_gan -0.013 E_pred 1.687
[Train][10] Acc: source 0.385 (3931.0/10215) target 0.123 (739.0/3750)
[Train][11] Loss: D 0.012 E_gan -0.011 E_pred 1.496
[Train][11] Acc: source 0.447 (4564.0/10215) target 0.125 (751.0/3750)
[Train][12] Loss: D 0.011 E_gan -0.010 E_pred 1.384
[Train][12] Acc: source 0.484 (4941.0/10215) target 0.137 (825.0/3750)
[Train][13] Loss: D 0.043 E_gan -0.036 E_pred 1.277
[Train][13] Acc: source 0.520 (5316.0/10215) target 0.138 (828.0/3750)
[Train][14] Loss: D 0.057 E_gan -0.047 E_pred 1.210
[Train][14] Acc: source 0.543 (5551.0/10215) target 0.152 (915.0/3750)
[Train][15] Loss: D 0.047 E_gan -0.038 E_pred 1.131
[Train][15] Acc: source 0.565 (5771.0/10215) target 0.148 (888.0/3750)
[Train][16] Loss: D 0.032 E_gan -0.027 E_pred 1.062
[Train][16] Acc: source 0.590 (6025.0/10215) target 0.154 (923.0/3750)
[Train][17] Loss: D 0.026 E_gan -0.022 E_pred 1.015
[Train][17] Acc: source 0.609 (6218.0/10215) target 0.159 (957.0/3750)
[Train][18] Loss: D 0.032 E_gan -0.026 E_pred 0.954
[Train][18] Acc: source 0.631 (6442.0/10215) target 0.149 (894.0/3750)
[Train][19] Loss: D 0.030 E_gan -0.024 E_pred 0.898
[Train][19] Acc: source 0.649 (6630.0/10215) target 0.164 (982.0/3750)

Eval MNIST: [0.    0.597 0.512 0.4   0.109 0.13  0.091 0.118 0.118 0.082] src: 0.597 tgt:0.195
[Train][20] Loss: D 0.012 E_gan -0.010 E_pred 0.836
[Train][20] Acc: source 0.683 (6979.0/10215) target 0.170 (1023.0/3750)
[Train][21] Loss: D 0.025 E_gan -0.021 E_pred 0.777
[Train][21] Acc: source 0.709 (7241.0/10215) target 0.169 (1014.0/3750)
[Train][22] Loss: D 0.010 E_gan -0.008 E_pred 0.699
[Train][22] Acc: source 0.741 (7571.0/10215) target 0.178 (1069.0/3750)
[Train][23] Loss: D 0.008 E_gan -0.007 E_pred 0.648
[Train][23] Acc: source 0.758 (7744.0/10215) target 0.175 (1049.0/3750)
[Train][24] Loss: D 0.015 E_gan -0.013 E_pred 0.576
[Train][24] Acc: source 0.791 (8082.0/10215) target 0.184 (1104.0/3750)
[Train][25] Loss: D 0.006 E_gan -0.005 E_pred 0.507
[Train][25] Acc: source 0.823 (8411.0/10215) target 0.196 (1174.0/3750)
[Train][26] Loss: D 0.005 E_gan -0.005 E_pred 0.462
[Train][26] Acc: source 0.839 (8566.0/10215) target 0.204 (1226.0/3750)
[Train][27] Loss: D 0.006 E_gan -0.006 E_pred 0.399
[Train][27] Acc: source 0.863 (8813.0/10215) target 0.207 (1243.0/3750)
[Train][28] Loss: D 0.009 E_gan -0.007 E_pred 0.325
[Train][28] Acc: source 0.897 (9163.0/10215) target 0.209 (1255.0/3750)
[Train][29] Loss: D 0.008 E_gan -0.006 E_pred 0.282
[Train][29] Acc: source 0.916 (9357.0/10215) target 0.200 (1202.0/3750)

Eval MNIST: [0.    0.667 0.573 0.461 0.2   0.197 0.142 0.218 0.185 0.197] src: 0.667 tgt:0.272
[Train][30] Loss: D 0.004 E_gan -0.003 E_pred 0.240
[Train][30] Acc: source 0.930 (9502.0/10215) target 0.202 (1212.0/3750)
[Train][31] Loss: D 0.003 E_gan -0.003 E_pred 0.201
[Train][31] Acc: source 0.942 (9627.0/10215) target 0.222 (1332.0/3750)
[Train][32] Loss: D 0.003 E_gan -0.003 E_pred 0.169
[Train][32] Acc: source 0.958 (9783.0/10215) target 0.213 (1278.0/3750)
[Train][33] Loss: D 0.003 E_gan -0.002 E_pred 0.128
[Train][33] Acc: source 0.972 (9933.0/10215) target 0.202 (1215.0/3750)
[Train][34] Loss: D 0.002 E_gan -0.002 E_pred 0.112
[Train][34] Acc: source 0.974 (9947.0/10215) target 0.213 (1278.0/3750)
[Train][35] Loss: D 0.002 E_gan -0.002 E_pred 0.089
[Train][35] Acc: source 0.981 (10018.0/10215) target 0.227 (1364.0/3750)
[Train][36] Loss: D 0.002 E_gan -0.002 E_pred 0.093
[Train][36] Acc: source 0.980 (10011.0/10215) target 0.221 (1325.0/3750)
[Train][37] Loss: D 0.002 E_gan -0.002 E_pred 0.068
[Train][37] Acc: source 0.986 (10071.0/10215) target 0.235 (1410.0/3750)
[Train][38] Loss: D 0.002 E_gan -0.002 E_pred 0.046
[Train][38] Acc: source 0.994 (10149.0/10215) target 0.230 (1380.0/3750)
[Train][39] Loss: D 0.002 E_gan -0.002 E_pred 0.075
[Train][39] Acc: source 0.980 (10006.0/10215) target 0.228 (1371.0/3750)

Eval MNIST: [0.    0.655 0.509 0.406 0.191 0.227 0.136 0.282 0.224 0.221] src: 0.655 tgt:0.275
[Train][40] Loss: D 0.004 E_gan -0.003 E_pred 0.056
[Train][40] Acc: source 0.990 (10111.0/10215) target 0.200 (1199.0/3750)
[Train][41] Loss: D 0.003 E_gan -0.002 E_pred 0.040
[Train][41] Acc: source 0.993 (10144.0/10215) target 0.190 (1142.0/3750)
[Train][42] Loss: D 0.002 E_gan -0.002 E_pred 0.039
[Train][42] Acc: source 0.994 (10153.0/10215) target 0.209 (1257.0/3750)
[Train][43] Loss: D 0.003 E_gan -0.002 E_pred 0.054
[Train][43] Acc: source 0.987 (10083.0/10215) target 0.201 (1206.0/3750)
[Train][44] Loss: D 0.002 E_gan -0.002 E_pred 0.020
[Train][44] Acc: source 0.998 (10196.0/10215) target 0.212 (1272.0/3750)
[Train][45] Loss: D 0.002 E_gan -0.002 E_pred 0.019
[Train][45] Acc: source 0.998 (10198.0/10215) target 0.219 (1313.0/3750)
[Train][46] Loss: D 0.002 E_gan -0.002 E_pred 0.073
[Train][46] Acc: source 0.979 (10003.0/10215) target 0.211 (1264.0/3750)
[Train][47] Loss: D 0.002 E_gan -0.001 E_pred 0.013
[Train][47] Acc: source 0.999 (10208.0/10215) target 0.220 (1319.0/3750)
[Train][48] Loss: D 0.002 E_gan -0.002 E_pred 0.016
[Train][48] Acc: source 0.997 (10187.0/10215) target 0.219 (1315.0/3750)
[Train][49] Loss: D 0.002 E_gan -0.002 E_pred 0.057
[Train][49] Acc: source 0.986 (10070.0/10215) target 0.201 (1208.0/3750)

Eval MNIST: [0.    0.655 0.558 0.436 0.17  0.185 0.148 0.203 0.185 0.209] src: 0.655 tgt:0.262
[Train][50] Loss: D 0.002 E_gan -0.001 E_pred 0.012
[Train][50] Acc: source 0.999 (10203.0/10215) target 0.210 (1262.0/3750)
[Train][51] Loss: D 0.002 E_gan -0.001 E_pred 0.006
[Train][51] Acc: source 1.000 (10215.0/10215) target 0.205 (1230.0/3750)
[Train][52] Loss: D 0.007 E_gan -0.006 E_pred 0.076
[Train][52] Acc: source 0.979 (10000.0/10215) target 0.213 (1281.0/3750)
[Train][53] Loss: D 0.002 E_gan -0.002 E_pred 0.013
[Train][53] Acc: source 1.000 (10211.0/10215) target 0.230 (1382.0/3750)
[Train][54] Loss: D 0.003 E_gan -0.002 E_pred 0.006
[Train][54] Acc: source 1.000 (10213.0/10215) target 0.226 (1359.0/3750)
[Train][55] Loss: D 0.005 E_gan -0.004 E_pred 0.055
[Train][55] Acc: source 0.983 (10039.0/10215) target 0.203 (1221.0/3750)
[Train][56] Loss: D 0.002 E_gan -0.002 E_pred 0.018
[Train][56] Acc: source 0.998 (10194.0/10215) target 0.229 (1373.0/3750)
[Train][57] Loss: D 0.002 E_gan -0.002 E_pred 0.006
[Train][57] Acc: source 1.000 (10214.0/10215) target 0.238 (1428.0/3750)
[Train][58] Loss: D 0.003 E_gan -0.002 E_pred 0.009
[Train][58] Acc: source 0.999 (10205.0/10215) target 0.230 (1383.0/3750)
[Train][59] Loss: D 0.003 E_gan -0.002 E_pred 0.054
[Train][59] Acc: source 0.986 (10067.0/10215) target 0.229 (1373.0/3750)

Eval MNIST: [0.    0.673 0.591 0.47  0.224 0.242 0.209 0.288 0.264 0.209] src: 0.673 tgt:0.312
[Train][60] Loss: D 0.002 E_gan -0.002 E_pred 0.009
[Train][60] Acc: source 0.999 (10207.0/10215) target 0.240 (1439.0/3750)
[Train][61] Loss: D 0.002 E_gan -0.002 E_pred 0.004
[Train][61] Acc: source 1.000 (10215.0/10215) target 0.239 (1432.0/3750)
[Train][62] Loss: D 0.003 E_gan -0.003 E_pred 0.023
[Train][62] Acc: source 0.994 (10153.0/10215) target 0.240 (1443.0/3750)
[Train][63] Loss: D 0.003 E_gan -0.002 E_pred 0.020
[Train][63] Acc: source 0.997 (10182.0/10215) target 0.239 (1434.0/3750)
[Train][64] Loss: D 0.003 E_gan -0.002 E_pred 0.012
[Train][64] Acc: source 0.998 (10196.0/10215) target 0.252 (1510.0/3750)
[Train][65] Loss: D 0.003 E_gan -0.002 E_pred 0.012
[Train][65] Acc: source 0.998 (10196.0/10215) target 0.259 (1556.0/3750)
[Train][66] Loss: D 0.004 E_gan -0.003 E_pred 0.025
[Train][66] Acc: source 0.992 (10136.0/10215) target 0.273 (1640.0/3750)
[Train][67] Loss: D 0.004 E_gan -0.003 E_pred 0.024
[Train][67] Acc: source 0.995 (10169.0/10215) target 0.281 (1687.0/3750)
[Train][68] Loss: D 0.004 E_gan -0.003 E_pred 0.005
[Train][68] Acc: source 1.000 (10212.0/10215) target 0.293 (1759.0/3750)
[Train][69] Loss: D 0.007 E_gan -0.006 E_pred 0.005
[Train][69] Acc: source 1.000 (10214.0/10215) target 0.288 (1728.0/3750)

Eval MNIST: [0.    0.667 0.579 0.467 0.345 0.352 0.279 0.418 0.415 0.291] src: 0.667 tgt:0.393
[Train][70] Loss: D 0.010 E_gan -0.008 E_pred 0.036
[Train][70] Acc: source 0.990 (10113.0/10215) target 0.279 (1672.0/3750)
[Train][71] Loss: D 0.007 E_gan -0.006 E_pred 0.007
[Train][71] Acc: source 1.000 (10214.0/10215) target 0.289 (1735.0/3750)
[Train][72] Loss: D 0.011 E_gan -0.009 E_pred 0.013
[Train][72] Acc: source 0.997 (10188.0/10215) target 0.292 (1750.0/3750)
[Train][73] Loss: D 0.009 E_gan -0.008 E_pred 0.031
[Train][73] Acc: source 0.992 (10135.0/10215) target 0.285 (1710.0/3750)
[Train][74] Loss: D 0.012 E_gan -0.010 E_pred 0.007
[Train][74] Acc: source 0.999 (10209.0/10215) target 0.302 (1810.0/3750)
[Train][75] Loss: D 0.014 E_gan -0.012 E_pred 0.022
[Train][75] Acc: source 0.995 (10166.0/10215) target 0.294 (1762.0/3750)
[Train][76] Loss: D 0.014 E_gan -0.012 E_pred 0.016
[Train][76] Acc: source 0.997 (10187.0/10215) target 0.302 (1815.0/3750)
[Train][77] Loss: D 0.020 E_gan -0.017 E_pred 0.021
[Train][77] Acc: source 0.996 (10173.0/10215) target 0.294 (1764.0/3750)
[Train][78] Loss: D 0.022 E_gan -0.020 E_pred 0.019
[Train][78] Acc: source 0.997 (10183.0/10215) target 0.303 (1817.0/3750)
[Train][79] Loss: D 0.025 E_gan -0.022 E_pred 0.012
[Train][79] Acc: source 0.999 (10205.0/10215) target 0.303 (1819.0/3750)

Eval MNIST: [0.    0.676 0.57  0.442 0.358 0.394 0.339 0.397 0.391 0.306] src: 0.676 tgt:0.4
[Train][80] Loss: D 0.026 E_gan -0.023 E_pred 0.024
[Train][80] Acc: source 0.995 (10159.0/10215) target 0.300 (1801.0/3750)
[Train][81] Loss: D 0.026 E_gan -0.024 E_pred 0.013
[Train][81] Acc: source 0.998 (10199.0/10215) target 0.301 (1808.0/3750)
[Train][82] Loss: D 0.027 E_gan -0.025 E_pred 0.010
[Train][82] Acc: source 0.999 (10209.0/10215) target 0.307 (1842.0/3750)
[Train][83] Loss: D 0.027 E_gan -0.025 E_pred 0.018
[Train][83] Acc: source 0.997 (10185.0/10215) target 0.303 (1819.0/3750)
[Train][84] Loss: D 0.027 E_gan -0.025 E_pred 0.013
[Train][84] Acc: source 0.998 (10192.0/10215) target 0.302 (1815.0/3750)
[Train][85] Loss: D 0.027 E_gan -0.025 E_pred 0.010
[Train][85] Acc: source 0.999 (10209.0/10215) target 0.294 (1764.0/3750)
[Train][86] Loss: D 0.028 E_gan -0.026 E_pred 0.017
[Train][86] Acc: source 0.997 (10180.0/10215) target 0.307 (1841.0/3750)
[Train][87] Loss: D 0.027 E_gan -0.025 E_pred 0.010
[Train][87] Acc: source 0.999 (10205.0/10215) target 0.308 (1851.0/3750)
[Train][88] Loss: D 0.028 E_gan -0.026 E_pred 0.014
[Train][88] Acc: source 0.998 (10195.0/10215) target 0.313 (1878.0/3750)
[Train][89] Loss: D 0.027 E_gan -0.025 E_pred 0.009
[Train][89] Acc: source 0.999 (10209.0/10215) target 0.315 (1888.0/3750)

Eval MNIST: [0.    0.648 0.518 0.461 0.355 0.391 0.336 0.394 0.436 0.324] src: 0.648 tgt:0.402
[Train][90] Loss: D 0.027 E_gan -0.025 E_pred 0.012
[Train][90] Acc: source 0.998 (10192.0/10215) target 0.310 (1859.0/3750)
[Train][91] Loss: D 0.028 E_gan -0.026 E_pred 0.017
[Train][91] Acc: source 0.996 (10177.0/10215) target 0.308 (1846.0/3750)
[Train][92] Loss: D 0.026 E_gan -0.024 E_pred 0.009
[Train][92] Acc: source 0.999 (10204.0/10215) target 0.309 (1852.0/3750)
[Train][93] Loss: D 0.027 E_gan -0.025 E_pred 0.010
[Train][93] Acc: source 0.999 (10204.0/10215) target 0.300 (1802.0/3750)
[Train][94] Loss: D 0.028 E_gan -0.026 E_pred 0.010
[Train][94] Acc: source 0.999 (10202.0/10215) target 0.299 (1795.0/3750)
[Train][95] Loss: D 0.028 E_gan -0.026 E_pred 0.009
[Train][95] Acc: source 0.999 (10206.0/10215) target 0.311 (1867.0/3750)
[Train][96] Loss: D 0.030 E_gan -0.028 E_pred 0.008
[Train][96] Acc: source 0.999 (10205.0/10215) target 0.306 (1838.0/3750)
[Train][97] Loss: D 0.030 E_gan -0.028 E_pred 0.008
[Train][97] Acc: source 1.000 (10210.0/10215) target 0.304 (1824.0/3750)
[Train][98] Loss: D 0.029 E_gan -0.027 E_pred 0.015
[Train][98] Acc: source 0.997 (10185.0/10215) target 0.307 (1842.0/3750)
[Train][99] Loss: D 0.029 E_gan -0.027 E_pred 0.005
[Train][99] Acc: source 1.000 (10214.0/10215) target 0.309 (1853.0/3750)

Eval MNIST: [0.    0.652 0.545 0.476 0.318 0.43  0.327 0.418 0.403 0.355] src: 0.652 tgt:0.409
[Train][100] Loss: D 0.031 E_gan -0.029 E_pred 0.009
[Train][100] Acc: source 0.999 (10205.0/10215) target 0.310 (1858.0/3750)
[Train][101] Loss: D 0.030 E_gan -0.029 E_pred 0.008
[Train][101] Acc: source 1.000 (10210.0/10215) target 0.311 (1867.0/3750)
[Train][102] Loss: D 0.030 E_gan -0.029 E_pred 0.008
[Train][102] Acc: source 0.999 (10203.0/10215) target 0.309 (1852.0/3750)
[Train][103] Loss: D 0.030 E_gan -0.028 E_pred 0.014
[Train][103] Acc: source 0.997 (10181.0/10215) target 0.312 (1874.0/3750)
[Train][104] Loss: D 0.029 E_gan -0.027 E_pred 0.005
[Train][104] Acc: source 1.000 (10212.0/10215) target 0.315 (1893.0/3750)
[Train][105] Loss: D 0.030 E_gan -0.028 E_pred 0.005
[Train][105] Acc: source 1.000 (10213.0/10215) target 0.313 (1878.0/3750)
[Train][106] Loss: D 0.032 E_gan -0.030 E_pred 0.006
[Train][106] Acc: source 1.000 (10212.0/10215) target 0.313 (1881.0/3750)
[Train][107] Loss: D 0.031 E_gan -0.030 E_pred 0.007
[Train][107] Acc: source 1.000 (10211.0/10215) target 0.319 (1912.0/3750)
[Train][108] Loss: D 0.031 E_gan -0.030 E_pred 0.006
[Train][108] Acc: source 1.000 (10211.0/10215) target 0.308 (1850.0/3750)
[Train][109] Loss: D 0.031 E_gan -0.029 E_pred 0.012
[Train][109] Acc: source 0.998 (10190.0/10215) target 0.308 (1850.0/3750)

Eval MNIST: [0.    0.642 0.561 0.436 0.427 0.406 0.424 0.442 0.445 0.355] src: 0.642 tgt:0.437
[Train][110] Loss: D 0.030 E_gan -0.028 E_pred 0.006
[Train][110] Acc: source 1.000 (10211.0/10215) target 0.315 (1889.0/3750)
[Train][111] Loss: D 0.031 E_gan -0.030 E_pred 0.006
[Train][111] Acc: source 1.000 (10210.0/10215) target 0.316 (1894.0/3750)
[Train][112] Loss: D 0.030 E_gan -0.029 E_pred 0.006
[Train][112] Acc: source 1.000 (10212.0/10215) target 0.314 (1884.0/3750)
[Train][113] Loss: D 0.031 E_gan -0.029 E_pred 0.005
[Train][113] Acc: source 1.000 (10214.0/10215) target 0.315 (1892.0/3750)
[Train][114] Loss: D 0.032 E_gan -0.030 E_pred 0.007
[Train][114] Acc: source 1.000 (10211.0/10215) target 0.304 (1823.0/3750)
[Train][115] Loss: D 0.031 E_gan -0.030 E_pred 0.009
[Train][115] Acc: source 0.998 (10197.0/10215) target 0.311 (1867.0/3750)
[Train][116] Loss: D 0.031 E_gan -0.030 E_pred 0.006
[Train][116] Acc: source 0.999 (10207.0/10215) target 0.313 (1881.0/3750)
[Train][117] Loss: D 0.030 E_gan -0.028 E_pred 0.005
[Train][117] Acc: source 1.000 (10213.0/10215) target 0.313 (1876.0/3750)
[Train][118] Loss: D 0.031 E_gan -0.029 E_pred 0.004
[Train][118] Acc: source 1.000 (10214.0/10215) target 0.317 (1902.0/3750)
[Train][119] Loss: D 0.032 E_gan -0.030 E_pred 0.007
[Train][119] Acc: source 0.999 (10206.0/10215) target 0.311 (1867.0/3750)

Eval MNIST: [0.    0.673 0.552 0.442 0.4   0.385 0.433 0.436 0.43  0.37 ] src: 0.673 tgt:0.431
[Train][120] Loss: D 0.031 E_gan -0.030 E_pred 0.005
[Train][120] Acc: source 1.000 (10210.0/10215) target 0.305 (1833.0/3750)
[Train][121] Loss: D 0.032 E_gan -0.031 E_pred 0.006
[Train][121] Acc: source 0.999 (10209.0/10215) target 0.311 (1865.0/3750)
[Train][122] Loss: D 0.032 E_gan -0.031 E_pred 0.005
[Train][122] Acc: source 1.000 (10212.0/10215) target 0.308 (1850.0/3750)
[Train][123] Loss: D 0.032 E_gan -0.031 E_pred 0.004
[Train][123] Acc: source 1.000 (10214.0/10215) target 0.309 (1855.0/3750)
[Train][0] Loss: D 8.600 E_gan -4.983 E_pred 2.348
[Train][0] Acc: source 0.135 (1378.0/10215) target 0.073 (438.0/3750)
[Train][1] Loss: D 1.754 E_gan -1.190 E_pred 2.199
[Train][1] Acc: source 0.192 (1961.0/10215) target 0.079 (477.0/3750)
[Train][2] Loss: D 2.049 E_gan -1.302 E_pred 2.160
[Train][2] Acc: source 0.200 (2046.0/10215) target 0.087 (521.0/3750)
[Train][3] Loss: D 0.656 E_gan -0.492 E_pred 2.099
[Train][3] Acc: source 0.239 (2444.0/10215) target 0.080 (482.0/3750)
[Train][4] Loss: D 0.154 E_gan -0.122 E_pred 2.068
[Train][4] Acc: source 0.254 (2592.0/10215) target 0.088 (529.0/3750)
[Train][5] Loss: D 0.022 E_gan -0.019 E_pred 2.015
[Train][5] Acc: source 0.272 (2775.0/10215) target 0.094 (563.0/3750)
[Train][6] Loss: D 0.020 E_gan -0.018 E_pred 1.946
[Train][6] Acc: source 0.301 (3078.0/10215) target 0.098 (590.0/3750)
[Train][7] Loss: D 0.154 E_gan -0.112 E_pred 1.900
[Train][7] Acc: source 0.318 (3245.0/10215) target 0.105 (630.0/3750)
[Train][8] Loss: D 0.162 E_gan -0.129 E_pred 1.878
[Train][8] Acc: source 0.323 (3296.0/10215) target 0.107 (642.0/3750)
[Train][9] Loss: D 0.076 E_gan -0.062 E_pred 1.718
[Train][9] Acc: source 0.382 (3900.0/10215) target 0.127 (762.0/3750)

Eval MNIST: [0.    0.43  0.376 0.342 0.097 0.097 0.091 0.1   0.097 0.088] src: 0.43 tgt:0.161
[Train][10] Loss: D 0.121 E_gan -0.097 E_pred 1.537
[Train][10] Acc: source 0.437 (4468.0/10215) target 0.130 (779.0/3750)
[Train][11] Loss: D 0.063 E_gan -0.052 E_pred 1.443
[Train][11] Acc: source 0.465 (4754.0/10215) target 0.133 (800.0/3750)
[Train][12] Loss: D 0.680 E_gan -0.450 E_pred 1.761
[Train][12] Acc: source 0.372 (3796.0/10215) target 0.129 (775.0/3750)
[Train][13] Loss: D 0.033 E_gan -0.027 E_pred 1.464
[Train][13] Acc: source 0.453 (4632.0/10215) target 0.134 (807.0/3750)
[Train][14] Loss: D 0.023 E_gan -0.022 E_pred 1.363
[Train][14] Acc: source 0.486 (4962.0/10215) target 0.166 (996.0/3750)
[Train][15] Loss: D 0.234 E_gan -0.168 E_pred 1.354
[Train][15] Acc: source 0.494 (5051.0/10215) target 0.182 (1092.0/3750)
[Train][16] Loss: D 1.129 E_gan -0.837 E_pred 1.973
[Train][16] Acc: source 0.277 (2825.0/10215) target 0.132 (795.0/3750)
[Train][17] Loss: D 0.046 E_gan -0.042 E_pred 1.545
[Train][17] Acc: source 0.424 (4332.0/10215) target 0.160 (963.0/3750)
[Train][18] Loss: D 0.044 E_gan -0.040 E_pred 1.396
[Train][18] Acc: source 0.476 (4864.0/10215) target 0.174 (1045.0/3750)
[Train][19] Loss: D 0.027 E_gan -0.026 E_pred 1.295
[Train][19] Acc: source 0.513 (5237.0/10215) target 0.190 (1139.0/3750)

Eval MNIST: [0.    0.485 0.461 0.352 0.333 0.291 0.182 0.315 0.3   0.288] src: 0.485 tgt:0.315
[Train][20] Loss: D 0.026 E_gan -0.025 E_pred 1.206
[Train][20] Acc: source 0.540 (5519.0/10215) target 0.202 (1211.0/3750)
[Train][21] Loss: D 0.026 E_gan -0.024 E_pred 1.135
[Train][21] Acc: source 0.557 (5691.0/10215) target 0.205 (1230.0/3750)
[Train][22] Loss: D 0.035 E_gan -0.031 E_pred 1.078
[Train][22] Acc: source 0.575 (5877.0/10215) target 0.212 (1272.0/3750)
[Train][23] Loss: D 0.040 E_gan -0.036 E_pred 1.039
[Train][23] Acc: source 0.594 (6069.0/10215) target 0.220 (1319.0/3750)
[Train][24] Loss: D 0.048 E_gan -0.042 E_pred 0.989
[Train][24] Acc: source 0.613 (6260.0/10215) target 0.233 (1396.0/3750)
[Train][25] Loss: D 0.028 E_gan -0.027 E_pred 0.940
[Train][25] Acc: source 0.638 (6518.0/10215) target 0.235 (1411.0/3750)
[Train][26] Loss: D 0.027 E_gan -0.025 E_pred 0.887
[Train][26] Acc: source 0.654 (6685.0/10215) target 0.236 (1418.0/3750)
[Train][27] Loss: D 0.027 E_gan -0.024 E_pred 0.844
[Train][27] Acc: source 0.672 (6866.0/10215) target 0.236 (1416.0/3750)
[Train][28] Loss: D 0.027 E_gan -0.025 E_pred 0.796
[Train][28] Acc: source 0.693 (7081.0/10215) target 0.245 (1472.0/3750)
[Train][29] Loss: D 0.022 E_gan -0.020 E_pred 0.742
[Train][29] Acc: source 0.718 (7330.0/10215) target 0.247 (1485.0/3750)

Eval MNIST: [0.    0.63  0.518 0.448 0.382 0.306 0.352 0.352 0.367 0.315] src: 0.63 tgt:0.38
[Train][30] Loss: D 0.025 E_gan -0.022 E_pred 0.687
[Train][30] Acc: source 0.739 (7552.0/10215) target 0.252 (1515.0/3750)
[Train][31] Loss: D 0.023 E_gan -0.020 E_pred 0.639
[Train][31] Acc: source 0.759 (7750.0/10215) target 0.256 (1535.0/3750)
[Train][32] Loss: D 0.023 E_gan -0.020 E_pred 0.592
[Train][32] Acc: source 0.777 (7942.0/10215) target 0.255 (1531.0/3750)
[Train][33] Loss: D 0.019 E_gan -0.017 E_pred 0.535
[Train][33] Acc: source 0.800 (8173.0/10215) target 0.259 (1553.0/3750)
[Train][34] Loss: D 0.019 E_gan -0.017 E_pred 0.494
[Train][34] Acc: source 0.818 (8353.0/10215) target 0.263 (1577.0/3750)
[Train][35] Loss: D 0.016 E_gan -0.014 E_pred 0.450
[Train][35] Acc: source 0.835 (8526.0/10215) target 0.269 (1617.0/3750)
[Train][36] Loss: D 0.015 E_gan -0.013 E_pred 0.402
[Train][36] Acc: source 0.858 (8766.0/10215) target 0.265 (1590.0/3750)
[Train][37] Loss: D 0.015 E_gan -0.013 E_pred 0.379
[Train][37] Acc: source 0.866 (8848.0/10215) target 0.268 (1609.0/3750)
[Train][38] Loss: D 0.014 E_gan -0.012 E_pred 0.312
[Train][38] Acc: source 0.897 (9167.0/10215) target 0.271 (1625.0/3750)
[Train][39] Loss: D 0.014 E_gan -0.012 E_pred 0.292
[Train][39] Acc: source 0.905 (9240.0/10215) target 0.265 (1592.0/3750)

Eval MNIST: [0.    0.655 0.555 0.442 0.397 0.321 0.339 0.385 0.342 0.358] src: 0.655 tgt:0.392
[Train][40] Loss: D 0.014 E_gan -0.012 E_pred 0.252
[Train][40] Acc: source 0.921 (9409.0/10215) target 0.276 (1656.0/3750)
[Train][41] Loss: D 0.015 E_gan -0.013 E_pred 0.202
[Train][41] Acc: source 0.943 (9637.0/10215) target 0.276 (1658.0/3750)
[Train][42] Loss: D 0.017 E_gan -0.015 E_pred 0.196
[Train][42] Acc: source 0.944 (9645.0/10215) target 0.276 (1655.0/3750)
[Train][43] Loss: D 0.018 E_gan -0.015 E_pred 0.162
[Train][43] Acc: source 0.958 (9783.0/10215) target 0.284 (1702.0/3750)
[Train][44] Loss: D 0.020 E_gan -0.017 E_pred 0.147
[Train][44] Acc: source 0.962 (9824.0/10215) target 0.286 (1719.0/3750)
[Train][45] Loss: D 0.021 E_gan -0.018 E_pred 0.125
[Train][45] Acc: source 0.971 (9922.0/10215) target 0.284 (1706.0/3750)
[Train][46] Loss: D 0.021 E_gan -0.019 E_pred 0.121
[Train][46] Acc: source 0.969 (9898.0/10215) target 0.285 (1711.0/3750)
[Train][47] Loss: D 0.022 E_gan -0.019 E_pred 0.105
[Train][47] Acc: source 0.974 (9954.0/10215) target 0.284 (1705.0/3750)
[Train][48] Loss: D 0.021 E_gan -0.019 E_pred 0.100
[Train][48] Acc: source 0.975 (9956.0/10215) target 0.281 (1688.0/3750)
[Train][49] Loss: D 0.023 E_gan -0.020 E_pred 0.090
[Train][49] Acc: source 0.978 (9995.0/10215) target 0.287 (1721.0/3750)

Eval MNIST: [0.    0.648 0.564 0.403 0.445 0.339 0.358 0.385 0.385 0.327] src: 0.648 tgt:0.401
[Train][50] Loss: D 0.024 E_gan -0.021 E_pred 0.072
[Train][50] Acc: source 0.986 (10069.0/10215) target 0.292 (1750.0/3750)
[Train][51] Loss: D 0.023 E_gan -0.021 E_pred 0.070
[Train][51] Acc: source 0.985 (10062.0/10215) target 0.286 (1716.0/3750)
[Train][52] Loss: D 0.025 E_gan -0.022 E_pred 0.066
[Train][52] Acc: source 0.986 (10068.0/10215) target 0.287 (1723.0/3750)
[Train][53] Loss: D 0.025 E_gan -0.022 E_pred 0.073
[Train][53] Acc: source 0.982 (10035.0/10215) target 0.286 (1717.0/3750)
[Train][54] Loss: D 0.025 E_gan -0.022 E_pred 0.054
[Train][54] Acc: source 0.991 (10121.0/10215) target 0.290 (1741.0/3750)
[Train][55] Loss: D 0.025 E_gan -0.023 E_pred 0.061
[Train][55] Acc: source 0.986 (10071.0/10215) target 0.294 (1766.0/3750)
[Train][56] Loss: D 0.024 E_gan -0.022 E_pred 0.039
[Train][56] Acc: source 0.994 (10149.0/10215) target 0.295 (1768.0/3750)
[Train][57] Loss: D 0.027 E_gan -0.024 E_pred 0.051
[Train][57] Acc: source 0.989 (10104.0/10215) target 0.295 (1772.0/3750)
[Train][58] Loss: D 0.027 E_gan -0.024 E_pred 0.044
[Train][58] Acc: source 0.992 (10132.0/10215) target 0.297 (1784.0/3750)
[Train][59] Loss: D 0.029 E_gan -0.026 E_pred 0.054
[Train][59] Acc: source 0.988 (10089.0/10215) target 0.294 (1762.0/3750)

Eval MNIST: [0.    0.67  0.524 0.442 0.364 0.336 0.342 0.397 0.364 0.358] src: 0.67 tgt:0.391
[Train][60] Loss: D 0.028 E_gan -0.026 E_pred 0.030
[Train][60] Acc: source 0.996 (10173.0/10215) target 0.287 (1720.0/3750)
[Train][61] Loss: D 0.029 E_gan -0.027 E_pred 0.039
[Train][61] Acc: source 0.992 (10136.0/10215) target 0.286 (1714.0/3750)
[Train][62] Loss: D 0.028 E_gan -0.025 E_pred 0.044
[Train][62] Acc: source 0.990 (10110.0/10215) target 0.292 (1751.0/3750)
[Train][63] Loss: D 0.027 E_gan -0.025 E_pred 0.033
[Train][63] Acc: source 0.994 (10156.0/10215) target 0.295 (1772.0/3750)
[Train][64] Loss: D 0.028 E_gan -0.026 E_pred 0.041
[Train][64] Acc: source 0.990 (10116.0/10215) target 0.299 (1794.0/3750)
[Train][65] Loss: D 0.027 E_gan -0.025 E_pred 0.025
[Train][65] Acc: source 0.996 (10170.0/10215) target 0.296 (1777.0/3750)
[Train][66] Loss: D 0.029 E_gan -0.026 E_pred 0.032
[Train][66] Acc: source 0.993 (10143.0/10215) target 0.296 (1775.0/3750)
[Train][67] Loss: D 0.031 E_gan -0.028 E_pred 0.034
[Train][67] Acc: source 0.992 (10132.0/10215) target 0.289 (1734.0/3750)
[Train][68] Loss: D 0.029 E_gan -0.027 E_pred 0.034
[Train][68] Acc: source 0.992 (10131.0/10215) target 0.291 (1746.0/3750)
[Train][69] Loss: D 0.032 E_gan -0.029 E_pred 0.021
[Train][69] Acc: source 0.997 (10189.0/10215) target 0.296 (1777.0/3750)

Eval MNIST: [0.    0.652 0.539 0.427 0.327 0.421 0.333 0.376 0.406 0.364] src: 0.652 tgt:0.399
[Train][70] Loss: D 0.033 E_gan -0.030 E_pred 0.022
[Train][70] Acc: source 0.997 (10184.0/10215) target 0.293 (1757.0/3750)
[Train][71] Loss: D 0.033 E_gan -0.030 E_pred 0.028
[Train][71] Acc: source 0.995 (10166.0/10215) target 0.296 (1777.0/3750)
[Train][72] Loss: D 0.032 E_gan -0.029 E_pred 0.031
[Train][72] Acc: source 0.993 (10144.0/10215) target 0.290 (1743.0/3750)
[Train][73] Loss: D 0.030 E_gan -0.028 E_pred 0.024
[Train][73] Acc: source 0.995 (10162.0/10215) target 0.299 (1795.0/3750)
[Train][74] Loss: D 0.031 E_gan -0.029 E_pred 0.021
[Train][74] Acc: source 0.995 (10169.0/10215) target 0.296 (1778.0/3750)
[Train][75] Loss: D 0.032 E_gan -0.030 E_pred 0.016
[Train][75] Acc: source 0.998 (10196.0/10215) target 0.297 (1781.0/3750)
[Train][76] Loss: D 0.033 E_gan -0.031 E_pred 0.024
[Train][76] Acc: source 0.995 (10164.0/10215) target 0.293 (1756.0/3750)
[Train][77] Loss: D 0.032 E_gan -0.030 E_pred 0.016
[Train][77] Acc: source 0.998 (10190.0/10215) target 0.295 (1773.0/3750)
[Train][78] Loss: D 0.032 E_gan -0.030 E_pred 0.020
[Train][78] Acc: source 0.997 (10182.0/10215) target 0.296 (1776.0/3750)
[Train][79] Loss: D 0.032 E_gan -0.030 E_pred 0.021
[Train][79] Acc: source 0.996 (10179.0/10215) target 0.293 (1760.0/3750)

Eval MNIST: [0.    0.606 0.521 0.409 0.339 0.409 0.324 0.376 0.348 0.348] src: 0.606 tgt:0.384
[Train][80] Loss: D 0.030 E_gan -0.028 E_pred 0.021
[Train][80] Acc: source 0.996 (10171.0/10215) target 0.300 (1801.0/3750)
[Train][81] Loss: D 0.031 E_gan -0.029 E_pred 0.015
[Train][81] Acc: source 0.997 (10188.0/10215) target 0.301 (1806.0/3750)
[Train][82] Loss: D 0.032 E_gan -0.030 E_pred 0.014
[Train][82] Acc: source 0.998 (10195.0/10215) target 0.294 (1765.0/3750)
[Train][83] Loss: D 0.031 E_gan -0.029 E_pred 0.022
[Train][83] Acc: source 0.995 (10163.0/10215) target 0.302 (1814.0/3750)
[Train][84] Loss: D 0.032 E_gan -0.030 E_pred 0.014
[Train][84] Acc: source 0.998 (10199.0/10215) target 0.294 (1766.0/3750)
[Train][85] Loss: D 0.032 E_gan -0.030 E_pred 0.017
[Train][85] Acc: source 0.997 (10183.0/10215) target 0.296 (1778.0/3750)
[Train][86] Loss: D 0.033 E_gan -0.031 E_pred 0.017
[Train][86] Acc: source 0.997 (10181.0/10215) target 0.296 (1779.0/3750)
[Train][87] Loss: D 0.033 E_gan -0.031 E_pred 0.014
[Train][87] Acc: source 0.998 (10194.0/10215) target 0.296 (1779.0/3750)
[Train][88] Loss: D 0.033 E_gan -0.031 E_pred 0.010
[Train][88] Acc: source 0.999 (10206.0/10215) target 0.292 (1750.0/3750)
[Train][89] Loss: D 0.031 E_gan -0.030 E_pred 0.023
[Train][89] Acc: source 0.993 (10146.0/10215) target 0.296 (1775.0/3750)

Eval MNIST: [0.    0.67  0.573 0.445 0.382 0.391 0.336 0.382 0.37  0.339] src: 0.67 tgt:0.402
[Train][90] Loss: D 0.033 E_gan -0.031 E_pred 0.007
[Train][90] Acc: source 1.000 (10211.0/10215) target 0.300 (1803.0/3750)
[Train][91] Loss: D 0.033 E_gan -0.031 E_pred 0.024
[Train][91] Acc: source 0.994 (10154.0/10215) target 0.297 (1783.0/3750)
[Train][92] Loss: D 0.031 E_gan -0.030 E_pred 0.011
[Train][92] Acc: source 0.998 (10197.0/10215) target 0.296 (1776.0/3750)
[Train][93] Loss: D 0.032 E_gan -0.030 E_pred 0.009
[Train][93] Acc: source 0.999 (10202.0/10215) target 0.297 (1785.0/3750)
[Train][94] Loss: D 0.033 E_gan -0.031 E_pred 0.009
[Train][94] Acc: source 0.999 (10203.0/10215) target 0.297 (1780.0/3750)
[Train][95] Loss: D 0.034 E_gan -0.032 E_pred 0.012
[Train][95] Acc: source 0.999 (10201.0/10215) target 0.298 (1786.0/3750)
[Train][96] Loss: D 0.032 E_gan -0.031 E_pred 0.008
[Train][96] Acc: source 0.999 (10205.0/10215) target 0.301 (1809.0/3750)
[Train][97] Loss: D 0.033 E_gan -0.031 E_pred 0.012
[Train][97] Acc: source 0.998 (10195.0/10215) target 0.303 (1817.0/3750)
[Train][98] Loss: D 0.032 E_gan -0.031 E_pred 0.014
[Train][98] Acc: source 0.996 (10176.0/10215) target 0.303 (1821.0/3750)
[Train][99] Loss: D 0.032 E_gan -0.031 E_pred 0.013
[Train][99] Acc: source 0.998 (10192.0/10215) target 0.305 (1830.0/3750)

Eval MNIST: [0.    0.648 0.533 0.433 0.37  0.373 0.367 0.421 0.427 0.339] src: 0.648 tgt:0.408
[Train][100] Loss: D 0.033 E_gan -0.031 E_pred 0.008
[Train][100] Acc: source 0.999 (10202.0/10215) target 0.303 (1819.0/3750)
[Train][101] Loss: D 0.033 E_gan -0.032 E_pred 0.008
[Train][101] Acc: source 0.999 (10204.0/10215) target 0.303 (1819.0/3750)
[Train][102] Loss: D 0.033 E_gan -0.031 E_pred 0.009
[Train][102] Acc: source 0.998 (10197.0/10215) target 0.308 (1849.0/3750)
[Train][103] Loss: D 0.032 E_gan -0.031 E_pred 0.016
[Train][103] Acc: source 0.996 (10176.0/10215) target 0.300 (1799.0/3750)
[Train][104] Loss: D 0.031 E_gan -0.030 E_pred 0.011
[Train][104] Acc: source 0.998 (10194.0/10215) target 0.303 (1820.0/3750)
[Train][105] Loss: D 0.032 E_gan -0.031 E_pred 0.006
[Train][105] Acc: source 0.999 (10207.0/10215) target 0.303 (1818.0/3750)
[Train][106] Loss: D 0.032 E_gan -0.031 E_pred 0.008
[Train][106] Acc: source 0.999 (10202.0/10215) target 0.298 (1791.0/3750)
[Train][107] Loss: D 0.032 E_gan -0.031 E_pred 0.006
[Train][107] Acc: source 0.999 (10208.0/10215) target 0.298 (1789.0/3750)
[Train][108] Loss: D 0.033 E_gan -0.031 E_pred 0.012
[Train][108] Acc: source 0.998 (10191.0/10215) target 0.298 (1790.0/3750)
[Train][109] Loss: D 0.032 E_gan -0.031 E_pred 0.009
[Train][109] Acc: source 0.999 (10200.0/10215) target 0.300 (1798.0/3750)

Eval MNIST: [0.    0.636 0.539 0.436 0.382 0.361 0.339 0.385 0.391 0.321] src: 0.636 tgt:0.394
[Train][110] Loss: D 0.032 E_gan -0.031 E_pred 0.005
[Train][110] Acc: source 1.000 (10211.0/10215) target 0.297 (1783.0/3750)
[Train][111] Loss: D 0.033 E_gan -0.031 E_pred 0.007
[Train][111] Acc: source 0.999 (10203.0/10215) target 0.301 (1804.0/3750)
[Train][112] Loss: D 0.032 E_gan -0.031 E_pred 0.008
[Train][112] Acc: source 0.999 (10204.0/10215) target 0.298 (1789.0/3750)
[Train][113] Loss: D 0.032 E_gan -0.031 E_pred 0.007
[Train][113] Acc: source 0.999 (10204.0/10215) target 0.294 (1766.0/3750)
[Train][114] Loss: D 0.032 E_gan -0.031 E_pred 0.013
[Train][114] Acc: source 0.996 (10179.0/10215) target 0.294 (1765.0/3750)
[Train][115] Loss: D 0.031 E_gan -0.030 E_pred 0.006
[Train][115] Acc: source 1.000 (10211.0/10215) target 0.304 (1827.0/3750)
[Train][116] Loss: D 0.032 E_gan -0.030 E_pred 0.007
[Train][116] Acc: source 0.999 (10207.0/10215) target 0.301 (1807.0/3750)
[Train][117] Loss: D 0.032 E_gan -0.030 E_pred 0.006
[Train][117] Acc: source 0.999 (10207.0/10215) target 0.309 (1854.0/3750)
[Train][118] Loss: D 0.033 E_gan -0.032 E_pred 0.005
[Train][118] Acc: source 1.000 (10210.0/10215) target 0.305 (1831.0/3750)
[Train][119] Loss: D 0.032 E_gan -0.031 E_pred 0.005
[Train][119] Acc: source 1.000 (10214.0/10215) target 0.298 (1786.0/3750)

Eval MNIST: [0.    0.645 0.561 0.442 0.348 0.33  0.309 0.391 0.355 0.318] src: 0.645 tgt:0.382
[Train][120] Loss: D 0.032 E_gan -0.031 E_pred 0.007
[Train][120] Acc: source 0.999 (10207.0/10215) target 0.301 (1808.0/3750)
[Train][121] Loss: D 0.033 E_gan -0.032 E_pred 0.008
[Train][121] Acc: source 0.999 (10200.0/10215) target 0.304 (1823.0/3750)
[Train][122] Loss: D 0.032 E_gan -0.031 E_pred 0.007
[Train][122] Acc: source 0.999 (10200.0/10215) target 0.293 (1760.0/3750)
[Train][123] Loss: D 0.032 E_gan -0.031 E_pred 0.004
[Train][123] Acc: source 1.000 (10210.0/10215) target 0.295 (1769.0/3750)
[Train][124] Loss: D 0.033 E_gan -0.032 E_pred 0.005
[Train][124] Acc: source 1.000 (10213.0/10215) target 0.294 (1764.0/3750)
[Train][125] Loss: D 0.033 E_gan -0.032 E_pred 0.005
[Train][125] Acc: source 1.000 (10213.0/10215) target 0.292 (1751.0/3750)
[Train][126] Loss: D 0.033 E_gan -0.032 E_pred 0.005
[Train][126] Acc: source 1.000 (10210.0/10215) target 0.293 (1759.0/3750)
[Train][127] Loss: D 0.033 E_gan -0.032 E_pred 0.007
[Train][127] Acc: source 0.999 (10201.0/10215) target 0.295 (1768.0/3750)
[Train][128] Loss: D 0.032 E_gan -0.031 E_pred 0.007
[Train][128] Acc: source 0.999 (10204.0/10215) target 0.303 (1816.0/3750)
[Train][129] Loss: D 0.033 E_gan -0.032 E_pred 0.003
[Train][129] Acc: source 1.000 (10214.0/10215) target 0.297 (1780.0/3750)

Eval MNIST: [0.    0.606 0.536 0.47  0.373 0.361 0.361 0.403 0.391 0.342] src: 0.606 tgt:0.405
[Train][130] Loss: D 0.033 E_gan -0.032 E_pred 0.005
[Train][130] Acc: source 1.000 (10210.0/10215) target 0.304 (1823.0/3750)
[Train][131] Loss: D 0.033 E_gan -0.032 E_pred 0.004
[Train][131] Acc: source 1.000 (10214.0/10215) target 0.307 (1845.0/3750)
[Train][132] Loss: D 0.033 E_gan -0.032 E_pred 0.005
[Train][132] Acc: source 0.999 (10209.0/10215) target 0.303 (1821.0/3750)
[Train][133] Loss: D 0.033 E_gan -0.032 E_pred 0.004
[Train][133] Acc: source 1.000 (10213.0/10215) target 0.305 (1829.0/3750)
[Train][134] Loss: D 0.033 E_gan -0.032 E_pred 0.005
[Train][134] Acc: source 1.000 (10212.0/10215) target 0.302 (1815.0/3750)
[Train][135] Loss: D 0.033 E_gan -0.032 E_pred 0.005
[Train][135] Acc: source 1.000 (10210.0/10215) target 0.301 (1805.0/3750)
[Train][136] Loss: D 0.034 E_gan -0.033 E_pred 0.006
[Train][136] Acc: source 0.999 (10203.0/10215) target 0.299 (1794.0/3750)
[Train][137] Loss: D 0.032 E_gan -0.031 E_pred 0.006
[Train][137] Acc: source 0.999 (10205.0/10215) target 0.304 (1827.0/3750)
[Train][138] Loss: D 0.033 E_gan -0.032 E_pred 0.003
[Train][138] Acc: source 1.000 (10213.0/10215) target 0.308 (1848.0/3750)
[Train][139] Loss: D 0.033 E_gan -0.032 E_pred 0.004
[Train][139] Acc: source 0.999 (10209.0/10215) target 0.303 (1821.0/3750)

Eval MNIST: [0.    0.639 0.533 0.439 0.321 0.379 0.321 0.427 0.406 0.321] src: 0.639 tgt:0.394
[Train][140] Loss: D 0.034 E_gan -0.033 E_pred 0.003
[Train][140] Acc: source 1.000 (10215.0/10215) target 0.303 (1821.0/3750)
[Train][141] Loss: D 0.034 E_gan -0.033 E_pred 0.005
[Train][141] Acc: source 1.000 (10210.0/10215) target 0.297 (1780.0/3750)
[Train][142] Loss: D 0.034 E_gan -0.033 E_pred 0.003
[Train][142] Acc: source 1.000 (10214.0/10215) target 0.304 (1825.0/3750)
[Train][143] Loss: D 0.034 E_gan -0.034 E_pred 0.004
[Train][143] Acc: source 1.000 (10210.0/10215) target 0.300 (1798.0/3750)
[Train][144] Loss: D 0.034 E_gan -0.034 E_pred 0.004
[Train][144] Acc: source 0.999 (10209.0/10215) target 0.303 (1819.0/3750)
[Train][145] Loss: D 0.034 E_gan -0.034 E_pred 0.004
[Train][145] Acc: source 1.000 (10214.0/10215) target 0.308 (1849.0/3750)
[Train][146] Loss: D 0.034 E_gan -0.034 E_pred 0.004
[Train][146] Acc: source 1.000 (10212.0/10215) target 0.304 (1823.0/3750)
[Train][147] Loss: D 0.034 E_gan -0.033 E_pred 0.003
[Train][147] Acc: source 1.000 (10211.0/10215) target 0.309 (1855.0/3750)
[Train][148] Loss: D 0.035 E_gan -0.034 E_pred 0.003
[Train][148] Acc: source 1.000 (10214.0/10215) target 0.306 (1837.0/3750)
[Train][149] Loss: D 0.034 E_gan -0.034 E_pred 0.003
[Train][149] Acc: source 1.000 (10215.0/10215) target 0.303 (1817.0/3750)

Eval MNIST: [0.    0.639 0.509 0.418 0.367 0.394 0.364 0.388 0.373 0.342] src: 0.639 tgt:0.394
[Train][0] Loss: D 10.294 E_gan -6.128 E_pred 2.291
[Train][0] Acc: source 0.154 (1570.0/10215) target 0.081 (486.0/3750)
[Train][1] Loss: D 3.511 E_gan -2.240 E_pred 2.207
[Train][1] Acc: source 0.191 (1949.0/10215) target 0.086 (519.0/3750)
[Train][2] Loss: D 0.104 E_gan -0.088 E_pred 2.063
[Train][2] Acc: source 0.253 (2582.0/10215) target 0.094 (562.0/3750)
[Train][3] Loss: D 0.146 E_gan -0.123 E_pred 2.013
[Train][3] Acc: source 0.270 (2754.0/10215) target 0.099 (597.0/3750)
[Train][4] Loss: D 1.923 E_gan -1.161 E_pred 2.182
[Train][4] Acc: source 0.190 (1943.0/10215) target 0.079 (474.0/3750)
[Train][5] Loss: D 0.012 E_gan -0.012 E_pred 2.006
[Train][5] Acc: source 0.268 (2739.0/10215) target 0.098 (588.0/3750)
[Train][6] Loss: D 0.023 E_gan -0.022 E_pred 1.842
[Train][6] Acc: source 0.336 (3431.0/10215) target 0.111 (668.0/3750)
[Train][7] Loss: D 0.074 E_gan -0.062 E_pred 1.612
[Train][7] Acc: source 0.406 (4147.0/10215) target 0.133 (796.0/3750)
[Train][8] Loss: D 0.678 E_gan -0.425 E_pred 1.827
[Train][8] Acc: source 0.341 (3481.0/10215) target 0.123 (740.0/3750)
[Train][9] Loss: D 0.025 E_gan -0.024 E_pred 1.508
[Train][9] Acc: source 0.440 (4494.0/10215) target 0.147 (885.0/3750)

Eval MNIST: [0.    0.448 0.436 0.327 0.185 0.124 0.127 0.173 0.161 0.152] src: 0.448 tgt:0.211
[Train][10] Loss: D 0.019 E_gan -0.018 E_pred 1.379
[Train][10] Acc: source 0.480 (4904.0/10215) target 0.150 (903.0/3750)
[Train][11] Loss: D 0.026 E_gan -0.024 E_pred 1.289
[Train][11] Acc: source 0.507 (5180.0/10215) target 0.170 (1020.0/3750)
[Train][12] Loss: D 0.059 E_gan -0.048 E_pred 1.222
[Train][12] Acc: source 0.533 (5445.0/10215) target 0.154 (926.0/3750)
[Train][13] Loss: D 0.460 E_gan -0.344 E_pred 1.355
[Train][13] Acc: source 0.489 (4995.0/10215) target 0.136 (819.0/3750)
[Train][14] Loss: D 0.046 E_gan -0.041 E_pred 1.189
[Train][14] Acc: source 0.538 (5499.0/10215) target 0.158 (947.0/3750)
[Train][15] Loss: D 0.026 E_gan -0.025 E_pred 1.076
[Train][15] Acc: source 0.584 (5962.0/10215) target 0.201 (1208.0/3750)
[Train][16] Loss: D 0.031 E_gan -0.029 E_pred 1.023
[Train][16] Acc: source 0.599 (6123.0/10215) target 0.215 (1290.0/3750)
[Train][17] Loss: D 0.026 E_gan -0.024 E_pred 0.957
[Train][17] Acc: source 0.630 (6439.0/10215) target 0.224 (1344.0/3750)
[Train][18] Loss: D 0.020 E_gan -0.019 E_pred 0.882
[Train][18] Acc: source 0.662 (6758.0/10215) target 0.225 (1348.0/3750)
[Train][19] Loss: D 0.018 E_gan -0.017 E_pred 0.812
[Train][19] Acc: source 0.689 (7038.0/10215) target 0.231 (1388.0/3750)

Eval MNIST: [0.    0.579 0.552 0.397 0.242 0.306 0.245 0.273 0.309 0.252] src: 0.579 tgt:0.322
[Train][20] Loss: D 0.014 E_gan -0.013 E_pred 0.755
[Train][20] Acc: source 0.718 (7335.0/10215) target 0.242 (1452.0/3750)
[Train][21] Loss: D 0.011 E_gan -0.010 E_pred 0.663
[Train][21] Acc: source 0.756 (7724.0/10215) target 0.235 (1411.0/3750)
[Train][22] Loss: D 0.009 E_gan -0.008 E_pred 0.611
[Train][22] Acc: source 0.781 (7979.0/10215) target 0.243 (1459.0/3750)
[Train][23] Loss: D 0.008 E_gan -0.007 E_pred 0.555
[Train][23] Acc: source 0.800 (8172.0/10215) target 0.243 (1456.0/3750)
[Train][24] Loss: D 0.007 E_gan -0.006 E_pred 0.500
[Train][24] Acc: source 0.820 (8375.0/10215) target 0.249 (1496.0/3750)
[Train][25] Loss: D 0.006 E_gan -0.005 E_pred 0.439
[Train][25] Acc: source 0.844 (8622.0/10215) target 0.247 (1481.0/3750)
[Train][26] Loss: D 0.006 E_gan -0.005 E_pred 0.381
[Train][26] Acc: source 0.873 (8914.0/10215) target 0.253 (1519.0/3750)
[Train][27] Loss: D 0.005 E_gan -0.004 E_pred 0.329
[Train][27] Acc: source 0.889 (9081.0/10215) target 0.253 (1520.0/3750)
[Train][28] Loss: D 0.005 E_gan -0.004 E_pred 0.281
[Train][28] Acc: source 0.913 (9324.0/10215) target 0.260 (1559.0/3750)
[Train][29] Loss: D 0.004 E_gan -0.004 E_pred 0.251
[Train][29] Acc: source 0.923 (9430.0/10215) target 0.261 (1569.0/3750)

Eval MNIST: [0.    0.673 0.436 0.364 0.294 0.264 0.242 0.327 0.288 0.248] src: 0.673 tgt:0.308
[Train][30] Loss: D 0.004 E_gan -0.003 E_pred 0.203
[Train][30] Acc: source 0.940 (9597.0/10215) target 0.261 (1568.0/3750)
[Train][31] Loss: D 0.004 E_gan -0.003 E_pred 0.164
[Train][31] Acc: source 0.957 (9775.0/10215) target 0.253 (1516.0/3750)
[Train][32] Loss: D 0.004 E_gan -0.003 E_pred 0.136
[Train][32] Acc: source 0.968 (9889.0/10215) target 0.265 (1592.0/3750)
[Train][33] Loss: D 0.004 E_gan -0.003 E_pred 0.130
[Train][33] Acc: source 0.964 (9849.0/10215) target 0.263 (1579.0/3750)
[Train][34] Loss: D 0.003 E_gan -0.003 E_pred 0.099
[Train][34] Acc: source 0.976 (9971.0/10215) target 0.265 (1592.0/3750)
[Train][35] Loss: D 0.003 E_gan -0.002 E_pred 0.087
[Train][35] Acc: source 0.981 (10024.0/10215) target 0.267 (1601.0/3750)
[Train][36] Loss: D 0.003 E_gan -0.002 E_pred 0.073
[Train][36] Acc: source 0.985 (10063.0/10215) target 0.267 (1603.0/3750)
[Train][37] Loss: D 0.003 E_gan -0.002 E_pred 0.053
[Train][37] Acc: source 0.991 (10120.0/10215) target 0.273 (1640.0/3750)
[Train][38] Loss: D 0.003 E_gan -0.002 E_pred 0.059
[Train][38] Acc: source 0.987 (10085.0/10215) target 0.267 (1605.0/3750)
[Train][39] Loss: D 0.003 E_gan -0.002 E_pred 0.066
[Train][39] Acc: source 0.985 (10064.0/10215) target 0.264 (1587.0/3750)

Eval MNIST: [0.    0.658 0.524 0.394 0.327 0.309 0.288 0.318 0.309 0.285] src: 0.658 tgt:0.344
[Train][40] Loss: D 0.003 E_gan -0.002 E_pred 0.057
[Train][40] Acc: source 0.987 (10081.0/10215) target 0.268 (1611.0/3750)
[Train][41] Loss: D 0.003 E_gan -0.002 E_pred 0.036
[Train][41] Acc: source 0.994 (10149.0/10215) target 0.264 (1585.0/3750)
[Train][42] Loss: D 0.003 E_gan -0.002 E_pred 0.041
[Train][42] Acc: source 0.992 (10134.0/10215) target 0.265 (1592.0/3750)
[Train][43] Loss: D 0.003 E_gan -0.002 E_pred 0.033
[Train][43] Acc: source 0.994 (10157.0/10215) target 0.267 (1605.0/3750)
[Train][44] Loss: D 0.003 E_gan -0.002 E_pred 0.052
[Train][44] Acc: source 0.989 (10105.0/10215) target 0.257 (1541.0/3750)
[Train][45] Loss: D 0.003 E_gan -0.002 E_pred 0.029
[Train][45] Acc: source 0.993 (10146.0/10215) target 0.266 (1595.0/3750)
[Train][46] Loss: D 0.003 E_gan -0.002 E_pred 0.032
[Train][46] Acc: source 0.995 (10160.0/10215) target 0.266 (1596.0/3750)
[Train][47] Loss: D 0.002 E_gan -0.002 E_pred 0.014
[Train][47] Acc: source 0.999 (10201.0/10215) target 0.271 (1625.0/3750)
[Train][48] Loss: D 0.003 E_gan -0.002 E_pred 0.053
[Train][48] Acc: source 0.984 (10048.0/10215) target 0.268 (1606.0/3750)
[Train][49] Loss: D 0.003 E_gan -0.002 E_pred 0.030
[Train][49] Acc: source 0.995 (10162.0/10215) target 0.268 (1609.0/3750)

Eval MNIST: [0.    0.664 0.536 0.418 0.336 0.288 0.291 0.348 0.339 0.285] src: 0.664 tgt:0.355
[Train][50] Loss: D 0.003 E_gan -0.002 E_pred 0.009
[Train][50] Acc: source 1.000 (10213.0/10215) target 0.282 (1695.0/3750)
[Train][51] Loss: D 0.003 E_gan -0.002 E_pred 0.052
[Train][51] Acc: source 0.983 (10043.0/10215) target 0.266 (1598.0/3750)
[Train][52] Loss: D 0.003 E_gan -0.002 E_pred 0.030
[Train][52] Acc: source 0.994 (10151.0/10215) target 0.274 (1643.0/3750)
[Train][53] Loss: D 0.002 E_gan -0.002 E_pred 0.011
[Train][53] Acc: source 0.999 (10206.0/10215) target 0.275 (1653.0/3750)
[Train][54] Loss: D 0.003 E_gan -0.002 E_pred 0.007
[Train][54] Acc: source 1.000 (10212.0/10215) target 0.281 (1689.0/3750)
[Train][55] Loss: D 0.004 E_gan -0.003 E_pred 0.004
[Train][55] Acc: source 1.000 (10215.0/10215) target 0.285 (1708.0/3750)
[Train][56] Loss: D 0.004 E_gan -0.003 E_pred 0.078
[Train][56] Acc: source 0.975 (9955.0/10215) target 0.268 (1611.0/3750)
[Train][57] Loss: D 0.003 E_gan -0.002 E_pred 0.011
[Train][57] Acc: source 1.000 (10210.0/10215) target 0.275 (1653.0/3750)
[Train][58] Loss: D 0.003 E_gan -0.002 E_pred 0.005
[Train][58] Acc: source 1.000 (10214.0/10215) target 0.283 (1700.0/3750)
[Train][59] Loss: D 0.004 E_gan -0.003 E_pred 0.007
[Train][59] Acc: source 0.999 (10207.0/10215) target 0.284 (1704.0/3750)

Eval MNIST: [0.    0.694 0.561 0.418 0.333 0.355 0.318 0.4   0.379 0.288] src: 0.694 tgt:0.381
[Train][60] Loss: D 0.005 E_gan -0.004 E_pred 0.057
[Train][60] Acc: source 0.982 (10032.0/10215) target 0.279 (1674.0/3750)
[Train][61] Loss: D 0.003 E_gan -0.003 E_pred 0.020
[Train][61] Acc: source 0.997 (10186.0/10215) target 0.266 (1596.0/3750)
[Train][62] Loss: D 0.003 E_gan -0.002 E_pred 0.005
[Train][62] Acc: source 1.000 (10214.0/10215) target 0.281 (1688.0/3750)
[Train][63] Loss: D 0.003 E_gan -0.003 E_pred 0.011
[Train][63] Acc: source 0.999 (10203.0/10215) target 0.279 (1676.0/3750)
[Train][64] Loss: D 0.004 E_gan -0.003 E_pred 0.021
[Train][64] Acc: source 0.995 (10164.0/10215) target 0.284 (1704.0/3750)
[Train][65] Loss: D 0.004 E_gan -0.003 E_pred 0.036
[Train][65] Acc: source 0.991 (10125.0/10215) target 0.275 (1653.0/3750)
[Train][66] Loss: D 0.003 E_gan -0.003 E_pred 0.005
[Train][66] Acc: source 1.000 (10212.0/10215) target 0.285 (1708.0/3750)
[Train][67] Loss: D 0.004 E_gan -0.003 E_pred 0.004
[Train][67] Acc: source 1.000 (10211.0/10215) target 0.290 (1742.0/3750)
[Train][68] Loss: D 0.005 E_gan -0.004 E_pred 0.039
[Train][68] Acc: source 0.986 (10077.0/10215) target 0.272 (1631.0/3750)
[Train][69] Loss: D 0.004 E_gan -0.003 E_pred 0.011
[Train][69] Acc: source 0.998 (10197.0/10215) target 0.274 (1643.0/3750)

Eval MNIST: [0.    0.652 0.579 0.415 0.312 0.288 0.282 0.367 0.361 0.297] src: 0.652 tgt:0.362
[Train][70] Loss: D 0.004 E_gan -0.003 E_pred 0.005
[Train][70] Acc: source 1.000 (10213.0/10215) target 0.285 (1708.0/3750)
[Train][71] Loss: D 0.006 E_gan -0.004 E_pred 0.003
[Train][71] Acc: source 1.000 (10215.0/10215) target 0.282 (1692.0/3750)
[Train][72] Loss: D 0.009 E_gan -0.007 E_pred 0.059
[Train][72] Acc: source 0.983 (10037.0/10215) target 0.273 (1640.0/3750)
[Train][73] Loss: D 0.005 E_gan -0.004 E_pred 0.011
[Train][73] Acc: source 0.999 (10207.0/10215) target 0.283 (1701.0/3750)
[Train][74] Loss: D 0.005 E_gan -0.004 E_pred 0.005
[Train][74] Acc: source 1.000 (10213.0/10215) target 0.292 (1752.0/3750)
[Train][75] Loss: D 0.006 E_gan -0.005 E_pred 0.004
[Train][75] Acc: source 1.000 (10215.0/10215) target 0.297 (1780.0/3750)
[Train][76] Loss: D 0.008 E_gan -0.006 E_pred 0.028
[Train][76] Acc: source 0.993 (10145.0/10215) target 0.276 (1654.0/3750)
[Train][77] Loss: D 0.006 E_gan -0.005 E_pred 0.015
[Train][77] Acc: source 0.997 (10180.0/10215) target 0.285 (1713.0/3750)
[Train][78] Loss: D 0.006 E_gan -0.005 E_pred 0.004
[Train][78] Acc: source 1.000 (10213.0/10215) target 0.293 (1756.0/3750)
[Train][79] Loss: D 0.008 E_gan -0.006 E_pred 0.016
[Train][79] Acc: source 0.997 (10185.0/10215) target 0.288 (1727.0/3750)

Eval MNIST: [0.    0.679 0.564 0.442 0.336 0.33  0.318 0.382 0.367 0.33 ] src: 0.679 tgt:0.384
[Train][80] Loss: D 0.008 E_gan -0.007 E_pred 0.005
[Train][80] Acc: source 1.000 (10213.0/10215) target 0.295 (1769.0/3750)
[Train][81] Loss: D 0.010 E_gan -0.008 E_pred 0.017
[Train][81] Acc: source 0.997 (10183.0/10215) target 0.293 (1760.0/3750)
[Train][82] Loss: D 0.011 E_gan -0.009 E_pred 0.008
[Train][82] Acc: source 0.999 (10205.0/10215) target 0.286 (1717.0/3750)
[Train][83] Loss: D 0.010 E_gan -0.009 E_pred 0.026
[Train][83] Acc: source 0.994 (10151.0/10215) target 0.285 (1708.0/3750)
[Train][84] Loss: D 0.010 E_gan -0.008 E_pred 0.006
[Train][84] Acc: source 0.999 (10209.0/10215) target 0.298 (1786.0/3750)
[Train][85] Loss: D 0.013 E_gan -0.011 E_pred 0.019
[Train][85] Acc: source 0.995 (10167.0/10215) target 0.287 (1724.0/3750)
[Train][86] Loss: D 0.011 E_gan -0.009 E_pred 0.009
[Train][86] Acc: source 0.999 (10209.0/10215) target 0.300 (1798.0/3750)
[Train][87] Loss: D 0.015 E_gan -0.012 E_pred 0.007
[Train][87] Acc: source 0.999 (10208.0/10215) target 0.301 (1807.0/3750)
[Train][88] Loss: D 0.019 E_gan -0.016 E_pred 0.012
[Train][88] Acc: source 0.999 (10200.0/10215) target 0.293 (1759.0/3750)
[Train][89] Loss: D 0.016 E_gan -0.014 E_pred 0.030
[Train][89] Acc: source 0.992 (10136.0/10215) target 0.288 (1729.0/3750)

Eval MNIST: [0.    0.67  0.594 0.424 0.345 0.345 0.373 0.406 0.379 0.318] src: 0.67 tgt:0.398
[Train][90] Loss: D 0.015 E_gan -0.013 E_pred 0.004
[Train][90] Acc: source 1.000 (10215.0/10215) target 0.302 (1811.0/3750)
[Train][91] Loss: D 0.019 E_gan -0.016 E_pred 0.009
[Train][91] Acc: source 0.999 (10201.0/10215) target 0.304 (1823.0/3750)
[Train][92] Loss: D 0.019 E_gan -0.017 E_pred 0.010
[Train][92] Acc: source 0.999 (10204.0/10215) target 0.294 (1766.0/3750)
[Train][93] Loss: D 0.022 E_gan -0.019 E_pred 0.010
[Train][93] Acc: source 0.999 (10206.0/10215) target 0.307 (1842.0/3750)
[Train][94] Loss: D 0.021 E_gan -0.019 E_pred 0.014
[Train][94] Acc: source 0.998 (10194.0/10215) target 0.300 (1799.0/3750)
[Train][95] Loss: D 0.022 E_gan -0.020 E_pred 0.008
[Train][95] Acc: source 1.000 (10211.0/10215) target 0.300 (1803.0/3750)
[Train][96] Loss: D 0.022 E_gan -0.019 E_pred 0.016
[Train][96] Acc: source 0.997 (10187.0/10215) target 0.296 (1774.0/3750)
[Train][97] Loss: D 0.021 E_gan -0.019 E_pred 0.007
[Train][97] Acc: source 0.999 (10209.0/10215) target 0.294 (1764.0/3750)
[Train][98] Loss: D 0.024 E_gan -0.021 E_pred 0.008
[Train][98] Acc: source 1.000 (10210.0/10215) target 0.299 (1792.0/3750)
[Train][99] Loss: D 0.024 E_gan -0.022 E_pred 0.008
[Train][99] Acc: source 0.999 (10207.0/10215) target 0.303 (1821.0/3750)

Eval MNIST: [0.    0.642 0.552 0.476 0.306 0.348 0.373 0.382 0.342 0.342] src: 0.642 tgt:0.39
[Train][100] Loss: D 0.023 E_gan -0.021 E_pred 0.020
[Train][100] Acc: source 0.996 (10172.0/10215) target 0.296 (1779.0/3750)
[Train][101] Loss: D 0.021 E_gan -0.019 E_pred 0.007
[Train][101] Acc: source 1.000 (10211.0/10215) target 0.297 (1784.0/3750)
[Train][102] Loss: D 0.024 E_gan -0.021 E_pred 0.005
[Train][102] Acc: source 1.000 (10214.0/10215) target 0.301 (1808.0/3750)
[Train][103] Loss: D 0.024 E_gan -0.022 E_pred 0.008
[Train][103] Acc: source 0.999 (10207.0/10215) target 0.297 (1782.0/3750)
[Train][104] Loss: D 0.026 E_gan -0.023 E_pred 0.007
[Train][104] Acc: source 1.000 (10211.0/10215) target 0.298 (1791.0/3750)
[Train][105] Loss: D 0.025 E_gan -0.023 E_pred 0.014
[Train][105] Acc: source 0.998 (10190.0/10215) target 0.300 (1800.0/3750)
[Train][106] Loss: D 0.024 E_gan -0.022 E_pred 0.006
[Train][106] Acc: source 1.000 (10212.0/10215) target 0.307 (1841.0/3750)
[Train][107] Loss: D 0.025 E_gan -0.023 E_pred 0.009
[Train][107] Acc: source 0.998 (10197.0/10215) target 0.302 (1813.0/3750)
[Train][108] Loss: D 0.024 E_gan -0.022 E_pred 0.007
[Train][108] Acc: source 0.999 (10209.0/10215) target 0.299 (1792.0/3750)
[Train][109] Loss: D 0.025 E_gan -0.023 E_pred 0.006
[Train][109] Acc: source 1.000 (10210.0/10215) target 0.302 (1811.0/3750)

Eval MNIST: [0.    0.627 0.594 0.427 0.321 0.318 0.339 0.37  0.318 0.373] src: 0.627 tgt:0.383
[Train][110] Loss: D 0.025 E_gan -0.023 E_pred 0.012
[Train][110] Acc: source 0.998 (10193.0/10215) target 0.294 (1763.0/3750)
[Train][111] Loss: D 0.025 E_gan -0.023 E_pred 0.005
[Train][111] Acc: source 1.000 (10211.0/10215) target 0.307 (1845.0/3750)
[Train][112] Loss: D 0.026 E_gan -0.024 E_pred 0.011
[Train][112] Acc: source 0.998 (10196.0/10215) target 0.299 (1795.0/3750)
[Train][113] Loss: D 0.025 E_gan -0.023 E_pred 0.005
[Train][113] Acc: source 1.000 (10213.0/10215) target 0.307 (1840.0/3750)
[Train][114] Loss: D 0.027 E_gan -0.024 E_pred 0.004
[Train][114] Acc: source 1.000 (10214.0/10215) target 0.299 (1796.0/3750)
[Train][115] Loss: D 0.028 E_gan -0.025 E_pred 0.008
[Train][115] Acc: source 0.999 (10209.0/10215) target 0.297 (1784.0/3750)
[Train][116] Loss: D 0.027 E_gan -0.025 E_pred 0.008
[Train][116] Acc: source 0.999 (10203.0/10215) target 0.299 (1796.0/3750)
[Train][117] Loss: D 0.026 E_gan -0.024 E_pred 0.007
[Train][117] Acc: source 0.999 (10206.0/10215) target 0.301 (1804.0/3750)
[Train][118] Loss: D 0.027 E_gan -0.025 E_pred 0.006
[Train][118] Acc: source 1.000 (10211.0/10215) target 0.305 (1830.0/3750)
[Train][119] Loss: D 0.028 E_gan -0.025 E_pred 0.005
[Train][119] Acc: source 1.000 (10213.0/10215) target 0.300 (1799.0/3750)

Eval MNIST: [0.    0.627 0.555 0.427 0.352 0.379 0.336 0.412 0.345 0.348] src: 0.627 tgt:0.394
[Train][120] Loss: D 0.028 E_gan -0.026 E_pred 0.010
[Train][120] Acc: source 0.999 (10200.0/10215) target 0.304 (1826.0/3750)
[Train][121] Loss: D 0.027 E_gan -0.025 E_pred 0.005
[Train][121] Acc: source 1.000 (10214.0/10215) target 0.303 (1819.0/3750)
[Train][122] Loss: D 0.027 E_gan -0.025 E_pred 0.005
[Train][122] Acc: source 1.000 (10212.0/10215) target 0.310 (1863.0/3750)
[Train][123] Loss: D 0.029 E_gan -0.027 E_pred 0.006
[Train][123] Acc: source 1.000 (10210.0/10215) target 0.307 (1840.0/3750)
[Train][124] Loss: D 0.028 E_gan -0.026 E_pred 0.006
[Train][124] Acc: source 0.999 (10207.0/10215) target 0.304 (1823.0/3750)
[Train][125] Loss: D 0.029 E_gan -0.027 E_pred 0.005
[Train][125] Acc: source 1.000 (10212.0/10215) target 0.304 (1826.0/3750)
[Train][126] Loss: D 0.029 E_gan -0.027 E_pred 0.006
[Train][126] Acc: source 0.999 (10206.0/10215) target 0.302 (1812.0/3750)
[Train][127] Loss: D 0.029 E_gan -0.027 E_pred 0.005
[Train][127] Acc: source 1.000 (10213.0/10215) target 0.298 (1791.0/3750)
[Train][128] Loss: D 0.029 E_gan -0.027 E_pred 0.005
[Train][128] Acc: source 1.000 (10212.0/10215) target 0.306 (1839.0/3750)
[Train][129] Loss: D 0.030 E_gan -0.028 E_pred 0.005
[Train][129] Acc: source 0.999 (10209.0/10215) target 0.306 (1836.0/3750)

Eval MNIST: [0.    0.661 0.539 0.43  0.358 0.385 0.355 0.427 0.364 0.361] src: 0.661 tgt:0.402
[Train][130] Loss: D 0.029 E_gan -0.027 E_pred 0.006
[Train][130] Acc: source 0.999 (10209.0/10215) target 0.301 (1808.0/3750)
[Train][131] Loss: D 0.028 E_gan -0.027 E_pred 0.007
[Train][131] Acc: source 0.999 (10204.0/10215) target 0.302 (1812.0/3750)
[Train][132] Loss: D 0.029 E_gan -0.027 E_pred 0.003
[Train][132] Acc: source 1.000 (10214.0/10215) target 0.302 (1815.0/3750)
[Train][133] Loss: D 0.031 E_gan -0.029 E_pred 0.005
[Train][133] Acc: source 1.000 (10213.0/10215) target 0.302 (1811.0/3750)
[Train][134] Loss: D 0.030 E_gan -0.028 E_pred 0.005
[Train][134] Acc: source 1.000 (10213.0/10215) target 0.310 (1858.0/3750)
[Train][135] Loss: D 0.030 E_gan -0.029 E_pred 0.004
[Train][135] Acc: source 1.000 (10213.0/10215) target 0.313 (1878.0/3750)
[Train][136] Loss: D 0.032 E_gan -0.030 E_pred 0.006
[Train][136] Acc: source 1.000 (10211.0/10215) target 0.313 (1878.0/3750)
[Train][137] Loss: D 0.029 E_gan -0.028 E_pred 0.007
[Train][137] Acc: source 0.999 (10202.0/10215) target 0.301 (1807.0/3750)
[Train][138] Loss: D 0.029 E_gan -0.027 E_pred 0.003
[Train][138] Acc: source 1.000 (10214.0/10215) target 0.306 (1837.0/3750)
[Train][139] Loss: D 0.030 E_gan -0.028 E_pred 0.004
[Train][139] Acc: source 1.000 (10214.0/10215) target 0.305 (1828.0/3750)

Eval MNIST: [0.    0.627 0.539 0.433 0.355 0.388 0.339 0.415 0.352 0.348] src: 0.627 tgt:0.396
[Train][140] Loss: D 0.030 E_gan -0.029 E_pred 0.005
[Train][140] Acc: source 1.000 (10211.0/10215) target 0.308 (1850.0/3750)
[Train][141] Loss: D 0.030 E_gan -0.028 E_pred 0.004
[Train][141] Acc: source 1.000 (10211.0/10215) target 0.301 (1804.0/3750)
[Train][142] Loss: D 0.030 E_gan -0.029 E_pred 0.004
[Train][142] Acc: source 1.000 (10213.0/10215) target 0.305 (1831.0/3750)
[Train][143] Loss: D 0.030 E_gan -0.029 E_pred 0.004
[Train][143] Acc: source 1.000 (10211.0/10215) target 0.303 (1820.0/3750)
[Train][144] Loss: D 0.030 E_gan -0.029 E_pred 0.003
[Train][144] Acc: source 1.000 (10214.0/10215) target 0.300 (1802.0/3750)
[Train][145] Loss: D 0.030 E_gan -0.029 E_pred 0.007
[Train][145] Acc: source 0.999 (10206.0/10215) target 0.292 (1752.0/3750)
[Train][146] Loss: D 0.030 E_gan -0.028 E_pred 0.003
[Train][146] Acc: source 1.000 (10214.0/10215) target 0.309 (1853.0/3750)
[Train][147] Loss: D 0.030 E_gan -0.029 E_pred 0.003
[Train][147] Acc: source 1.000 (10213.0/10215) target 0.313 (1877.0/3750)
[Train][148] Loss: D 0.031 E_gan -0.029 E_pred 0.003
[Train][148] Acc: source 1.000 (10214.0/10215) target 0.307 (1841.0/3750)
[Train][149] Loss: D 0.031 E_gan -0.030 E_pred 0.006
[Train][149] Acc: source 0.999 (10206.0/10215) target 0.298 (1787.0/3750)

Eval MNIST: [0.    0.655 0.552 0.455 0.345 0.412 0.358 0.43  0.37  0.355] src: 0.655 tgt:0.409
[Train][150] Loss: D 0.030 E_gan -0.029 E_pred 0.002
[Train][150] Acc: source 1.000 (10215.0/10215) target 0.308 (1846.0/3750)
[Train][151] Loss: D 0.031 E_gan -0.030 E_pred 0.003
[Train][151] Acc: source 1.000 (10215.0/10215) target 0.310 (1860.0/3750)
[Train][152] Loss: D 0.031 E_gan -0.030 E_pred 0.003
[Train][152] Acc: source 1.000 (10215.0/10215) target 0.301 (1807.0/3750)
[Train][153] Loss: D 0.032 E_gan -0.031 E_pred 0.003
[Train][153] Acc: source 1.000 (10215.0/10215) target 0.308 (1850.0/3750)
[Train][154] Loss: D 0.032 E_gan -0.030 E_pred 0.004
[Train][154] Acc: source 1.000 (10214.0/10215) target 0.311 (1865.0/3750)
[Train][155] Loss: D 0.033 E_gan -0.031 E_pred 0.004
[Train][155] Acc: source 1.000 (10214.0/10215) target 0.299 (1795.0/3750)
[Train][156] Loss: D 0.031 E_gan -0.030 E_pred 0.003
[Train][156] Acc: source 1.000 (10214.0/10215) target 0.312 (1871.0/3750)
[Train][157] Loss: D 0.032 E_gan -0.031 E_pred 0.003
[Train][157] Acc: source 1.000 (10215.0/10215) target 0.306 (1838.0/3750)
[Train][158] Loss: D 0.032 E_gan -0.031 E_pred 0.002
[Train][158] Acc: source 1.000 (10215.0/10215) target 0.305 (1832.0/3750)
[Train][159] Loss: D 0.032 E_gan -0.031 E_pred 0.004
[Train][159] Acc: source 0.999 (10209.0/10215) target 0.310 (1862.0/3750)

Eval MNIST: [0.    0.636 0.57  0.464 0.364 0.385 0.37  0.439 0.379 0.373] src: 0.636 tgt:0.418
[Train][160] Loss: D 0.032 E_gan -0.031 E_pred 0.003
[Train][160] Acc: source 1.000 (10214.0/10215) target 0.308 (1848.0/3750)
[Train][161] Loss: D 0.032 E_gan -0.031 E_pred 0.002
[Train][161] Acc: source 1.000 (10215.0/10215) target 0.307 (1843.0/3750)
[Train][162] Loss: D 0.033 E_gan -0.032 E_pred 0.003
[Train][162] Acc: source 1.000 (10215.0/10215) target 0.306 (1839.0/3750)
[Train][163] Loss: D 0.033 E_gan -0.032 E_pred 0.003
[Train][163] Acc: source 1.000 (10215.0/10215) target 0.300 (1803.0/3750)
[Train][164] Loss: D 0.033 E_gan -0.032 E_pred 0.003
[Train][164] Acc: source 1.000 (10213.0/10215) target 0.309 (1856.0/3750)
[Train][165] Loss: D 0.033 E_gan -0.032 E_pred 0.002
[Train][165] Acc: source 1.000 (10215.0/10215) target 0.304 (1822.0/3750)
[Train][166] Loss: D 0.034 E_gan -0.032 E_pred 0.003
[Train][166] Acc: source 1.000 (10215.0/10215) target 0.297 (1782.0/3750)
[Train][167] Loss: D 0.033 E_gan -0.032 E_pred 0.003
[Train][167] Acc: source 1.000 (10215.0/10215) target 0.297 (1785.0/3750)
[Train][168] Loss: D 0.034 E_gan -0.033 E_pred 0.003
[Train][168] Acc: source 1.000 (10215.0/10215) target 0.307 (1845.0/3750)
[Train][169] Loss: D 0.033 E_gan -0.033 E_pred 0.002
[Train][169] Acc: source 1.000 (10215.0/10215) target 0.303 (1817.0/3750)

Eval MNIST: [0.    0.642 0.548 0.448 0.361 0.388 0.376 0.376 0.33  0.342] src: 0.642 tgt:0.396
[Train][170] Loss: D 0.034 E_gan -0.033 E_pred 0.002
[Train][170] Acc: source 1.000 (10215.0/10215) target 0.300 (1803.0/3750)
[Train][171] Loss: D 0.033 E_gan -0.032 E_pred 0.002
[Train][171] Acc: source 1.000 (10215.0/10215) target 0.302 (1810.0/3750)
[Train][172] Loss: D 0.034 E_gan -0.033 E_pred 0.003
[Train][172] Acc: source 1.000 (10215.0/10215) target 0.301 (1808.0/3750)
[Train][173] Loss: D 0.034 E_gan -0.033 E_pred 0.002
[Train][173] Acc: source 1.000 (10215.0/10215) target 0.306 (1835.0/3750)
[Train][174] Loss: D 0.033 E_gan -0.033 E_pred 0.002
[Train][174] Acc: source 1.000 (10215.0/10215) target 0.307 (1840.0/3750)
[Train][175] Loss: D 0.033 E_gan -0.033 E_pred 0.002
[Train][175] Acc: source 1.000 (10215.0/10215) target 0.310 (1860.0/3750)
[Train][176] Loss: D 0.034 E_gan -0.033 E_pred 0.002
[Train][176] Acc: source 1.000 (10215.0/10215) target 0.312 (1870.0/3750)
[Train][177] Loss: D 0.034 E_gan -0.033 E_pred 0.003
[Train][177] Acc: source 1.000 (10213.0/10215) target 0.300 (1802.0/3750)
[Train][178] Loss: D 0.033 E_gan -0.032 E_pred 0.003
[Train][178] Acc: source 1.000 (10210.0/10215) target 0.302 (1813.0/3750)
[Train][179] Loss: D 0.032 E_gan -0.031 E_pred 0.002
[Train][179] Acc: source 1.000 (10215.0/10215) target 0.302 (1811.0/3750)

Eval MNIST: [0.    0.652 0.545 0.455 0.37  0.373 0.376 0.43  0.394 0.345] src: 0.652 tgt:0.411
[Train][180] Loss: D 0.033 E_gan -0.032 E_pred 0.002
[Train][180] Acc: source 1.000 (10215.0/10215) target 0.308 (1849.0/3750)
[Train][181] Loss: D 0.033 E_gan -0.032 E_pred 0.002
[Train][181] Acc: source 1.000 (10215.0/10215) target 0.299 (1795.0/3750)
[Train][182] Loss: D 0.033 E_gan -0.032 E_pred 0.002
[Train][182] Acc: source 1.000 (10215.0/10215) target 0.303 (1816.0/3750)
[Train][183] Loss: D 0.033 E_gan -0.033 E_pred 0.002
[Train][183] Acc: source 1.000 (10215.0/10215) target 0.304 (1824.0/3750)
[Train][184] Loss: D 0.033 E_gan -0.033 E_pred 0.002
[Train][184] Acc: source 1.000 (10215.0/10215) target 0.301 (1808.0/3750)
[Train][185] Loss: D 0.034 E_gan -0.033 E_pred 0.002
[Train][185] Acc: source 1.000 (10215.0/10215) target 0.305 (1830.0/3750)
[Train][186] Loss: D 0.034 E_gan -0.033 E_pred 0.002
[Train][186] Acc: source 1.000 (10215.0/10215) target 0.301 (1808.0/3750)
[Train][187] Loss: D 0.034 E_gan -0.033 E_pred 0.002
[Train][187] Acc: source 1.000 (10215.0/10215) target 0.299 (1793.0/3750)
[Train][188] Loss: D 0.033 E_gan -0.033 E_pred 0.002
[Train][188] Acc: source 1.000 (10215.0/10215) target 0.296 (1777.0/3750)
[Train][189] Loss: D 0.034 E_gan -0.033 E_pred 0.002
[Train][189] Acc: source 1.000 (10215.0/10215) target 0.295 (1771.0/3750)

Eval MNIST: [0.    0.652 0.542 0.418 0.336 0.333 0.352 0.4   0.312 0.342] src: 0.652 tgt:0.38
[Train][190] Loss: D 0.034 E_gan -0.033 E_pred 0.002
[Train][190] Acc: source 1.000 (10215.0/10215) target 0.301 (1809.0/3750)
[Train][191] Loss: D 0.034 E_gan -0.033 E_pred 0.002
[Train][191] Acc: source 1.000 (10215.0/10215) target 0.297 (1785.0/3750)
[Train][192] Loss: D 0.034 E_gan -0.033 E_pred 0.002
[Train][192] Acc: source 1.000 (10215.0/10215) target 0.300 (1801.0/3750)
[Train][193] Loss: D 0.034 E_gan -0.034 E_pred 0.002
[Train][193] Acc: source 1.000 (10214.0/10215) target 0.308 (1848.0/3750)
[Train][194] Loss: D 0.034 E_gan -0.033 E_pred 0.002
[Train][194] Acc: source 1.000 (10215.0/10215) target 0.301 (1809.0/3750)
[Train][195] Loss: D 0.034 E_gan -0.033 E_pred 0.002
[Train][195] Acc: source 1.000 (10215.0/10215) target 0.300 (1800.0/3750)
[Train][196] Loss: D 0.034 E_gan -0.033 E_pred 0.002
[Train][196] Acc: source 1.000 (10215.0/10215) target 0.300 (1801.0/3750)
[Train][197] Loss: D 0.034 E_gan -0.033 E_pred 0.002
[Train][197] Acc: source 1.000 (10215.0/10215) target 0.302 (1814.0/3750)
[Train][198] Loss: D 0.034 E_gan -0.033 E_pred 0.002
[Train][198] Acc: source 1.000 (10215.0/10215) target 0.304 (1822.0/3750)
[Train][199] Loss: D 0.034 E_gan -0.034 E_pred 0.002
[Train][199] Acc: source 1.000 (10215.0/10215) target 0.302 (1812.0/3750)

Eval MNIST: [0.    0.621 0.555 0.442 0.367 0.352 0.373 0.424 0.324 0.373] src: 0.621 tgt:0.401
