[Train][0] Loss: D 0.604 E_gan 1.093 E_pred 0.839
[Train][0] Acc: source 0.695 (9774.0/14070) target 0.295 (1773.0/6000)
[Train][1] Loss: D 0.166 E_gan 2.405 E_pred 1.495
[Train][1] Acc: source 0.440 (6188.0/14070) target 0.248 (1489.0/6000)
[Train][2] Loss: D 0.085 E_gan 3.242 E_pred 1.555
[Train][2] Acc: source 0.423 (5953.0/14070) target 0.261 (1569.0/6000)
[Train][3] Loss: D 0.051 E_gan 3.724 E_pred 1.542
[Train][3] Acc: source 0.429 (6040.0/14070) target 0.259 (1554.0/6000)
[Train][4] Loss: D 0.028 E_gan 3.901 E_pred 1.520
[Train][4] Acc: source 0.436 (6129.0/14070) target 0.267 (1604.0/6000)
[Train][5] Loss: D 0.023 E_gan 4.277 E_pred 1.523
[Train][5] Acc: source 0.437 (6143.0/14070) target 0.251 (1506.0/6000)
[Train][6] Loss: D 0.015 E_gan 4.713 E_pred 1.490
[Train][6] Acc: source 0.447 (6289.0/14070) target 0.262 (1575.0/6000)
[Train][7] Loss: D 0.011 E_gan 5.721 E_pred 1.501
[Train][7] Acc: source 0.445 (6268.0/14070) target 0.260 (1562.0/6000)
[Train][8] Loss: D 0.007 E_gan 5.499 E_pred 1.485
[Train][8] Acc: source 0.448 (6299.0/14070) target 0.257 (1540.0/6000)
[Train][9] Loss: D 0.005 E_gan 5.819 E_pred 1.490
[Train][9] Acc: source 0.447 (6286.0/14070) target 0.264 (1583.0/6000)

Eval MNIST: [0.    0.315 0.32  0.241 0.221 0.207 0.181 0.216 0.203 0.193] src: 0.315 tgt:0.223
[Train][10] Loss: D 0.005 E_gan 6.160 E_pred 1.473
[Train][10] Acc: source 0.452 (6359.0/14070) target 0.270 (1619.0/6000)
[Train][11] Loss: D 0.004 E_gan 6.284 E_pred 1.474
[Train][11] Acc: source 0.449 (6324.0/14070) target 0.270 (1618.0/6000)
[Train][12] Loss: D 0.005 E_gan 6.205 E_pred 1.498
[Train][12] Acc: source 0.441 (6207.0/14070) target 0.261 (1568.0/6000)
[Train][0] Loss: D 1.360 E_gan 0.976 E_pred 0.734
[Train][0] Acc: source 0.733 (10313.0/14070) target 0.299 (1792.0/6000)
[Train][1] Loss: D 1.324 E_gan 0.972 E_pred 0.962
[Train][1] Acc: source 0.643 (9045.0/14070) target 0.309 (1854.0/6000)
[Train][2] Loss: D nan E_gan nan E_pred 1.036
[Train][2] Acc: source 0.615 (8656.0/14070) target 0.328 (1967.0/6000)
[Train][3] Loss: D nan E_gan nan E_pred 1.043
[Train][3] Acc: source 0.607 (8547.0/14070) target 0.357 (2142.0/6000)
[Train][4] Loss: D nan E_gan nan E_pred 1.009
[Train][4] Acc: source 0.612 (8609.0/14070) target 0.362 (2173.0/6000)
[Train][5] Loss: D 1.365 E_gan 0.899 E_pred 1.021
[Train][5] Acc: source 0.609 (8569.0/14070) target 0.355 (2128.0/6000)
[Train][6] Loss: D 1.372 E_gan 0.827 E_pred 0.992
[Train][6] Acc: source 0.623 (8766.0/14070) target 0.373 (2239.0/6000)
[Train][7] Loss: D 1.366 E_gan 0.836 E_pred 0.951
[Train][7] Acc: source 0.637 (8963.0/14070) target 0.373 (2239.0/6000)
[Train][8] Loss: D 1.376 E_gan 0.869 E_pred 0.965
[Train][8] Acc: source 0.635 (8940.0/14070) target 0.371 (2225.0/6000)
[Train][9] Loss: D 1.357 E_gan 0.891 E_pred 0.956
[Train][9] Acc: source 0.634 (8927.0/14070) target 0.373 (2239.0/6000)

Eval MNIST: [0.    0.541 0.417 0.352 0.268 0.357 0.209 0.384 0.377 0.292] src: 0.541 tgt:0.332
[Train][10] Loss: D 1.373 E_gan 0.894 E_pred 0.946
[Train][10] Acc: source 0.642 (9033.0/14070) target 0.365 (2190.0/6000)
[Train][11] Loss: D 1.361 E_gan 0.909 E_pred 0.938
[Train][11] Acc: source 0.641 (9024.0/14070) target 0.384 (2306.0/6000)
[Train][12] Loss: D 1.368 E_gan 0.855 E_pred 0.907
[Train][12] Acc: source 0.658 (9254.0/14070) target 0.383 (2299.0/6000)
[Train][13] Loss: D 1.364 E_gan 0.898 E_pred 0.901
[Train][13] Acc: source 0.660 (9293.0/14070) target 0.382 (2295.0/6000)
[Train][14] Loss: D 1.365 E_gan 0.865 E_pred 0.888
[Train][14] Acc: source 0.660 (9288.0/14070) target 0.385 (2311.0/6000)
[Train][15] Loss: D 1.350 E_gan 0.950 E_pred 0.908
[Train][15] Acc: source 0.653 (9194.0/14070) target 0.371 (2229.0/6000)
[Train][16] Loss: D 1.358 E_gan 0.933 E_pred 0.910
[Train][16] Acc: source 0.656 (9223.0/14070) target 0.368 (2211.0/6000)
[Train][17] Loss: D 1.359 E_gan 0.869 E_pred 0.902
[Train][17] Acc: source 0.654 (9205.0/14070) target 0.383 (2296.0/6000)
[Train][18] Loss: D 1.373 E_gan 0.853 E_pred 0.867
[Train][18] Acc: source 0.670 (9421.0/14070) target 0.378 (2269.0/6000)
[Train][19] Loss: D 1.377 E_gan 0.825 E_pred 0.830
[Train][19] Acc: source 0.688 (9685.0/14070) target 0.396 (2379.0/6000)

Eval MNIST: [0.    0.545 0.551 0.353 0.305 0.339 0.265 0.319 0.332 0.393] src: 0.545 tgt:0.357
[Train][20] Loss: D 1.374 E_gan 0.818 E_pred 0.822
[Train][20] Acc: source 0.692 (9731.0/14070) target 0.396 (2379.0/6000)
[Train][21] Loss: D 1.377 E_gan 0.823 E_pred 0.815
[Train][21] Acc: source 0.693 (9752.0/14070) target 0.396 (2376.0/6000)
[Train][22] Loss: D 1.369 E_gan 0.859 E_pred 0.807
[Train][22] Acc: source 0.696 (9790.0/14070) target 0.386 (2315.0/6000)
[Train][23] Loss: D nan E_gan nan E_pred 0.813
[Train][23] Acc: source 0.693 (9746.0/14070) target 0.390 (2339.0/6000)
[Train][24] Loss: D 1.362 E_gan 0.913 E_pred 0.806
[Train][24] Acc: source 0.696 (9793.0/14070) target 0.393 (2358.0/6000)
[Train][25] Loss: D 1.372 E_gan 0.883 E_pred 0.832
[Train][25] Acc: source 0.680 (9571.0/14070) target 0.380 (2280.0/6000)
[Train][26] Loss: D 1.363 E_gan 0.921 E_pred 0.799
[Train][26] Acc: source 0.694 (9769.0/14070) target 0.387 (2320.0/6000)
[Train][27] Loss: D 1.374 E_gan 0.891 E_pred 0.804
[Train][27] Acc: source 0.695 (9783.0/14070) target 0.392 (2353.0/6000)
[Train][28] Loss: D 1.376 E_gan 0.832 E_pred 0.782
[Train][28] Acc: source 0.703 (9898.0/14070) target 0.391 (2345.0/6000)
[Train][29] Loss: D nan E_gan nan E_pred 0.759
[Train][29] Acc: source 0.715 (10058.0/14070) target 0.405 (2432.0/6000)

Eval MNIST: [0.    0.634 0.481 0.455 0.259 0.289 0.313 0.393 0.376 0.325] src: 0.634 tgt:0.361
[Train][30] Loss: D 1.379 E_gan 0.777 E_pred 0.723
[Train][30] Acc: source 0.727 (10224.0/14070) target 0.397 (2384.0/6000)
[Train][31] Loss: D 1.365 E_gan 0.822 E_pred 0.733
[Train][31] Acc: source 0.723 (10169.0/14070) target 0.409 (2457.0/6000)
[Train][32] Loss: D nan E_gan nan E_pred 0.727
[Train][32] Acc: source 0.732 (10296.0/14070) target 0.403 (2421.0/6000)
[Train][33] Loss: D 1.371 E_gan 0.804 E_pred 0.700
[Train][33] Acc: source 0.738 (10387.0/14070) target 0.404 (2423.0/6000)
[Train][34] Loss: D 1.380 E_gan 0.805 E_pred 0.688
[Train][34] Acc: source 0.741 (10428.0/14070) target 0.405 (2432.0/6000)
[Train][35] Loss: D 1.377 E_gan 0.804 E_pred 0.673
[Train][35] Acc: source 0.747 (10507.0/14070) target 0.404 (2422.0/6000)
[Train][36] Loss: D 1.379 E_gan 0.783 E_pred 0.677
[Train][36] Acc: source 0.746 (10491.0/14070) target 0.402 (2412.0/6000)
[Train][37] Loss: D 1.376 E_gan 0.814 E_pred 0.648
[Train][37] Acc: source 0.760 (10689.0/14070) target 0.404 (2425.0/6000)
[Train][38] Loss: D 1.374 E_gan 0.797 E_pred 0.631
[Train][38] Acc: source 0.762 (10720.0/14070) target 0.411 (2467.0/6000)
[Train][39] Loss: D 1.375 E_gan 0.790 E_pred 0.637
[Train][39] Acc: source 0.764 (10749.0/14070) target 0.410 (2458.0/6000)

Eval MNIST: [0.    0.448 0.359 0.293 0.241 0.179 0.136 0.229 0.204 0.257] src: 0.448 tgt:0.237
[Train][40] Loss: D 1.381 E_gan 0.781 E_pred 0.606
[Train][40] Acc: source 0.776 (10922.0/14070) target 0.420 (2520.0/6000)
[Train][41] Loss: D 1.380 E_gan 0.801 E_pred 0.612
[Train][41] Acc: source 0.775 (10906.0/14070) target 0.410 (2458.0/6000)
[Train][42] Loss: D 1.375 E_gan 0.786 E_pred 0.596
[Train][42] Acc: source 0.781 (10984.0/14070) target 0.405 (2432.0/6000)
[Train][43] Loss: D nan E_gan nan E_pred 0.593
[Train][43] Acc: source 0.781 (10990.0/14070) target 0.403 (2420.0/6000)
[Train][44] Loss: D 1.375 E_gan 0.806 E_pred 0.578
[Train][44] Acc: source 0.784 (11024.0/14070) target 0.394 (2364.0/6000)
[Train][45] Loss: D 1.378 E_gan 0.782 E_pred 0.570
[Train][45] Acc: source 0.786 (11066.0/14070) target 0.405 (2428.0/6000)
[Train][46] Loss: D 1.378 E_gan 0.780 E_pred 0.562
[Train][46] Acc: source 0.797 (11214.0/14070) target 0.402 (2413.0/6000)
[Train][47] Loss: D 1.373 E_gan 0.847 E_pred 0.586
[Train][47] Acc: source 0.783 (11016.0/14070) target 0.402 (2411.0/6000)
[Train][48] Loss: D nan E_gan nan E_pred 0.552
[Train][48] Acc: source 0.797 (11216.0/14070) target 0.400 (2399.0/6000)
[Train][49] Loss: D 1.378 E_gan 0.771 E_pred 0.535
[Train][49] Acc: source 0.799 (11243.0/14070) target 0.400 (2401.0/6000)

Eval MNIST: [0.    0.668 0.519 0.411 0.323 0.267 0.228 0.325 0.336 0.303] src: 0.668 tgt:0.339
[Train][50] Loss: D 1.380 E_gan 0.768 E_pred 0.516
[Train][50] Acc: source 0.813 (11441.0/14070) target 0.396 (2374.0/6000)
[Train][51] Loss: D 1.381 E_gan 0.759 E_pred 0.502
[Train][51] Acc: source 0.817 (11498.0/14070) target 0.398 (2386.0/6000)
[Train][52] Loss: D 1.377 E_gan 0.779 E_pred 0.502
[Train][52] Acc: source 0.815 (11464.0/14070) target 0.397 (2381.0/6000)
[Train][53] Loss: D 1.379 E_gan 0.777 E_pred 0.488
[Train][53] Acc: source 0.820 (11539.0/14070) target 0.391 (2348.0/6000)
[Train][54] Loss: D nan E_gan nan E_pred 0.481
[Train][54] Acc: source 0.825 (11602.0/14070) target 0.401 (2409.0/6000)
[Train][55] Loss: D 1.380 E_gan 0.768 E_pred 0.471
[Train][55] Acc: source 0.828 (11650.0/14070) target 0.394 (2362.0/6000)
[Train][56] Loss: D 1.378 E_gan 0.788 E_pred 0.470
[Train][56] Acc: source 0.830 (11685.0/14070) target 0.393 (2358.0/6000)
[Train][57] Loss: D 1.377 E_gan 0.770 E_pred 0.459
[Train][57] Acc: source 0.836 (11757.0/14070) target 0.401 (2404.0/6000)
[Train][58] Loss: D nan E_gan nan E_pred 0.448
[Train][58] Acc: source 0.838 (11786.0/14070) target 0.398 (2388.0/6000)
[Train][59] Loss: D 1.378 E_gan 0.779 E_pred 0.436
[Train][59] Acc: source 0.842 (11848.0/14070) target 0.392 (2352.0/6000)

Eval MNIST: [0.    0.665 0.447 0.429 0.311 0.313 0.22  0.332 0.353 0.327] src: 0.665 tgt:0.341
[Train][60] Loss: D nan E_gan nan E_pred 0.422
[Train][60] Acc: source 0.847 (11913.0/14070) target 0.393 (2358.0/6000)
[Train][61] Loss: D 1.378 E_gan 0.771 E_pred 0.415
[Train][61] Acc: source 0.850 (11957.0/14070) target 0.404 (2422.0/6000)
[Train][62] Loss: D nan E_gan nan E_pred 0.419
[Train][62] Acc: source 0.848 (11937.0/14070) target 0.380 (2283.0/6000)
[Train][63] Loss: D 1.382 E_gan 0.752 E_pred 0.405
[Train][63] Acc: source 0.856 (12050.0/14070) target 0.398 (2386.0/6000)
[Train][64] Loss: D 1.375 E_gan 0.801 E_pred 0.414
[Train][64] Acc: source 0.852 (11982.0/14070) target 0.396 (2379.0/6000)
[Train][65] Loss: D 1.370 E_gan 0.814 E_pred 0.409
[Train][65] Acc: source 0.855 (12024.0/14070) target 0.400 (2400.0/6000)
[Train][66] Loss: D 1.340 E_gan 0.905 E_pred 0.478
[Train][66] Acc: source 0.826 (11626.0/14070) target 0.380 (2279.0/6000)
[Train][67] Loss: D nan E_gan nan E_pred 0.394
[Train][67] Acc: source 0.862 (12122.0/14070) target 0.382 (2294.0/6000)
[Train][68] Loss: D 1.386 E_gan 0.756 E_pred 0.366
[Train][68] Acc: source 0.872 (12263.0/14070) target 0.394 (2362.0/6000)
[Train][69] Loss: D 1.381 E_gan 0.764 E_pred 0.359
[Train][69] Acc: source 0.874 (12296.0/14070) target 0.394 (2362.0/6000)

Eval MNIST: [0.    0.335 0.273 0.24  0.181 0.213 0.181 0.237 0.223 0.18 ] src: 0.335 tgt:0.216
[Train][70] Loss: D 1.383 E_gan 0.781 E_pred 0.357
[Train][70] Acc: source 0.871 (12253.0/14070) target 0.400 (2398.0/6000)
[Train][71] Loss: D 1.379 E_gan 0.776 E_pred 0.358
[Train][71] Acc: source 0.874 (12298.0/14070) target 0.390 (2342.0/6000)
[Train][72] Loss: D 1.380 E_gan 0.762 E_pred 0.336
[Train][72] Acc: source 0.880 (12379.0/14070) target 0.386 (2316.0/6000)
[Train][73] Loss: D 1.371 E_gan 0.794 E_pred 0.320
[Train][73] Acc: source 0.888 (12490.0/14070) target 0.392 (2353.0/6000)
[Train][74] Loss: D 1.377 E_gan 0.798 E_pred 0.334
[Train][74] Acc: source 0.885 (12449.0/14070) target 0.387 (2321.0/6000)
[Train][75] Loss: D nan E_gan nan E_pred 0.371
[Train][75] Acc: source 0.869 (12224.0/14070) target 0.380 (2283.0/6000)
[Train][76] Loss: D 1.379 E_gan 0.797 E_pred 0.341
[Train][76] Acc: source 0.878 (12349.0/14070) target 0.379 (2275.0/6000)
[Train][77] Loss: D 1.383 E_gan 0.763 E_pred 0.302
[Train][77] Acc: source 0.894 (12585.0/14070) target 0.388 (2331.0/6000)
[Train][78] Loss: D 1.381 E_gan 0.788 E_pred 0.323
[Train][78] Acc: source 0.890 (12517.0/14070) target 0.391 (2344.0/6000)
[Train][79] Loss: D 1.382 E_gan 0.752 E_pred 0.302
[Train][79] Acc: source 0.894 (12577.0/14070) target 0.389 (2336.0/6000)

Eval MNIST: [0.    0.631 0.363 0.332 0.223 0.303 0.235 0.275 0.293 0.251] src: 0.631 tgt:0.284
[Train][80] Loss: D 1.380 E_gan 0.754 E_pred 0.288
[Train][80] Acc: source 0.899 (12648.0/14070) target 0.392 (2351.0/6000)
[Train][81] Loss: D 1.378 E_gan 0.792 E_pred 0.287
[Train][81] Acc: source 0.902 (12696.0/14070) target 0.396 (2378.0/6000)
[Train][82] Loss: D 1.381 E_gan 0.770 E_pred 0.291
[Train][82] Acc: source 0.898 (12636.0/14070) target 0.392 (2354.0/6000)
[Train][83] Loss: D 1.380 E_gan 0.774 E_pred 0.278
[Train][83] Acc: source 0.904 (12714.0/14070) target 0.395 (2369.0/6000)
[Train][84] Loss: D nan E_gan nan E_pred 0.261
[Train][84] Acc: source 0.913 (12839.0/14070) target 0.388 (2330.0/6000)
[Train][85] Loss: D 1.384 E_gan 0.766 E_pred 0.268
[Train][85] Acc: source 0.909 (12790.0/14070) target 0.391 (2345.0/6000)
[Train][86] Loss: D 1.384 E_gan 0.751 E_pred 0.258
[Train][86] Acc: source 0.916 (12883.0/14070) target 0.387 (2320.0/6000)
[Train][87] Loss: D 1.385 E_gan 0.752 E_pred 0.246
[Train][87] Acc: source 0.918 (12919.0/14070) target 0.390 (2338.0/6000)
[Train][88] Loss: D nan E_gan nan E_pred 0.227
[Train][88] Acc: source 0.925 (13010.0/14070) target 0.396 (2374.0/6000)
[Train][89] Loss: D 1.384 E_gan 0.736 E_pred 0.222
[Train][89] Acc: source 0.926 (13030.0/14070) target 0.388 (2331.0/6000)

Eval MNIST: [0.    0.584 0.365 0.332 0.255 0.252 0.192 0.267 0.289 0.189] src: 0.584 tgt:0.268
[Train][90] Loss: D 1.380 E_gan 0.778 E_pred 0.219
[Train][90] Acc: source 0.928 (13051.0/14070) target 0.391 (2345.0/6000)
[Train][91] Loss: D 1.380 E_gan 0.758 E_pred 0.218
[Train][91] Acc: source 0.929 (13068.0/14070) target 0.389 (2335.0/6000)
[Train][92] Loss: D 1.377 E_gan 0.803 E_pred 0.214
[Train][92] Acc: source 0.929 (13073.0/14070) target 0.389 (2332.0/6000)
[Train][93] Loss: D 1.383 E_gan 0.751 E_pred 0.199
[Train][93] Acc: source 0.937 (13178.0/14070) target 0.392 (2351.0/6000)
[Train][94] Loss: D 1.384 E_gan 0.748 E_pred 0.194
[Train][94] Acc: source 0.938 (13201.0/14070) target 0.381 (2284.0/6000)
[Train][95] Loss: D 1.374 E_gan 0.817 E_pred 0.232
[Train][95] Acc: source 0.924 (13005.0/14070) target 0.382 (2291.0/6000)
[Train][96] Loss: D 1.379 E_gan 0.774 E_pred 0.201
[Train][96] Acc: source 0.935 (13149.0/14070) target 0.392 (2351.0/6000)
[Train][97] Loss: D 1.382 E_gan 0.760 E_pred 0.173
[Train][97] Acc: source 0.948 (13337.0/14070) target 0.384 (2303.0/6000)
[Train][98] Loss: D 1.382 E_gan 0.759 E_pred 0.172
[Train][98] Acc: source 0.946 (13305.0/14070) target 0.381 (2288.0/6000)
[Train][99] Loss: D nan E_gan nan E_pred 0.189
[Train][99] Acc: source 0.939 (13215.0/14070) target 0.377 (2264.0/6000)

Eval MNIST: [0.    0.837 0.529 0.432 0.349 0.376 0.247 0.376 0.405 0.32 ] src: 0.837 tgt:0.379
[Train][100] Loss: D 1.378 E_gan 0.775 E_pred 0.172
[Train][100] Acc: source 0.948 (13338.0/14070) target 0.382 (2293.0/6000)
[Train][101] Loss: D 1.381 E_gan 0.774 E_pred 0.184
[Train][101] Acc: source 0.940 (13232.0/14070) target 0.397 (2383.0/6000)
[Train][102] Loss: D 1.382 E_gan 0.747 E_pred 0.157
[Train][102] Acc: source 0.954 (13417.0/14070) target 0.387 (2320.0/6000)
[Train][103] Loss: D 1.379 E_gan 0.784 E_pred 0.159
[Train][103] Acc: source 0.954 (13419.0/14070) target 0.382 (2294.0/6000)
[Train][104] Loss: D 1.347 E_gan 0.834 E_pred 0.162
[Train][104] Acc: source 0.951 (13384.0/14070) target 0.381 (2285.0/6000)
[Train][105] Loss: D 1.339 E_gan 0.810 E_pred 0.225
[Train][105] Acc: source 0.923 (12986.0/14070) target 0.370 (2222.0/6000)
[Train][106] Loss: D 1.350 E_gan 0.850 E_pred 0.245
[Train][106] Acc: source 0.916 (12894.0/14070) target 0.385 (2313.0/6000)
[Train][107] Loss: D 1.379 E_gan 0.780 E_pred 0.165
[Train][107] Acc: source 0.950 (13364.0/14070) target 0.394 (2365.0/6000)
[Train][108] Loss: D 1.377 E_gan 0.813 E_pred 0.171
[Train][108] Acc: source 0.945 (13298.0/14070) target 0.389 (2332.0/6000)
[Train][109] Loss: D 1.382 E_gan 0.777 E_pred 0.151
[Train][109] Acc: source 0.951 (13383.0/14070) target 0.393 (2356.0/6000)

Eval MNIST: [0.    0.875 0.551 0.441 0.32  0.4   0.261 0.357 0.376 0.36 ] src: 0.875 tgt:0.383
[Train][110] Loss: D 1.385 E_gan 0.763 E_pred 0.139
[Train][110] Acc: source 0.960 (13506.0/14070) target 0.380 (2283.0/6000)
[Train][111] Loss: D 1.380 E_gan 0.783 E_pred 0.146
[Train][111] Acc: source 0.960 (13501.0/14070) target 0.387 (2321.0/6000)
[Train][112] Loss: D 1.382 E_gan 0.750 E_pred 0.140
[Train][112] Acc: source 0.960 (13506.0/14070) target 0.394 (2366.0/6000)
[Train][113] Loss: D 1.383 E_gan 0.755 E_pred 0.121
[Train][113] Acc: source 0.968 (13614.0/14070) target 0.391 (2347.0/6000)
[Train][114] Loss: D 1.384 E_gan 0.744 E_pred 0.122
[Train][114] Acc: source 0.967 (13601.0/14070) target 0.394 (2365.0/6000)
[Train][115] Loss: D 1.384 E_gan 0.740 E_pred 0.117
[Train][115] Acc: source 0.968 (13620.0/14070) target 0.389 (2334.0/6000)
[Train][116] Loss: D 1.380 E_gan 0.746 E_pred 0.109
[Train][116] Acc: source 0.971 (13663.0/14070) target 0.402 (2412.0/6000)
[Train][117] Loss: D 1.371 E_gan 0.825 E_pred 0.147
[Train][117] Acc: source 0.958 (13473.0/14070) target 0.383 (2299.0/6000)
[Train][118] Loss: D nan E_gan nan E_pred 0.172
[Train][118] Acc: source 0.945 (13291.0/14070) target 0.382 (2292.0/6000)
[Train][119] Loss: D nan E_gan nan E_pred 0.107
[Train][119] Acc: source 0.972 (13672.0/14070) target 0.387 (2323.0/6000)

Eval MNIST: [0.    0.392 0.217 0.14  0.184 0.216 0.141 0.189 0.215 0.157] src: 0.392 tgt:0.182
[Train][120] Loss: D 1.385 E_gan 0.755 E_pred 0.127
[Train][120] Acc: source 0.962 (13540.0/14070) target 0.385 (2308.0/6000)
[Train][121] Loss: D 1.382 E_gan 0.784 E_pred 0.127
[Train][121] Acc: source 0.964 (13562.0/14070) target 0.390 (2341.0/6000)
[Train][122] Loss: D nan E_gan nan E_pred 0.117
[Train][122] Acc: source 0.969 (13633.0/14070) target 0.387 (2322.0/6000)
[Train][123] Loss: D 1.384 E_gan 0.746 E_pred 0.109
[Train][123] Acc: source 0.974 (13698.0/14070) target 0.383 (2300.0/6000)
[Train][124] Loss: D 1.385 E_gan 0.740 E_pred 0.088
[Train][124] Acc: source 0.982 (13810.0/14070) target 0.388 (2326.0/6000)
[Train][125] Loss: D 1.384 E_gan 0.744 E_pred 0.092
[Train][125] Acc: source 0.980 (13792.0/14070) target 0.388 (2327.0/6000)
[Train][126] Loss: D 1.375 E_gan 0.799 E_pred 0.148
[Train][126] Acc: source 0.956 (13446.0/14070) target 0.380 (2278.0/6000)
[Train][127] Loss: D nan E_gan nan E_pred 0.122
[Train][127] Acc: source 0.966 (13586.0/14070) target 0.389 (2334.0/6000)
[Train][128] Loss: D 1.383 E_gan 0.742 E_pred 0.089
[Train][128] Acc: source 0.979 (13769.0/14070) target 0.387 (2321.0/6000)
[Train][129] Loss: D 1.378 E_gan 0.787 E_pred 0.112
[Train][129] Acc: source 0.973 (13685.0/14070) target 0.385 (2312.0/6000)

Eval MNIST: [0.    0.97  0.515 0.38  0.307 0.357 0.269 0.335 0.393 0.287] src: 0.97 tgt:0.355
[Train][130] Loss: D 1.382 E_gan 0.752 E_pred 0.084
[Train][130] Acc: source 0.981 (13801.0/14070) target 0.403 (2416.0/6000)
[Train][131] Loss: D 1.383 E_gan 0.745 E_pred 0.085
[Train][131] Acc: source 0.979 (13772.0/14070) target 0.395 (2372.0/6000)
[Train][132] Loss: D 1.380 E_gan 0.751 E_pred 0.073
[Train][132] Acc: source 0.984 (13847.0/14070) target 0.403 (2420.0/6000)
[Train][133] Loss: D 1.379 E_gan 0.780 E_pred 0.114
[Train][133] Acc: source 0.967 (13608.0/14070) target 0.398 (2388.0/6000)
[Train][134] Loss: D 1.374 E_gan 0.784 E_pred 0.118
[Train][134] Acc: source 0.965 (13578.0/14070) target 0.395 (2372.0/6000)
[Train][135] Loss: D 1.382 E_gan 0.758 E_pred 0.092
[Train][135] Acc: source 0.977 (13746.0/14070) target 0.378 (2268.0/6000)
[Train][136] Loss: D nan E_gan nan E_pred 0.135
[Train][136] Acc: source 0.958 (13479.0/14070) target 0.383 (2297.0/6000)
[Train][137] Loss: D 1.376 E_gan 0.770 E_pred 0.096
[Train][137] Acc: source 0.973 (13695.0/14070) target 0.391 (2349.0/6000)
[Train][138] Loss: D 1.379 E_gan 0.760 E_pred 0.092
[Train][138] Acc: source 0.976 (13730.0/14070) target 0.387 (2325.0/6000)
[Train][139] Loss: D 1.381 E_gan 0.752 E_pred 0.098
[Train][139] Acc: source 0.973 (13692.0/14070) target 0.398 (2391.0/6000)

Eval MNIST: [0.    0.597 0.344 0.241 0.221 0.287 0.213 0.284 0.335 0.213] src: 0.597 tgt:0.267
[Train][140] Loss: D 1.377 E_gan 0.787 E_pred 0.136
[Train][140] Acc: source 0.959 (13492.0/14070) target 0.389 (2336.0/6000)
[Train][141] Loss: D 1.380 E_gan 0.760 E_pred 0.098
[Train][141] Acc: source 0.976 (13738.0/14070) target 0.390 (2342.0/6000)
[Train][142] Loss: D 1.383 E_gan 0.752 E_pred 0.085
[Train][142] Acc: source 0.979 (13777.0/14070) target 0.383 (2301.0/6000)
[Train][143] Loss: D 1.384 E_gan 0.743 E_pred 0.071
[Train][143] Acc: source 0.985 (13852.0/14070) target 0.383 (2297.0/6000)
[Train][144] Loss: D 1.385 E_gan 0.738 E_pred 0.068
[Train][144] Acc: source 0.985 (13856.0/14070) target 0.377 (2265.0/6000)
[Train][145] Loss: D 1.379 E_gan 0.783 E_pred 0.094
[Train][145] Acc: source 0.975 (13717.0/14070) target 0.388 (2326.0/6000)
[Train][146] Loss: D 1.383 E_gan 0.735 E_pred 0.062
[Train][146] Acc: source 0.989 (13918.0/14070) target 0.389 (2337.0/6000)
[Train][147] Loss: D 1.385 E_gan 0.745 E_pred 0.065
[Train][147] Acc: source 0.987 (13883.0/14070) target 0.390 (2342.0/6000)
[Train][148] Loss: D 1.382 E_gan 0.752 E_pred 0.074
[Train][148] Acc: source 0.982 (13810.0/14070) target 0.391 (2345.0/6000)
[Train][149] Loss: D 1.384 E_gan 0.742 E_pred 0.054
[Train][149] Acc: source 0.990 (13930.0/14070) target 0.396 (2374.0/6000)

Eval MNIST: [0.    0.744 0.447 0.319 0.271 0.315 0.201 0.292 0.333 0.287] src: 0.744 tgt:0.308
