[Train][0] Loss: D 0.464 E_gan 0.233 E_pred 0.106
[Train][0] Acc: source 0.968 (5927.0/6122) target 0.052 (223.0/1080)
[Train][0] Loss: D 1.179 E_gan nan E_pred 0.207
[Train][0] Acc: source 0.931 (5702.0/6122) target 0.059 (255.0/1080)
[Train][1] Loss: D 0.922 E_gan nan E_pred 0.264
[Train][1] Acc: source 0.909 (5567.0/6122) target 0.057 (245.0/1080)
[Train][2] Loss: D 0.577 E_gan nan E_pred 0.416
[Train][2] Acc: source 0.861 (5270.0/6122) target 0.049 (212.0/1080)
[Train][3] Loss: D 0.311 E_gan nan E_pred 0.651
[Train][3] Acc: source 0.779 (4770.0/6122) target 0.047 (204.0/1080)
[Train][4] Loss: D 0.110 E_gan nan E_pred 0.847
[Train][4] Acc: source 0.701 (4294.0/6122) target 0.042 (181.0/1080)
[Train][5] Loss: D 0.058 E_gan nan E_pred 1.082
[Train][5] Acc: source 0.611 (3742.0/6122) target 0.031 (136.0/1080)
[Train][6] Loss: D 0.035 E_gan 4.431 E_pred 1.186
[Train][6] Acc: source 0.567 (3474.0/6122) target 0.041 (175.0/1080)
[Train][7] Loss: D 0.020 E_gan nan E_pred 1.413
[Train][7] Acc: source 0.472 (2890.0/6122) target 0.031 (136.0/1080)
[Train][8] Loss: D 0.012 E_gan nan E_pred nan
[Train][8] Acc: source 0.419 (2564.0/6122) target 0.024 (103.0/1080)
[Train][9] Loss: D 0.009 E_gan nan E_pred 1.422
[Train][9] Acc: source 0.454 (2781.0/6122) target 0.033 (141.0/1080)

Eval MNIST: [0.    0.348 0.094 0.102 0.    0.    0.    0.    0.    0.   ] src: 0.348 tgt:0.025
[Train][10] Loss: D 0.006 E_gan nan E_pred 1.382
[Train][10] Acc: source 0.470 (2877.0/6122) target 0.032 (140.0/1080)
[Train][11] Loss: D 0.005 E_gan nan E_pred 1.282
[Train][11] Acc: source 0.493 (3020.0/6122) target 0.028 (122.0/1080)
[Train][12] Loss: D 0.004 E_gan nan E_pred 1.369
[Train][12] Acc: source 0.477 (2923.0/6122) target 0.025 (106.0/1080)
[Train][13] Loss: D 0.003 E_gan nan E_pred 1.379
[Train][13] Acc: source 0.467 (2856.0/6122) target 0.029 (125.0/1080)
[Train][14] Loss: D 0.003 E_gan nan E_pred 1.415
[Train][14] Acc: source 0.455 (2783.0/6122) target 0.029 (125.0/1080)
[Train][15] Loss: D 0.002 E_gan nan E_pred 1.423
[Train][15] Acc: source 0.452 (2768.0/6122) target 0.026 (112.0/1080)
[Train][16] Loss: D 0.002 E_gan nan E_pred 1.488
[Train][16] Acc: source 0.422 (2586.0/6122) target 0.029 (126.0/1080)
[Train][17] Loss: D 0.001 E_gan nan E_pred 1.461
[Train][17] Acc: source 0.442 (2707.0/6122) target 0.027 (115.0/1080)
[Train][18] Loss: D 0.001 E_gan nan E_pred 1.407
[Train][18] Acc: source 0.464 (2840.0/6122) target 0.026 (112.0/1080)
[Train][19] Loss: D 0.001 E_gan 7.791 E_pred 1.565
[Train][19] Acc: source 0.404 (2472.0/6122) target 0.026 (111.0/1080)

Eval MNIST: [0.    0.437 0.146 0.141 0.    0.    0.    0.    0.    0.   ] src: 0.437 tgt:0.036
[Train][20] Loss: D 0.001 E_gan nan E_pred 1.500
[Train][20] Acc: source 0.431 (2637.0/6122) target 0.027 (117.0/1080)
[Train][21] Loss: D 0.001 E_gan nan E_pred 1.486
[Train][21] Acc: source 0.425 (2603.0/6122) target 0.027 (117.0/1080)
[Train][22] Loss: D 0.000 E_gan nan E_pred 1.553
[Train][22] Acc: source 0.387 (2370.0/6122) target 0.027 (117.0/1080)
[Train][23] Loss: D 0.000 E_gan nan E_pred 1.723
[Train][23] Acc: source 0.330 (2019.0/6122) target 0.029 (127.0/1080)
[Train][24] Loss: D 0.000 E_gan nan E_pred 1.669
[Train][24] Acc: source 0.333 (2036.0/6122) target 0.021 (90.0/1080)
[Train][25] Loss: D 0.000 E_gan nan E_pred 1.581
[Train][25] Acc: source 0.385 (2357.0/6122) target 0.026 (112.0/1080)
[Train][26] Loss: D 0.000 E_gan nan E_pred 1.517
[Train][26] Acc: source 0.415 (2543.0/6122) target 0.020 (87.0/1080)
[Train][27] Loss: D 0.000 E_gan nan E_pred 1.646
[Train][27] Acc: source 0.380 (2329.0/6122) target 0.024 (104.0/1080)
[Train][28] Loss: D 0.000 E_gan nan E_pred 2.319
[Train][28] Acc: source 0.098 (603.0/6122) target 0.024 (102.0/1080)
[Train][29] Loss: D 0.000 E_gan nan E_pred 2.307
[Train][29] Acc: source 0.100 (614.0/6122) target 0.026 (114.0/1080)

Eval MNIST: [0.    0.102 0.1   0.1   0.    0.    0.    0.    0.    0.   ] src: 0.102 tgt:0.025
[Train][30] Loss: D 0.000 E_gan nan E_pred 2.304
[Train][30] Acc: source 0.105 (641.0/6122) target 0.029 (126.0/1080)
[Train][31] Loss: D 0.000 E_gan nan E_pred 2.303
[Train][31] Acc: source 0.102 (623.0/6122) target 0.023 (101.0/1080)
[Train][32] Loss: D 0.000 E_gan nan E_pred 2.304
[Train][32] Acc: source 0.108 (660.0/6122) target 0.024 (105.0/1080)
[Train][33] Loss: D 0.000 E_gan nan E_pred 2.306
[Train][33] Acc: source 0.101 (620.0/6122) target 0.020 (86.0/1080)
[Train][34] Loss: D 0.000 E_gan nan E_pred 2.303
[Train][34] Acc: source 0.101 (620.0/6122) target 0.023 (98.0/1080)
[Train][35] Loss: D 0.000 E_gan nan E_pred 2.304
[Train][35] Acc: source 0.108 (659.0/6122) target 0.025 (110.0/1080)
[Train][36] Loss: D 0.000 E_gan nan E_pred 2.300
[Train][36] Acc: source 0.117 (716.0/6122) target 0.023 (99.0/1080)
[Train][37] Loss: D 0.000 E_gan nan E_pred 2.275
[Train][37] Acc: source 0.141 (862.0/6122) target 0.021 (90.0/1080)
[Train][38] Loss: D 0.000 E_gan 11.652 E_pred 2.188
[Train][38] Acc: source 0.176 (1079.0/6122) target 0.021 (90.0/1080)
[Train][39] Loss: D 0.000 E_gan nan E_pred 2.108
[Train][39] Acc: source 0.191 (1171.0/6122) target 0.022 (93.0/1080)

Eval MNIST: [0.    0.205 0.091 0.098 0.    0.    0.    0.    0.    0.   ] src: 0.205 tgt:0.024
[Train][40] Loss: D 0.000 E_gan nan E_pred 2.051
[Train][40] Acc: source 0.211 (1293.0/6122) target 0.016 (69.0/1080)
[Train][41] Loss: D 0.000 E_gan 11.481 E_pred 2.000
[Train][41] Acc: source 0.231 (1413.0/6122) target 0.022 (96.0/1080)
[Train][42] Loss: D 0.000 E_gan nan E_pred 1.936
[Train][42] Acc: source 0.259 (1587.0/6122) target 0.022 (93.0/1080)
[Train][43] Loss: D 0.000 E_gan nan E_pred 1.843
[Train][43] Acc: source 0.268 (1639.0/6122) target 0.027 (115.0/1080)
[Train][44] Loss: D 0.000 E_gan nan E_pred 1.799
[Train][44] Acc: source 0.273 (1673.0/6122) target 0.026 (114.0/1080)
[Train][45] Loss: D 0.000 E_gan nan E_pred 1.826
[Train][45] Acc: source 0.278 (1702.0/6122) target 0.027 (117.0/1080)
[Train][46] Loss: D 0.000 E_gan nan E_pred 1.813
[Train][46] Acc: source 0.272 (1666.0/6122) target 0.027 (115.0/1080)
[Train][47] Loss: D 0.000 E_gan nan E_pred 1.828
[Train][47] Acc: source 0.275 (1683.0/6122) target 0.031 (133.0/1080)
[Train][48] Loss: D 0.000 E_gan nan E_pred 1.774
[Train][48] Acc: source 0.304 (1860.0/6122) target 0.031 (133.0/1080)
[Train][49] Loss: D 0.000 E_gan nan E_pred 1.726
[Train][49] Acc: source 0.343 (2100.0/6122) target 0.019 (84.0/1080)

Eval MNIST: [0.    0.295 0.028 0.02  0.    0.    0.    0.    0.    0.   ] src: 0.295 tgt:0.006
[Train][50] Loss: D 0.000 E_gan nan E_pred 1.762
[Train][50] Acc: source 0.309 (1894.0/6122) target 0.024 (104.0/1080)
[Train][51] Loss: D 0.000 E_gan nan E_pred 1.755
[Train][51] Acc: source 0.331 (2025.0/6122) target 0.022 (94.0/1080)
[Train][52] Loss: D 0.000 E_gan nan E_pred 1.696
[Train][52] Acc: source 0.353 (2163.0/6122) target 0.018 (77.0/1080)
[Train][53] Loss: D 0.000 E_gan 10.217 E_pred 1.648
[Train][53] Acc: source 0.356 (2182.0/6122) target 0.029 (125.0/1080)
[Train][54] Loss: D 0.000 E_gan nan E_pred 1.634
[Train][54] Acc: source 0.357 (2188.0/6122) target 0.031 (134.0/1080)
[Train][55] Loss: D 0.000 E_gan 10.325 E_pred 1.651
[Train][55] Acc: source 0.359 (2196.0/6122) target 0.029 (126.0/1080)
[Train][56] Loss: D 0.000 E_gan 10.020 E_pred 1.571
[Train][56] Acc: source 0.398 (2439.0/6122) target 0.032 (138.0/1080)
[Train][57] Loss: D 0.000 E_gan nan E_pred 1.495
[Train][57] Acc: source 0.411 (2515.0/6122) target 0.039 (168.0/1080)
[Train][58] Loss: D 0.000 E_gan nan E_pred 1.436
[Train][58] Acc: source 0.431 (2636.0/6122) target 0.040 (171.0/1080)
[Train][59] Loss: D 0.000 E_gan nan E_pred 1.364
[Train][59] Acc: source 0.458 (2806.0/6122) target 0.044 (189.0/1080)

Eval MNIST: [0.    0.498 0.161 0.194 0.    0.    0.    0.    0.    0.   ] src: 0.498 tgt:0.044
[Train][60] Loss: D 0.000 E_gan nan E_pred 1.534
[Train][60] Acc: source 0.407 (2490.0/6122) target 0.037 (159.0/1080)
[Train][61] Loss: D 0.000 E_gan nan E_pred 1.467
[Train][61] Acc: source 0.429 (2625.0/6122) target 0.034 (146.0/1080)
[Train][62] Loss: D 0.000 E_gan nan E_pred 1.420
[Train][62] Acc: source 0.444 (2718.0/6122) target 0.031 (135.0/1080)
[Train][63] Loss: D 0.000 E_gan nan E_pred 1.373
[Train][63] Acc: source 0.469 (2871.0/6122) target 0.037 (162.0/1080)
[Train][64] Loss: D 0.000 E_gan nan E_pred 1.298
[Train][64] Acc: source 0.493 (3019.0/6122) target 0.037 (158.0/1080)
[Train][65] Loss: D 0.000 E_gan nan E_pred 1.339
[Train][65] Acc: source 0.483 (2959.0/6122) target 0.040 (173.0/1080)
[Train][66] Loss: D 0.000 E_gan nan E_pred 1.342
[Train][66] Acc: source 0.487 (2980.0/6122) target 0.041 (175.0/1080)
[Train][67] Loss: D 0.000 E_gan nan E_pred 1.286
[Train][67] Acc: source 0.506 (3099.0/6122) target 0.041 (179.0/1080)
[Train][68] Loss: D 0.000 E_gan nan E_pred 1.244
[Train][68] Acc: source 0.522 (3197.0/6122) target 0.050 (217.0/1080)
[Train][69] Loss: D 0.000 E_gan nan E_pred 1.206
[Train][69] Acc: source 0.535 (3278.0/6122) target 0.053 (229.0/1080)

Eval MNIST: [0.    0.533 0.209 0.189 0.    0.    0.    0.    0.    0.   ] src: 0.533 tgt:0.05
[Train][70] Loss: D 0.000 E_gan nan E_pred 1.232
[Train][70] Acc: source 0.529 (3237.0/6122) target 0.048 (208.0/1080)
[Train][71] Loss: D 0.000 E_gan nan E_pred 1.232
[Train][71] Acc: source 0.524 (3205.0/6122) target 0.053 (230.0/1080)
[Train][72] Loss: D 0.000 E_gan 9.569 E_pred 1.213
[Train][72] Acc: source 0.532 (3258.0/6122) target 0.049 (210.0/1080)
[Train][73] Loss: D 0.001 E_gan 9.236 E_pred 1.315
[Train][73] Acc: source 0.498 (3051.0/6122) target 0.036 (155.0/1080)
[Train][74] Loss: D 0.002 E_gan nan E_pred 1.317
[Train][74] Acc: source 0.492 (3009.0/6122) target 0.041 (178.0/1080)
[Train][75] Loss: D 0.001 E_gan nan E_pred 1.395
[Train][75] Acc: source 0.463 (2836.0/6122) target 0.034 (148.0/1080)
[Train][76] Loss: D 0.000 E_gan nan E_pred 1.508
[Train][76] Acc: source 0.407 (2492.0/6122) target 0.028 (120.0/1080)
[Train][77] Loss: D 0.000 E_gan nan E_pred 1.429
[Train][77] Acc: source 0.439 (2686.0/6122) target 0.027 (115.0/1080)
[Train][78] Loss: D 0.000 E_gan nan E_pred 1.425
[Train][78] Acc: source 0.442 (2708.0/6122) target 0.024 (104.0/1080)
[Train][79] Loss: D 0.000 E_gan nan E_pred 1.347
[Train][79] Acc: source 0.483 (2954.0/6122) target 0.027 (117.0/1080)

Eval MNIST: [0.    0.356 0.106 0.093 0.    0.    0.    0.    0.    0.   ] src: 0.356 tgt:0.025
[Train][80] Loss: D 0.000 E_gan 9.753 E_pred 1.459
[Train][80] Acc: source 0.437 (2673.0/6122) target 0.027 (115.0/1080)
[Train][81] Loss: D 0.000 E_gan nan E_pred 1.543
[Train][81] Acc: source 0.417 (2551.0/6122) target 0.030 (128.0/1080)
[Train][82] Loss: D 0.000 E_gan nan E_pred 1.414
[Train][82] Acc: source 0.454 (2777.0/6122) target 0.024 (103.0/1080)
[Train][83] Loss: D 0.000 E_gan nan E_pred 1.395
[Train][83] Acc: source 0.460 (2816.0/6122) target 0.034 (146.0/1080)
[Train][84] Loss: D 0.000 E_gan nan E_pred 1.374
[Train][84] Acc: source 0.466 (2854.0/6122) target 0.025 (109.0/1080)
[Train][85] Loss: D 0.000 E_gan 9.968 E_pred 1.290
[Train][85] Acc: source 0.496 (3039.0/6122) target 0.033 (141.0/1080)
[Train][86] Loss: D 0.000 E_gan nan E_pred 1.287
[Train][86] Acc: source 0.503 (3082.0/6122) target 0.032 (139.0/1080)
[Train][87] Loss: D 0.000 E_gan nan E_pred 1.242
[Train][87] Acc: source 0.515 (3153.0/6122) target 0.028 (123.0/1080)
[Train][88] Loss: D 0.000 E_gan nan E_pred 1.290
[Train][88] Acc: source 0.506 (3096.0/6122) target 0.033 (142.0/1080)
[Train][89] Loss: D 0.000 E_gan nan E_pred 1.248
[Train][89] Acc: source 0.516 (3156.0/6122) target 0.040 (174.0/1080)

Eval MNIST: [0.    0.436 0.15  0.161 0.    0.    0.    0.    0.    0.   ] src: 0.436 tgt:0.039
[Train][90] Loss: D 0.000 E_gan nan E_pred 1.262
[Train][90] Acc: source 0.511 (3130.0/6122) target 0.037 (159.0/1080)
[Train][91] Loss: D 0.000 E_gan nan E_pred 1.243
[Train][91] Acc: source 0.517 (3166.0/6122) target 0.037 (159.0/1080)
[Train][92] Loss: D 0.000 E_gan nan E_pred 1.243
[Train][92] Acc: source 0.520 (3184.0/6122) target 0.047 (204.0/1080)
[Train][93] Loss: D 0.000 E_gan nan E_pred 1.205
[Train][93] Acc: source 0.537 (3287.0/6122) target 0.042 (182.0/1080)
[Train][94] Loss: D 0.000 E_gan nan E_pred 1.195
[Train][94] Acc: source 0.531 (3250.0/6122) target 0.045 (196.0/1080)
[Train][95] Loss: D 0.000 E_gan nan E_pred 1.227
[Train][95] Acc: source 0.541 (3311.0/6122) target 0.042 (180.0/1080)
[Train][96] Loss: D 0.000 E_gan nan E_pred 1.245
[Train][96] Acc: source 0.521 (3192.0/6122) target 0.048 (206.0/1080)
[Train][97] Loss: D 0.000 E_gan nan E_pred 1.275
[Train][97] Acc: source 0.512 (3136.0/6122) target 0.045 (194.0/1080)
[Train][98] Loss: D 0.000 E_gan nan E_pred 1.213
[Train][98] Acc: source 0.536 (3280.0/6122) target 0.046 (200.0/1080)
[Train][99] Loss: D 0.000 E_gan nan E_pred 1.185
[Train][99] Acc: source 0.532 (3255.0/6122) target 0.047 (203.0/1080)

Eval MNIST: [0.    0.362 0.206 0.193 0.    0.    0.    0.    0.    0.   ] src: 0.362 tgt:0.05
[Train][100] Loss: D 0.000 E_gan nan E_pred 1.182
[Train][100] Acc: source 0.543 (3327.0/6122) target 0.044 (189.0/1080)
[Train][101] Loss: D 0.000 E_gan nan E_pred 1.142
[Train][101] Acc: source 0.554 (3394.0/6122) target 0.047 (201.0/1080)
[Train][102] Loss: D 0.000 E_gan nan E_pred 1.154
[Train][102] Acc: source 0.557 (3413.0/6122) target 0.042 (180.0/1080)
[Train][103] Loss: D 0.000 E_gan nan E_pred 1.121
[Train][103] Acc: source 0.564 (3450.0/6122) target 0.042 (182.0/1080)
[Train][104] Loss: D 0.000 E_gan nan E_pred 1.136
[Train][104] Acc: source 0.561 (3436.0/6122) target 0.044 (190.0/1080)
[Train][105] Loss: D 0.000 E_gan nan E_pred 1.114
[Train][105] Acc: source 0.563 (3444.0/6122) target 0.044 (188.0/1080)
[Train][106] Loss: D 0.000 E_gan nan E_pred 1.112
[Train][106] Acc: source 0.578 (3538.0/6122) target 0.047 (203.0/1080)
[Train][107] Loss: D 0.000 E_gan nan E_pred 1.089
[Train][107] Acc: source 0.571 (3498.0/6122) target 0.049 (210.0/1080)
[Train][108] Loss: D 0.000 E_gan nan E_pred 1.132
[Train][108] Acc: source 0.569 (3486.0/6122) target 0.045 (195.0/1080)
[Train][109] Loss: D 0.000 E_gan nan E_pred 1.091
[Train][109] Acc: source 0.588 (3597.0/6122) target 0.052 (223.0/1080)

Eval MNIST: [0.    0.581 0.231 0.2   0.    0.    0.    0.    0.    0.   ] src: 0.581 tgt:0.054
[Train][110] Loss: D 0.000 E_gan nan E_pred 1.156
[Train][110] Acc: source 0.557 (3407.0/6122) target 0.046 (200.0/1080)
[Train][111] Loss: D 0.000 E_gan nan E_pred 1.204
[Train][111] Acc: source 0.556 (3403.0/6122) target 0.047 (204.0/1080)
[Train][112] Loss: D 0.000 E_gan nan E_pred 1.116
[Train][112] Acc: source 0.565 (3459.0/6122) target 0.048 (208.0/1080)
[Train][113] Loss: D 0.000 E_gan nan E_pred 1.161
[Train][113] Acc: source 0.546 (3342.0/6122) target 0.045 (196.0/1080)
[Train][114] Loss: D 0.000 E_gan nan E_pred 1.144
[Train][114] Acc: source 0.558 (3417.0/6122) target 0.040 (173.0/1080)
[Train][115] Loss: D 0.000 E_gan 9.525 E_pred 1.145
[Train][115] Acc: source 0.564 (3452.0/6122) target 0.040 (174.0/1080)
[Train][116] Loss: D 0.000 E_gan nan E_pred 1.143
[Train][116] Acc: source 0.558 (3414.0/6122) target 0.043 (186.0/1080)
[Train][117] Loss: D 0.000 E_gan nan E_pred 1.133
[Train][117] Acc: source 0.566 (3465.0/6122) target 0.050 (217.0/1080)
[Train][118] Loss: D 0.000 E_gan nan E_pred nan
[Train][118] Acc: source 0.566 (3466.0/6122) target 0.050 (218.0/1080)
[Train][119] Loss: D 0.000 E_gan nan E_pred 1.099
[Train][119] Acc: source 0.581 (3556.0/6122) target 0.054 (235.0/1080)

Eval MNIST: [0.    0.58  0.159 0.233 0.    0.    0.    0.    0.    0.   ] src: 0.58 tgt:0.049
[Train][120] Loss: D 0.000 E_gan nan E_pred 1.084
[Train][120] Acc: source 0.575 (3520.0/6122) target 0.045 (196.0/1080)
[Train][121] Loss: D 0.000 E_gan nan E_pred 1.055
[Train][121] Acc: source 0.587 (3596.0/6122) target 0.044 (191.0/1080)
[Train][122] Loss: D 0.000 E_gan 9.506 E_pred 1.097
[Train][122] Acc: source 0.572 (3503.0/6122) target 0.045 (196.0/1080)
[Train][123] Loss: D 0.000 E_gan nan E_pred 1.094
[Train][123] Acc: source 0.578 (3539.0/6122) target 0.049 (213.0/1080)
[Train][124] Loss: D 0.000 E_gan nan E_pred 1.057
[Train][124] Acc: source 0.586 (3590.0/6122) target 0.044 (192.0/1080)
[Train][125] Loss: D 0.000 E_gan nan E_pred 1.056
[Train][125] Acc: source 0.585 (3581.0/6122) target 0.046 (199.0/1080)
[Train][126] Loss: D 0.000 E_gan nan E_pred 1.088
[Train][126] Acc: source 0.584 (3573.0/6122) target 0.044 (190.0/1080)
[Train][127] Loss: D 0.000 E_gan nan E_pred 1.124
[Train][127] Acc: source 0.574 (3513.0/6122) target 0.046 (199.0/1080)
[Train][128] Loss: D 0.000 E_gan nan E_pred 1.037
[Train][128] Acc: source 0.603 (3692.0/6122) target 0.048 (209.0/1080)
[Train][129] Loss: D 0.000 E_gan nan E_pred 1.039
[Train][129] Acc: source 0.601 (3682.0/6122) target 0.051 (220.0/1080)

Eval MNIST: [0.    0.622 0.183 0.274 0.    0.    0.    0.    0.    0.   ] src: 0.622 tgt:0.057
[Train][130] Loss: D 0.000 E_gan nan E_pred 1.043
[Train][130] Acc: source 0.605 (3704.0/6122) target 0.052 (225.0/1080)
[Train][131] Loss: D 0.000 E_gan nan E_pred 1.016
[Train][131] Acc: source 0.605 (3701.0/6122) target 0.051 (220.0/1080)
[Train][132] Loss: D 0.000 E_gan nan E_pred 1.002
[Train][132] Acc: source 0.613 (3752.0/6122) target 0.050 (215.0/1080)
[Train][133] Loss: D 0.000 E_gan nan E_pred 1.032
[Train][133] Acc: source 0.599 (3667.0/6122) target 0.050 (214.0/1080)
[Train][134] Loss: D 0.000 E_gan nan E_pred 1.018
[Train][134] Acc: source 0.621 (3803.0/6122) target 0.051 (219.0/1080)
[Train][135] Loss: D 0.000 E_gan nan E_pred 0.999
[Train][135] Acc: source 0.612 (3745.0/6122) target 0.054 (234.0/1080)
[Train][136] Loss: D 0.000 E_gan nan E_pred 0.979
[Train][136] Acc: source 0.618 (3781.0/6122) target 0.050 (215.0/1080)
[Train][137] Loss: D 0.000 E_gan nan E_pred 0.968
[Train][137] Acc: source 0.620 (3795.0/6122) target 0.055 (237.0/1080)
[Train][138] Loss: D 0.000 E_gan nan E_pred 0.975
[Train][138] Acc: source 0.620 (3795.0/6122) target 0.054 (232.0/1080)
[Train][139] Loss: D 0.000 E_gan nan E_pred 1.171
[Train][139] Acc: source 0.556 (3402.0/6122) target 0.042 (180.0/1080)

Eval MNIST: [0.    0.463 0.137 0.224 0.    0.    0.    0.    0.    0.   ] src: 0.463 tgt:0.045
[Train][140] Loss: D 0.000 E_gan nan E_pred 1.123
[Train][140] Acc: source 0.575 (3520.0/6122) target 0.039 (169.0/1080)
[Train][141] Loss: D 0.000 E_gan nan E_pred 1.086
[Train][141] Acc: source 0.582 (3561.0/6122) target 0.043 (186.0/1080)
[Train][142] Loss: D 0.000 E_gan nan E_pred 1.071
[Train][142] Acc: source 0.584 (3574.0/6122) target 0.045 (196.0/1080)
[Train][143] Loss: D 0.000 E_gan nan E_pred 1.027
[Train][143] Acc: source 0.599 (3668.0/6122) target 0.047 (205.0/1080)
[Train][144] Loss: D 0.000 E_gan nan E_pred 1.043
[Train][144] Acc: source 0.595 (3643.0/6122) target 0.042 (181.0/1080)
[Train][145] Loss: D 0.000 E_gan nan E_pred 1.013
[Train][145] Acc: source 0.607 (3715.0/6122) target 0.049 (211.0/1080)
[Train][146] Loss: D 0.000 E_gan nan E_pred 0.976
[Train][146] Acc: source 0.630 (3858.0/6122) target 0.054 (235.0/1080)
[Train][147] Loss: D 0.000 E_gan nan E_pred 0.974
[Train][147] Acc: source 0.624 (3822.0/6122) target 0.055 (237.0/1080)
[Train][148] Loss: D 0.000 E_gan nan E_pred 0.958
[Train][148] Acc: source 0.620 (3794.0/6122) target 0.047 (203.0/1080)
[Train][149] Loss: D 0.000 E_gan nan E_pred 0.990
[Train][149] Acc: source 0.625 (3828.0/6122) target 0.056 (243.0/1080)

Eval MNIST: [0.    0.48  0.244 0.219 0.    0.    0.    0.    0.    0.   ] src: 0.48 tgt:0.058
[Train][150] Loss: D 0.000 E_gan nan E_pred 0.957
[Train][150] Acc: source 0.630 (3854.0/6122) target 0.053 (230.0/1080)
[Train][151] Loss: D 0.000 E_gan nan E_pred 0.973
[Train][151] Acc: source 0.625 (3826.0/6122) target 0.051 (222.0/1080)
[Train][152] Loss: D 0.000 E_gan nan E_pred 0.938
[Train][152] Acc: source 0.641 (3924.0/6122) target 0.052 (223.0/1080)
[Train][153] Loss: D 0.000 E_gan nan E_pred 0.946
[Train][153] Acc: source 0.633 (3873.0/6122) target 0.050 (214.0/1080)
[Train][154] Loss: D 0.000 E_gan nan E_pred 0.945
[Train][154] Acc: source 0.643 (3937.0/6122) target 0.061 (262.0/1080)
[Train][155] Loss: D 0.000 E_gan nan E_pred 0.934
[Train][155] Acc: source 0.643 (3936.0/6122) target 0.059 (256.0/1080)
[Train][156] Loss: D 0.000 E_gan nan E_pred 0.928
[Train][156] Acc: source 0.639 (3915.0/6122) target 0.059 (254.0/1080)
[Train][157] Loss: D 0.000 E_gan nan E_pred 0.913
[Train][157] Acc: source 0.650 (3977.0/6122) target 0.056 (244.0/1080)
[Train][158] Loss: D 0.000 E_gan nan E_pred 0.922
[Train][158] Acc: source 0.647 (3961.0/6122) target 0.056 (241.0/1080)
[Train][159] Loss: D 0.000 E_gan nan E_pred 0.886
[Train][159] Acc: source 0.657 (4025.0/6122) target 0.056 (242.0/1080)

Eval MNIST: [0.    0.671 0.276 0.157 0.    0.    0.    0.    0.    0.   ] src: 0.671 tgt:0.054
[Train][160] Loss: D 0.000 E_gan 9.486 E_pred nan
[Train][160] Acc: source 0.647 (3959.0/6122) target 0.060 (260.0/1080)
[Train][161] Loss: D 0.000 E_gan nan E_pred 0.875
[Train][161] Acc: source 0.659 (4035.0/6122) target 0.060 (261.0/1080)
[Train][162] Loss: D 0.000 E_gan nan E_pred 0.891
[Train][162] Acc: source 0.663 (4056.0/6122) target 0.057 (246.0/1080)
[Train][163] Loss: D 0.000 E_gan nan E_pred 0.881
[Train][163] Acc: source 0.662 (4053.0/6122) target 0.056 (243.0/1080)
[Train][164] Loss: D 0.000 E_gan nan E_pred 0.870
[Train][164] Acc: source 0.667 (4082.0/6122) target 0.054 (234.0/1080)
[Train][165] Loss: D 0.000 E_gan nan E_pred 0.887
[Train][165] Acc: source 0.660 (4041.0/6122) target 0.060 (259.0/1080)
[Train][166] Loss: D 0.000 E_gan nan E_pred 0.846
[Train][166] Acc: source 0.677 (4146.0/6122) target 0.059 (256.0/1080)
[Train][167] Loss: D 0.000 E_gan 9.492 E_pred 0.868
[Train][167] Acc: source 0.665 (4070.0/6122) target 0.060 (259.0/1080)
[Train][168] Loss: D 0.000 E_gan nan E_pred 0.865
[Train][168] Acc: source 0.669 (4098.0/6122) target 0.059 (257.0/1080)
[Train][169] Loss: D 0.000 E_gan nan E_pred 0.834
[Train][169] Acc: source 0.681 (4167.0/6122) target 0.057 (246.0/1080)

Eval MNIST: [0.    0.69  0.228 0.2   0.    0.    0.    0.    0.    0.   ] src: 0.69 tgt:0.053
[Train][170] Loss: D 0.000 E_gan nan E_pred 0.834
[Train][170] Acc: source 0.680 (4162.0/6122) target 0.054 (234.0/1080)
[Train][171] Loss: D 0.000 E_gan nan E_pred 0.824
[Train][171] Acc: source 0.692 (4237.0/6122) target 0.058 (249.0/1080)
[Train][172] Loss: D 0.000 E_gan nan E_pred 0.839
[Train][172] Acc: source 0.693 (4240.0/6122) target 0.060 (259.0/1080)
[Train][173] Loss: D 0.000 E_gan nan E_pred 0.829
[Train][173] Acc: source 0.695 (4252.0/6122) target 0.056 (244.0/1080)
[Train][174] Loss: D 0.000 E_gan nan E_pred 0.809
[Train][174] Acc: source 0.688 (4209.0/6122) target 0.065 (279.0/1080)
[Train][175] Loss: D 0.000 E_gan nan E_pred 0.821
[Train][175] Acc: source 0.689 (4217.0/6122) target 0.063 (273.0/1080)
[Train][176] Loss: D 0.000 E_gan nan E_pred 0.809
[Train][176] Acc: source 0.694 (4250.0/6122) target 0.063 (271.0/1080)
[Train][177] Loss: D 0.000 E_gan nan E_pred 0.780
[Train][177] Acc: source 0.705 (4315.0/6122) target 0.061 (265.0/1080)
[Train][178] Loss: D 0.000 E_gan nan E_pred 0.791
[Train][178] Acc: source 0.702 (4295.0/6122) target 0.068 (292.0/1080)
[Train][179] Loss: D 0.000 E_gan nan E_pred 0.806
[Train][179] Acc: source 0.691 (4230.0/6122) target 0.061 (265.0/1080)

Eval MNIST: [0.    0.741 0.235 0.246 0.    0.    0.    0.    0.    0.   ] src: 0.741 tgt:0.06
[Train][180] Loss: D 0.000 E_gan nan E_pred 0.770
[Train][180] Acc: source 0.706 (4321.0/6122) target 0.063 (274.0/1080)
[Train][181] Loss: D 0.000 E_gan nan E_pred 0.776
[Train][181] Acc: source 0.707 (4326.0/6122) target 0.064 (275.0/1080)
[Train][182] Loss: D 0.000 E_gan nan E_pred 0.779
[Train][182] Acc: source 0.701 (4294.0/6122) target 0.062 (268.0/1080)
[Train][183] Loss: D 0.000 E_gan nan E_pred 0.757
[Train][183] Acc: source 0.717 (4387.0/6122) target 0.068 (292.0/1080)
[Train][184] Loss: D 0.000 E_gan nan E_pred 0.739
[Train][184] Acc: source 0.723 (4428.0/6122) target 0.064 (278.0/1080)
[Train][185] Loss: D 0.000 E_gan nan E_pred 0.752
[Train][185] Acc: source 0.719 (4400.0/6122) target 0.067 (289.0/1080)
[Train][186] Loss: D 0.000 E_gan nan E_pred 0.737
[Train][186] Acc: source 0.724 (4433.0/6122) target 0.069 (296.0/1080)
[Train][187] Loss: D 0.000 E_gan 9.417 E_pred 0.733
[Train][187] Acc: source 0.731 (4474.0/6122) target 0.062 (268.0/1080)
[Train][188] Loss: D 0.000 E_gan nan E_pred 0.759
[Train][188] Acc: source 0.724 (4434.0/6122) target 0.069 (299.0/1080)
[Train][189] Loss: D 0.000 E_gan nan E_pred 0.694
[Train][189] Acc: source 0.740 (4528.0/6122) target 0.068 (293.0/1080)

Eval MNIST: [0.    0.741 0.22  0.222 0.    0.    0.    0.    0.    0.   ] src: 0.741 tgt:0.055
[Train][190] Loss: D 0.000 E_gan nan E_pred 0.683
[Train][190] Acc: source 0.737 (4511.0/6122) target 0.059 (254.0/1080)
[Train][191] Loss: D 0.000 E_gan nan E_pred 0.698
[Train][191] Acc: source 0.739 (4522.0/6122) target 0.062 (268.0/1080)
[Train][192] Loss: D 0.000 E_gan nan E_pred 0.683
[Train][192] Acc: source 0.746 (4564.0/6122) target 0.064 (275.0/1080)
[Train][193] Loss: D 0.000 E_gan nan E_pred 0.683
[Train][193] Acc: source 0.749 (4586.0/6122) target 0.062 (268.0/1080)
[Train][194] Loss: D 0.000 E_gan nan E_pred 0.696
[Train][194] Acc: source 0.741 (4538.0/6122) target 0.067 (289.0/1080)
[Train][195] Loss: D 0.000 E_gan 9.377 E_pred 0.678
[Train][195] Acc: source 0.751 (4600.0/6122) target 0.065 (282.0/1080)
[Train][196] Loss: D 0.000 E_gan nan E_pred 0.691
[Train][196] Acc: source 0.739 (4526.0/6122) target 0.061 (264.0/1080)
[Train][197] Loss: D 0.000 E_gan nan E_pred 0.653
[Train][197] Acc: source 0.758 (4642.0/6122) target 0.066 (284.0/1080)
[Train][198] Loss: D 0.000 E_gan nan E_pred 0.626
[Train][198] Acc: source 0.764 (4678.0/6122) target 0.069 (296.0/1080)
[Train][199] Loss: D 0.000 E_gan nan E_pred 0.642
[Train][199] Acc: source 0.756 (4631.0/6122) target 0.068 (295.0/1080)

Eval MNIST: [0.    0.786 0.276 0.309 0.    0.    0.    0.    0.    0.   ] src: 0.786 tgt:0.073
[Train][200] Loss: D 0.000 E_gan nan E_pred 0.642
[Train][200] Acc: source 0.767 (4695.0/6122) target 0.070 (303.0/1080)
[Train][201] Loss: D 0.000 E_gan nan E_pred 0.628
[Train][201] Acc: source 0.763 (4671.0/6122) target 0.066 (286.0/1080)
[Train][202] Loss: D 0.000 E_gan nan E_pred 0.637
[Train][202] Acc: source 0.765 (4682.0/6122) target 0.059 (254.0/1080)
[Train][203] Loss: D 0.000 E_gan nan E_pred 0.670
[Train][203] Acc: source 0.757 (4635.0/6122) target 0.065 (282.0/1080)
[Train][204] Loss: D 0.000 E_gan 9.403 E_pred 0.620
[Train][204] Acc: source 0.774 (4738.0/6122) target 0.068 (294.0/1080)
[Train][205] Loss: D 0.000 E_gan nan E_pred 0.585
[Train][205] Acc: source 0.783 (4795.0/6122) target 0.072 (310.0/1080)
[Train][206] Loss: D 0.000 E_gan nan E_pred 0.611
[Train][206] Acc: source 0.775 (4743.0/6122) target 0.062 (270.0/1080)
[Train][207] Loss: D 0.000 E_gan nan E_pred 0.590
[Train][207] Acc: source 0.779 (4766.0/6122) target 0.067 (291.0/1080)
[Train][208] Loss: D 0.000 E_gan nan E_pred 0.596
[Train][208] Acc: source 0.784 (4799.0/6122) target 0.067 (288.0/1080)
[Train][209] Loss: D 0.000 E_gan nan E_pred 0.580
[Train][209] Acc: source 0.791 (4842.0/6122) target 0.070 (301.0/1080)

Eval MNIST: [0.    0.806 0.246 0.307 0.    0.    0.    0.    0.    0.   ] src: 0.806 tgt:0.069
[Train][210] Loss: D 0.000 E_gan 9.412 E_pred 0.616
[Train][210] Acc: source 0.777 (4759.0/6122) target 0.072 (312.0/1080)
[Train][211] Loss: D 0.000 E_gan 9.503 E_pred 0.611
[Train][211] Acc: source 0.774 (4736.0/6122) target 0.075 (322.0/1080)
[Train][212] Loss: D 0.000 E_gan nan E_pred 0.579
[Train][212] Acc: source 0.794 (4858.0/6122) target 0.069 (297.0/1080)
[Train][213] Loss: D 0.000 E_gan nan E_pred 0.546
[Train][213] Acc: source 0.793 (4855.0/6122) target 0.073 (314.0/1080)
[Train][214] Loss: D 0.000 E_gan nan E_pred 0.564
[Train][214] Acc: source 0.804 (4922.0/6122) target 0.073 (316.0/1080)
[Train][215] Loss: D 0.000 E_gan nan E_pred 0.569
[Train][215] Acc: source 0.798 (4887.0/6122) target 0.072 (312.0/1080)
[Train][216] Loss: D 0.000 E_gan 9.394 E_pred 0.555
[Train][216] Acc: source 0.797 (4880.0/6122) target 0.075 (326.0/1080)
[Train][217] Loss: D 0.000 E_gan nan E_pred 0.587
[Train][217] Acc: source 0.787 (4819.0/6122) target 0.068 (294.0/1080)
[Train][218] Loss: D 0.000 E_gan nan E_pred 0.549
[Train][218] Acc: source 0.801 (4903.0/6122) target 0.069 (299.0/1080)
[Train][219] Loss: D 0.000 E_gan 9.494 E_pred 0.545
[Train][219] Acc: source 0.800 (4897.0/6122) target 0.070 (304.0/1080)

Eval MNIST: [0.    0.841 0.306 0.278 0.    0.    0.    0.    0.    0.   ] src: 0.841 tgt:0.073
[Train][220] Loss: D 0.000 E_gan nan E_pred 0.531
[Train][220] Acc: source 0.806 (4933.0/6122) target 0.066 (286.0/1080)
[Train][221] Loss: D 0.000 E_gan nan E_pred 0.494
[Train][221] Acc: source 0.815 (4990.0/6122) target 0.072 (311.0/1080)
[Train][222] Loss: D 0.000 E_gan 9.396 E_pred 0.482
[Train][222] Acc: source 0.822 (5030.0/6122) target 0.073 (314.0/1080)
[Train][223] Loss: D 0.000 E_gan nan E_pred 0.515
[Train][223] Acc: source 0.819 (5012.0/6122) target 0.075 (322.0/1080)
[Train][224] Loss: D 0.000 E_gan nan E_pred 0.486
[Train][224] Acc: source 0.833 (5101.0/6122) target 0.072 (312.0/1080)
[Train][225] Loss: D 0.000 E_gan nan E_pred 0.522
[Train][225] Acc: source 0.811 (4966.0/6122) target 0.073 (316.0/1080)
[Train][226] Loss: D 0.000 E_gan nan E_pred 0.474
[Train][226] Acc: source 0.827 (5065.0/6122) target 0.075 (324.0/1080)
[Train][227] Loss: D 0.000 E_gan nan E_pred nan
[Train][227] Acc: source 0.836 (5120.0/6122) target 0.074 (320.0/1080)
[Train][228] Loss: D 0.000 E_gan nan E_pred 0.463
[Train][228] Acc: source 0.832 (5096.0/6122) target 0.073 (317.0/1080)
[Train][229] Loss: D 0.000 E_gan nan E_pred 0.460
[Train][229] Acc: source 0.841 (5151.0/6122) target 0.072 (311.0/1080)

Eval MNIST: [0.    0.888 0.283 0.285 0.    0.    0.    0.    0.    0.   ] src: 0.888 tgt:0.071
[Train][230] Loss: D 0.000 E_gan nan E_pred 0.450
[Train][230] Acc: source 0.837 (5123.0/6122) target 0.077 (331.0/1080)
[Train][231] Loss: D 0.000 E_gan nan E_pred nan
[Train][231] Acc: source 0.841 (5147.0/6122) target 0.077 (331.0/1080)
[Train][232] Loss: D 0.000 E_gan nan E_pred 0.463
[Train][232] Acc: source 0.837 (5122.0/6122) target 0.072 (309.0/1080)
[Train][233] Loss: D 0.000 E_gan nan E_pred 0.424
[Train][233] Acc: source 0.850 (5202.0/6122) target 0.075 (325.0/1080)
[Train][234] Loss: D 0.000 E_gan nan E_pred 0.411
[Train][234] Acc: source 0.851 (5212.0/6122) target 0.078 (339.0/1080)
[Train][235] Loss: D 0.000 E_gan nan E_pred 0.438
[Train][235] Acc: source 0.846 (5181.0/6122) target 0.077 (334.0/1080)
[Train][236] Loss: D 0.000 E_gan nan E_pred 0.417
[Train][236] Acc: source 0.849 (5197.0/6122) target 0.075 (325.0/1080)
[Train][237] Loss: D 0.000 E_gan nan E_pred 0.395
[Train][237] Acc: source 0.855 (5236.0/6122) target 0.075 (326.0/1080)
[Train][238] Loss: D 0.000 E_gan nan E_pred 0.396
[Train][238] Acc: source 0.860 (5267.0/6122) target 0.071 (306.0/1080)
[Train][239] Loss: D 0.000 E_gan nan E_pred 0.407
[Train][239] Acc: source 0.856 (5239.0/6122) target 0.080 (344.0/1080)

Eval MNIST: [0.    0.889 0.335 0.274 0.    0.    0.    0.    0.    0.   ] src: 0.889 tgt:0.076
[Train][240] Loss: D 0.000 E_gan nan E_pred 0.401
[Train][240] Acc: source 0.864 (5288.0/6122) target 0.072 (313.0/1080)
[Train][241] Loss: D 0.000 E_gan nan E_pred 0.412
[Train][241] Acc: source 0.855 (5232.0/6122) target 0.074 (319.0/1080)
[Train][242] Loss: D 0.000 E_gan nan E_pred 0.377
[Train][242] Acc: source 0.864 (5287.0/6122) target 0.078 (335.0/1080)
[Train][243] Loss: D 0.000 E_gan nan E_pred 0.375
[Train][243] Acc: source 0.874 (5348.0/6122) target 0.069 (296.0/1080)
[Train][244] Loss: D 0.000 E_gan nan E_pred 0.374
[Train][244] Acc: source 0.865 (5296.0/6122) target 0.079 (340.0/1080)
[Train][245] Loss: D 0.000 E_gan nan E_pred 0.363
[Train][245] Acc: source 0.872 (5341.0/6122) target 0.079 (340.0/1080)
[Train][246] Loss: D 0.000 E_gan nan E_pred 0.362
[Train][246] Acc: source 0.874 (5352.0/6122) target 0.079 (340.0/1080)
[Train][247] Loss: D 0.000 E_gan nan E_pred 0.355
[Train][247] Acc: source 0.871 (5334.0/6122) target 0.067 (291.0/1080)
[Train][248] Loss: D 0.000 E_gan nan E_pred 0.362
[Train][248] Acc: source 0.877 (5371.0/6122) target 0.071 (307.0/1080)
[Train][249] Loss: D 0.000 E_gan nan E_pred nan
[Train][249] Acc: source 0.888 (5437.0/6122) target 0.073 (317.0/1080)

Eval MNIST: [0.    0.908 0.333 0.307 0.    0.    0.    0.    0.    0.   ] src: 0.908 tgt:0.08
[Train][250] Loss: D 0.000 E_gan nan E_pred 0.331
[Train][250] Acc: source 0.883 (5405.0/6122) target 0.080 (345.0/1080)
[Train][251] Loss: D 0.000 E_gan nan E_pred 0.342
[Train][251] Acc: source 0.877 (5366.0/6122) target 0.069 (297.0/1080)
[Train][252] Loss: D 0.000 E_gan 9.404 E_pred 0.324
[Train][252] Acc: source 0.890 (5446.0/6122) target 0.073 (315.0/1080)
[Train][253] Loss: D 0.000 E_gan nan E_pred 0.355
[Train][253] Acc: source 0.875 (5355.0/6122) target 0.070 (301.0/1080)
[Train][254] Loss: D 0.000 E_gan nan E_pred 0.302
[Train][254] Acc: source 0.889 (5445.0/6122) target 0.078 (335.0/1080)
[Train][255] Loss: D 0.000 E_gan nan E_pred 0.342
[Train][255] Acc: source 0.884 (5414.0/6122) target 0.073 (316.0/1080)
[Train][256] Loss: D 0.000 E_gan 9.399 E_pred nan
[Train][256] Acc: source 0.887 (5431.0/6122) target 0.073 (314.0/1080)
[Train][257] Loss: D 0.000 E_gan nan E_pred 0.326
[Train][257] Acc: source 0.886 (5426.0/6122) target 0.070 (302.0/1080)
[Train][258] Loss: D 0.000 E_gan nan E_pred 0.290
[Train][258] Acc: source 0.896 (5486.0/6122) target 0.077 (332.0/1080)
[Train][259] Loss: D 0.000 E_gan nan E_pred 0.290
[Train][259] Acc: source 0.897 (5490.0/6122) target 0.071 (306.0/1080)

Eval MNIST: [0.    0.945 0.352 0.304 0.    0.    0.    0.    0.    0.   ] src: 0.945 tgt:0.082
[Train][260] Loss: D 0.000 E_gan nan E_pred 0.297
[Train][260] Acc: source 0.897 (5489.0/6122) target 0.075 (323.0/1080)
[Train][261] Loss: D 0.000 E_gan nan E_pred 0.284
[Train][261] Acc: source 0.898 (5498.0/6122) target 0.077 (334.0/1080)
[Train][262] Loss: D 0.000 E_gan nan E_pred 0.296
[Train][262] Acc: source 0.893 (5468.0/6122) target 0.074 (319.0/1080)
[Train][263] Loss: D 0.000 E_gan nan E_pred 0.270
[Train][263] Acc: source 0.903 (5527.0/6122) target 0.077 (331.0/1080)
[Train][264] Loss: D 0.000 E_gan nan E_pred 0.287
[Train][264] Acc: source 0.906 (5547.0/6122) target 0.073 (314.0/1080)
[Train][265] Loss: D 0.000 E_gan nan E_pred 0.266
[Train][265] Acc: source 0.906 (5549.0/6122) target 0.070 (302.0/1080)
[Train][266] Loss: D 0.000 E_gan nan E_pred 0.252
[Train][266] Acc: source 0.912 (5585.0/6122) target 0.072 (310.0/1080)
[Train][267] Loss: D 0.000 E_gan nan E_pred 0.276
[Train][267] Acc: source 0.902 (5525.0/6122) target 0.079 (340.0/1080)
[Train][268] Loss: D 0.000 E_gan nan E_pred 0.266
[Train][268] Acc: source 0.914 (5593.0/6122) target 0.078 (336.0/1080)
[Train][269] Loss: D 0.000 E_gan nan E_pred 0.278
[Train][269] Acc: source 0.908 (5560.0/6122) target 0.082 (355.0/1080)

Eval MNIST: [0.    0.934 0.331 0.269 0.    0.    0.    0.    0.    0.   ] src: 0.934 tgt:0.075
[Train][270] Loss: D 0.000 E_gan nan E_pred 0.271
[Train][270] Acc: source 0.914 (5596.0/6122) target 0.075 (325.0/1080)
[Train][271] Loss: D 0.000 E_gan nan E_pred 0.257
[Train][271] Acc: source 0.913 (5590.0/6122) target 0.081 (350.0/1080)
[Train][272] Loss: D 0.000 E_gan nan E_pred 0.255
[Train][272] Acc: source 0.915 (5602.0/6122) target 0.071 (306.0/1080)
[Train][273] Loss: D 0.000 E_gan nan E_pred 0.241
[Train][273] Acc: source 0.916 (5606.0/6122) target 0.077 (331.0/1080)
[Train][274] Loss: D 0.000 E_gan nan E_pred 0.250
[Train][274] Acc: source 0.923 (5648.0/6122) target 0.076 (329.0/1080)
[Train][275] Loss: D 0.000 E_gan nan E_pred 0.250
[Train][275] Acc: source 0.917 (5615.0/6122) target 0.078 (335.0/1080)
[Train][276] Loss: D 0.000 E_gan 9.397 E_pred 0.245
[Train][276] Acc: source 0.919 (5624.0/6122) target 0.079 (341.0/1080)
[Train][277] Loss: D 0.000 E_gan nan E_pred 0.224
[Train][277] Acc: source 0.925 (5665.0/6122) target 0.079 (340.0/1080)
[Train][278] Loss: D 0.000 E_gan nan E_pred 0.238
[Train][278] Acc: source 0.926 (5672.0/6122) target 0.076 (328.0/1080)
[Train][279] Loss: D 0.000 E_gan nan E_pred nan
[Train][279] Acc: source 0.927 (5674.0/6122) target 0.075 (323.0/1080)

Eval MNIST: [0.    0.918 0.335 0.307 0.    0.    0.    0.    0.    0.   ] src: 0.918 tgt:0.08
[Train][280] Loss: D 0.000 E_gan nan E_pred 0.229
[Train][280] Acc: source 0.926 (5670.0/6122) target 0.074 (319.0/1080)
[Train][281] Loss: D 0.000 E_gan nan E_pred 0.218
[Train][281] Acc: source 0.929 (5688.0/6122) target 0.078 (338.0/1080)
[Train][282] Loss: D 0.000 E_gan nan E_pred 0.230
[Train][282] Acc: source 0.926 (5667.0/6122) target 0.070 (303.0/1080)
[Train][283] Loss: D 0.000 E_gan nan E_pred 0.212
[Train][283] Acc: source 0.924 (5659.0/6122) target 0.076 (330.0/1080)
[Train][284] Loss: D 0.000 E_gan nan E_pred 0.190
[Train][284] Acc: source 0.935 (5725.0/6122) target 0.078 (339.0/1080)
[Train][285] Loss: D 0.000 E_gan nan E_pred 0.203
[Train][285] Acc: source 0.932 (5708.0/6122) target 0.075 (322.0/1080)
[Train][286] Loss: D 0.000 E_gan nan E_pred 0.220
[Train][286] Acc: source 0.927 (5678.0/6122) target 0.078 (339.0/1080)
[Train][287] Loss: D 0.000 E_gan nan E_pred 0.210
[Train][287] Acc: source 0.936 (5733.0/6122) target 0.079 (342.0/1080)
[Train][288] Loss: D 0.000 E_gan nan E_pred 0.166
[Train][288] Acc: source 0.944 (5782.0/6122) target 0.079 (343.0/1080)
[Train][289] Loss: D 0.000 E_gan nan E_pred 0.185
[Train][289] Acc: source 0.936 (5728.0/6122) target 0.077 (333.0/1080)

Eval MNIST: [0.    0.981 0.343 0.285 0.    0.    0.    0.    0.    0.   ] src: 0.981 tgt:0.078
[Train][290] Loss: D 0.000 E_gan nan E_pred 0.171
[Train][290] Acc: source 0.949 (5810.0/6122) target 0.077 (334.0/1080)
[Train][291] Loss: D 0.000 E_gan nan E_pred 0.188
[Train][291] Acc: source 0.947 (5799.0/6122) target 0.084 (361.0/1080)
[Train][292] Loss: D 0.000 E_gan nan E_pred 0.186
[Train][292] Acc: source 0.942 (5767.0/6122) target 0.080 (344.0/1080)
[Train][293] Loss: D 0.000 E_gan nan E_pred 0.154
[Train][293] Acc: source 0.952 (5828.0/6122) target 0.075 (322.0/1080)
[Train][294] Loss: D 0.000 E_gan nan E_pred 0.179
[Train][294] Acc: source 0.948 (5804.0/6122) target 0.080 (347.0/1080)
[Train][295] Loss: D 0.000 E_gan nan E_pred 0.193
[Train][295] Acc: source 0.941 (5762.0/6122) target 0.079 (340.0/1080)
[Train][296] Loss: D 0.000 E_gan nan E_pred 0.178
[Train][296] Acc: source 0.943 (5774.0/6122) target 0.079 (341.0/1080)
[Train][297] Loss: D 0.000 E_gan nan E_pred 0.183
[Train][297] Acc: source 0.947 (5797.0/6122) target 0.078 (336.0/1080)
[Train][298] Loss: D 0.000 E_gan nan E_pred 0.168
[Train][298] Acc: source 0.945 (5783.0/6122) target 0.082 (355.0/1080)
[Train][299] Loss: D 0.000 E_gan nan E_pred 0.182
[Train][299] Acc: source 0.951 (5820.0/6122) target 0.085 (367.0/1080)

Eval MNIST: [0.    0.979 0.359 0.33  0.    0.    0.    0.    0.    0.   ] src: 0.979 tgt:0.086
