[Train][0] Loss: D 1.425 E_gan 1.425 E_pred 2.006
[Train][0] Acc: source 0.000 (5.0/5) target 0.200 (0.0/0)
[Train][1] Loss: D 1.425 E_gan 1.425 E_pred 2.006
[Train][1] Acc: source 0.000 (5.0/5) target 0.200 (0.0/0)
[Train][2] Loss: D 1.425 E_gan 1.425 E_pred 2.006
[Train][2] Acc: source 0.000 (5.0/5) target 0.200 (0.0/0)
[Train][3] Loss: D 1.425 E_gan 1.425 E_pred 2.006
[Train][3] Acc: source 0.000 (5.0/5) target 0.200 (0.0/0)
[Train][4] Loss: D 1.425 E_gan 1.425 E_pred 2.006
[Train][4] Acc: source 0.000 (5.0/5) target 0.200 (0.0/0)
[Train][5] Loss: D 1.425 E_gan 1.425 E_pred 2.006
[Train][5] Acc: source 0.000 (5.0/5) target 0.200 (0.0/0)
[Train][6] Loss: D 1.425 E_gan 1.425 E_pred 2.006
[Train][6] Acc: source 0.000 (5.0/5) target 0.200 (0.0/0)
[Train][7] Loss: D 1.425 E_gan 1.425 E_pred 2.006
[Train][7] Acc: source 0.000 (5.0/5) target 0.200 (0.0/0)
[Train][8] Loss: D 1.425 E_gan 1.425 E_pred 2.006
[Train][8] Acc: source 0.000 (5.0/5) target 0.200 (0.0/0)
[Train][9] Loss: D 1.425 E_gan 1.425 E_pred 2.006
[Train][9] Acc: source 0.000 (5.0/5) target 0.200 (0.0/0)

Eval MNIST: [0. 1. 0. 0. 0. 0.] src: 0.0 tgt:0.2
[Train][10] Loss: D 1.425 E_gan 1.425 E_pred 2.006
[Train][10] Acc: source 0.000 (5.0/5) target 0.200 (0.0/0)
[Train][11] Loss: D 1.425 E_gan 1.425 E_pred 2.006
[Train][11] Acc: source 0.000 (5.0/5) target 0.200 (0.0/0)
[Train][12] Loss: D 1.425 E_gan 1.425 E_pred 2.006
[Train][12] Acc: source 0.000 (5.0/5) target 0.200 (0.0/0)
[Train][13] Loss: D 1.425 E_gan 1.425 E_pred 2.006
[Train][13] Acc: source 0.000 (5.0/5) target 0.200 (0.0/0)
[Train][14] Loss: D 1.425 E_gan 1.425 E_pred 2.006
[Train][14] Acc: source 0.000 (5.0/5) target 0.200 (0.0/0)
[Train][15] Loss: D 1.425 E_gan 1.425 E_pred 2.006
[Train][15] Acc: source 0.000 (5.0/5) target 0.200 (0.0/0)
[Train][16] Loss: D 1.425 E_gan 1.425 E_pred 2.006
[Train][16] Acc: source 0.000 (5.0/5) target 0.200 (0.0/0)
[Train][17] Loss: D 1.425 E_gan 1.425 E_pred 2.006
[Train][17] Acc: source 0.000 (5.0/5) target 0.200 (0.0/0)
[Train][18] Loss: D 1.425 E_gan 1.425 E_pred 2.006
[Train][18] Acc: source 0.000 (5.0/5) target 0.200 (0.0/0)
[Train][19] Loss: D 1.425 E_gan 1.425 E_pred 2.006
[Train][19] Acc: source 0.000 (5.0/5) target 0.200 (0.0/0)

Eval MNIST: [0. 1. 0. 0. 0. 0.] src: 0.0 tgt:0.2
[Train][20] Loss: D 1.425 E_gan 1.425 E_pred 2.006
[Train][20] Acc: source 0.000 (5.0/5) target 0.200 (0.0/0)
[Train][21] Loss: D 1.425 E_gan 1.425 E_pred 2.006
[Train][21] Acc: source 0.000 (5.0/5) target 0.200 (0.0/0)
[Train][22] Loss: D 1.425 E_gan 1.425 E_pred 2.006
[Train][22] Acc: source 0.000 (5.0/5) target 0.200 (0.0/0)
[Train][23] Loss: D 1.425 E_gan 1.425 E_pred 2.006
[Train][23] Acc: source 0.000 (5.0/5) target 0.200 (0.0/0)
[Train][24] Loss: D 1.425 E_gan 1.425 E_pred 2.006
[Train][24] Acc: source 0.000 (5.0/5) target 0.200 (0.0/0)
[Train][25] Loss: D 1.425 E_gan 1.425 E_pred 2.006
[Train][25] Acc: source 0.000 (5.0/5) target 0.200 (0.0/0)
[Train][26] Loss: D 1.425 E_gan 1.425 E_pred 2.006
[Train][26] Acc: source 0.000 (5.0/5) target 0.200 (0.0/0)
[Train][27] Loss: D 1.425 E_gan 1.425 E_pred 2.006
[Train][27] Acc: source 0.000 (5.0/5) target 0.200 (0.0/0)
[Train][28] Loss: D 1.425 E_gan 1.425 E_pred 2.006
[Train][28] Acc: source 0.000 (5.0/5) target 0.200 (0.0/0)
[Train][29] Loss: D 1.425 E_gan 1.425 E_pred 2.006
[Train][29] Acc: source 0.000 (5.0/5) target 0.200 (0.0/0)

Eval MNIST: [0. 1. 0. 0. 0. 0.] src: 0.0 tgt:0.2
[Train][30] Loss: D 1.425 E_gan 1.425 E_pred 2.006
[Train][30] Acc: source 0.000 (5.0/5) target 0.200 (0.0/0)
[Train][31] Loss: D 1.425 E_gan 1.425 E_pred 2.006
[Train][31] Acc: source 0.000 (5.0/5) target 0.200 (0.0/0)
[Train][32] Loss: D 1.425 E_gan 1.425 E_pred 2.006
[Train][32] Acc: source 0.000 (5.0/5) target 0.200 (0.0/0)
[Train][33] Loss: D 1.425 E_gan 1.425 E_pred 2.006
[Train][33] Acc: source 0.000 (5.0/5) target 0.200 (0.0/0)
[Train][34] Loss: D 1.425 E_gan 1.425 E_pred 2.006
[Train][34] Acc: source 0.000 (5.0/5) target 0.200 (0.0/0)
[Train][35] Loss: D 1.425 E_gan 1.425 E_pred 2.006
[Train][35] Acc: source 0.000 (5.0/5) target 0.200 (0.0/0)
[Train][36] Loss: D 1.425 E_gan 1.425 E_pred 2.006
[Train][36] Acc: source 0.000 (5.0/5) target 0.200 (0.0/0)
[Train][37] Loss: D 1.425 E_gan 1.425 E_pred 2.006
[Train][37] Acc: source 0.000 (5.0/5) target 0.200 (0.0/0)
[Train][38] Loss: D 1.425 E_gan 1.425 E_pred 2.006
[Train][38] Acc: source 0.000 (5.0/5) target 0.200 (0.0/0)
[Train][39] Loss: D 1.425 E_gan 1.425 E_pred 2.006
[Train][39] Acc: source 0.000 (5.0/5) target 0.200 (0.0/0)

Eval MNIST: [0. 1. 0. 0. 0. 0.] src: 0.0 tgt:0.2
[Train][40] Loss: D 1.425 E_gan 1.425 E_pred 2.006
[Train][40] Acc: source 0.000 (5.0/5) target 0.200 (0.0/0)
[Train][41] Loss: D 1.425 E_gan 1.425 E_pred 2.006
[Train][41] Acc: source 0.000 (5.0/5) target 0.200 (0.0/0)
[Train][42] Loss: D 1.425 E_gan 1.425 E_pred 2.006
[Train][42] Acc: source 0.000 (5.0/5) target 0.200 (0.0/0)
[Train][43] Loss: D 1.425 E_gan 1.425 E_pred 2.006
[Train][43] Acc: source 0.000 (5.0/5) target 0.200 (0.0/0)
[Train][44] Loss: D 1.425 E_gan 1.425 E_pred 2.006
[Train][44] Acc: source 0.000 (5.0/5) target 0.200 (0.0/0)
[Train][45] Loss: D 1.425 E_gan 1.425 E_pred 2.006
[Train][45] Acc: source 0.000 (5.0/5) target 0.200 (0.0/0)
[Train][46] Loss: D 1.425 E_gan 1.425 E_pred 2.006
[Train][46] Acc: source 0.000 (5.0/5) target 0.200 (0.0/0)
[Train][47] Loss: D 1.425 E_gan 1.425 E_pred 2.006
[Train][47] Acc: source 0.000 (5.0/5) target 0.200 (0.0/0)
[Train][48] Loss: D 1.425 E_gan 1.425 E_pred 2.006
[Train][48] Acc: source 0.000 (5.0/5) target 0.200 (0.0/0)
[Train][49] Loss: D 1.425 E_gan 1.425 E_pred 2.006
[Train][49] Acc: source 0.000 (5.0/5) target 0.200 (0.0/0)

Eval MNIST: [0. 1. 0. 0. 0. 0.] src: 0.0 tgt:0.2
[Train][50] Loss: D 1.425 E_gan 1.425 E_pred 2.006
[Train][50] Acc: source 0.000 (5.0/5) target 0.200 (0.0/0)
[Train][51] Loss: D 1.425 E_gan 1.425 E_pred 2.006
[Train][51] Acc: source 0.000 (5.0/5) target 0.200 (0.0/0)
[Train][52] Loss: D 1.425 E_gan 1.425 E_pred 2.006
[Train][52] Acc: source 0.000 (5.0/5) target 0.200 (0.0/0)
[Train][53] Loss: D 1.425 E_gan 1.425 E_pred 2.006
[Train][53] Acc: source 0.000 (5.0/5) target 0.200 (0.0/0)
[Train][54] Loss: D 1.425 E_gan 1.425 E_pred 2.006
[Train][54] Acc: source 0.000 (5.0/5) target 0.200 (0.0/0)
[Train][55] Loss: D 1.425 E_gan 1.425 E_pred 2.006
[Train][55] Acc: source 0.000 (5.0/5) target 0.200 (0.0/0)
[Train][56] Loss: D 1.425 E_gan 1.425 E_pred 2.006
[Train][56] Acc: source 0.000 (5.0/5) target 0.200 (0.0/0)
[Train][57] Loss: D 1.425 E_gan 1.425 E_pred 2.006
[Train][57] Acc: source 0.000 (5.0/5) target 0.200 (0.0/0)
[Train][58] Loss: D 1.425 E_gan 1.425 E_pred 2.006
[Train][58] Acc: source 0.000 (5.0/5) target 0.200 (0.0/0)
[Train][59] Loss: D 1.425 E_gan 1.425 E_pred 2.006
[Train][59] Acc: source 0.000 (5.0/5) target 0.200 (0.0/0)

Eval MNIST: [0. 1. 0. 0. 0. 0.] src: 0.0 tgt:0.2
[Train][60] Loss: D 1.425 E_gan 1.425 E_pred 2.006
[Train][60] Acc: source 0.000 (5.0/5) target 0.200 (0.0/0)
[Train][61] Loss: D 1.425 E_gan 1.425 E_pred 2.006
[Train][61] Acc: source 0.000 (5.0/5) target 0.200 (0.0/0)
[Train][62] Loss: D 1.425 E_gan 1.425 E_pred 2.006
[Train][62] Acc: source 0.000 (5.0/5) target 0.200 (0.0/0)
[Train][63] Loss: D 1.425 E_gan 1.425 E_pred 2.006
[Train][63] Acc: source 0.000 (5.0/5) target 0.200 (0.0/0)
[Train][64] Loss: D 1.425 E_gan 1.425 E_pred 2.006
[Train][64] Acc: source 0.000 (5.0/5) target 0.200 (0.0/0)
[Train][65] Loss: D 1.425 E_gan 1.425 E_pred 2.006
[Train][65] Acc: source 0.000 (5.0/5) target 0.200 (0.0/0)
[Train][66] Loss: D 1.425 E_gan 1.425 E_pred 2.006
[Train][66] Acc: source 0.000 (5.0/5) target 0.200 (0.0/0)
[Train][67] Loss: D 1.425 E_gan 1.425 E_pred 2.006
[Train][67] Acc: source 0.000 (5.0/5) target 0.200 (0.0/0)
[Train][68] Loss: D 1.425 E_gan 1.425 E_pred 2.006
[Train][68] Acc: source 0.000 (5.0/5) target 0.200 (0.0/0)
[Train][69] Loss: D 1.425 E_gan 1.425 E_pred 2.006
[Train][69] Acc: source 0.000 (5.0/5) target 0.200 (0.0/0)

Eval MNIST: [0. 1. 0. 0. 0. 0.] src: 0.0 tgt:0.2
[Train][70] Loss: D 1.425 E_gan 1.425 E_pred 2.006
[Train][70] Acc: source 0.000 (5.0/5) target 0.200 (0.0/0)
[Train][71] Loss: D 1.425 E_gan 1.425 E_pred 2.006
[Train][71] Acc: source 0.000 (5.0/5) target 0.200 (0.0/0)
[Train][72] Loss: D 1.425 E_gan 1.425 E_pred 2.006
[Train][72] Acc: source 0.000 (5.0/5) target 0.200 (0.0/0)
[Train][73] Loss: D 1.425 E_gan 1.425 E_pred 2.006
[Train][73] Acc: source 0.000 (5.0/5) target 0.200 (0.0/0)
[Train][74] Loss: D 1.425 E_gan 1.425 E_pred 2.006
[Train][74] Acc: source 0.000 (5.0/5) target 0.200 (0.0/0)
[Train][75] Loss: D 1.425 E_gan 1.425 E_pred 2.006
[Train][75] Acc: source 0.000 (5.0/5) target 0.200 (0.0/0)
[Train][76] Loss: D 1.425 E_gan 1.425 E_pred 2.006
[Train][76] Acc: source 0.000 (5.0/5) target 0.200 (0.0/0)
[Train][77] Loss: D 1.425 E_gan 1.425 E_pred 2.006
[Train][77] Acc: source 0.000 (5.0/5) target 0.200 (0.0/0)
[Train][78] Loss: D 1.425 E_gan 1.425 E_pred 2.006
[Train][78] Acc: source 0.000 (5.0/5) target 0.200 (0.0/0)
[Train][79] Loss: D 1.425 E_gan 1.425 E_pred 2.006
[Train][79] Acc: source 0.000 (5.0/5) target 0.200 (0.0/0)

Eval MNIST: [0. 1. 0. 0. 0. 0.] src: 0.0 tgt:0.2
[Train][80] Loss: D 1.425 E_gan 1.425 E_pred 2.006
[Train][80] Acc: source 0.000 (5.0/5) target 0.200 (0.0/0)
[Train][81] Loss: D 1.425 E_gan 1.425 E_pred 2.006
[Train][81] Acc: source 0.000 (5.0/5) target 0.200 (0.0/0)
[Train][82] Loss: D 1.425 E_gan 1.425 E_pred 2.006
[Train][82] Acc: source 0.000 (5.0/5) target 0.200 (0.0/0)
[Train][83] Loss: D 1.425 E_gan 1.425 E_pred 2.006
[Train][83] Acc: source 0.000 (5.0/5) target 0.200 (0.0/0)
[Train][84] Loss: D 1.425 E_gan 1.425 E_pred 2.006
[Train][84] Acc: source 0.000 (5.0/5) target 0.200 (0.0/0)
[Train][85] Loss: D 1.425 E_gan 1.425 E_pred 2.006
[Train][85] Acc: source 0.000 (5.0/5) target 0.200 (0.0/0)
[Train][86] Loss: D 1.425 E_gan 1.425 E_pred 2.006
[Train][86] Acc: source 0.000 (5.0/5) target 0.200 (0.0/0)
[Train][87] Loss: D 1.425 E_gan 1.425 E_pred 2.006
[Train][87] Acc: source 0.000 (5.0/5) target 0.200 (0.0/0)
[Train][88] Loss: D 1.425 E_gan 1.425 E_pred 2.006
[Train][88] Acc: source 0.000 (5.0/5) target 0.200 (0.0/0)
[Train][89] Loss: D 1.425 E_gan 1.425 E_pred 2.006
[Train][89] Acc: source 0.000 (5.0/5) target 0.200 (0.0/0)

Eval MNIST: [0. 1. 0. 0. 0. 0.] src: 0.0 tgt:0.2
[Train][90] Loss: D 1.425 E_gan 1.425 E_pred 2.006
[Train][90] Acc: source 0.000 (5.0/5) target 0.200 (0.0/0)
[Train][91] Loss: D 1.425 E_gan 1.425 E_pred 2.006
[Train][91] Acc: source 0.000 (5.0/5) target 0.200 (0.0/0)
[Train][92] Loss: D 1.425 E_gan 1.425 E_pred 2.006
[Train][92] Acc: source 0.000 (5.0/5) target 0.200 (0.0/0)
[Train][93] Loss: D 1.425 E_gan 1.425 E_pred 2.006
[Train][93] Acc: source 0.000 (5.0/5) target 0.200 (0.0/0)
[Train][94] Loss: D 1.425 E_gan 1.425 E_pred 2.006
[Train][94] Acc: source 0.000 (5.0/5) target 0.200 (0.0/0)
[Train][95] Loss: D 1.425 E_gan 1.425 E_pred 2.006
[Train][95] Acc: source 0.000 (5.0/5) target 0.200 (0.0/0)
[Train][96] Loss: D 1.425 E_gan 1.425 E_pred 2.006
[Train][96] Acc: source 0.000 (5.0/5) target 0.200 (0.0/0)
[Train][97] Loss: D 1.425 E_gan 1.425 E_pred 2.006
[Train][97] Acc: source 0.000 (5.0/5) target 0.200 (0.0/0)
[Train][98] Loss: D 1.425 E_gan 1.425 E_pred 2.006
[Train][98] Acc: source 0.000 (5.0/5) target 0.200 (0.0/0)
[Train][99] Loss: D 1.425 E_gan 1.425 E_pred 2.006
[Train][99] Acc: source 0.000 (5.0/5) target 0.200 (0.0/0)

Eval MNIST: [0. 1. 0. 0. 0. 0.] src: 0.0 tgt:0.2
[Train][0] Loss: D 0.708 E_gan 0.708 E_pred 1.996
[Train][0] Acc: source 0.000 (5.0/5) target 0.200 (0.0/0)
[Train][1] Loss: D 0.708 E_gan 0.708 E_pred 1.996
[Train][1] Acc: source 0.000 (5.0/5) target 0.200 (0.0/0)
[Train][2] Loss: D 0.708 E_gan 0.708 E_pred 1.996
[Train][2] Acc: source 0.000 (5.0/5) target 0.200 (0.0/0)
[Train][3] Loss: D 0.708 E_gan 0.708 E_pred 1.996
[Train][3] Acc: source 0.000 (5.0/5) target 0.200 (0.0/0)
[Train][4] Loss: D 0.708 E_gan 0.708 E_pred 1.996
[Train][4] Acc: source 0.000 (5.0/5) target 0.200 (0.0/0)
[Train][5] Loss: D 0.708 E_gan 0.708 E_pred 1.996
[Train][5] Acc: source 0.000 (5.0/5) target 0.200 (0.0/0)
[Train][6] Loss: D 0.708 E_gan 0.708 E_pred 1.996
[Train][6] Acc: source 0.000 (5.0/5) target 0.200 (0.0/0)
[Train][7] Loss: D 0.708 E_gan 0.708 E_pred 1.996
[Train][7] Acc: source 0.000 (5.0/5) target 0.200 (0.0/0)
[Train][8] Loss: D 0.708 E_gan 0.708 E_pred 1.996
[Train][8] Acc: source 0.000 (5.0/5) target 0.200 (0.0/0)
[Train][9] Loss: D 0.708 E_gan 0.708 E_pred 1.996
[Train][9] Acc: source 0.000 (5.0/5) target 0.200 (0.0/0)

Eval MNIST: [0. 1. 0. 0. 0. 0.] src: 0.0 tgt:0.2
[Train][10] Loss: D 0.708 E_gan 0.708 E_pred 1.996
[Train][10] Acc: source 0.000 (5.0/5) target 0.200 (0.0/0)
[Train][11] Loss: D 0.708 E_gan 0.708 E_pred 1.996
[Train][11] Acc: source 0.000 (5.0/5) target 0.200 (0.0/0)
[Train][12] Loss: D 0.708 E_gan 0.708 E_pred 1.996
[Train][12] Acc: source 0.000 (5.0/5) target 0.200 (0.0/0)
[Train][13] Loss: D 0.708 E_gan 0.708 E_pred 1.996
[Train][13] Acc: source 0.000 (5.0/5) target 0.200 (0.0/0)
[Train][14] Loss: D 0.708 E_gan 0.708 E_pred 1.996
[Train][14] Acc: source 0.000 (5.0/5) target 0.200 (0.0/0)
[Train][15] Loss: D 0.708 E_gan 0.708 E_pred 1.996
[Train][15] Acc: source 0.000 (5.0/5) target 0.200 (0.0/0)
[Train][16] Loss: D 0.708 E_gan 0.708 E_pred 1.996
[Train][16] Acc: source 0.000 (5.0/5) target 0.200 (0.0/0)
[Train][17] Loss: D 0.708 E_gan 0.708 E_pred 1.996
[Train][17] Acc: source 0.000 (5.0/5) target 0.200 (0.0/0)
[Train][18] Loss: D 0.708 E_gan 0.708 E_pred 1.996
[Train][18] Acc: source 0.000 (5.0/5) target 0.200 (0.0/0)
[Train][19] Loss: D 0.708 E_gan 0.708 E_pred 1.996
[Train][19] Acc: source 0.000 (5.0/5) target 0.200 (0.0/0)

Eval MNIST: [0.  0.2 0.  0.  0.  0. ] src: 0.0 tgt:0.04
[Train][20] Loss: D 0.708 E_gan 0.708 E_pred 1.996
[Train][20] Acc: source 0.000 (5.0/5) target 0.200 (0.0/0)
[Train][21] Loss: D 0.708 E_gan 0.708 E_pred 1.996
[Train][21] Acc: source 0.000 (5.0/5) target 0.200 (0.0/0)
[Train][22] Loss: D 0.708 E_gan 0.708 E_pred 1.996
[Train][22] Acc: source 0.000 (5.0/5) target 0.200 (0.0/0)
[Train][23] Loss: D 0.708 E_gan 0.708 E_pred 1.996
[Train][23] Acc: source 0.000 (5.0/5) target 0.200 (0.0/0)
[Train][24] Loss: D 0.708 E_gan 0.708 E_pred 1.996
[Train][24] Acc: source 0.000 (5.0/5) target 0.200 (0.0/0)
[Train][25] Loss: D 0.708 E_gan 0.708 E_pred 1.996
[Train][25] Acc: source 0.000 (5.0/5) target 0.200 (0.0/0)
[Train][26] Loss: D 0.708 E_gan 0.708 E_pred 1.996
[Train][26] Acc: source 0.000 (5.0/5) target 0.200 (0.0/0)
[Train][27] Loss: D 0.708 E_gan 0.708 E_pred 1.996
[Train][27] Acc: source 0.000 (5.0/5) target 0.200 (0.0/0)
[Train][28] Loss: D 0.708 E_gan 0.708 E_pred 1.996
[Train][28] Acc: source 0.000 (5.0/5) target 0.200 (0.0/0)
[Train][29] Loss: D 0.708 E_gan 0.708 E_pred 1.996
[Train][29] Acc: source 0.000 (5.0/5) target 0.200 (0.0/0)

Eval MNIST: [0. 0. 0. 0. 0. 0.] src: 0.0 tgt:0.0
[Train][30] Loss: D 0.708 E_gan 0.708 E_pred 1.996
[Train][30] Acc: source 0.000 (5.0/5) target 0.200 (0.0/0)
[Train][31] Loss: D 0.708 E_gan 0.708 E_pred 1.996
[Train][31] Acc: source 0.000 (5.0/5) target 0.200 (0.0/0)
[Train][32] Loss: D 0.708 E_gan 0.708 E_pred 1.996
[Train][32] Acc: source 0.000 (5.0/5) target 0.200 (0.0/0)
[Train][33] Loss: D 0.708 E_gan 0.708 E_pred 1.996
[Train][33] Acc: source 0.000 (5.0/5) target 0.200 (0.0/0)
[Train][34] Loss: D 0.708 E_gan 0.708 E_pred 1.996
[Train][34] Acc: source 0.000 (5.0/5) target 0.200 (0.0/0)
[Train][35] Loss: D 0.708 E_gan 0.708 E_pred 1.996
[Train][35] Acc: source 0.000 (5.0/5) target 0.200 (0.0/0)
[Train][36] Loss: D 0.708 E_gan 0.708 E_pred 1.996
[Train][36] Acc: source 0.000 (5.0/5) target 0.200 (0.0/0)
[Train][37] Loss: D 0.708 E_gan 0.708 E_pred 1.996
[Train][37] Acc: source 0.000 (5.0/5) target 0.200 (0.0/0)
[Train][38] Loss: D 0.708 E_gan 0.708 E_pred 1.996
[Train][38] Acc: source 0.000 (5.0/5) target 0.200 (0.0/0)
[Train][39] Loss: D 0.708 E_gan 0.708 E_pred 1.996
[Train][39] Acc: source 0.000 (5.0/5) target 0.200 (0.0/0)

Eval MNIST: [0.  0.2 0.  0.  0.  0. ] src: 0.0 tgt:0.04
[Train][40] Loss: D 0.708 E_gan 0.708 E_pred 1.996
[Train][40] Acc: source 0.000 (5.0/5) target 0.200 (0.0/0)
[Train][41] Loss: D 0.708 E_gan 0.708 E_pred 1.996
[Train][41] Acc: source 0.000 (5.0/5) target 0.200 (0.0/0)
[Train][42] Loss: D 0.708 E_gan 0.708 E_pred 1.996
[Train][42] Acc: source 0.000 (5.0/5) target 0.200 (0.0/0)
[Train][43] Loss: D 0.708 E_gan 0.708 E_pred 1.996
[Train][43] Acc: source 0.000 (5.0/5) target 0.200 (0.0/0)
[Train][44] Loss: D 0.708 E_gan 0.708 E_pred 1.996
[Train][44] Acc: source 0.000 (5.0/5) target 0.200 (0.0/0)
[Train][45] Loss: D 0.708 E_gan 0.708 E_pred 1.996
[Train][45] Acc: source 0.000 (5.0/5) target 0.200 (0.0/0)
[Train][46] Loss: D 0.708 E_gan 0.708 E_pred 1.996
[Train][46] Acc: source 0.000 (5.0/5) target 0.200 (0.0/0)
[Train][47] Loss: D 0.708 E_gan 0.708 E_pred 1.996
[Train][47] Acc: source 0.000 (5.0/5) target 0.200 (0.0/0)
[Train][48] Loss: D 0.708 E_gan 0.708 E_pred 1.996
[Train][48] Acc: source 0.000 (5.0/5) target 0.200 (0.0/0)
[Train][49] Loss: D 0.708 E_gan 0.708 E_pred 1.996
[Train][49] Acc: source 0.000 (5.0/5) target 0.200 (0.0/0)

Eval MNIST: [0.  0.2 0.  0.  0.  0. ] src: 0.0 tgt:0.04
[Train][50] Loss: D 0.708 E_gan 0.708 E_pred 1.996
[Train][50] Acc: source 0.000 (5.0/5) target 0.200 (0.0/0)
[Train][51] Loss: D 0.708 E_gan 0.708 E_pred 1.996
[Train][51] Acc: source 0.000 (5.0/5) target 0.200 (0.0/0)
[Train][52] Loss: D 0.708 E_gan 0.708 E_pred 1.996
[Train][52] Acc: source 0.000 (5.0/5) target 0.200 (0.0/0)
[Train][53] Loss: D 0.708 E_gan 0.708 E_pred 1.996
[Train][53] Acc: source 0.000 (5.0/5) target 0.200 (0.0/0)
[Train][54] Loss: D 0.708 E_gan 0.708 E_pred 1.996
[Train][54] Acc: source 0.000 (5.0/5) target 0.200 (0.0/0)
[Train][55] Loss: D 0.708 E_gan 0.708 E_pred 1.996
[Train][55] Acc: source 0.000 (5.0/5) target 0.200 (0.0/0)
[Train][56] Loss: D 0.708 E_gan 0.708 E_pred 1.996
[Train][56] Acc: source 0.000 (5.0/5) target 0.200 (0.0/0)
[Train][57] Loss: D 0.708 E_gan 0.708 E_pred 1.996
[Train][57] Acc: source 0.000 (5.0/5) target 0.200 (0.0/0)
[Train][58] Loss: D 0.708 E_gan 0.708 E_pred 1.996
[Train][58] Acc: source 0.000 (5.0/5) target 0.200 (0.0/0)
[Train][59] Loss: D 0.708 E_gan 0.708 E_pred 1.996
[Train][59] Acc: source 0.000 (5.0/5) target 0.200 (0.0/0)

Eval MNIST: [0.  0.2 0.  0.  0.  0. ] src: 0.0 tgt:0.04
[Train][60] Loss: D 0.708 E_gan 0.708 E_pred 1.996
[Train][60] Acc: source 0.000 (5.0/5) target 0.200 (0.0/0)
[Train][61] Loss: D 0.708 E_gan 0.708 E_pred 1.996
[Train][61] Acc: source 0.000 (5.0/5) target 0.200 (0.0/0)
[Train][62] Loss: D 0.708 E_gan 0.708 E_pred 1.996
[Train][62] Acc: source 0.000 (5.0/5) target 0.200 (0.0/0)
[Train][63] Loss: D 0.708 E_gan 0.708 E_pred 1.996
[Train][63] Acc: source 0.000 (5.0/5) target 0.200 (0.0/0)
[Train][64] Loss: D 0.708 E_gan 0.708 E_pred 1.996
[Train][64] Acc: source 0.000 (5.0/5) target 0.200 (0.0/0)
[Train][65] Loss: D 0.708 E_gan 0.708 E_pred 1.996
[Train][65] Acc: source 0.000 (5.0/5) target 0.200 (0.0/0)
[Train][66] Loss: D 0.708 E_gan 0.708 E_pred 1.996
[Train][66] Acc: source 0.000 (5.0/5) target 0.200 (0.0/0)
[Train][67] Loss: D 0.708 E_gan 0.708 E_pred 1.996
[Train][67] Acc: source 0.000 (5.0/5) target 0.200 (0.0/0)
[Train][68] Loss: D 0.708 E_gan 0.708 E_pred 1.996
[Train][68] Acc: source 0.000 (5.0/5) target 0.200 (0.0/0)
[Train][69] Loss: D 0.708 E_gan 0.708 E_pred 1.996
[Train][69] Acc: source 0.000 (5.0/5) target 0.200 (0.0/0)

Eval MNIST: [0.  0.2 0.  0.  0.  0. ] src: 0.0 tgt:0.04
[Train][70] Loss: D 0.708 E_gan 0.708 E_pred 1.996
[Train][70] Acc: source 0.000 (5.0/5) target 0.200 (0.0/0)
[Train][71] Loss: D 0.708 E_gan 0.708 E_pred 1.996
[Train][71] Acc: source 0.000 (5.0/5) target 0.200 (0.0/0)
[Train][72] Loss: D 0.708 E_gan 0.708 E_pred 1.996
[Train][72] Acc: source 0.000 (5.0/5) target 0.200 (0.0/0)
[Train][73] Loss: D 0.708 E_gan 0.708 E_pred 1.996
[Train][73] Acc: source 0.000 (5.0/5) target 0.200 (0.0/0)
[Train][74] Loss: D 0.708 E_gan 0.708 E_pred 1.996
[Train][74] Acc: source 0.000 (5.0/5) target 0.200 (0.0/0)
[Train][75] Loss: D 0.708 E_gan 0.708 E_pred 1.996
[Train][75] Acc: source 0.000 (5.0/5) target 0.200 (0.0/0)
[Train][76] Loss: D 0.708 E_gan 0.708 E_pred 1.996
[Train][76] Acc: source 0.000 (5.0/5) target 0.200 (0.0/0)
[Train][77] Loss: D 0.708 E_gan 0.708 E_pred 1.996
[Train][77] Acc: source 0.000 (5.0/5) target 0.200 (0.0/0)
[Train][78] Loss: D 0.708 E_gan 0.708 E_pred 1.996
[Train][78] Acc: source 0.000 (5.0/5) target 0.200 (0.0/0)
[Train][79] Loss: D 0.708 E_gan 0.708 E_pred 1.996
[Train][79] Acc: source 0.000 (5.0/5) target 0.200 (0.0/0)

Eval MNIST: [0.  0.2 0.  0.  0.  0. ] src: 0.0 tgt:0.04
[Train][80] Loss: D 0.708 E_gan 0.708 E_pred 1.996
[Train][80] Acc: source 0.000 (5.0/5) target 0.200 (0.0/0)
[Train][81] Loss: D 0.708 E_gan 0.708 E_pred 1.996
[Train][81] Acc: source 0.000 (5.0/5) target 0.200 (0.0/0)
[Train][82] Loss: D 0.708 E_gan 0.708 E_pred 1.996
[Train][82] Acc: source 0.000 (5.0/5) target 0.200 (0.0/0)
[Train][83] Loss: D 0.708 E_gan 0.708 E_pred 1.996
[Train][83] Acc: source 0.000 (5.0/5) target 0.200 (0.0/0)
[Train][84] Loss: D 0.708 E_gan 0.708 E_pred 1.996
[Train][84] Acc: source 0.000 (5.0/5) target 0.200 (0.0/0)
[Train][85] Loss: D 0.708 E_gan 0.708 E_pred 1.996
[Train][85] Acc: source 0.000 (5.0/5) target 0.200 (0.0/0)
[Train][86] Loss: D 0.708 E_gan 0.708 E_pred 1.996
[Train][86] Acc: source 0.000 (5.0/5) target 0.200 (0.0/0)
[Train][87] Loss: D 0.708 E_gan 0.708 E_pred 1.996
[Train][87] Acc: source 0.000 (5.0/5) target 0.200 (0.0/0)
[Train][88] Loss: D 0.708 E_gan 0.708 E_pred 1.996
[Train][88] Acc: source 0.000 (5.0/5) target 0.200 (0.0/0)
[Train][89] Loss: D 0.708 E_gan 0.708 E_pred 1.996
[Train][89] Acc: source 0.000 (5.0/5) target 0.200 (0.0/0)

Eval MNIST: [0.  0.2 0.  0.  0.  0. ] src: 0.0 tgt:0.04
[Train][90] Loss: D 0.708 E_gan 0.708 E_pred 1.996
[Train][90] Acc: source 0.000 (5.0/5) target 0.200 (0.0/0)
[Train][91] Loss: D 0.708 E_gan 0.708 E_pred 1.996
[Train][91] Acc: source 0.000 (5.0/5) target 0.200 (0.0/0)
[Train][92] Loss: D 0.708 E_gan 0.708 E_pred 1.996
[Train][92] Acc: source 0.000 (5.0/5) target 0.200 (0.0/0)
[Train][93] Loss: D 0.708 E_gan 0.708 E_pred 1.996
[Train][93] Acc: source 0.000 (5.0/5) target 0.200 (0.0/0)
[Train][94] Loss: D 0.708 E_gan 0.708 E_pred 1.996
[Train][94] Acc: source 0.000 (5.0/5) target 0.200 (0.0/0)
[Train][95] Loss: D 0.708 E_gan 0.708 E_pred 1.996
[Train][95] Acc: source 0.000 (5.0/5) target 0.200 (0.0/0)
[Train][96] Loss: D 0.708 E_gan 0.708 E_pred 1.996
[Train][96] Acc: source 0.000 (5.0/5) target 0.200 (0.0/0)
[Train][97] Loss: D 0.708 E_gan 0.708 E_pred 1.996
[Train][97] Acc: source 0.000 (5.0/5) target 0.200 (0.0/0)
[Train][98] Loss: D 0.708 E_gan 0.708 E_pred 1.996
[Train][98] Acc: source 0.000 (5.0/5) target 0.200 (0.0/0)
[Train][99] Loss: D 0.708 E_gan 0.708 E_pred 1.996
[Train][99] Acc: source 0.000 (5.0/5) target 0.200 (0.0/0)

Eval MNIST: [0.  0.2 0.  0.  0.  0. ] src: 0.0 tgt:0.04
[Train][0] Loss: D 0.665 E_gan 0.665 E_pred 2.476
[Train][0] Acc: source 0.000 (0.0/5) target 0.000 (0.0/0)
[Train][1] Loss: D 0.665 E_gan 0.665 E_pred 2.476
[Train][1] Acc: source 0.000 (0.0/5) target 0.000 (0.0/0)
[Train][2] Loss: D 0.665 E_gan 0.665 E_pred 2.476
[Train][2] Acc: source 0.000 (0.0/5) target 0.000 (0.0/0)
[Train][3] Loss: D 0.665 E_gan 0.665 E_pred 2.476
[Train][3] Acc: source 0.000 (0.0/5) target 0.000 (0.0/0)
[Train][4] Loss: D 0.665 E_gan 0.665 E_pred 2.476
[Train][4] Acc: source 0.000 (0.0/5) target 0.000 (0.0/0)
[Train][5] Loss: D 0.665 E_gan 0.665 E_pred 2.476
[Train][5] Acc: source 0.000 (0.0/5) target 0.000 (0.0/0)
[Train][6] Loss: D 0.665 E_gan 0.665 E_pred 2.476
[Train][6] Acc: source 0.000 (0.0/5) target 0.000 (0.0/0)
[Train][7] Loss: D 0.665 E_gan 0.665 E_pred 2.476
[Train][7] Acc: source 0.000 (0.0/5) target 0.000 (0.0/0)
[Train][8] Loss: D 0.665 E_gan 0.665 E_pred 2.476
[Train][8] Acc: source 0.000 (0.0/5) target 0.000 (0.0/0)
[Train][9] Loss: D 0.665 E_gan 0.665 E_pred 2.476
[Train][9] Acc: source 0.000 (0.0/5) target 0.000 (0.0/0)

Eval MNIST: [0. 0. 0. 0. 0. 0.] src: 0.0 tgt:0.0
[Train][10] Loss: D 0.665 E_gan 0.665 E_pred 2.476
[Train][10] Acc: source 0.000 (0.0/5) target 0.000 (0.0/0)
[Train][11] Loss: D 0.665 E_gan 0.665 E_pred 2.476
[Train][11] Acc: source 0.000 (0.0/5) target 0.000 (0.0/0)
[Train][12] Loss: D 0.665 E_gan 0.665 E_pred 2.476
[Train][12] Acc: source 0.000 (0.0/5) target 0.000 (0.0/0)
[Train][13] Loss: D 0.665 E_gan 0.665 E_pred 2.476
[Train][13] Acc: source 0.000 (0.0/5) target 0.000 (0.0/0)
[Train][14] Loss: D 0.665 E_gan 0.665 E_pred 2.476
[Train][14] Acc: source 0.000 (0.0/5) target 0.000 (0.0/0)
[Train][15] Loss: D 0.665 E_gan 0.665 E_pred 2.476
[Train][15] Acc: source 0.000 (0.0/5) target 0.000 (0.0/0)
[Train][16] Loss: D 0.665 E_gan 0.665 E_pred 2.476
[Train][16] Acc: source 0.000 (0.0/5) target 0.000 (0.0/0)
[Train][17] Loss: D 0.665 E_gan 0.665 E_pred 2.476
[Train][17] Acc: source 0.000 (0.0/5) target 0.000 (0.0/0)
[Train][18] Loss: D 0.665 E_gan 0.665 E_pred 2.476
[Train][18] Acc: source 0.000 (0.0/5) target 0.000 (0.0/0)
[Train][19] Loss: D 0.665 E_gan 0.665 E_pred 2.476
[Train][19] Acc: source 0.000 (0.0/5) target 0.000 (0.0/0)

Eval MNIST: [0. 0. 0. 0. 0. 0.] src: 0.0 tgt:0.0
[Train][20] Loss: D 0.665 E_gan 0.665 E_pred 2.476
[Train][20] Acc: source 0.000 (0.0/5) target 0.000 (0.0/0)
[Train][21] Loss: D 0.665 E_gan 0.665 E_pred 2.476
[Train][21] Acc: source 0.000 (0.0/5) target 0.000 (0.0/0)
[Train][22] Loss: D 0.665 E_gan 0.665 E_pred 2.476
[Train][22] Acc: source 0.000 (0.0/5) target 0.000 (0.0/0)
[Train][23] Loss: D 0.665 E_gan 0.665 E_pred 2.476
[Train][23] Acc: source 0.000 (0.0/5) target 0.000 (0.0/0)
[Train][24] Loss: D 0.665 E_gan 0.665 E_pred 2.476
[Train][24] Acc: source 0.000 (0.0/5) target 0.000 (0.0/0)
[Train][25] Loss: D 0.665 E_gan 0.665 E_pred 2.476
[Train][25] Acc: source 0.000 (0.0/5) target 0.000 (0.0/0)
[Train][26] Loss: D 0.665 E_gan 0.665 E_pred 2.476
[Train][26] Acc: source 0.000 (0.0/5) target 0.000 (0.0/0)
[Train][27] Loss: D 0.665 E_gan 0.665 E_pred 2.476
[Train][27] Acc: source 0.000 (0.0/5) target 0.000 (0.0/0)
[Train][28] Loss: D 0.665 E_gan 0.665 E_pred 2.476
[Train][28] Acc: source 0.000 (0.0/5) target 0.000 (0.0/0)
[Train][29] Loss: D 0.665 E_gan 0.665 E_pred 2.476
[Train][29] Acc: source 0.000 (0.0/5) target 0.000 (0.0/0)

Eval MNIST: [0. 0. 0. 0. 0. 0.] src: 0.0 tgt:0.0
[Train][30] Loss: D 0.665 E_gan 0.665 E_pred 2.476
[Train][30] Acc: source 0.000 (0.0/5) target 0.000 (0.0/0)
[Train][31] Loss: D 0.665 E_gan 0.665 E_pred 2.476
[Train][31] Acc: source 0.000 (0.0/5) target 0.000 (0.0/0)
[Train][32] Loss: D 0.665 E_gan 0.665 E_pred 2.476
[Train][32] Acc: source 0.000 (0.0/5) target 0.000 (0.0/0)
[Train][33] Loss: D 0.665 E_gan 0.665 E_pred 2.476
[Train][33] Acc: source 0.000 (0.0/5) target 0.000 (0.0/0)
[Train][34] Loss: D 0.665 E_gan 0.665 E_pred 2.476
[Train][34] Acc: source 0.000 (0.0/5) target 0.000 (0.0/0)
[Train][35] Loss: D 0.665 E_gan 0.665 E_pred 2.476
[Train][35] Acc: source 0.000 (0.0/5) target 0.000 (0.0/0)
[Train][36] Loss: D 0.665 E_gan 0.665 E_pred 2.476
[Train][36] Acc: source 0.000 (0.0/5) target 0.000 (0.0/0)
[Train][37] Loss: D 0.665 E_gan 0.665 E_pred 2.476
[Train][37] Acc: source 0.000 (0.0/5) target 0.000 (0.0/0)
[Train][38] Loss: D 0.665 E_gan 0.665 E_pred 2.476
[Train][38] Acc: source 0.000 (0.0/5) target 0.000 (0.0/0)
[Train][39] Loss: D 0.665 E_gan 0.665 E_pred 2.476
[Train][39] Acc: source 0.000 (0.0/5) target 0.000 (0.0/0)

Eval MNIST: [0. 0. 0. 0. 0. 0.] src: 0.0 tgt:0.0
[Train][40] Loss: D 0.665 E_gan 0.665 E_pred 2.476
[Train][40] Acc: source 0.000 (0.0/5) target 0.000 (0.0/0)
[Train][41] Loss: D 0.665 E_gan 0.665 E_pred 2.476
[Train][41] Acc: source 0.000 (0.0/5) target 0.000 (0.0/0)
[Train][42] Loss: D 0.665 E_gan 0.665 E_pred 2.476
[Train][42] Acc: source 0.000 (0.0/5) target 0.000 (0.0/0)
[Train][43] Loss: D 0.665 E_gan 0.665 E_pred 2.476
[Train][43] Acc: source 0.000 (0.0/5) target 0.000 (0.0/0)
[Train][44] Loss: D 0.665 E_gan 0.665 E_pred 2.476
[Train][44] Acc: source 0.000 (0.0/5) target 0.000 (0.0/0)
[Train][45] Loss: D 0.665 E_gan 0.665 E_pred 2.476
[Train][45] Acc: source 0.000 (0.0/5) target 0.000 (0.0/0)
[Train][46] Loss: D 0.665 E_gan 0.665 E_pred 2.476
[Train][46] Acc: source 0.000 (0.0/5) target 0.000 (0.0/0)
[Train][47] Loss: D 0.665 E_gan 0.665 E_pred 2.476
[Train][47] Acc: source 0.000 (0.0/5) target 0.000 (0.0/0)
[Train][48] Loss: D 0.665 E_gan 0.665 E_pred 2.476
[Train][48] Acc: source 0.000 (0.0/5) target 0.000 (0.0/0)
[Train][49] Loss: D 0.665 E_gan 0.665 E_pred 2.476
[Train][49] Acc: source 0.000 (0.0/5) target 0.000 (0.0/0)

Eval MNIST: [0. 0. 0. 0. 0. 0.] src: 0.0 tgt:0.0
[Train][50] Loss: D 0.665 E_gan 0.665 E_pred 2.476
[Train][50] Acc: source 0.000 (0.0/5) target 0.000 (0.0/0)
[Train][51] Loss: D 0.665 E_gan 0.665 E_pred 2.476
[Train][51] Acc: source 0.000 (0.0/5) target 0.000 (0.0/0)
[Train][52] Loss: D 0.665 E_gan 0.665 E_pred 2.476
[Train][52] Acc: source 0.000 (0.0/5) target 0.000 (0.0/0)
[Train][53] Loss: D 0.665 E_gan 0.665 E_pred 2.476
[Train][53] Acc: source 0.000 (0.0/5) target 0.000 (0.0/0)
[Train][54] Loss: D 0.665 E_gan 0.665 E_pred 2.476
[Train][54] Acc: source 0.000 (0.0/5) target 0.000 (0.0/0)
[Train][55] Loss: D 0.665 E_gan 0.665 E_pred 2.476
[Train][55] Acc: source 0.000 (0.0/5) target 0.000 (0.0/0)
[Train][56] Loss: D 0.665 E_gan 0.665 E_pred 2.476
[Train][56] Acc: source 0.000 (0.0/5) target 0.000 (0.0/0)
[Train][57] Loss: D 0.665 E_gan 0.665 E_pred 2.476
[Train][57] Acc: source 0.000 (0.0/5) target 0.000 (0.0/0)
[Train][58] Loss: D 0.665 E_gan 0.665 E_pred 2.476
[Train][58] Acc: source 0.000 (0.0/5) target 0.000 (0.0/0)
[Train][59] Loss: D 0.665 E_gan 0.665 E_pred 2.476
[Train][59] Acc: source 0.000 (0.0/5) target 0.000 (0.0/0)

Eval MNIST: [0. 0. 0. 0. 0. 0.] src: 0.0 tgt:0.0
[Train][60] Loss: D 0.665 E_gan 0.665 E_pred 2.476
[Train][60] Acc: source 0.000 (0.0/5) target 0.000 (0.0/0)
[Train][61] Loss: D 0.665 E_gan 0.665 E_pred 2.476
[Train][61] Acc: source 0.000 (0.0/5) target 0.000 (0.0/0)
[Train][62] Loss: D 0.665 E_gan 0.665 E_pred 2.476
[Train][62] Acc: source 0.000 (0.0/5) target 0.000 (0.0/0)
[Train][63] Loss: D 0.665 E_gan 0.665 E_pred 2.476
[Train][63] Acc: source 0.000 (0.0/5) target 0.000 (0.0/0)
[Train][64] Loss: D 0.665 E_gan 0.665 E_pred 2.476
[Train][64] Acc: source 0.000 (0.0/5) target 0.000 (0.0/0)
[Train][65] Loss: D 0.665 E_gan 0.665 E_pred 2.476
[Train][65] Acc: source 0.000 (0.0/5) target 0.000 (0.0/0)
[Train][66] Loss: D 0.665 E_gan 0.665 E_pred 2.476
[Train][66] Acc: source 0.000 (0.0/5) target 0.000 (0.0/0)
[Train][67] Loss: D 0.665 E_gan 0.665 E_pred 2.476
[Train][67] Acc: source 0.000 (0.0/5) target 0.000 (0.0/0)
[Train][68] Loss: D 0.665 E_gan 0.665 E_pred 2.476
[Train][68] Acc: source 0.000 (0.0/5) target 0.000 (0.0/0)
[Train][69] Loss: D 0.665 E_gan 0.665 E_pred 2.476
[Train][69] Acc: source 0.000 (0.0/5) target 0.000 (0.0/0)

Eval MNIST: [0. 0. 0. 0. 0. 0.] src: 0.0 tgt:0.0
[Train][70] Loss: D 0.665 E_gan 0.665 E_pred 2.476
[Train][70] Acc: source 0.000 (0.0/5) target 0.000 (0.0/0)
[Train][71] Loss: D 0.665 E_gan 0.665 E_pred 2.476
[Train][71] Acc: source 0.000 (0.0/5) target 0.000 (0.0/0)
[Train][72] Loss: D 0.665 E_gan 0.665 E_pred 2.476
[Train][72] Acc: source 0.000 (0.0/5) target 0.000 (0.0/0)
[Train][73] Loss: D 0.665 E_gan 0.665 E_pred 2.476
[Train][73] Acc: source 0.000 (0.0/5) target 0.000 (0.0/0)
[Train][74] Loss: D 0.665 E_gan 0.665 E_pred 2.476
[Train][74] Acc: source 0.000 (0.0/5) target 0.000 (0.0/0)
[Train][75] Loss: D 0.665 E_gan 0.665 E_pred 2.476
[Train][75] Acc: source 0.000 (0.0/5) target 0.000 (0.0/0)
[Train][76] Loss: D 0.665 E_gan 0.665 E_pred 2.476
[Train][76] Acc: source 0.000 (0.0/5) target 0.000 (0.0/0)
[Train][77] Loss: D 0.665 E_gan 0.665 E_pred 2.476
[Train][77] Acc: source 0.000 (0.0/5) target 0.000 (0.0/0)
[Train][78] Loss: D 0.665 E_gan 0.665 E_pred 2.476
[Train][78] Acc: source 0.000 (0.0/5) target 0.000 (0.0/0)
[Train][79] Loss: D 0.665 E_gan 0.665 E_pred 2.476
[Train][79] Acc: source 0.000 (0.0/5) target 0.000 (0.0/0)

Eval MNIST: [0. 0. 0. 0. 0. 0.] src: 0.0 tgt:0.0
[Train][80] Loss: D 0.665 E_gan 0.665 E_pred 2.476
[Train][80] Acc: source 0.000 (0.0/5) target 0.000 (0.0/0)
[Train][81] Loss: D 0.665 E_gan 0.665 E_pred 2.476
[Train][81] Acc: source 0.000 (0.0/5) target 0.000 (0.0/0)
[Train][82] Loss: D 0.665 E_gan 0.665 E_pred 2.476
[Train][82] Acc: source 0.000 (0.0/5) target 0.000 (0.0/0)
[Train][83] Loss: D 0.665 E_gan 0.665 E_pred 2.476
[Train][83] Acc: source 0.000 (0.0/5) target 0.000 (0.0/0)
[Train][84] Loss: D 0.665 E_gan 0.665 E_pred 2.476
[Train][84] Acc: source 0.000 (0.0/5) target 0.000 (0.0/0)
[Train][85] Loss: D 0.665 E_gan 0.665 E_pred 2.476
[Train][85] Acc: source 0.000 (0.0/5) target 0.000 (0.0/0)
[Train][86] Loss: D 0.665 E_gan 0.665 E_pred 2.476
[Train][86] Acc: source 0.000 (0.0/5) target 0.000 (0.0/0)
[Train][87] Loss: D 0.665 E_gan 0.665 E_pred 2.476
[Train][87] Acc: source 0.000 (0.0/5) target 0.000 (0.0/0)
[Train][88] Loss: D 0.665 E_gan 0.665 E_pred 2.476
[Train][88] Acc: source 0.000 (0.0/5) target 0.000 (0.0/0)
[Train][89] Loss: D 0.665 E_gan 0.665 E_pred 2.476
[Train][89] Acc: source 0.000 (0.0/5) target 0.000 (0.0/0)

Eval MNIST: [0. 0. 0. 0. 0. 0.] src: 0.0 tgt:0.0
[Train][90] Loss: D 0.665 E_gan 0.665 E_pred 2.476
[Train][90] Acc: source 0.000 (0.0/5) target 0.000 (0.0/0)
[Train][91] Loss: D 0.665 E_gan 0.665 E_pred 2.476
[Train][91] Acc: source 0.000 (0.0/5) target 0.000 (0.0/0)
[Train][92] Loss: D 0.665 E_gan 0.665 E_pred 2.476
[Train][92] Acc: source 0.000 (0.0/5) target 0.000 (0.0/0)
[Train][93] Loss: D 0.665 E_gan 0.665 E_pred 2.476
[Train][93] Acc: source 0.000 (0.0/5) target 0.000 (0.0/0)
[Train][94] Loss: D 0.665 E_gan 0.665 E_pred 2.476
[Train][94] Acc: source 0.000 (0.0/5) target 0.000 (0.0/0)
[Train][95] Loss: D 0.665 E_gan 0.665 E_pred 2.476
[Train][95] Acc: source 0.000 (0.0/5) target 0.000 (0.0/0)
[Train][96] Loss: D 0.665 E_gan 0.665 E_pred 2.476
[Train][96] Acc: source 0.000 (0.0/5) target 0.000 (0.0/0)
[Train][97] Loss: D 0.665 E_gan 0.665 E_pred 2.476
[Train][97] Acc: source 0.000 (0.0/5) target 0.000 (0.0/0)
[Train][98] Loss: D 0.665 E_gan 0.665 E_pred 2.476
[Train][98] Acc: source 0.000 (0.0/5) target 0.000 (0.0/0)
[Train][99] Loss: D 0.665 E_gan 0.665 E_pred 2.476
[Train][99] Acc: source 0.000 (0.0/5) target 0.000 (0.0/0)

Eval MNIST: [0. 0. 0. 0. 0. 0.] src: 0.0 tgt:0.0
[Train][0] Loss: D 0.070 E_gan 0.070 E_pred 2.389
[Train][0] Acc: source 0.000 (0.0/5) target 0.000 (0.0/0)
[Train][1] Loss: D 0.070 E_gan 0.070 E_pred 2.389
[Train][1] Acc: source 0.000 (0.0/5) target 0.000 (0.0/0)
[Train][2] Loss: D 0.070 E_gan 0.070 E_pred 2.389
[Train][2] Acc: source 0.000 (0.0/5) target 0.000 (0.0/0)
[Train][3] Loss: D 0.070 E_gan 0.070 E_pred 2.389
[Train][3] Acc: source 0.000 (0.0/5) target 0.000 (0.0/0)
[Train][4] Loss: D 0.070 E_gan 0.070 E_pred 2.389
[Train][4] Acc: source 0.000 (0.0/5) target 0.000 (0.0/0)
[Train][5] Loss: D 0.070 E_gan 0.070 E_pred 2.389
[Train][5] Acc: source 0.000 (0.0/5) target 0.000 (0.0/0)
[Train][6] Loss: D 0.070 E_gan 0.070 E_pred 2.389
[Train][6] Acc: source 0.000 (0.0/5) target 0.000 (0.0/0)
[Train][7] Loss: D 0.070 E_gan 0.070 E_pred 2.389
[Train][7] Acc: source 0.000 (0.0/5) target 0.000 (0.0/0)
[Train][8] Loss: D 0.070 E_gan 0.070 E_pred 2.389
[Train][8] Acc: source 0.000 (0.0/5) target 0.000 (0.0/0)
[Train][9] Loss: D 0.070 E_gan 0.070 E_pred 2.389
[Train][9] Acc: source 0.000 (0.0/5) target 0.000 (0.0/0)

Eval MNIST: [0. 0. 0. 0. 0. 0.] src: 0.0 tgt:0.0
[Train][10] Loss: D 0.070 E_gan 0.070 E_pred 2.389
[Train][10] Acc: source 0.000 (0.0/5) target 0.000 (0.0/0)
[Train][11] Loss: D 0.070 E_gan 0.070 E_pred 2.389
[Train][11] Acc: source 0.000 (0.0/5) target 0.000 (0.0/0)
[Train][12] Loss: D 0.070 E_gan 0.070 E_pred 2.389
[Train][12] Acc: source 0.000 (0.0/5) target 0.000 (0.0/0)
[Train][13] Loss: D 0.070 E_gan 0.070 E_pred 2.389
[Train][13] Acc: source 0.000 (0.0/5) target 0.000 (0.0/0)
[Train][14] Loss: D 0.070 E_gan 0.070 E_pred 2.389
[Train][14] Acc: source 0.000 (0.0/5) target 0.000 (0.0/0)
[Train][15] Loss: D 0.070 E_gan 0.070 E_pred 2.389
[Train][15] Acc: source 0.000 (0.0/5) target 0.000 (0.0/0)
[Train][16] Loss: D 0.070 E_gan 0.070 E_pred 2.389
[Train][16] Acc: source 0.000 (0.0/5) target 0.000 (0.0/0)
[Train][17] Loss: D 0.070 E_gan 0.070 E_pred 2.389
[Train][17] Acc: source 0.000 (0.0/5) target 0.000 (0.0/0)
[Train][18] Loss: D 0.070 E_gan 0.070 E_pred 2.389
[Train][18] Acc: source 0.000 (0.0/5) target 0.000 (0.0/0)
[Train][19] Loss: D 0.070 E_gan 0.070 E_pred 2.389
[Train][19] Acc: source 0.000 (0.0/5) target 0.000 (0.0/0)

Eval MNIST: [0. 0. 0. 0. 0. 0.] src: 0.0 tgt:0.0
[Train][20] Loss: D 0.070 E_gan 0.070 E_pred 2.389
[Train][20] Acc: source 0.000 (0.0/5) target 0.000 (0.0/0)
[Train][21] Loss: D 0.070 E_gan 0.070 E_pred 2.389
[Train][21] Acc: source 0.000 (0.0/5) target 0.000 (0.0/0)
[Train][22] Loss: D 0.070 E_gan 0.070 E_pred 2.389
[Train][22] Acc: source 0.000 (0.0/5) target 0.000 (0.0/0)
[Train][23] Loss: D 0.070 E_gan 0.070 E_pred 2.389
[Train][23] Acc: source 0.000 (0.0/5) target 0.000 (0.0/0)
[Train][24] Loss: D 0.070 E_gan 0.070 E_pred 2.389
[Train][24] Acc: source 0.000 (0.0/5) target 0.000 (0.0/0)
[Train][25] Loss: D 0.070 E_gan 0.070 E_pred 2.389
[Train][25] Acc: source 0.000 (0.0/5) target 0.000 (0.0/0)
[Train][26] Loss: D 0.070 E_gan 0.070 E_pred 2.389
[Train][26] Acc: source 0.000 (0.0/5) target 0.000 (0.0/0)
[Train][27] Loss: D 0.070 E_gan 0.070 E_pred 2.389
[Train][27] Acc: source 0.000 (0.0/5) target 0.000 (0.0/0)
[Train][28] Loss: D 0.070 E_gan 0.070 E_pred 2.389
[Train][28] Acc: source 0.000 (0.0/5) target 0.000 (0.0/0)
[Train][29] Loss: D 0.070 E_gan 0.070 E_pred 2.389
[Train][29] Acc: source 0.000 (0.0/5) target 0.000 (0.0/0)

Eval MNIST: [0. 0. 0. 0. 0. 0.] src: 0.0 tgt:0.0
[Train][30] Loss: D 0.070 E_gan 0.070 E_pred 2.389
[Train][30] Acc: source 0.000 (0.0/5) target 0.000 (0.0/0)
[Train][31] Loss: D 0.070 E_gan 0.070 E_pred 2.389
[Train][31] Acc: source 0.000 (0.0/5) target 0.000 (0.0/0)
[Train][32] Loss: D 0.070 E_gan 0.070 E_pred 2.389
[Train][32] Acc: source 0.000 (0.0/5) target 0.000 (0.0/0)
[Train][33] Loss: D 0.070 E_gan 0.070 E_pred 2.389
[Train][33] Acc: source 0.000 (0.0/5) target 0.000 (0.0/0)
[Train][34] Loss: D 0.070 E_gan 0.070 E_pred 2.389
[Train][34] Acc: source 0.000 (0.0/5) target 0.000 (0.0/0)
[Train][35] Loss: D 0.070 E_gan 0.070 E_pred 2.389
[Train][35] Acc: source 0.000 (0.0/5) target 0.000 (0.0/0)
[Train][36] Loss: D 0.070 E_gan 0.070 E_pred 2.389
[Train][36] Acc: source 0.000 (0.0/5) target 0.000 (0.0/0)
[Train][37] Loss: D 0.070 E_gan 0.070 E_pred 2.389
[Train][37] Acc: source 0.000 (0.0/5) target 0.000 (0.0/0)
[Train][38] Loss: D 0.070 E_gan 0.070 E_pred 2.389
[Train][38] Acc: source 0.000 (0.0/5) target 0.000 (0.0/0)
[Train][39] Loss: D 0.070 E_gan 0.070 E_pred 2.389
[Train][39] Acc: source 0.000 (0.0/5) target 0.000 (0.0/0)

Eval MNIST: [0. 0. 0. 0. 0. 0.] src: 0.0 tgt:0.0
[Train][40] Loss: D 0.070 E_gan 0.070 E_pred 2.389
[Train][40] Acc: source 0.000 (0.0/5) target 0.000 (0.0/0)
[Train][41] Loss: D 0.070 E_gan 0.070 E_pred 2.389
[Train][41] Acc: source 0.000 (0.0/5) target 0.000 (0.0/0)
[Train][42] Loss: D 0.070 E_gan 0.070 E_pred 2.389
[Train][42] Acc: source 0.000 (0.0/5) target 0.000 (0.0/0)
[Train][43] Loss: D 0.070 E_gan 0.070 E_pred 2.389
[Train][43] Acc: source 0.000 (0.0/5) target 0.000 (0.0/0)
[Train][44] Loss: D 0.070 E_gan 0.070 E_pred 2.389
[Train][44] Acc: source 0.000 (0.0/5) target 0.000 (0.0/0)
[Train][45] Loss: D 0.070 E_gan 0.070 E_pred 2.389
[Train][45] Acc: source 0.000 (0.0/5) target 0.000 (0.0/0)
[Train][46] Loss: D 0.070 E_gan 0.070 E_pred 2.389
[Train][46] Acc: source 0.000 (0.0/5) target 0.000 (0.0/0)
[Train][47] Loss: D 0.070 E_gan 0.070 E_pred 2.389
[Train][47] Acc: source 0.000 (0.0/5) target 0.000 (0.0/0)
[Train][48] Loss: D 0.070 E_gan 0.070 E_pred 2.389
[Train][48] Acc: source 0.000 (0.0/5) target 0.000 (0.0/0)
[Train][49] Loss: D 0.070 E_gan 0.070 E_pred 2.389
[Train][49] Acc: source 0.000 (0.0/5) target 0.000 (0.0/0)

Eval MNIST: [0. 0. 0. 0. 0. 0.] src: 0.0 tgt:0.0
[Train][50] Loss: D 0.070 E_gan 0.070 E_pred 2.389
[Train][50] Acc: source 0.000 (0.0/5) target 0.000 (0.0/0)
[Train][51] Loss: D 0.070 E_gan 0.070 E_pred 2.389
[Train][51] Acc: source 0.000 (0.0/5) target 0.000 (0.0/0)
[Train][52] Loss: D 0.070 E_gan 0.070 E_pred 2.389
[Train][52] Acc: source 0.000 (0.0/5) target 0.000 (0.0/0)
[Train][53] Loss: D 0.070 E_gan 0.070 E_pred 2.389
[Train][53] Acc: source 0.000 (0.0/5) target 0.000 (0.0/0)
[Train][54] Loss: D 0.070 E_gan 0.070 E_pred 2.389
[Train][54] Acc: source 0.000 (0.0/5) target 0.000 (0.0/0)
[Train][55] Loss: D 0.070 E_gan 0.070 E_pred 2.389
[Train][55] Acc: source 0.000 (0.0/5) target 0.000 (0.0/0)
[Train][56] Loss: D 0.070 E_gan 0.070 E_pred 2.389
[Train][56] Acc: source 0.000 (0.0/5) target 0.000 (0.0/0)
[Train][57] Loss: D 0.070 E_gan 0.070 E_pred 2.389
[Train][57] Acc: source 0.000 (0.0/5) target 0.000 (0.0/0)
[Train][58] Loss: D 0.070 E_gan 0.070 E_pred 2.389
[Train][58] Acc: source 0.000 (0.0/5) target 0.000 (0.0/0)
[Train][59] Loss: D 0.070 E_gan 0.070 E_pred 2.389
[Train][59] Acc: source 0.000 (0.0/5) target 0.000 (0.0/0)

Eval MNIST: [0. 0. 0. 0. 0. 0.] src: 0.0 tgt:0.0
[Train][60] Loss: D 0.070 E_gan 0.070 E_pred 2.389
[Train][60] Acc: source 0.000 (0.0/5) target 0.000 (0.0/0)
[Train][61] Loss: D 0.070 E_gan 0.070 E_pred 2.389
[Train][61] Acc: source 0.000 (0.0/5) target 0.000 (0.0/0)
[Train][62] Loss: D 0.070 E_gan 0.070 E_pred 2.389
[Train][62] Acc: source 0.000 (0.0/5) target 0.000 (0.0/0)
[Train][63] Loss: D 0.070 E_gan 0.070 E_pred 2.389
[Train][63] Acc: source 0.000 (0.0/5) target 0.000 (0.0/0)
[Train][64] Loss: D 0.070 E_gan 0.070 E_pred 2.389
[Train][64] Acc: source 0.000 (0.0/5) target 0.000 (0.0/0)
[Train][65] Loss: D 0.070 E_gan 0.070 E_pred 2.389
[Train][65] Acc: source 0.000 (0.0/5) target 0.000 (0.0/0)
[Train][66] Loss: D 0.070 E_gan 0.070 E_pred 2.389
[Train][66] Acc: source 0.000 (0.0/5) target 0.000 (0.0/0)
[Train][67] Loss: D 0.070 E_gan 0.070 E_pred 2.389
[Train][67] Acc: source 0.000 (0.0/5) target 0.000 (0.0/0)
[Train][68] Loss: D 0.070 E_gan 0.070 E_pred 2.389
[Train][68] Acc: source 0.000 (0.0/5) target 0.000 (0.0/0)
[Train][69] Loss: D 0.070 E_gan 0.070 E_pred 2.389
[Train][69] Acc: source 0.000 (0.0/5) target 0.000 (0.0/0)

Eval MNIST: [0. 0. 0. 0. 0. 0.] src: 0.0 tgt:0.0
[Train][70] Loss: D 0.070 E_gan 0.070 E_pred 2.389
[Train][70] Acc: source 0.000 (0.0/5) target 0.000 (0.0/0)
[Train][71] Loss: D 0.070 E_gan 0.070 E_pred 2.389
[Train][71] Acc: source 0.000 (0.0/5) target 0.000 (0.0/0)
[Train][72] Loss: D 0.070 E_gan 0.070 E_pred 2.389
[Train][72] Acc: source 0.000 (0.0/5) target 0.000 (0.0/0)
[Train][73] Loss: D 0.070 E_gan 0.070 E_pred 2.389
[Train][73] Acc: source 0.000 (0.0/5) target 0.000 (0.0/0)
[Train][74] Loss: D 0.070 E_gan 0.070 E_pred 2.389
[Train][74] Acc: source 0.000 (0.0/5) target 0.000 (0.0/0)
[Train][75] Loss: D 0.070 E_gan 0.070 E_pred 2.389
[Train][75] Acc: source 0.000 (0.0/5) target 0.000 (0.0/0)
[Train][76] Loss: D 0.070 E_gan 0.070 E_pred 2.389
[Train][76] Acc: source 0.000 (0.0/5) target 0.000 (0.0/0)
[Train][77] Loss: D 0.070 E_gan 0.070 E_pred 2.389
[Train][77] Acc: source 0.000 (0.0/5) target 0.000 (0.0/0)
[Train][78] Loss: D 0.070 E_gan 0.070 E_pred 2.389
[Train][78] Acc: source 0.000 (0.0/5) target 0.000 (0.0/0)
[Train][79] Loss: D 0.070 E_gan 0.070 E_pred 2.389
[Train][79] Acc: source 0.000 (0.0/5) target 0.000 (0.0/0)

Eval MNIST: [0. 0. 0. 0. 0. 0.] src: 0.0 tgt:0.0
[Train][80] Loss: D 0.070 E_gan 0.070 E_pred 2.389
[Train][80] Acc: source 0.000 (0.0/5) target 0.000 (0.0/0)
[Train][81] Loss: D 0.070 E_gan 0.070 E_pred 2.389
[Train][81] Acc: source 0.000 (0.0/5) target 0.000 (0.0/0)
[Train][82] Loss: D 0.070 E_gan 0.070 E_pred 2.389
[Train][82] Acc: source 0.000 (0.0/5) target 0.000 (0.0/0)
[Train][83] Loss: D 0.070 E_gan 0.070 E_pred 2.389
[Train][83] Acc: source 0.000 (0.0/5) target 0.000 (0.0/0)
[Train][84] Loss: D 0.070 E_gan 0.070 E_pred 2.389
[Train][84] Acc: source 0.000 (0.0/5) target 0.000 (0.0/0)
[Train][85] Loss: D 0.070 E_gan 0.070 E_pred 2.389
[Train][85] Acc: source 0.000 (0.0/5) target 0.000 (0.0/0)
[Train][86] Loss: D 0.070 E_gan 0.070 E_pred 2.389
[Train][86] Acc: source 0.000 (0.0/5) target 0.000 (0.0/0)
[Train][87] Loss: D 0.070 E_gan 0.070 E_pred 2.389
[Train][87] Acc: source 0.000 (0.0/5) target 0.000 (0.0/0)
[Train][88] Loss: D 0.070 E_gan 0.070 E_pred 2.389
[Train][88] Acc: source 0.000 (0.0/5) target 0.000 (0.0/0)
[Train][89] Loss: D 0.070 E_gan 0.070 E_pred 2.389
[Train][89] Acc: source 0.000 (0.0/5) target 0.000 (0.0/0)

Eval MNIST: [0. 0. 0. 0. 0. 0.] src: 0.0 tgt:0.0
[Train][90] Loss: D 0.070 E_gan 0.070 E_pred 2.389
[Train][90] Acc: source 0.000 (0.0/5) target 0.000 (0.0/0)
[Train][91] Loss: D 0.070 E_gan 0.070 E_pred 2.389
[Train][91] Acc: source 0.000 (0.0/5) target 0.000 (0.0/0)
[Train][92] Loss: D 0.070 E_gan 0.070 E_pred 2.389
[Train][92] Acc: source 0.000 (0.0/5) target 0.000 (0.0/0)
[Train][93] Loss: D 0.070 E_gan 0.070 E_pred 2.389
[Train][93] Acc: source 0.000 (0.0/5) target 0.000 (0.0/0)
[Train][94] Loss: D 0.070 E_gan 0.070 E_pred 2.389
[Train][94] Acc: source 0.000 (0.0/5) target 0.000 (0.0/0)
[Train][95] Loss: D 0.070 E_gan 0.070 E_pred 2.389
[Train][95] Acc: source 0.000 (0.0/5) target 0.000 (0.0/0)
[Train][96] Loss: D 0.070 E_gan 0.070 E_pred 2.389
[Train][96] Acc: source 0.000 (0.0/5) target 0.000 (0.0/0)
[Train][97] Loss: D 0.070 E_gan 0.070 E_pred 2.389
[Train][97] Acc: source 0.000 (0.0/5) target 0.000 (0.0/0)
[Train][98] Loss: D 0.070 E_gan 0.070 E_pred 2.389
[Train][98] Acc: source 0.000 (0.0/5) target 0.000 (0.0/0)
[Train][99] Loss: D 0.070 E_gan 0.070 E_pred 2.389
[Train][99] Acc: source 0.000 (0.0/5) target 0.000 (0.0/0)

Eval MNIST: [0. 0. 0. 0. 0. 0.] src: 0.0 tgt:0.0
[Train][0] Loss: D 0.711 E_gan 0.711 E_pred 2.390
[Train][0] Acc: source 0.000 (0.0/5) target 0.000 (0.0/0)
[Train][1] Loss: D 0.711 E_gan 0.711 E_pred 2.390
[Train][1] Acc: source 0.000 (0.0/5) target 0.000 (0.0/0)
[Train][2] Loss: D 0.711 E_gan 0.711 E_pred 2.390
[Train][2] Acc: source 0.000 (0.0/5) target 0.000 (0.0/0)
[Train][3] Loss: D 0.711 E_gan 0.711 E_pred 2.390
[Train][3] Acc: source 0.000 (0.0/5) target 0.000 (0.0/0)
[Train][4] Loss: D 0.711 E_gan 0.711 E_pred 2.390
[Train][4] Acc: source 0.000 (0.0/5) target 0.000 (0.0/0)
[Train][5] Loss: D 0.711 E_gan 0.711 E_pred 2.390
[Train][5] Acc: source 0.000 (0.0/5) target 0.000 (0.0/0)
[Train][6] Loss: D 0.711 E_gan 0.711 E_pred 2.390
[Train][6] Acc: source 0.000 (0.0/5) target 0.000 (0.0/0)
[Train][7] Loss: D 0.711 E_gan 0.711 E_pred 2.390
[Train][7] Acc: source 0.000 (0.0/5) target 0.000 (0.0/0)
[Train][8] Loss: D 0.711 E_gan 0.711 E_pred 2.390
[Train][8] Acc: source 0.000 (0.0/5) target 0.000 (0.0/0)
[Train][9] Loss: D 0.711 E_gan 0.711 E_pred 2.390
[Train][9] Acc: source 0.000 (0.0/5) target 0.000 (0.0/0)

Eval MNIST: [0. 0. 0. 0. 0. 0.] src: 0.0 tgt:0.0
[Train][10] Loss: D 0.711 E_gan 0.711 E_pred 2.390
[Train][10] Acc: source 0.000 (0.0/5) target 0.000 (0.0/0)
[Train][11] Loss: D 0.711 E_gan 0.711 E_pred 2.390
[Train][11] Acc: source 0.000 (0.0/5) target 0.000 (0.0/0)
[Train][12] Loss: D 0.711 E_gan 0.711 E_pred 2.390
[Train][12] Acc: source 0.000 (0.0/5) target 0.000 (0.0/0)
[Train][13] Loss: D 0.711 E_gan 0.711 E_pred 2.390
[Train][13] Acc: source 0.000 (0.0/5) target 0.000 (0.0/0)
[Train][14] Loss: D 0.711 E_gan 0.711 E_pred 2.390
[Train][14] Acc: source 0.000 (0.0/5) target 0.000 (0.0/0)
[Train][15] Loss: D 0.711 E_gan 0.711 E_pred 2.390
[Train][15] Acc: source 0.000 (0.0/5) target 0.000 (0.0/0)
[Train][16] Loss: D 0.711 E_gan 0.711 E_pred 2.390
[Train][16] Acc: source 0.000 (0.0/5) target 0.000 (0.0/0)
[Train][17] Loss: D 0.711 E_gan 0.711 E_pred 2.390
[Train][17] Acc: source 0.000 (0.0/5) target 0.000 (0.0/0)
[Train][18] Loss: D 0.711 E_gan 0.711 E_pred 2.390
[Train][18] Acc: source 0.000 (0.0/5) target 0.000 (0.0/0)
[Train][19] Loss: D 0.711 E_gan 0.711 E_pred 2.390
[Train][19] Acc: source 0.000 (0.0/5) target 0.000 (0.0/0)

Eval MNIST: [0. 0. 0. 0. 0. 0.] src: 0.0 tgt:0.0
[Train][20] Loss: D 0.711 E_gan 0.711 E_pred 2.390
[Train][20] Acc: source 0.000 (0.0/5) target 0.000 (0.0/0)
[Train][21] Loss: D 0.711 E_gan 0.711 E_pred 2.390
[Train][21] Acc: source 0.000 (0.0/5) target 0.000 (0.0/0)
[Train][22] Loss: D 0.711 E_gan 0.711 E_pred 2.390
[Train][22] Acc: source 0.000 (0.0/5) target 0.000 (0.0/0)
[Train][23] Loss: D 0.711 E_gan 0.711 E_pred 2.390
[Train][23] Acc: source 0.000 (0.0/5) target 0.000 (0.0/0)
[Train][24] Loss: D 0.711 E_gan 0.711 E_pred 2.390
[Train][24] Acc: source 0.000 (0.0/5) target 0.000 (0.0/0)
[Train][25] Loss: D 0.711 E_gan 0.711 E_pred 2.390
[Train][25] Acc: source 0.000 (0.0/5) target 0.000 (0.0/0)
[Train][26] Loss: D 0.711 E_gan 0.711 E_pred 2.390
[Train][26] Acc: source 0.000 (0.0/5) target 0.000 (0.0/0)
[Train][27] Loss: D 0.711 E_gan 0.711 E_pred 2.390
[Train][27] Acc: source 0.000 (0.0/5) target 0.000 (0.0/0)
[Train][28] Loss: D 0.711 E_gan 0.711 E_pred 2.390
[Train][28] Acc: source 0.000 (0.0/5) target 0.000 (0.0/0)
[Train][29] Loss: D 0.711 E_gan 0.711 E_pred 2.390
[Train][29] Acc: source 0.000 (0.0/5) target 0.000 (0.0/0)

Eval MNIST: [0. 0. 0. 0. 0. 0.] src: 0.0 tgt:0.0
[Train][30] Loss: D 0.711 E_gan 0.711 E_pred 2.390
[Train][30] Acc: source 0.000 (0.0/5) target 0.000 (0.0/0)
[Train][31] Loss: D 0.711 E_gan 0.711 E_pred 2.390
[Train][31] Acc: source 0.000 (0.0/5) target 0.000 (0.0/0)
[Train][32] Loss: D 0.711 E_gan 0.711 E_pred 2.390
[Train][32] Acc: source 0.000 (0.0/5) target 0.000 (0.0/0)
[Train][33] Loss: D 0.711 E_gan 0.711 E_pred 2.390
[Train][33] Acc: source 0.000 (0.0/5) target 0.000 (0.0/0)
[Train][34] Loss: D 0.711 E_gan 0.711 E_pred 2.390
[Train][34] Acc: source 0.000 (0.0/5) target 0.000 (0.0/0)
[Train][35] Loss: D 0.711 E_gan 0.711 E_pred 2.390
[Train][35] Acc: source 0.000 (0.0/5) target 0.000 (0.0/0)
[Train][36] Loss: D 0.711 E_gan 0.711 E_pred 2.390
[Train][36] Acc: source 0.000 (0.0/5) target 0.000 (0.0/0)
[Train][37] Loss: D 0.711 E_gan 0.711 E_pred 2.390
[Train][37] Acc: source 0.000 (0.0/5) target 0.000 (0.0/0)
[Train][38] Loss: D 0.711 E_gan 0.711 E_pred 2.390
[Train][38] Acc: source 0.000 (0.0/5) target 0.000 (0.0/0)
[Train][39] Loss: D 0.711 E_gan 0.711 E_pred 2.390
[Train][39] Acc: source 0.000 (0.0/5) target 0.000 (0.0/0)

Eval MNIST: [0. 0. 0. 0. 0. 0.] src: 0.0 tgt:0.0
[Train][40] Loss: D 0.711 E_gan 0.711 E_pred 2.390
[Train][40] Acc: source 0.000 (0.0/5) target 0.000 (0.0/0)
[Train][41] Loss: D 0.711 E_gan 0.711 E_pred 2.390
[Train][41] Acc: source 0.000 (0.0/5) target 0.000 (0.0/0)
[Train][42] Loss: D 0.711 E_gan 0.711 E_pred 2.390
[Train][42] Acc: source 0.000 (0.0/5) target 0.000 (0.0/0)
[Train][43] Loss: D 0.711 E_gan 0.711 E_pred 2.390
[Train][43] Acc: source 0.000 (0.0/5) target 0.000 (0.0/0)
[Train][44] Loss: D 0.711 E_gan 0.711 E_pred 2.390
[Train][44] Acc: source 0.000 (0.0/5) target 0.000 (0.0/0)
[Train][45] Loss: D 0.711 E_gan 0.711 E_pred 2.390
[Train][45] Acc: source 0.000 (0.0/5) target 0.000 (0.0/0)
[Train][46] Loss: D 0.711 E_gan 0.711 E_pred 2.390
[Train][46] Acc: source 0.000 (0.0/5) target 0.000 (0.0/0)
[Train][47] Loss: D 0.711 E_gan 0.711 E_pred 2.390
[Train][47] Acc: source 0.000 (0.0/5) target 0.000 (0.0/0)
[Train][48] Loss: D 0.711 E_gan 0.711 E_pred 2.390
[Train][48] Acc: source 0.000 (0.0/5) target 0.000 (0.0/0)
[Train][49] Loss: D 0.711 E_gan 0.711 E_pred 2.390
[Train][49] Acc: source 0.000 (0.0/5) target 0.000 (0.0/0)

Eval MNIST: [0. 0. 0. 0. 0. 0.] src: 0.0 tgt:0.0
[Train][50] Loss: D 0.711 E_gan 0.711 E_pred 2.390
[Train][50] Acc: source 0.000 (0.0/5) target 0.000 (0.0/0)
[Train][51] Loss: D 0.711 E_gan 0.711 E_pred 2.390
[Train][51] Acc: source 0.000 (0.0/5) target 0.000 (0.0/0)
[Train][52] Loss: D 0.711 E_gan 0.711 E_pred 2.390
[Train][52] Acc: source 0.000 (0.0/5) target 0.000 (0.0/0)
[Train][53] Loss: D 0.711 E_gan 0.711 E_pred 2.390
[Train][53] Acc: source 0.000 (0.0/5) target 0.000 (0.0/0)
[Train][54] Loss: D 0.711 E_gan 0.711 E_pred 2.390
[Train][54] Acc: source 0.000 (0.0/5) target 0.000 (0.0/0)
[Train][55] Loss: D 0.711 E_gan 0.711 E_pred 2.390
[Train][55] Acc: source 0.000 (0.0/5) target 0.000 (0.0/0)
[Train][56] Loss: D 0.711 E_gan 0.711 E_pred 2.390
[Train][56] Acc: source 0.000 (0.0/5) target 0.000 (0.0/0)
[Train][57] Loss: D 0.711 E_gan 0.711 E_pred 2.390
[Train][57] Acc: source 0.000 (0.0/5) target 0.000 (0.0/0)
[Train][58] Loss: D 0.711 E_gan 0.711 E_pred 2.390
[Train][58] Acc: source 0.000 (0.0/5) target 0.000 (0.0/0)
[Train][59] Loss: D 0.711 E_gan 0.711 E_pred 2.390
[Train][59] Acc: source 0.000 (0.0/5) target 0.000 (0.0/0)

Eval MNIST: [0. 0. 0. 0. 0. 0.] src: 0.0 tgt:0.0
[Train][60] Loss: D 0.711 E_gan 0.711 E_pred 2.390
[Train][60] Acc: source 0.000 (0.0/5) target 0.000 (0.0/0)
[Train][61] Loss: D 0.711 E_gan 0.711 E_pred 2.390
[Train][61] Acc: source 0.000 (0.0/5) target 0.000 (0.0/0)
[Train][62] Loss: D 0.711 E_gan 0.711 E_pred 2.390
[Train][62] Acc: source 0.000 (0.0/5) target 0.000 (0.0/0)
[Train][63] Loss: D 0.711 E_gan 0.711 E_pred 2.390
[Train][63] Acc: source 0.000 (0.0/5) target 0.000 (0.0/0)
[Train][64] Loss: D 0.711 E_gan 0.711 E_pred 2.390
[Train][64] Acc: source 0.000 (0.0/5) target 0.000 (0.0/0)
[Train][65] Loss: D 0.711 E_gan 0.711 E_pred 2.390
[Train][65] Acc: source 0.000 (0.0/5) target 0.000 (0.0/0)
[Train][66] Loss: D 0.711 E_gan 0.711 E_pred 2.390
[Train][66] Acc: source 0.000 (0.0/5) target 0.000 (0.0/0)
[Train][67] Loss: D 0.711 E_gan 0.711 E_pred 2.390
[Train][67] Acc: source 0.000 (0.0/5) target 0.000 (0.0/0)
[Train][68] Loss: D 0.711 E_gan 0.711 E_pred 2.390
[Train][68] Acc: source 0.000 (0.0/5) target 0.000 (0.0/0)
[Train][69] Loss: D 0.711 E_gan 0.711 E_pred 2.390
[Train][69] Acc: source 0.000 (0.0/5) target 0.000 (0.0/0)

Eval MNIST: [0. 0. 0. 0. 0. 0.] src: 0.0 tgt:0.0
[Train][70] Loss: D 0.711 E_gan 0.711 E_pred 2.390
[Train][70] Acc: source 0.000 (0.0/5) target 0.000 (0.0/0)
[Train][71] Loss: D 0.711 E_gan 0.711 E_pred 2.390
[Train][71] Acc: source 0.000 (0.0/5) target 0.000 (0.0/0)
[Train][72] Loss: D 0.711 E_gan 0.711 E_pred 2.390
[Train][72] Acc: source 0.000 (0.0/5) target 0.000 (0.0/0)
[Train][73] Loss: D 0.711 E_gan 0.711 E_pred 2.390
[Train][73] Acc: source 0.000 (0.0/5) target 0.000 (0.0/0)
[Train][74] Loss: D 0.711 E_gan 0.711 E_pred 2.390
[Train][74] Acc: source 0.000 (0.0/5) target 0.000 (0.0/0)
[Train][75] Loss: D 0.711 E_gan 0.711 E_pred 2.390
[Train][75] Acc: source 0.000 (0.0/5) target 0.000 (0.0/0)
[Train][76] Loss: D 0.711 E_gan 0.711 E_pred 2.390
[Train][76] Acc: source 0.000 (0.0/5) target 0.000 (0.0/0)
[Train][77] Loss: D 0.711 E_gan 0.711 E_pred 2.390
[Train][77] Acc: source 0.000 (0.0/5) target 0.000 (0.0/0)
[Train][78] Loss: D 0.711 E_gan 0.711 E_pred 2.390
[Train][78] Acc: source 0.000 (0.0/5) target 0.000 (0.0/0)
[Train][79] Loss: D 0.711 E_gan 0.711 E_pred 2.390
[Train][79] Acc: source 0.000 (0.0/5) target 0.000 (0.0/0)

Eval MNIST: [0. 0. 0. 0. 0. 0.] src: 0.0 tgt:0.0
[Train][80] Loss: D 0.711 E_gan 0.711 E_pred 2.390
[Train][80] Acc: source 0.000 (0.0/5) target 0.000 (0.0/0)
[Train][81] Loss: D 0.711 E_gan 0.711 E_pred 2.390
[Train][81] Acc: source 0.000 (0.0/5) target 0.000 (0.0/0)
[Train][82] Loss: D 0.711 E_gan 0.711 E_pred 2.390
[Train][82] Acc: source 0.000 (0.0/5) target 0.000 (0.0/0)
[Train][83] Loss: D 0.711 E_gan 0.711 E_pred 2.390
[Train][83] Acc: source 0.000 (0.0/5) target 0.000 (0.0/0)
[Train][84] Loss: D 0.711 E_gan 0.711 E_pred 2.390
[Train][84] Acc: source 0.000 (0.0/5) target 0.000 (0.0/0)
[Train][85] Loss: D 0.711 E_gan 0.711 E_pred 2.390
[Train][85] Acc: source 0.000 (0.0/5) target 0.000 (0.0/0)
[Train][86] Loss: D 0.711 E_gan 0.711 E_pred 2.390
[Train][86] Acc: source 0.000 (0.0/5) target 0.000 (0.0/0)
[Train][87] Loss: D 0.711 E_gan 0.711 E_pred 2.390
[Train][87] Acc: source 0.000 (0.0/5) target 0.000 (0.0/0)
[Train][88] Loss: D 0.711 E_gan 0.711 E_pred 2.390
[Train][88] Acc: source 0.000 (0.0/5) target 0.000 (0.0/0)
[Train][89] Loss: D 0.711 E_gan 0.711 E_pred 2.390
[Train][89] Acc: source 0.000 (0.0/5) target 0.000 (0.0/0)

Eval MNIST: [0. 0. 0. 0. 0. 0.] src: 0.0 tgt:0.0
[Train][90] Loss: D 0.711 E_gan 0.711 E_pred 2.390
[Train][90] Acc: source 0.000 (0.0/5) target 0.000 (0.0/0)
[Train][91] Loss: D 0.711 E_gan 0.711 E_pred 2.390
[Train][91] Acc: source 0.000 (0.0/5) target 0.000 (0.0/0)
[Train][92] Loss: D 0.711 E_gan 0.711 E_pred 2.390
[Train][92] Acc: source 0.000 (0.0/5) target 0.000 (0.0/0)
[Train][93] Loss: D 0.711 E_gan 0.711 E_pred 2.390
[Train][93] Acc: source 0.000 (0.0/5) target 0.000 (0.0/0)
[Train][94] Loss: D 0.711 E_gan 0.711 E_pred 2.390
[Train][94] Acc: source 0.000 (0.0/5) target 0.000 (0.0/0)
[Train][95] Loss: D 0.711 E_gan 0.711 E_pred 2.390
[Train][95] Acc: source 0.000 (0.0/5) target 0.000 (0.0/0)
[Train][96] Loss: D 0.711 E_gan 0.711 E_pred 2.390
[Train][96] Acc: source 0.000 (0.0/5) target 0.000 (0.0/0)
[Train][97] Loss: D 0.711 E_gan 0.711 E_pred 2.390
[Train][97] Acc: source 0.000 (0.0/5) target 0.000 (0.0/0)
[Train][98] Loss: D 0.711 E_gan 0.711 E_pred 2.390
[Train][98] Acc: source 0.000 (0.0/5) target 0.000 (0.0/0)
[Train][99] Loss: D 0.711 E_gan 0.711 E_pred 2.390
[Train][99] Acc: source 0.000 (0.0/5) target 0.000 (0.0/0)

Eval MNIST: [0. 0. 0. 0. 0. 0.] src: 0.0 tgt:0.0
[Train][0] Loss: D 0.286 E_gan 0.286 E_pred 2.496
[Train][0] Acc: source 0.000 (0.0/5) target 0.000 (0.0/0)
[Train][1] Loss: D 0.286 E_gan 0.286 E_pred 2.496
[Train][1] Acc: source 0.000 (0.0/5) target 0.000 (0.0/0)
[Train][2] Loss: D 0.286 E_gan 0.286 E_pred 2.496
[Train][2] Acc: source 0.000 (0.0/5) target 0.000 (0.0/0)
[Train][3] Loss: D 0.286 E_gan 0.286 E_pred 2.496
[Train][3] Acc: source 0.000 (0.0/5) target 0.000 (0.0/0)
[Train][4] Loss: D 0.286 E_gan 0.286 E_pred 2.496
[Train][4] Acc: source 0.000 (0.0/5) target 0.000 (0.0/0)
[Train][5] Loss: D 0.286 E_gan 0.286 E_pred 2.496
[Train][5] Acc: source 0.000 (0.0/5) target 0.000 (0.0/0)
[Train][6] Loss: D 0.286 E_gan 0.286 E_pred 2.496
[Train][6] Acc: source 0.000 (0.0/5) target 0.000 (0.0/0)
[Train][7] Loss: D 0.286 E_gan 0.286 E_pred 2.496
[Train][7] Acc: source 0.000 (0.0/5) target 0.000 (0.0/0)
[Train][8] Loss: D 0.286 E_gan 0.286 E_pred 2.496
[Train][8] Acc: source 0.000 (0.0/5) target 0.000 (0.0/0)
[Train][9] Loss: D 0.286 E_gan 0.286 E_pred 2.496
[Train][9] Acc: source 0.000 (0.0/5) target 0.000 (0.0/0)

Eval MNIST: [0. 0. 0. 0. 0. 0.] src: 0.0 tgt:0.0
[Train][0] Loss: D 4.363 E_gan 4.363 E_pred 2.443
[Train][0] Acc: source 0.000 (0.0/5) target 0.000 (0.0/0)
[Train][1] Loss: D 4.363 E_gan 4.363 E_pred 2.443
[Train][1] Acc: source 0.000 (0.0/5) target 0.000 (0.0/0)
[Train][2] Loss: D 4.363 E_gan 4.363 E_pred 2.443
[Train][2] Acc: source 0.000 (0.0/5) target 0.000 (0.0/0)
[Train][3] Loss: D 4.363 E_gan 4.363 E_pred 2.443
[Train][3] Acc: source 0.000 (0.0/5) target 0.000 (0.0/0)
[Train][4] Loss: D 4.363 E_gan 4.363 E_pred 2.443
[Train][4] Acc: source 0.000 (0.0/5) target 0.000 (0.0/0)
[Train][5] Loss: D 4.363 E_gan 4.363 E_pred 2.443
[Train][5] Acc: source 0.000 (0.0/5) target 0.000 (0.0/0)
[Train][6] Loss: D 4.363 E_gan 4.363 E_pred 2.443
[Train][6] Acc: source 0.000 (0.0/5) target 0.000 (0.0/0)
[Train][7] Loss: D 4.363 E_gan 4.363 E_pred 2.443
[Train][7] Acc: source 0.000 (0.0/5) target 0.000 (0.0/0)
[Train][8] Loss: D 4.363 E_gan 4.363 E_pred 2.443
[Train][8] Acc: source 0.000 (0.0/5) target 0.000 (0.0/0)
[Train][9] Loss: D 4.363 E_gan 4.363 E_pred 2.443
[Train][9] Acc: source 0.000 (0.0/5) target 0.000 (0.0/0)

Eval MNIST: [0. 0. 0. 0. 0. 0.] src: 0.0 tgt:0.0
[Train][0] Loss: D 2.533 E_gan 2.533 E_pred 2.517
[Train][0] Acc: source 0.000 (0.0/5) target 0.000 (0.0/0)
[Train][1] Loss: D 2.533 E_gan 2.533 E_pred 2.517
[Train][1] Acc: source 0.000 (0.0/5) target 0.000 (0.0/0)
[Train][2] Loss: D 2.533 E_gan 2.533 E_pred 2.517
[Train][2] Acc: source 0.000 (0.0/5) target 0.000 (0.0/0)
[Train][3] Loss: D 2.533 E_gan 2.533 E_pred 2.517
[Train][3] Acc: source 0.000 (0.0/5) target 0.000 (0.0/0)
[Train][4] Loss: D 2.533 E_gan 2.533 E_pred 2.517
[Train][4] Acc: source 0.000 (0.0/5) target 0.000 (0.0/0)
[Train][5] Loss: D 2.533 E_gan 2.533 E_pred 2.517
[Train][5] Acc: source 0.000 (0.0/5) target 0.000 (0.0/0)
[Train][6] Loss: D 2.533 E_gan 2.533 E_pred 2.517
[Train][6] Acc: source 0.000 (0.0/5) target 0.000 (0.0/0)
[Train][7] Loss: D 2.533 E_gan 2.533 E_pred 2.517
[Train][7] Acc: source 0.000 (0.0/5) target 0.000 (0.0/0)
[Train][8] Loss: D 2.533 E_gan 2.533 E_pred 2.517
[Train][8] Acc: source 0.000 (0.0/5) target 0.000 (0.0/0)
[Train][9] Loss: D 2.533 E_gan 2.533 E_pred 2.517
[Train][9] Acc: source 0.000 (0.0/5) target 0.000 (0.0/0)

Eval MNIST: [0. 0. 0. 0. 0. 0.] src: 0.0 tgt:0.0
[Train][0] Loss: D 2.256 E_gan 2.256 E_pred 2.195
[Train][0] Acc: source 0.000 (0.0/5) target 0.000 (0.0/0)
[Train][0] Loss: D 8.102 E_gan -8.102 E_pred 2.312
[Train][0] Acc: source 0.000 (1254.0/10215) target 0.110 (403.0/3750)
[Train][1] Loss: D 8.137 E_gan -8.137 E_pred 2.312
[Train][1] Acc: source 0.000 (1250.0/10215) target 0.110 (405.0/3750)
[Train][2] Loss: D 8.104 E_gan -8.104 E_pred 2.312
[Train][2] Acc: source 0.000 (1258.0/10215) target 0.110 (398.0/3750)
[Train][3] Loss: D 8.142 E_gan -8.142 E_pred 2.312
[Train][3] Acc: source 0.000 (1251.0/10215) target 0.112 (403.0/3750)
[Train][4] Loss: D 8.147 E_gan -8.147 E_pred 2.312
[Train][4] Acc: source 0.000 (1257.0/10215) target 0.106 (382.0/3750)
[Train][5] Loss: D 8.135 E_gan -8.135 E_pred 2.312
[Train][5] Acc: source 0.000 (1264.0/10215) target 0.109 (399.0/3750)
[Train][6] Loss: D 8.136 E_gan -8.136 E_pred 2.313
[Train][6] Acc: source 0.000 (1272.0/10215) target 0.107 (384.0/3750)
[Train][7] Loss: D 8.091 E_gan -8.091 E_pred 2.312
[Train][7] Acc: source 0.000 (1253.0/10215) target 0.109 (395.0/3750)
[Train][8] Loss: D 8.162 E_gan -8.162 E_pred 2.313
[Train][8] Acc: source 0.000 (1248.0/10215) target 0.111 (404.0/3750)
[Train][9] Loss: D 8.165 E_gan -8.165 E_pred 2.312
[Train][9] Acc: source 0.000 (1263.0/10215) target 0.109 (396.0/3750)
[Train][0] Loss: D 11.981 E_gan -11.981 E_pred 2.309
[Train][0] Acc: source 0.000 (1022.0/10215) target 0.105 (387.0/3750)
[Train][1] Loss: D 11.963 E_gan -11.963 E_pred 2.309
[Train][1] Acc: source 0.000 (997.0/10215) target 0.101 (378.0/3750)
[Train][2] Loss: D 11.942 E_gan -11.942 E_pred 2.309
[Train][2] Acc: source 0.000 (1010.0/10215) target 0.101 (379.0/3750)
[Train][3] Loss: D 11.975 E_gan -11.975 E_pred 2.309
[Train][3] Acc: source 0.000 (1003.0/10215) target 0.100 (376.0/3750)
[Train][4] Loss: D 11.996 E_gan -11.996 E_pred 2.309
[Train][4] Acc: source 0.000 (1008.0/10215) target 0.101 (380.0/3750)
[Train][5] Loss: D 11.942 E_gan -11.942 E_pred 2.309
[Train][5] Acc: source 0.000 (1015.0/10215) target 0.103 (384.0/3750)
[Train][6] Loss: D 11.950 E_gan -11.950 E_pred 2.309
[Train][6] Acc: source 0.000 (1018.0/10215) target 0.102 (382.0/3750)
[Train][7] Loss: D 11.963 E_gan -11.963 E_pred 2.309
[Train][7] Acc: source 0.000 (1013.0/10215) target 0.102 (383.0/3750)
[Train][8] Loss: D 11.959 E_gan -11.959 E_pred 2.309
[Train][8] Acc: source 0.000 (995.0/10215) target 0.100 (376.0/3750)
[Train][9] Loss: D 11.922 E_gan -11.922 E_pred 2.309
[Train][9] Acc: source 0.000 (1018.0/10215) target 0.102 (384.0/3750)

Eval MNIST: [0.    0.088 0.097 0.109 0.106 0.094] src: 0.0 tgt:0.099
[Train][10] Loss: D 11.955 E_gan -11.955 E_pred 2.309
[Train][10] Acc: source 0.000 (1029.0/10215) target 0.101 (380.0/3750)
[Train][11] Loss: D 11.995 E_gan -11.995 E_pred 2.309
[Train][11] Acc: source 0.000 (1006.0/10215) target 0.100 (373.0/3750)
[Train][12] Loss: D 11.976 E_gan -11.976 E_pred 2.309
[Train][12] Acc: source 0.000 (996.0/10215) target 0.101 (374.0/3750)
[Train][13] Loss: D 11.973 E_gan -11.973 E_pred 2.309
[Train][13] Acc: source 0.000 (988.0/10215) target 0.099 (376.0/3750)
[Train][14] Loss: D 11.957 E_gan -11.948 E_pred 2.309
[Train][14] Acc: source 0.000 (1013.0/10215) target 0.103 (386.0/3750)
[Train][15] Loss: D 11.959 E_gan -11.959 E_pred 2.309
[Train][15] Acc: source 0.000 (1010.0/10215) target 0.102 (385.0/3750)
[Train][16] Loss: D 11.911 E_gan -11.911 E_pred 2.309
[Train][16] Acc: source 0.000 (1014.0/10215) target 0.101 (379.0/3750)
[Train][17] Loss: D 11.927 E_gan -11.927 E_pred 2.309
[Train][17] Acc: source 0.000 (1005.0/10215) target 0.103 (385.0/3750)
[Train][18] Loss: D 11.968 E_gan -11.968 E_pred 2.309
[Train][18] Acc: source 0.000 (1018.0/10215) target 0.100 (373.0/3750)
[Train][19] Loss: D 11.966 E_gan -11.966 E_pred 2.309
[Train][19] Acc: source 0.000 (1008.0/10215) target 0.099 (374.0/3750)

Eval MNIST: [0.    0.088 0.1   0.106 0.103 0.091] src: 0.0 tgt:0.098
[Train][20] Loss: D 11.952 E_gan -11.952 E_pred 2.309
[Train][20] Acc: source 0.000 (1016.0/10215) target 0.100 (374.0/3750)
[Train][0] Loss: D 7.783 E_gan -7.783 E_pred 2.303
[Train][0] Acc: source 0.000 (1074.0/10215) target 0.071 (398.0/3750)
[Train][1] Loss: D 7.751 E_gan -7.751 E_pred 2.303
[Train][1] Acc: source 0.000 (1063.0/10215) target 0.071 (401.0/3750)
[Train][2] Loss: D 7.800 E_gan -7.800 E_pred 2.303
[Train][2] Acc: source 0.000 (1079.0/10215) target 0.070 (392.0/3750)
[Train][3] Loss: D 7.767 E_gan -7.767 E_pred 2.303
[Train][3] Acc: source 0.000 (1075.0/10215) target 0.069 (388.0/3750)
[Train][0] Loss: D 5.706 E_gan -5.706 E_pred 2.303
[Train][0] Acc: source 0.099 (1013.0/10215) target 0.056 (337.0/3750)
[Train][1] Loss: D 5.713 E_gan -5.713 E_pred 2.303
[Train][1] Acc: source 0.099 (1011.0/10215) target 0.057 (342.0/3750)
[Train][2] Loss: D 5.649 E_gan -5.649 E_pred 2.303
[Train][2] Acc: source 0.097 (987.0/10215) target 0.055 (329.0/3750)
[Train][3] Loss: D 5.671 E_gan -5.671 E_pred 2.303
[Train][3] Acc: source 0.098 (997.0/10215) target 0.056 (334.0/3750)
[Train][4] Loss: D 5.671 E_gan -5.670 E_pred 2.303
[Train][4] Acc: source 0.099 (1011.0/10215) target 0.057 (343.0/3750)
[Train][5] Loss: D 5.687 E_gan -5.687 E_pred 2.303
[Train][5] Acc: source 0.098 (1000.0/10215) target 0.054 (325.0/3750)
[Train][6] Loss: D 5.724 E_gan -5.724 E_pred 2.303
[Train][6] Acc: source 0.100 (1018.0/10215) target 0.057 (340.0/3750)
[Train][7] Loss: D 5.704 E_gan -5.704 E_pred 2.303
[Train][7] Acc: source 0.098 (999.0/10215) target 0.056 (338.0/3750)
[Train][8] Loss: D 5.698 E_gan -5.698 E_pred 2.303
[Train][8] Acc: source 0.095 (973.0/10215) target 0.055 (331.0/3750)
[Train][9] Loss: D 5.685 E_gan -5.685 E_pred 2.303
[Train][9] Acc: source 0.097 (988.0/10215) target 0.056 (338.0/3750)

Eval MNIST: [0.    0.112 0.073 0.061 0.118 0.094 0.118 0.1   0.112 0.115] src: 0.112 tgt:0.099
[Train][10] Loss: D 5.654 E_gan -5.654 E_pred 2.303
[Train][10] Acc: source 0.098 (1001.0/10215) target 0.056 (337.0/3750)
[Train][11] Loss: D 5.699 E_gan -5.699 E_pred 2.303
[Train][11] Acc: source 0.098 (1003.0/10215) target 0.058 (347.0/3750)
[Train][12] Loss: D 5.722 E_gan -5.722 E_pred 2.303
[Train][12] Acc: source 0.099 (1010.0/10215) target 0.056 (335.0/3750)
[Train][13] Loss: D 5.674 E_gan -5.674 E_pred 2.302
[Train][13] Acc: source 0.098 (1000.0/10215) target 0.052 (313.0/3750)
[Train][14] Loss: D 5.729 E_gan -5.729 E_pred 2.303
[Train][14] Acc: source 0.099 (1007.0/10215) target 0.055 (332.0/3750)
[Train][15] Loss: D 5.676 E_gan -5.675 E_pred 2.303
[Train][15] Acc: source 0.097 (986.0/10215) target 0.056 (336.0/3750)
[Train][16] Loss: D 5.710 E_gan -5.710 E_pred 2.303
[Train][16] Acc: source 0.099 (1007.0/10215) target 0.056 (339.0/3750)
[Train][17] Loss: D 5.711 E_gan -5.711 E_pred 2.303
[Train][17] Acc: source 0.097 (986.0/10215) target 0.056 (339.0/3750)
[Train][18] Loss: D 5.691 E_gan -5.691 E_pred 2.302
[Train][18] Acc: source 0.099 (1013.0/10215) target 0.057 (342.0/3750)
[Train][19] Loss: D 5.725 E_gan -5.724 E_pred 2.303
[Train][19] Acc: source 0.097 (993.0/10215) target 0.055 (332.0/3750)

Eval MNIST: [0.    0.112 0.076 0.067 0.109 0.094 0.118 0.103 0.112 0.118] src: 0.112 tgt:0.1
[Train][20] Loss: D 5.718 E_gan -5.718 E_pred 2.303
[Train][20] Acc: source 0.099 (1016.0/10215) target 0.056 (338.0/3750)
[Train][21] Loss: D 5.714 E_gan -5.714 E_pred 2.303
[Train][21] Acc: source 0.098 (1006.0/10215) target 0.057 (342.0/3750)
[Train][22] Loss: D 5.731 E_gan -5.731 E_pred 2.303
[Train][22] Acc: source 0.100 (1020.0/10215) target 0.056 (338.0/3750)
[Train][23] Loss: D 5.729 E_gan -5.729 E_pred 2.302
[Train][23] Acc: source 0.099 (1008.0/10215) target 0.056 (337.0/3750)
[Train][24] Loss: D 5.729 E_gan -5.729 E_pred 2.303
[Train][24] Acc: source 0.099 (1014.0/10215) target 0.054 (327.0/3750)
[Train][25] Loss: D 5.737 E_gan -5.737 E_pred 2.303
[Train][25] Acc: source 0.099 (1012.0/10215) target 0.055 (330.0/3750)
[Train][26] Loss: D 5.711 E_gan -5.711 E_pred 2.302
[Train][26] Acc: source 0.099 (1007.0/10215) target 0.056 (339.0/3750)
[Train][27] Loss: D 5.740 E_gan -5.740 E_pred 2.303
[Train][27] Acc: source 0.099 (1011.0/10215) target 0.056 (334.0/3750)
[Train][28] Loss: D 5.703 E_gan -5.703 E_pred 2.303
[Train][28] Acc: source 0.096 (983.0/10215) target 0.056 (338.0/3750)
[Train][29] Loss: D 5.727 E_gan -5.727 E_pred 2.303
[Train][29] Acc: source 0.097 (994.0/10215) target 0.058 (348.0/3750)

Eval MNIST: [0.    0.115 0.07  0.07  0.115 0.088 0.112 0.106 0.121 0.118] src: 0.115 tgt:0.1
[Train][0] Loss: D 7.678 E_gan -7.678 E_pred 3.105
[Train][0] Acc: source 0.131 (1334.0/10215) target 0.086 (517.0/3750)
[Train][1] Loss: D 7.714 E_gan -7.714 E_pred 3.100
[Train][1] Acc: source 0.127 (1302.0/10215) target 0.087 (521.0/3750)
[Train][2] Loss: D 7.710 E_gan -7.710 E_pred 3.098
[Train][2] Acc: source 0.130 (1326.0/10215) target 0.087 (522.0/3750)
[Train][3] Loss: D 7.660 E_gan -7.660 E_pred 3.097
[Train][3] Acc: source 0.129 (1314.0/10215) target 0.088 (527.0/3750)
[Train][4] Loss: D 7.701 E_gan -7.701 E_pred 3.100
[Train][4] Acc: source 0.128 (1304.0/10215) target 0.088 (526.0/3750)
[Train][5] Loss: D 7.707 E_gan -7.707 E_pred 3.097
[Train][5] Acc: source 0.130 (1328.0/10215) target 0.091 (546.0/3750)
[Train][6] Loss: D 7.641 E_gan -7.641 E_pred 3.096
[Train][6] Acc: source 0.127 (1295.0/10215) target 0.085 (511.0/3750)
[Train][7] Loss: D 7.720 E_gan -7.720 E_pred 3.100
[Train][7] Acc: source 0.129 (1315.0/10215) target 0.088 (529.0/3750)
[Train][8] Loss: D 7.691 E_gan -7.691 E_pred 3.095
[Train][8] Acc: source 0.129 (1321.0/10215) target 0.087 (523.0/3750)
[Train][9] Loss: D 7.666 E_gan -7.666 E_pred 3.099
[Train][9] Acc: source 0.127 (1296.0/10215) target 0.085 (513.0/3750)

Eval MNIST: [0.    0.142 0.191 0.188 0.142 0.121 0.097 0.1   0.103 0.1  ] src: 0.142 tgt:0.13
[Train][10] Loss: D 7.669 E_gan -7.669 E_pred 3.096
[Train][10] Acc: source 0.129 (1319.0/10215) target 0.086 (515.0/3750)
[Train][11] Loss: D 7.728 E_gan -7.728 E_pred 3.101
[Train][11] Acc: source 0.129 (1318.0/10215) target 0.087 (521.0/3750)
[Train][12] Loss: D 7.689 E_gan -7.689 E_pred 3.101
[Train][12] Acc: source 0.127 (1298.0/10215) target 0.086 (517.0/3750)
[Train][13] Loss: D 7.663 E_gan -7.663 E_pred 3.097
[Train][13] Acc: source 0.129 (1314.0/10215) target 0.089 (535.0/3750)
[Train][14] Loss: D 7.734 E_gan -7.734 E_pred 3.101
[Train][14] Acc: source 0.129 (1320.0/10215) target 0.086 (516.0/3750)
[Train][15] Loss: D 7.691 E_gan -7.691 E_pred 3.098
[Train][15] Acc: source 0.127 (1301.0/10215) target 0.089 (535.0/3750)
[Train][16] Loss: D 7.701 E_gan -7.701 E_pred 3.098
[Train][16] Acc: source 0.130 (1325.0/10215) target 0.088 (531.0/3750)
[Train][17] Loss: D 7.707 E_gan -7.707 E_pred 3.100
[Train][17] Acc: source 0.128 (1311.0/10215) target 0.087 (522.0/3750)
[Train][18] Loss: D 7.690 E_gan -7.690 E_pred 3.096
[Train][18] Acc: source 0.126 (1292.0/10215) target 0.088 (530.0/3750)
[Train][19] Loss: D 7.670 E_gan -7.670 E_pred 3.100
[Train][19] Acc: source 0.128 (1311.0/10215) target 0.089 (534.0/3750)

Eval MNIST: [0.    0.145 0.185 0.185 0.136 0.115 0.097 0.103 0.103 0.1  ] src: 0.145 tgt:0.128
[Train][20] Loss: D 7.692 E_gan -7.692 E_pred 3.097
[Train][20] Acc: source 0.128 (1308.0/10215) target 0.089 (536.0/3750)
[Train][21] Loss: D 7.667 E_gan -7.667 E_pred 3.102
[Train][21] Acc: source 0.130 (1324.0/10215) target 0.088 (529.0/3750)
[Train][22] Loss: D 7.696 E_gan -7.696 E_pred 3.096
[Train][22] Acc: source 0.130 (1324.0/10215) target 0.088 (527.0/3750)
[Train][23] Loss: D 7.745 E_gan -7.745 E_pred 3.095
[Train][23] Acc: source 0.126 (1288.0/10215) target 0.086 (516.0/3750)
[Train][24] Loss: D 7.767 E_gan -7.767 E_pred 3.097
[Train][24] Acc: source 0.126 (1292.0/10215) target 0.089 (532.0/3750)
[Train][25] Loss: D 7.728 E_gan -7.728 E_pred 3.103
[Train][25] Acc: source 0.128 (1307.0/10215) target 0.088 (528.0/3750)
[Train][26] Loss: D 7.697 E_gan -7.697 E_pred 3.099
[Train][26] Acc: source 0.127 (1297.0/10215) target 0.088 (528.0/3750)
[Train][27] Loss: D 7.736 E_gan -7.736 E_pred 3.103
[Train][27] Acc: source 0.130 (1327.0/10215) target 0.086 (517.0/3750)
[Train][28] Loss: D 7.695 E_gan -7.695 E_pred 3.103
[Train][28] Acc: source 0.127 (1297.0/10215) target 0.089 (534.0/3750)
[Train][29] Loss: D 7.725 E_gan -7.725 E_pred 3.100
[Train][29] Acc: source 0.128 (1305.0/10215) target 0.086 (517.0/3750)

Eval MNIST: [0.    0.139 0.191 0.185 0.133 0.115 0.097 0.1   0.103 0.1  ] src: 0.139 tgt:0.128
[Train][0] Loss: D 6.358 E_gan -6.358 E_pred 2.743
[Train][0] Acc: source 0.102 (1043.0/10215) target 0.062 (371.0/3750)
[Train][1] Loss: D 6.314 E_gan -6.314 E_pred 2.742
[Train][1] Acc: source 0.102 (1037.0/10215) target 0.061 (368.0/3750)
[Train][2] Loss: D 6.302 E_gan -6.302 E_pred 2.741
[Train][2] Acc: source 0.104 (1058.0/10215) target 0.062 (372.0/3750)
[Train][3] Loss: D 6.329 E_gan -6.329 E_pred 2.744
[Train][3] Acc: source 0.102 (1043.0/10215) target 0.063 (377.0/3750)
[Train][4] Loss: D 6.349 E_gan -6.349 E_pred 2.744
[Train][4] Acc: source 0.101 (1036.0/10215) target 0.062 (373.0/3750)
[Train][5] Loss: D 6.351 E_gan -6.351 E_pred 2.744
[Train][5] Acc: source 0.101 (1030.0/10215) target 0.063 (378.0/3750)
[Train][6] Loss: D 6.328 E_gan -6.328 E_pred 2.743
[Train][6] Acc: source 0.102 (1040.0/10215) target 0.062 (373.0/3750)
[Train][7] Loss: D 6.314 E_gan -6.314 E_pred 2.743
[Train][7] Acc: source 0.101 (1036.0/10215) target 0.062 (372.0/3750)
[Train][8] Loss: D 6.295 E_gan -6.295 E_pred 2.742
[Train][8] Acc: source 0.101 (1032.0/10215) target 0.062 (371.0/3750)
[Train][9] Loss: D 6.350 E_gan -6.350 E_pred 2.743
[Train][9] Acc: source 0.102 (1039.0/10215) target 0.062 (374.0/3750)

Eval MNIST: [0.    0.109 0.106 0.1   0.106 0.103 0.091 0.109 0.103 0.103] src: 0.109 tgt:0.103
[Train][10] Loss: D 6.356 E_gan -6.356 E_pred 2.742
[Train][10] Acc: source 0.102 (1045.0/10215) target 0.061 (369.0/3750)
[Train][11] Loss: D 6.381 E_gan -6.381 E_pred 2.741
[Train][11] Acc: source 0.102 (1043.0/10215) target 0.062 (375.0/3750)
[Train][12] Loss: D 6.328 E_gan -6.328 E_pred 2.741
[Train][12] Acc: source 0.102 (1043.0/10215) target 0.063 (378.0/3750)
[Train][13] Loss: D 6.355 E_gan -6.355 E_pred 2.742
[Train][13] Acc: source 0.102 (1045.0/10215) target 0.062 (373.0/3750)
[Train][14] Loss: D 6.345 E_gan -6.345 E_pred 2.744
[Train][14] Acc: source 0.102 (1042.0/10215) target 0.061 (365.0/3750)
[Train][15] Loss: D 6.363 E_gan -6.363 E_pred 2.740
[Train][15] Acc: source 0.102 (1039.0/10215) target 0.061 (368.0/3750)
[Train][16] Loss: D 6.402 E_gan -6.402 E_pred 2.742
[Train][16] Acc: source 0.103 (1049.0/10215) target 0.062 (371.0/3750)
[Train][17] Loss: D 6.332 E_gan -6.332 E_pred 2.743
[Train][17] Acc: source 0.102 (1038.0/10215) target 0.061 (364.0/3750)
[Train][18] Loss: D 6.371 E_gan -6.371 E_pred 2.739
[Train][18] Acc: source 0.102 (1041.0/10215) target 0.061 (366.0/3750)
[Train][19] Loss: D 6.341 E_gan -6.341 E_pred 2.745
[Train][19] Acc: source 0.102 (1042.0/10215) target 0.061 (367.0/3750)

Eval MNIST: [0.    0.106 0.106 0.1   0.106 0.103 0.094 0.109 0.106 0.103] src: 0.106 tgt:0.103
[Train][20] Loss: D 6.358 E_gan -6.358 E_pred 2.741
[Train][20] Acc: source 0.100 (1022.0/10215) target 0.064 (382.0/3750)
[Train][21] Loss: D 6.331 E_gan -6.331 E_pred 2.743
[Train][21] Acc: source 0.103 (1050.0/10215) target 0.063 (378.0/3750)
[Train][22] Loss: D 6.300 E_gan -6.300 E_pred 2.740
[Train][22] Acc: source 0.102 (1037.0/10215) target 0.063 (379.0/3750)
[Train][23] Loss: D 6.325 E_gan -6.325 E_pred 2.742
[Train][23] Acc: source 0.102 (1039.0/10215) target 0.062 (375.0/3750)
[Train][24] Loss: D 6.303 E_gan -6.303 E_pred 2.742
[Train][24] Acc: source 0.101 (1034.0/10215) target 0.063 (378.0/3750)
[Train][25] Loss: D 6.371 E_gan -6.371 E_pred 2.740
[Train][25] Acc: source 0.102 (1046.0/10215) target 0.064 (383.0/3750)
[Train][26] Loss: D 6.331 E_gan -6.331 E_pred 2.742
[Train][26] Acc: source 0.102 (1037.0/10215) target 0.063 (377.0/3750)
[Train][27] Loss: D 6.309 E_gan -6.309 E_pred 2.740
[Train][27] Acc: source 0.103 (1050.0/10215) target 0.063 (377.0/3750)
[Train][28] Loss: D 6.319 E_gan -6.319 E_pred 2.746
[Train][28] Acc: source 0.101 (1035.0/10215) target 0.061 (367.0/3750)
[Train][29] Loss: D 6.346 E_gan -6.346 E_pred 2.745
[Train][29] Acc: source 0.101 (1035.0/10215) target 0.061 (367.0/3750)

Eval MNIST: [0.    0.106 0.106 0.1   0.106 0.103 0.094 0.112 0.103 0.106] src: 0.106 tgt:0.104
[Train][0] Loss: D 14.542 E_gan -14.542 E_pred 3.049
[Train][0] Acc: source 0.103 (1057.0/10215) target 0.063 (380.0/3750)
[Train][1] Loss: D 14.566 E_gan -14.566 E_pred 3.053
[Train][1] Acc: source 0.109 (1114.0/10215) target 0.062 (370.0/3750)
[Train][2] Loss: D 14.567 E_gan -14.567 E_pred 3.052
[Train][2] Acc: source 0.106 (1082.0/10215) target 0.063 (378.0/3750)
[Train][3] Loss: D 14.513 E_gan -14.513 E_pred 3.048
[Train][3] Acc: source 0.108 (1100.0/10215) target 0.063 (380.0/3750)
[Train][4] Loss: D 14.578 E_gan -14.578 E_pred 3.051
[Train][4] Acc: source 0.108 (1108.0/10215) target 0.062 (372.0/3750)
[Train][5] Loss: D 14.587 E_gan -14.587 E_pred 3.049
[Train][5] Acc: source 0.106 (1087.0/10215) target 0.064 (387.0/3750)
[Train][6] Loss: D 14.608 E_gan -14.608 E_pred 3.047
[Train][6] Acc: source 0.107 (1091.0/10215) target 0.062 (373.0/3750)
[Train][7] Loss: D 14.610 E_gan -14.610 E_pred 3.049
[Train][7] Acc: source 0.105 (1071.0/10215) target 0.064 (384.0/3750)
[Train][8] Loss: D 14.626 E_gan -14.626 E_pred 3.054
[Train][8] Acc: source 0.109 (1109.0/10215) target 0.064 (382.0/3750)
[Train][9] Loss: D 14.474 E_gan -14.474 E_pred 3.053
[Train][9] Acc: source 0.105 (1075.0/10215) target 0.064 (387.0/3750)

Eval MNIST: [0.    0.112 0.142 0.1   0.097 0.094 0.073 0.097 0.097 0.094] src: 0.112 tgt:0.099
[Train][10] Loss: D 14.611 E_gan -14.611 E_pred 3.049
[Train][10] Acc: source 0.107 (1097.0/10215) target 0.064 (384.0/3750)
[Train][11] Loss: D 14.527 E_gan -14.527 E_pred 3.052
[Train][11] Acc: source 0.107 (1088.0/10215) target 0.064 (382.0/3750)
[Train][12] Loss: D 14.578 E_gan -14.578 E_pred 3.049
[Train][12] Acc: source 0.108 (1104.0/10215) target 0.063 (381.0/3750)
[Train][13] Loss: D 14.555 E_gan -14.555 E_pred 3.052
[Train][13] Acc: source 0.107 (1090.0/10215) target 0.064 (382.0/3750)
[Train][14] Loss: D 14.558 E_gan -14.558 E_pred 3.049
[Train][14] Acc: source 0.108 (1099.0/10215) target 0.064 (382.0/3750)
[Train][15] Loss: D 14.490 E_gan -14.490 E_pred 3.048
[Train][15] Acc: source 0.108 (1104.0/10215) target 0.062 (375.0/3750)
[Train][16] Loss: D 14.560 E_gan -14.560 E_pred 3.049
[Train][16] Acc: source 0.105 (1076.0/10215) target 0.063 (380.0/3750)
[Train][17] Loss: D 14.496 E_gan -14.496 E_pred 3.047
[Train][17] Acc: source 0.105 (1074.0/10215) target 0.063 (379.0/3750)
[Train][18] Loss: D 14.532 E_gan -14.532 E_pred 3.049
[Train][18] Acc: source 0.104 (1067.0/10215) target 0.065 (389.0/3750)
[Train][19] Loss: D 14.532 E_gan -14.532 E_pred 3.048
[Train][19] Acc: source 0.106 (1087.0/10215) target 0.065 (391.0/3750)

Eval MNIST: [0.    0.118 0.13  0.1   0.1   0.091 0.073 0.091 0.097 0.094] src: 0.118 tgt:0.097
[Train][20] Loss: D 14.571 E_gan -14.571 E_pred 3.052
[Train][20] Acc: source 0.107 (1098.0/10215) target 0.065 (390.0/3750)
[Train][21] Loss: D 14.551 E_gan -14.551 E_pred 3.049
[Train][21] Acc: source 0.108 (1104.0/10215) target 0.065 (388.0/3750)
[Train][22] Loss: D 14.578 E_gan -14.578 E_pred 3.050
[Train][22] Acc: source 0.108 (1099.0/10215) target 0.063 (376.0/3750)
[Train][23] Loss: D 14.506 E_gan -14.506 E_pred 3.051
[Train][23] Acc: source 0.106 (1078.0/10215) target 0.063 (376.0/3750)
[Train][24] Loss: D 14.515 E_gan -14.515 E_pred 3.051
[Train][24] Acc: source 0.105 (1073.0/10215) target 0.064 (383.0/3750)
[Train][25] Loss: D 14.532 E_gan -14.532 E_pred 3.051
[Train][25] Acc: source 0.107 (1093.0/10215) target 0.063 (376.0/3750)
[Train][26] Loss: D 14.545 E_gan -14.545 E_pred 3.048
[Train][26] Acc: source 0.108 (1108.0/10215) target 0.062 (374.0/3750)
[Train][27] Loss: D 14.526 E_gan -14.526 E_pred 3.049
[Train][27] Acc: source 0.106 (1082.0/10215) target 0.064 (383.0/3750)
[Train][28] Loss: D 14.593 E_gan -14.593 E_pred 3.047
[Train][28] Acc: source 0.105 (1075.0/10215) target 0.062 (370.0/3750)
[Train][29] Loss: D 14.570 E_gan -14.570 E_pred 3.051
[Train][29] Acc: source 0.106 (1087.0/10215) target 0.063 (379.0/3750)

Eval MNIST: [0.    0.112 0.124 0.103 0.1   0.091 0.073 0.091 0.094 0.094] src: 0.112 tgt:0.096
[Train][0] Loss: D 9.166 E_gan -9.166 E_pred 2.664
[Train][0] Acc: source 0.103 (1057.0/10215) target 0.059 (352.0/3750)
[Train][1] Loss: D 9.099 E_gan -9.099 E_pred 2.666
[Train][1] Acc: source 0.103 (1050.0/10215) target 0.061 (368.0/3750)
[Train][2] Loss: D 9.147 E_gan -9.147 E_pred 2.664
[Train][2] Acc: source 0.101 (1035.0/10215) target 0.060 (362.0/3750)
[Train][3] Loss: D 9.065 E_gan -9.065 E_pred 2.664
[Train][3] Acc: source 0.102 (1042.0/10215) target 0.061 (364.0/3750)
[Train][4] Loss: D 9.121 E_gan -9.121 E_pred 2.663
[Train][4] Acc: source 0.102 (1039.0/10215) target 0.059 (356.0/3750)
[Train][5] Loss: D 9.087 E_gan -9.087 E_pred 2.665
[Train][5] Acc: source 0.103 (1050.0/10215) target 0.059 (354.0/3750)
[Train][6] Loss: D 9.100 E_gan -9.100 E_pred 2.663
[Train][6] Acc: source 0.101 (1031.0/10215) target 0.060 (358.0/3750)
[Train][7] Loss: D 9.119 E_gan -9.119 E_pred 2.666
[Train][7] Acc: source 0.102 (1041.0/10215) target 0.062 (371.0/3750)
[Train][8] Loss: D 9.108 E_gan -9.108 E_pred 2.664
[Train][8] Acc: source 0.103 (1055.0/10215) target 0.058 (347.0/3750)
[Train][9] Loss: D 9.108 E_gan -9.108 E_pred 2.663
[Train][9] Acc: source 0.103 (1048.0/10215) target 0.060 (362.0/3750)

Eval MNIST: [0.    0.1   0.106 0.106 0.073 0.097 0.097 0.094 0.103 0.094] src: 0.1 tgt:0.096
[Train][10] Loss: D 9.108 E_gan -9.108 E_pred 2.663
[Train][10] Acc: source 0.102 (1042.0/10215) target 0.060 (361.0/3750)
[Train][11] Loss: D 9.105 E_gan -9.105 E_pred 2.666
[Train][11] Acc: source 0.103 (1054.0/10215) target 0.058 (349.0/3750)
[Train][12] Loss: D 9.088 E_gan -9.088 E_pred 2.663
[Train][12] Acc: source 0.102 (1038.0/10215) target 0.060 (359.0/3750)
[Train][13] Loss: D 9.110 E_gan -9.110 E_pred 2.665
[Train][13] Acc: source 0.102 (1037.0/10215) target 0.061 (367.0/3750)
[Train][14] Loss: D 9.119 E_gan -9.119 E_pred 2.665
[Train][14] Acc: source 0.103 (1054.0/10215) target 0.060 (360.0/3750)
[Train][15] Loss: D 9.144 E_gan -9.144 E_pred 2.663
[Train][15] Acc: source 0.102 (1043.0/10215) target 0.059 (357.0/3750)
[Train][16] Loss: D 9.077 E_gan -9.077 E_pred 2.664
[Train][16] Acc: source 0.097 (995.0/10215) target 0.059 (353.0/3750)
[Train][17] Loss: D 9.127 E_gan -9.127 E_pred 2.665
[Train][17] Acc: source 0.102 (1046.0/10215) target 0.060 (362.0/3750)
[Train][18] Loss: D 9.116 E_gan -9.116 E_pred 2.664
[Train][18] Acc: source 0.101 (1036.0/10215) target 0.060 (361.0/3750)
[Train][19] Loss: D 9.089 E_gan -9.089 E_pred 2.664
[Train][19] Acc: source 0.102 (1039.0/10215) target 0.060 (359.0/3750)

Eval MNIST: [0.    0.1   0.106 0.103 0.073 0.094 0.094 0.1   0.106 0.094] src: 0.1 tgt:0.096
[Train][20] Loss: D 9.159 E_gan -9.159 E_pred 2.666
[Train][20] Acc: source 0.102 (1047.0/10215) target 0.058 (348.0/3750)
[Train][21] Loss: D 9.165 E_gan -9.165 E_pred 2.666
[Train][21] Acc: source 0.104 (1065.0/10215) target 0.061 (366.0/3750)
[Train][22] Loss: D 9.142 E_gan -9.142 E_pred 2.666
[Train][22] Acc: source 0.103 (1051.0/10215) target 0.058 (351.0/3750)
[Train][23] Loss: D 9.138 E_gan -9.138 E_pred 2.667
[Train][23] Acc: source 0.103 (1048.0/10215) target 0.059 (356.0/3750)
[Train][24] Loss: D 9.111 E_gan -9.111 E_pred 2.664
[Train][24] Acc: source 0.104 (1059.0/10215) target 0.061 (366.0/3750)
[Train][25] Loss: D 9.139 E_gan -9.139 E_pred 2.665
[Train][25] Acc: source 0.101 (1033.0/10215) target 0.059 (352.0/3750)
[Train][26] Loss: D 9.154 E_gan -9.154 E_pred 2.667
[Train][26] Acc: source 0.101 (1034.0/10215) target 0.058 (349.0/3750)
[Train][27] Loss: D 9.157 E_gan -9.157 E_pred 2.662
[Train][27] Acc: source 0.104 (1062.0/10215) target 0.061 (364.0/3750)
[Train][28] Loss: D 9.118 E_gan -9.118 E_pred 2.666
[Train][28] Acc: source 0.101 (1033.0/10215) target 0.059 (356.0/3750)
[Train][29] Loss: D 9.157 E_gan -9.157 E_pred 2.663
[Train][29] Acc: source 0.102 (1041.0/10215) target 0.060 (358.0/3750)

Eval MNIST: [0.    0.103 0.106 0.106 0.073 0.094 0.091 0.1   0.109 0.094] src: 0.103 tgt:0.097
[Train][0] Loss: D 11.299 E_gan -11.299 E_pred 2.914
[Train][0] Acc: source 0.091 (929.0/10215) target 0.058 (347.0/3750)
[Train][1] Loss: D 11.279 E_gan -11.279 E_pred 2.918
[Train][1] Acc: source 0.090 (924.0/10215) target 0.055 (331.0/3750)
[Train][2] Loss: D 11.385 E_gan -11.385 E_pred 2.912
[Train][2] Acc: source 0.092 (940.0/10215) target 0.057 (342.0/3750)
[Train][3] Loss: D 11.409 E_gan -11.409 E_pred 2.918
[Train][3] Acc: source 0.091 (925.0/10215) target 0.055 (328.0/3750)
[Train][4] Loss: D 11.314 E_gan -11.314 E_pred 2.916
[Train][4] Acc: source 0.091 (929.0/10215) target 0.054 (322.0/3750)
[Train][5] Loss: D 11.346 E_gan -11.346 E_pred 2.917
[Train][5] Acc: source 0.091 (931.0/10215) target 0.058 (350.0/3750)
[Train][6] Loss: D 11.373 E_gan -11.373 E_pred 2.916
[Train][6] Acc: source 0.091 (925.0/10215) target 0.055 (331.0/3750)
[Train][7] Loss: D 11.339 E_gan -11.339 E_pred 2.918
[Train][7] Acc: source 0.088 (901.0/10215) target 0.054 (325.0/3750)
[Train][8] Loss: D 11.334 E_gan -11.334 E_pred 2.915
[Train][8] Acc: source 0.091 (925.0/10215) target 0.055 (328.0/3750)
[Train][9] Loss: D 11.342 E_gan -11.342 E_pred 2.913
[Train][9] Acc: source 0.090 (923.0/10215) target 0.057 (342.0/3750)

Eval MNIST: [0.    0.094 0.085 0.073 0.097 0.106 0.076 0.073 0.082 0.085] src: 0.094 tgt:0.084
[Train][10] Loss: D 11.284 E_gan -11.284 E_pred 2.918
[Train][10] Acc: source 0.091 (925.0/10215) target 0.057 (342.0/3750)
[Train][11] Loss: D 11.313 E_gan -11.313 E_pred 2.914
[Train][11] Acc: source 0.090 (923.0/10215) target 0.057 (345.0/3750)
[Train][12] Loss: D 11.303 E_gan -11.303 E_pred 2.917
[Train][12] Acc: source 0.089 (912.0/10215) target 0.055 (328.0/3750)
[Train][13] Loss: D 11.360 E_gan -11.360 E_pred 2.913
[Train][13] Acc: source 0.090 (917.0/10215) target 0.057 (340.0/3750)
[Train][14] Loss: D 11.373 E_gan -11.373 E_pred 2.916
[Train][14] Acc: source 0.090 (917.0/10215) target 0.057 (341.0/3750)
[Train][15] Loss: D 11.291 E_gan -11.291 E_pred 2.920
[Train][15] Acc: source 0.092 (937.0/10215) target 0.055 (333.0/3750)
[Train][16] Loss: D 11.404 E_gan -11.404 E_pred 2.915
[Train][16] Acc: source 0.091 (932.0/10215) target 0.057 (345.0/3750)
[Train][17] Loss: D 11.349 E_gan -11.349 E_pred 2.916
[Train][17] Acc: source 0.090 (918.0/10215) target 0.057 (343.0/3750)
[Train][18] Loss: D 11.327 E_gan -11.327 E_pred 2.917
[Train][18] Acc: source 0.090 (918.0/10215) target 0.056 (337.0/3750)
[Train][19] Loss: D 11.350 E_gan -11.350 E_pred 2.916
[Train][19] Acc: source 0.090 (917.0/10215) target 0.054 (325.0/3750)

Eval MNIST: [0.    0.094 0.082 0.076 0.091 0.097 0.094 0.076 0.088 0.082] src: 0.094 tgt:0.086
[Train][20] Loss: D 11.306 E_gan -11.306 E_pred 2.918
[Train][20] Acc: source 0.090 (919.0/10215) target 0.057 (341.0/3750)
[Train][21] Loss: D 11.356 E_gan -11.356 E_pred 2.917
[Train][21] Acc: source 0.089 (914.0/10215) target 0.054 (327.0/3750)
[Train][22] Loss: D 11.339 E_gan -11.339 E_pred 2.915
[Train][22] Acc: source 0.089 (911.0/10215) target 0.056 (334.0/3750)
[Train][23] Loss: D 11.315 E_gan -11.315 E_pred 2.916
[Train][23] Acc: source 0.090 (920.0/10215) target 0.056 (337.0/3750)
[Train][24] Loss: D 11.358 E_gan -11.358 E_pred 2.916
[Train][24] Acc: source 0.091 (931.0/10215) target 0.057 (340.0/3750)
[Train][25] Loss: D 11.286 E_gan -11.286 E_pred 2.918
[Train][25] Acc: source 0.090 (919.0/10215) target 0.054 (326.0/3750)
[Train][26] Loss: D 11.309 E_gan -11.309 E_pred 2.913
[Train][26] Acc: source 0.089 (912.0/10215) target 0.055 (328.0/3750)
[Train][27] Loss: D 11.364 E_gan -11.364 E_pred 2.916
[Train][27] Acc: source 0.092 (935.0/10215) target 0.055 (333.0/3750)
[Train][28] Loss: D 11.357 E_gan -11.357 E_pred 2.915
[Train][28] Acc: source 0.091 (932.0/10215) target 0.058 (347.0/3750)
[Train][29] Loss: D 11.309 E_gan -11.309 E_pred 2.919
[Train][29] Acc: source 0.091 (925.0/10215) target 0.057 (340.0/3750)

Eval MNIST: [0.    0.088 0.082 0.07  0.1   0.091 0.088 0.076 0.085 0.073] src: 0.088 tgt:0.083
